#
# A fatal error has been detected by the Java Runtime Environment:
#
#  SIGSEGV (0xb) at pc=0x00007fff963a50dd, pid=4616, tid=1811
#
# JRE version: Java(TM) SE Runtime Environment (8.0_73-b02) (build 1.8.0_73-b02)
# Java VM: Java HotSpot(TM) 64-Bit Server VM (25.73-b02 mixed mode bsd-amd64 compressed oops)
# Problematic frame:
# C  [libobjc.A.dylib+0x10dd]  objc_msgSend+0x1d
#
# Failed to write core dump. Core dumps have been disabled. To enable core dumping, try "ulimit -c unlimited" before starting Java again
#
# If you would like to submit a bug report, please visit:
#   http://bugreport.java.com/bugreport/crash.jsp
# The crash happened outside the Java Virtual Machine in native code.
# See problematic frame for where to report the bug.
#

---------------  T H R E A D  ---------------

Current thread (0x00007fe0290fb000):  JavaThread "AWT-AppKit" daemon [_thread_in_native, id=1811, stack(0x00007fff5714f000,0x00007fff5794f000)]

siginfo: si_signo: 11 (SIGSEGV), si_code: 1 (SEGV_MAPERR), si_addr: 0x0000000000000018

Registers:
RAX=0x00007fe030246420, RBX=0x000000017a4ea450, RCX=0x000000012ed3ae80, RDX=0x000000012ed3a580
RSP=0x00007fff5794a498, RBP=0x00007fff5794a550, RSI=0x00007fff915aa40f, RDI=0x00007fe02fa4a720
R8 =0x0000000000000000, R9 =0x0000000000000f50, R10=0x00007fff915aa40f, R11=0x0000000000000000
R12=0x0000000000000000, R13=0x000000017ee78a98, R14=0x000000017a4ea440, R15=0x00007fe0290fb000
RIP=0x00007fff963a50dd, EFLAGS=0x0000000000010246, ERR=0x0000000000000004
  TRAPNO=0x000000000000000e

Top of Stack: (sp=0x00007fff5794a498)
0x00007fff5794a498:   000000017a4e8157 00007fff5794a4f0
0x00007fff5794a4a8:   0000000000000003 00007fff5794a4d0
0x00007fff5794a4b8:   00000001095f1646 000000017ee78a98
0x00007fff5794a4c8:   000000017ee78a98 00007fe030246420
0x00007fff5794a4d8:   000000017a4ea6a0 000000017a4ea710
0x00007fff5794a4e8:   00007fff7d026550 00007fff7c012c80
0x00007fff5794a4f8:   000000017a4ea450 000000017a4ea690
0x00007fff5794a508:   00007fe030246420 00007fe02fa4a720
0x00007fff5794a518:   00007fe028d43f90 00007fe030246420
0x00007fff5794a528:   00007fe02fa4a720 00007fff5794a5d8
0x00007fff5794a538:   00007fe0290fb1f8 000000017ee78a98
0x00007fff5794a548:   00007fff5794a600 00007fff5794a5c8
0x00007fff5794a558:   000000010a4da954 000000017ee78a98
0x00007fff5794a568:   00007fff5794a600 00007fff5794a5c8
0x00007fff5794a578:   000000010a4da6e7 000000010a4da6a2
0x00007fff5794a588:   00007fff5794a588 000000017ee78a98
0x00007fff5794a598:   00007fff5794a600 000000017ee9c028
0x00007fff5794a5a8:   0000000000000000 000000017ee78a98
0x00007fff5794a5b8:   0000000000000000 00007fff5794a5e8
0x00007fff5794a5c8:   00007fff5794a648 000000010a4ccc4d
0x00007fff5794a5d8:   00000006c005d0c0 000000010a4d4578
0x00007fff5794a5e8:   00007fe030246420 00007fff5794a648
0x00007fff5794a5f8:   00007fe02fa4a720 000000010a4d5d82
0x00007fff5794a608:   00007fff5794a608 000000017ee78c62
0x00007fff5794a618:   00007fff5794a670 000000017ee9c028
0x00007fff5794a628:   0000000000000000 000000017ee78c70
0x00007fff5794a638:   00007fff5794a5e8 00007fff5794a658
0x00007fff5794a648:   00007fff5794a6b8 000000010a4ccc4d
0x00007fff5794a658:   00007fe030246420 00000006c0012ed0
0x00007fff5794a668:   00007fe02fa4a720 00000006c0012ed0
0x00007fff5794a678:   00007fff5794a678 0000000184619f36
0x00007fff5794a688:   00007fff5794a6c8 0000000184619ff0 

Instructions: (pc=0x00007fff963a50dd)
0x00007fff963a50bd:   00 00 00 48 85 ff 2e 74 7a 40 f6 c7 01 2e 75 7e
0x00007fff963a50cd:   49 bb f8 ff ff ff ff 7f 00 00 4c 23 1f 49 89 f2
0x00007fff963a50dd:   45 23 53 18 49 c1 e2 04 4d 03 53 10 49 3b 32 75
0x00007fff963a50ed:   04 41 ff 62 08 49 83 3a 00 74 6a 4d 3b 53 10 74 

Register to memory mapping:

RAX=0x00007fe030246420 is an unknown value
RBX=0x000000017a4ea450: Java_jogamp_nativewindow_macosx_OSXUtil_GetScreenRefreshRate0+0x1cf0 in /private/var/folders/88/rn0nzmd518s0659qz29bsj6m0000gn/T/jogamp_0000/file_cache/jln5402472279919833283/jln5001553796993161185/libnativewindow_macosx.jnilib at 0x000000017a4e3000
RCX=0x000000012ed3ae80 is an unknown value
RDX=0x000000012ed3a580 is an unknown value
RSP=0x00007fff5794a498 is pointing into the stack for thread: 0x00007fe0290fb000
RBP=0x00007fff5794a550 is pointing into the stack for thread: 0x00007fe0290fb000
RSI=0x00007fff915aa40f is an unknown value
RDI=0x00007fe02fa4a720 is an unknown value
R8 =0x0000000000000000 is an unknown value
R9 =0x0000000000000f50 is an unknown value
R10=0x00007fff915aa40f is an unknown value
R11=0x0000000000000000 is an unknown value
R12=0x0000000000000000 is an unknown value
R13={method} {0x000000017ee78a98} 'UnsetJAWTRootSurfaceLayer0' '(JJ)V' in 'jogamp/nativewindow/jawt/macosx/MacOSXJAWTWindow'
R14=0x000000017a4ea440: Java_jogamp_nativewindow_macosx_OSXUtil_GetScreenRefreshRate0+0x1ce0 in /private/var/folders/88/rn0nzmd518s0659qz29bsj6m0000gn/T/jogamp_0000/file_cache/jln5402472279919833283/jln5001553796993161185/libnativewindow_macosx.jnilib at 0x000000017a4e3000
R15=0x00007fe0290fb000 is a thread


Stack: [0x00007fff5714f000,0x00007fff5794f000],  sp=0x00007fff5794a498,  free space=8173k
Native frames: (J=compiled Java code, j=interpreted, Vv=VM code, C=native code)
C  [libobjc.A.dylib+0x10dd]  objc_msgSend+0x1d
j  jogamp.nativewindow.jawt.macosx.MacOSXJAWTWindow.UnsetJAWTRootSurfaceLayer0(JJ)V+0
j  jogamp.nativewindow.jawt.macosx.MacOSXJAWTWindow.access$200(JJ)V+2
j  jogamp.nativewindow.jawt.macosx.MacOSXJAWTWindow$1.run()V+38
J 2951 C1 com.jogamp.common.util.RunnableTask.run()V (345 bytes) @ 0x000000010ae6fb14 [0x000000010ae6f980+0x194]
v  ~StubRoutines::call_stub
V  [libjvm.dylib+0x2eae7a]
V  [libjvm.dylib+0x321f83]
V  [libjvm.dylib+0x314757]
C  [libnativewindow_macosx.jnilib+0x5326]  Java_jogamp_nativewindow_jawt_macosx_MacOSXJAWTWindow_UnsetJAWTRootSurfaceLayer0+0x2b6
C  [Foundation+0x92dd0]  __NSThreadPerformPerform+0x125
C  [CoreFoundation+0x80a01]  __CFRUNLOOP_IS_CALLING_OUT_TO_A_SOURCE0_PERFORM_FUNCTION__+0x11
C  [CoreFoundation+0x72c5c]  __CFRunLoopDoSources0+0x1dc
C  [CoreFoundation+0x721bf]  __CFRunLoopRun+0x39f
C  [CoreFoundation+0x71bd8]  CFRunLoopRunSpecific+0x128
C  [HIToolbox+0x3256f]  RunCurrentEventLoopInMode+0xeb
C  [HIToolbox+0x321ee]  ReceiveNextEventCommon+0xb3
C  [HIToolbox+0x3212b]  _BlockUntilNextEventMatchingListInModeWithFilter+0x47
C  [AppKit+0x918ab]  _DPSNextEvent+0x3d2
C  [AppKit+0x90e58]  -[NSApplication nextEventMatchingMask:untilDate:inMode:dequeue:]+0x15a
C  [libosxapp.dylib+0x23aa]  -[NSApplicationAWT nextEventMatchingMask:untilDate:inMode:dequeue:]+0x7c
C  [AppKit+0x86af3]  -[NSApplication run]+0x252
C  [libosxapp.dylib+0x214d]  +[NSApplicationAWT runAWTLoopWithApp:]+0x9c
C  [libawt_lwawt.dylib+0x4455b]  -[AWTStarter starter:]+0x389
C  [Foundation+0x92dd0]  __NSThreadPerformPerform+0x125
C  [CoreFoundation+0x80a01]  __CFRUNLOOP_IS_CALLING_OUT_TO_A_SOURCE0_PERFORM_FUNCTION__+0x11
C  [CoreFoundation+0x72b8d]  __CFRunLoopDoSources0+0x10d
C  [CoreFoundation+0x721bf]  __CFRunLoopRun+0x39f
C  [CoreFoundation+0x71bd8]  CFRunLoopRunSpecific+0x128
C  [java+0x6463]  CreateExecutionEnvironment+0x367
C  [java+0x21ac]  JLI_Launch+0x7a0
C  [java+0x84c0]  main+0x65
C  [java+0x1a04]  start+0x34
C  0x0000000000000007

Java frames: (J=compiled Java code, j=interpreted, Vv=VM code)
j  jogamp.nativewindow.jawt.macosx.MacOSXJAWTWindow.UnsetJAWTRootSurfaceLayer0(JJ)V+0
j  jogamp.nativewindow.jawt.macosx.MacOSXJAWTWindow.access$200(JJ)V+2
j  jogamp.nativewindow.jawt.macosx.MacOSXJAWTWindow$1.run()V+38
J 2951 C1 com.jogamp.common.util.RunnableTask.run()V (345 bytes) @ 0x000000010ae6fb14 [0x000000010ae6f980+0x194]
v  ~StubRoutines::call_stub

---------------  P R O C E S S  ---------------

Java Threads: ( => current thread )
  0x00007fe02b967800 JavaThread "Thread-72" [_thread_blocked, id=38947, stack(0x0000000128370000,0x0000000128470000)]
  0x00007fe02c060000 JavaThread "Image Fetcher 1" daemon [_thread_blocked, id=67331, stack(0x0000000183402000,0x0000000183502000)]
  0x00007fe02b241000 JavaThread "Image Fetcher 0" daemon [_thread_blocked, id=63747, stack(0x000000018131a000,0x000000018141a000)]
  0x00007fe029b42000 JavaThread "Keep-Alive-Timer" daemon [_thread_blocked, id=63499, stack(0x0000000181217000,0x0000000181317000)]
  0x00007fe02b1d4000 JavaThread "AWT-EventQueue-1" [_thread_in_native, id=60443, stack(0x000000017af39000,0x000000017b039000)]
  0x00007fe02b1d0000 JavaThread "DestroyJavaVM" [_thread_blocked, id=4867, stack(0x000000010a38e000,0x000000010a48e000)]
  0x00007fe0299ae000 JavaThread "AWT-EventQueue-0" [_thread_blocked, id=57859, stack(0x000000012eb66000,0x000000012ec66000)]
  0x00007fe02b0e7000 JavaThread "Java2D Disposer" daemon [_thread_blocked, id=54555, stack(0x000000012d83c000,0x000000012d93c000)]
  0x00007fe02b977800 JavaThread "Java2D Queue Flusher" daemon [_thread_blocked, id=52491, stack(0x000000012c806000,0x000000012c906000)]
  0x00007fe02b027000 JavaThread "AWT-Shutdown" [_thread_blocked, id=30739, stack(0x00000001298f1000,0x00000001299f1000)]
=>0x00007fe0290fb000 JavaThread "AWT-AppKit" daemon [_thread_in_native, id=1811, stack(0x00007fff5714f000,0x00007fff5794f000)]
  0x00007fe02903f800 JavaThread "Service Thread" daemon [_thread_blocked, id=20739, stack(0x0000000127eb2000,0x0000000127fb2000)]
  0x00007fe02901e800 JavaThread "C1 CompilerThread3" daemon [_thread_blocked, id=20227, stack(0x0000000127daf000,0x0000000127eaf000)]
  0x00007fe02b007000 JavaThread "C2 CompilerThread2" daemon [_thread_blocked, id=19715, stack(0x0000000127cac000,0x0000000127dac000)]
  0x00007fe02901e000 JavaThread "C2 CompilerThread1" daemon [_thread_blocked, id=19203, stack(0x0000000127ba9000,0x0000000127ca9000)]
  0x00007fe02901c000 JavaThread "C2 CompilerThread0" daemon [_thread_blocked, id=18691, stack(0x0000000127aa6000,0x0000000127ba6000)]
  0x00007fe02901b800 JavaThread "Signal Dispatcher" daemon [_thread_blocked, id=15627, stack(0x00000001279a3000,0x0000000127aa3000)]
  0x00007fe029849800 JavaThread "Finalizer" daemon [_thread_blocked, id=13571, stack(0x0000000125f99000,0x0000000126099000)]
  0x00007fe029800800 JavaThread "Reference Handler" daemon [_thread_blocked, id=13059, stack(0x0000000125e96000,0x0000000125f96000)]

Other Threads:
  0x00007fe02b81a800 VMThread [stack: 0x0000000125d93000,0x0000000125e93000] [id=12547]
  0x00007fe029865800 WatcherThread [stack: 0x0000000127fb5000,0x00000001280b5000] [id=21251]

VM state:not at safepoint (normal execution)

VM Mutex/Monitor currently owned by a thread: None

Heap:
 PSYoungGen      total 813056K, used 743234K [0x000000076ab00000, 0x000000079e380000, 0x00000007c0000000)
  eden space 801280K, 91% used [0x000000076ab00000,0x00000007978e6488,0x000000079b980000)
  from space 11776K, 68% used [0x000000079d800000,0x000000079dfea710,0x000000079e380000)
  to   space 21504K, 0% used [0x000000079b980000,0x000000079b980000,0x000000079ce80000)
 ParOldGen       total 105472K, used 50586K [0x00000006c0000000, 0x00000006c6700000, 0x000000076ab00000)
  object space 105472K, 47% used [0x00000006c0000000,0x00000006c3166998,0x00000006c6700000)
 Metaspace       used 24122K, capacity 24385K, committed 24576K, reserved 1071104K
  class space    used 2385K, capacity 2483K, committed 2560K, reserved 1048576K

Card table byte_map: [0x0000000119885000,0x000000011a086000] byte_map_base: 0x0000000116285000

Marking Bits: (ParMarkBitMap*) 0x0000000109ce3ea0
 Begin Bits: [0x000000011adf4000, 0x000000011edf4000)
 End Bits:   [0x000000011edf4000, 0x0000000122df4000)

Polling page: 0x00000001083d5000

CodeCache: size=245760Kb used=9450Kb max_used=10135Kb free=236309Kb
 bounds [0x000000010a4c5000, 0x000000010aed5000, 0x00000001194c5000]
 total_blobs=3733 nmethods=2812 adapters=834
 compilation: enabled

Compilation events (10 events):
Event: 11.338 Thread 0x00007fe02901e800 3490   !   3       sun.awt.PostEventQueue::postEvent (81 bytes)
Event: 11.339 Thread 0x00007fe02901e800 nmethod 3490 0x000000010aae9690 code [0x000000010aae9880, 0x000000010aaea218]
Event: 11.339 Thread 0x00007fe02901e800 3491       3       sun.awt.SunToolkit::wakeupEventQueue (11 bytes)
Event: 11.339 Thread 0x00007fe02901e800 nmethod 3491 0x000000010aa6ded0 code [0x000000010aa6e080, 0x000000010aa6e478]
Event: 11.339 Thread 0x00007fe02901e800 3492       3       java.awt.EventQueue$2::wakeup (6 bytes)
Event: 11.339 Thread 0x00007fe02901e800 nmethod 3492 0x000000010aae9190 code [0x000000010aae9300, 0x000000010aae94e8]
Event: 11.339 Thread 0x00007fe02901e800 3493       3       java.awt.EventQueue::access$100 (6 bytes)
Event: 11.340 Thread 0x00007fe02901e800 nmethod 3493 0x000000010aae86d0 code [0x000000010aae8840, 0x000000010aae89a8]
Event: 11.340 Thread 0x00007fe02901e800 3494   !   3       java.awt.EventQueue::wakeup (79 bytes)
Event: 11.341 Thread 0x00007fe02901e800 nmethod 3494 0x000000010aa6ca50 code [0x000000010aa6cc80, 0x000000010aa6d878]

GC Heap History (10 events):
Event: 6.323 GC heap before
{Heap before GC invocations=11 (full 1):
 PSYoungGen      total 335360K, used 320752K [0x000000076ab00000, 0x0000000788980000, 0x00000007c0000000)
  eden space 312320K, 99% used [0x000000076ab00000,0x000000077da373c0,0x000000077dc00000)
  from space 23040K, 44% used [0x000000077dc00000,0x000000077e604cc0,0x000000077f280000)
  to   space 23040K, 0% used [0x0000000787300000,0x0000000787300000,0x0000000788980000)
 ParOldGen       total 105472K, used 39525K [0x00000006c0000000, 0x00000006c6700000, 0x000000076ab00000)
  object space 105472K, 37% used [0x00000006c0000000,0x00000006c26996e8,0x00000006c6700000)
 Metaspace       used 23756K, capacity 24065K, committed 24320K, reserved 1071104K
  class space    used 2376K, capacity 2483K, committed 2560K, reserved 1048576K
Event: 6.329 GC heap after
Heap after GC invocations=11 (full 1):
 PSYoungGen      total 457728K, used 10291K [0x000000076ab00000, 0x0000000788480000, 0x00000007c0000000)
  eden space 439808K, 0% used [0x000000076ab00000,0x000000076ab00000,0x0000000785880000)
  from space 17920K, 57% used [0x0000000787300000,0x0000000787d0ccc0,0x0000000788480000)
  to   space 22528K, 0% used [0x0000000785880000,0x0000000785880000,0x0000000786e80000)
 ParOldGen       total 105472K, used 39581K [0x00000006c0000000, 0x00000006c6700000, 0x000000076ab00000)
  object space 105472K, 37% used [0x00000006c0000000,0x00000006c26a76e8,0x00000006c6700000)
 Metaspace       used 23756K, capacity 24065K, committed 24320K, reserved 1071104K
  class space    used 2376K, capacity 2483K, committed 2560K, reserved 1048576K
}
Event: 7.172 GC heap before
{Heap before GC invocations=12 (full 1):
 PSYoungGen      total 457728K, used 450099K [0x000000076ab00000, 0x0000000788480000, 0x00000007c0000000)
  eden space 439808K, 100% used [0x000000076ab00000,0x0000000785880000,0x0000000785880000)
  from space 17920K, 57% used [0x0000000787300000,0x0000000787d0ccc0,0x0000000788480000)
  to   space 22528K, 0% used [0x0000000785880000,0x0000000785880000,0x0000000786e80000)
 ParOldGen       total 105472K, used 39581K [0x00000006c0000000, 0x00000006c6700000, 0x000000076ab00000)
  object space 105472K, 37% used [0x00000006c0000000,0x00000006c26a76e8,0x00000006c6700000)
 Metaspace       used 23830K, capacity 24065K, committed 24320K, reserved 1071104K
  class space    used 2377K, capacity 2483K, committed 2560K, reserved 1048576K
Event: 7.178 GC heap after
Heap after GC invocations=12 (full 1):
 PSYoungGen      total 462336K, used 11315K [0x000000076ab00000, 0x0000000792b00000, 0x00000007c0000000)
  eden space 439808K, 0% used [0x000000076ab00000,0x000000076ab00000,0x0000000785880000)
  from space 22528K, 50% used [0x0000000785880000,0x000000078638cd00,0x0000000786e80000)
  to   space 22016K, 0% used [0x0000000791580000,0x0000000791580000,0x0000000792b00000)
 ParOldGen       total 105472K, used 39621K [0x00000006c0000000, 0x00000006c6700000, 0x000000076ab00000)
  object space 105472K, 37% used [0x00000006c0000000,0x00000006c26b16e8,0x00000006c6700000)
 Metaspace       used 23830K, capacity 24065K, committed 24320K, reserved 1071104K
  class space    used 2377K, capacity 2483K, committed 2560K, reserved 1048576K
}
Event: 7.876 GC heap before
{Heap before GC invocations=13 (full 1):
 PSYoungGen      total 462336K, used 451123K [0x000000076ab00000, 0x0000000792b00000, 0x00000007c0000000)
  eden space 439808K, 100% used [0x000000076ab00000,0x0000000785880000,0x0000000785880000)
  from space 22528K, 50% used [0x0000000785880000,0x000000078638cd00,0x0000000786e80000)
  to   space 22016K, 0% used [0x0000000791580000,0x0000000791580000,0x0000000792b00000)
 ParOldGen       total 105472K, used 39621K [0x00000006c0000000, 0x00000006c6700000, 0x000000076ab00000)
  object space 105472K, 37% used [0x00000006c0000000,0x00000006c26b16e8,0x00000006c6700000)
 Metaspace       used 23895K, capacity 24193K, committed 24576K, reserved 1071104K
  class space    used 2377K, capacity 2483K, committed 2560K, reserved 1048576K
Event: 7.880 GC heap after
Heap after GC invocations=13 (full 1):
 PSYoungGen      total 613888K, used 5141K [0x000000076ab00000, 0x0000000792280000, 0x00000007c0000000)
  eden space 600576K, 0% used [0x000000076ab00000,0x000000076ab00000,0x000000078f580000)
  from space 13312K, 38% used [0x0000000791580000,0x0000000791a856b0,0x0000000792280000)
  to   space 23040K, 0% used [0x000000078f580000,0x000000078f580000,0x0000000790c00000)
 ParOldGen       total 105472K, used 40721K [0x00000006c0000000, 0x00000006c6700000, 0x000000076ab00000)
  object space 105472K, 38% used [0x00000006c0000000,0x00000006c27c4738,0x00000006c6700000)
 Metaspace       used 23895K, capacity 24193K, committed 24576K, reserved 1071104K
  class space    used 2377K, capacity 2483K, committed 2560K, reserved 1048576K
}
Event: 8.928 GC heap before
{Heap before GC invocations=14 (full 1):
 PSYoungGen      total 613888K, used 605717K [0x000000076ab00000, 0x0000000792280000, 0x00000007c0000000)
  eden space 600576K, 100% used [0x000000076ab00000,0x000000078f580000,0x000000078f580000)
  from space 13312K, 38% used [0x0000000791580000,0x0000000791a856b0,0x0000000792280000)
  to   space 23040K, 0% used [0x000000078f580000,0x000000078f580000,0x0000000790c00000)
 ParOldGen       total 105472K, used 40721K [0x00000006c0000000, 0x00000006c6700000, 0x000000076ab00000)
  object space 105472K, 38% used [0x00000006c0000000,0x00000006c27c4738,0x00000006c6700000)
 Metaspace       used 24008K, capacity 24321K, committed 24576K, reserved 1071104K
  class space    used 2377K, capacity 2483K, committed 2560K, reserved 1048576K
Event: 8.935 GC heap after
Heap after GC invocations=14 (full 1):
 PSYoungGen      total 623616K, used 12325K [0x000000076ab00000, 0x000000079ed80000, 0x00000007c0000000)
  eden space 600576K, 0% used [0x000000076ab00000,0x000000076ab00000,0x000000078f580000)
  from space 23040K, 53% used [0x000000078f580000,0x0000000790189580,0x0000000790c00000)
  to   space 22016K, 0% used [0x000000079d800000,0x000000079d800000,0x000000079ed80000)
 ParOldGen       total 105472K, used 42065K [0x00000006c0000000, 0x00000006c6700000, 0x000000076ab00000)
  object space 105472K, 39% used [0x00000006c0000000,0x00000006c2914788,0x00000006c6700000)
 Metaspace       used 24008K, capacity 24321K, committed 24576K, reserved 1071104K
  class space    used 2377K, capacity 2483K, committed 2560K, reserved 1048576K
}
Event: 9.976 GC heap before
{Heap before GC invocations=15 (full 1):
 PSYoungGen      total 623616K, used 612901K [0x000000076ab00000, 0x000000079ed80000, 0x00000007c0000000)
  eden space 600576K, 100% used [0x000000076ab00000,0x000000078f580000,0x000000078f580000)
  from space 23040K, 53% used [0x000000078f580000,0x0000000790189580,0x0000000790c00000)
  to   space 22016K, 0% used [0x000000079d800000,0x000000079d800000,0x000000079ed80000)
 ParOldGen       total 105472K, used 42065K [0x00000006c0000000, 0x00000006c6700000, 0x000000076ab00000)
  object space 105472K, 39% used [0x00000006c0000000,0x00000006c2914788,0x00000006c6700000)
 Metaspace       used 24044K, capacity 24321K, committed 24576K, reserved 1071104K
  class space    used 2377K, capacity 2483K, committed 2560K, reserved 1048576K
Event: 9.983 GC heap after
Heap after GC invocations=15 (full 1):
 PSYoungGen      total 813056K, used 8105K [0x000000076ab00000, 0x000000079e380000, 0x00000007c0000000)
  eden space 801280K, 0% used [0x000000076ab00000,0x000000076ab00000,0x000000079b980000)
  from space 11776K, 68% used [0x000000079d800000,0x000000079dfea710,0x000000079e380000)
  to   space 21504K, 0% used [0x000000079b980000,0x000000079b980000,0x000000079ce80000)
 ParOldGen       total 105472K, used 50586K [0x00000006c0000000, 0x00000006c6700000, 0x000000076ab00000)
  object space 105472K, 47% used [0x00000006c0000000,0x00000006c3166998,0x00000006c6700000)
 Metaspace       used 24044K, capacity 24321K, committed 24576K, reserved 1071104K
  class space    used 2377K, capacity 2483K, committed 2560K, reserved 1048576K
}

Deoptimization events (10 events):
Event: 7.742 Thread 0x00007fe02b1d4000 Uncommon trap: reason=unstable_if action=reinterpret pc=0x000000010ae19b2c method=sun.misc.FloatingDecimal$BinaryToASCIIBuffer.getChars([C)I @ 94
Event: 7.773 Thread 0x00007fe02b1d4000 Uncommon trap: reason=unstable_if action=reinterpret pc=0x000000010ae1b6b4 method=java.lang.Long.numberOfTrailingZeros(J)I @ 44
Event: 11.271 Thread 0x00007fe02b1d4000 Uncommon trap: reason=unstable_if action=reinterpret pc=0x000000010a6706e8 method=com.jogamp.common.util.VersionNumber.compareTo(Lcom/jogamp/common/util/VersionNumber;)I @ 21
Event: 11.275 Thread 0x00007fe0299ae000 Uncommon trap: reason=unstable_if action=reinterpret pc=0x000000010ac39170 method=java.awt.font.FontRenderContext.equals(Ljava/awt/font/FontRenderContext;)Z @ 2
Event: 11.337 Thread 0x00007fe029983800 Uncommon trap: reason=class_check action=maybe_recompile pc=0x000000010a8ff8a8 method=java.util.HashMap.putVal(ILjava/lang/Object;Ljava/lang/Object;ZZ)Ljava/lang/Object; @ 91
Event: 11.337 Thread 0x00007fe029983800 Uncommon trap: reason=class_check action=maybe_recompile pc=0x000000010a8ff8a8 method=java.util.HashMap.putVal(ILjava/lang/Object;Ljava/lang/Object;ZZ)Ljava/lang/Object; @ 91
Event: 11.337 Thread 0x00007fe029983800 Uncommon trap: reason=class_check action=maybe_recompile pc=0x000000010a8ff8a8 method=java.util.HashMap.putVal(ILjava/lang/Object;Ljava/lang/Object;ZZ)Ljava/lang/Object; @ 91
Event: 11.337 Thread 0x00007fe029983800 Uncommon trap: reason=class_check action=maybe_recompile pc=0x000000010a8ff8a8 method=java.util.HashMap.putVal(ILjava/lang/Object;Ljava/lang/Object;ZZ)Ljava/lang/Object; @ 91
Event: 11.337 Thread 0x00007fe029983800 Uncommon trap: reason=class_check action=maybe_recompile pc=0x000000010a8c5044 method=java.util.HashMap.putVal(ILjava/lang/Object;Ljava/lang/Object;ZZ)Ljava/lang/Object; @ 91
Event: 11.348 Thread 0x00007fe02b1d4000 Uncommon trap: reason=unstable_if action=reinterpret pc=0x000000010ad57050 method=java.security.AccessControlContext.optimize()Ljava/security/AccessControlContext; @ 233

Internal exceptions (10 events):
Event: 0.112 Thread 0x00007fe02b801800 Exception <a 'java/lang/NoSuchFieldError': method resolution failed> (0x000000076aeeee48) thrown at [/HUDSON3/workspace/8-2-build-macosx-x86_64/jdk8u73/6086/hotspot/src/share/vm/prims/methodHandles.cpp, line 1146]
Event: 0.113 Thread 0x00007fe02b801800 Exception <a 'java/lang/NoSuchFieldError': method resolution failed> (0x000000076aefc618) thrown at [/HUDSON3/workspace/8-2-build-macosx-x86_64/jdk8u73/6086/hotspot/src/share/vm/prims/methodHandles.cpp, line 1146]
Event: 0.250 Thread 0x00007fe02b801800 Exception <a 'java/io/FileNotFoundException'> (0x000000076af78308) thrown at [/HUDSON3/workspace/8-2-build-macosx-x86_64/jdk8u73/6086/hotspot/src/share/vm/prims/jni.cpp, line 709]
Event: 0.250 Thread 0x00007fe02b801800 Exception <a 'java/io/FileNotFoundException'> (0x000000076af78e30) thrown at [/HUDSON3/workspace/8-2-build-macosx-x86_64/jdk8u73/6086/hotspot/src/share/vm/prims/jni.cpp, line 709]
Event: 0.351 Thread 0x00007fe02b801800 Exception <a 'java/io/FileNotFoundException'> (0x000000076b00e860) thrown at [/HUDSON3/workspace/8-2-build-macosx-x86_64/jdk8u73/6086/hotspot/src/share/vm/prims/jni.cpp, line 709]
Event: 1.373 Thread 0x00007fe0291f7800 Exception <a 'java/lang/UnsatisfiedLinkError': com.jogamp.common.util.JarUtil.fixNativeLibAttribs(Ljava/lang/String;)Z> (0x000000076c8a7a40) thrown at [/HUDSON3/workspace/8-2-build-macosx-x86_64/jdk8u73/6086/hotspot/src/share/vm/prims/nativeLookup.cpp, li
Event: 2.950 Thread 0x00007fe029849800 Exception <a 'java/lang/NullPointerException'> (0x000000076aecc608) thrown at [/HUDSON3/workspace/8-2-build-macosx-x86_64/jdk8u73/6086/hotspot/src/share/vm/interpreter/linkResolver.cpp, line 1178]
Event: 2.999 Thread 0x00007fe02b1d4000 Exception <a 'java/io/FileNotFoundException'> (0x000000076b4111b8) thrown at [/HUDSON3/workspace/8-2-build-macosx-x86_64/jdk8u73/6086/hotspot/src/share/vm/prims/jni.cpp, line 709]
Event: 2.999 Thread 0x00007fe02b1d4000 Exception <a 'java/io/FileNotFoundException'> (0x000000076b417888) thrown at [/HUDSON3/workspace/8-2-build-macosx-x86_64/jdk8u73/6086/hotspot/src/share/vm/prims/jni.cpp, line 709]
Event: 2.999 Thread 0x00007fe02b1d4000 Implicit null exception at 0x000000010a668235 to 0x000000010a668599

Events (10 events):
Event: 11.348 Thread 0x00007fe02b1d4000 DEOPT UNPACKING pc=0x000000010a4ca229 sp=0x000000017b036770 mode 2
Event: 11.348 loading class java/awt/LightweightDispatcher$2
Event: 11.348 loading class java/awt/LightweightDispatcher$2 done
Event: 11.348 loading class java/awt/event/AWTEventListenerProxy
Event: 11.348 loading class java/awt/event/AWTEventListenerProxy done
Event: 11.348 loading class java/awt/Toolkit$ToolkitEventMulticaster
Event: 11.348 loading class java/awt/Toolkit$ToolkitEventMulticaster done
Event: 11.349 Thread 0x00007fe029983800 Thread exited: 0x00007fe029983800
Event: 11.349 loading class java/awt/Window$1DisposeAction
Event: 11.349 loading class java/awt/Window$1DisposeAction done


Dynamic libraries:
0x000000000b3c4000 	/System/Library/Frameworks/Cocoa.framework/Versions/A/Cocoa
0x000000000b3c4000 	/System/Library/Frameworks/Security.framework/Versions/A/Security
0x000000000b3c4000 	/System/Library/Frameworks/ApplicationServices.framework/Versions/A/ApplicationServices
0x000000000b3c4000 	/usr/lib/libz.1.dylib
0x000000000b3c4000 	/usr/lib/libSystem.B.dylib
0x000000000b3c4000 	/usr/lib/libobjc.A.dylib
0x000000000b3c4000 	/System/Library/Frameworks/CoreFoundation.framework/Versions/A/CoreFoundation
0x000000000b3c4000 	/System/Library/Frameworks/Foundation.framework/Versions/C/Foundation
0x000000000b3c4000 	/System/Library/Frameworks/AppKit.framework/Versions/C/AppKit
0x000000000b3c4000 	/System/Library/Frameworks/CoreData.framework/Versions/A/CoreData
0x000000000b3c4000 	/System/Library/PrivateFrameworks/RemoteViewServices.framework/Versions/A/RemoteViewServices
0x000000000b3c4000 	/System/Library/PrivateFrameworks/UIFoundation.framework/Versions/A/UIFoundation
0x000000000b3c4000 	/System/Library/Frameworks/IOSurface.framework/Versions/A/IOSurface
0x000000000b3c4000 	/System/Library/Frameworks/AudioToolbox.framework/Versions/A/AudioToolbox
0x000000000b3c4000 	/System/Library/Frameworks/AudioUnit.framework/Versions/A/AudioUnit
0x000000000b3c4000 	/System/Library/PrivateFrameworks/DataDetectorsCore.framework/Versions/A/DataDetectorsCore
0x000000000b3c4000 	/System/Library/PrivateFrameworks/DesktopServicesPriv.framework/Versions/A/DesktopServicesPriv
0x000000000b3c4000 	/System/Library/Frameworks/Carbon.framework/Versions/A/Frameworks/HIToolbox.framework/Versions/A/HIToolbox
0x000000000b3c4000 	/System/Library/Frameworks/QuartzCore.framework/Versions/A/QuartzCore
0x000000000b3c4000 	/System/Library/Frameworks/Carbon.framework/Versions/A/Frameworks/SpeechRecognition.framework/Versions/A/SpeechRecognition
0x000000000b3c4000 	/usr/lib/libauto.dylib
0x000000000b3c4000 	/usr/lib/libicucore.A.dylib
0x000000000b3c4000 	/usr/lib/libxml2.2.dylib
0x000000000b3c4000 	/System/Library/PrivateFrameworks/CoreUI.framework/Versions/A/CoreUI
0x000000000b3c4000 	/System/Library/Frameworks/CoreAudio.framework/Versions/A/CoreAudio
0x000000000b3c4000 	/System/Library/Frameworks/DiskArbitration.framework/Versions/A/DiskArbitration
0x000000000b3c4000 	/usr/lib/liblangid.dylib
0x000000000b3c4000 	/System/Library/PrivateFrameworks/MultitouchSupport.framework/Versions/A/MultitouchSupport
0x000000000b3c4000 	/System/Library/Frameworks/IOKit.framework/Versions/A/IOKit
0x000000000b3c4000 	/usr/lib/libDiagnosticMessagesClient.dylib
0x000000000b3c4000 	/System/Library/Frameworks/CoreServices.framework/Versions/A/CoreServices
0x000000000b3c4000 	/System/Library/PrivateFrameworks/PerformanceAnalysis.framework/Versions/A/PerformanceAnalysis
0x000000000b3c4000 	/System/Library/PrivateFrameworks/GenerationalStorage.framework/Versions/A/GenerationalStorage
0x000000000b3c4000 	/System/Library/Frameworks/OpenGL.framework/Versions/A/OpenGL
0x000000000b3c4000 	/System/Library/PrivateFrameworks/Sharing.framework/Versions/A/Sharing
0x000000000b3c4000 	/System/Library/Frameworks/CoreGraphics.framework/Versions/A/CoreGraphics
0x000000000b3c4000 	/System/Library/Frameworks/CoreText.framework/Versions/A/CoreText
0x000000000b3c4000 	/System/Library/Frameworks/ImageIO.framework/Versions/A/ImageIO
0x000000000b3c4000 	/usr/lib/libextension.dylib
0x000000000b3c4000 	/System/Library/PrivateFrameworks/Backup.framework/Versions/A/Backup
0x000000000b3c4000 	/usr/lib/libarchive.2.dylib
0x000000000b3c4000 	/System/Library/Frameworks/CFNetwork.framework/Versions/A/CFNetwork
0x000000000b3c4000 	/System/Library/Frameworks/SystemConfiguration.framework/Versions/A/SystemConfiguration
0x000000000b3c4000 	/usr/lib/libCRFSuite.dylib
0x000000000b3c4000 	/usr/lib/libc++.1.dylib
0x000000000b3c4000 	/usr/lib/libc++abi.dylib
0x000000000b3c4000 	/usr/lib/system/libcache.dylib
0x000000000b3c4000 	/usr/lib/system/libcommonCrypto.dylib
0x000000000b3c4000 	/usr/lib/system/libcompiler_rt.dylib
0x000000000b3c4000 	/usr/lib/system/libcopyfile.dylib
0x000000000b3c4000 	/usr/lib/system/libcorecrypto.dylib
0x000000000b3c4000 	/usr/lib/system/libdispatch.dylib
0x000000000b3c4000 	/usr/lib/system/libdyld.dylib
0x000000000b3c4000 	/usr/lib/system/libkeymgr.dylib
0x000000000b3c4000 	/usr/lib/system/liblaunch.dylib
0x000000000b3c4000 	/usr/lib/system/libmacho.dylib
0x000000000b3c4000 	/usr/lib/system/libquarantine.dylib
0x000000000b3c4000 	/usr/lib/system/libremovefile.dylib
0x000000000b3c4000 	/usr/lib/system/libsystem_asl.dylib
0x000000000b3c4000 	/usr/lib/system/libsystem_blocks.dylib
0x000000000b3c4000 	/usr/lib/system/libsystem_c.dylib
0x000000000b3c4000 	/usr/lib/system/libsystem_configuration.dylib
0x000000000b3c4000 	/usr/lib/system/libsystem_coreservices.dylib
0x000000000b3c4000 	/usr/lib/system/libsystem_coretls.dylib
0x000000000b3c4000 	/usr/lib/system/libsystem_dnssd.dylib
0x000000000b3c4000 	/usr/lib/system/libsystem_info.dylib
0x000000000b3c4000 	/usr/lib/system/libsystem_kernel.dylib
0x000000000b3c4000 	/usr/lib/system/libsystem_m.dylib
0x000000000b3c4000 	/usr/lib/system/libsystem_malloc.dylib
0x000000000b3c4000 	/usr/lib/system/libsystem_network.dylib
0x000000000b3c4000 	/usr/lib/system/libsystem_networkextension.dylib
0x000000000b3c4000 	/usr/lib/system/libsystem_notify.dylib
0x000000000b3c4000 	/usr/lib/system/libsystem_platform.dylib
0x000000000b3c4000 	/usr/lib/system/libsystem_pthread.dylib
0x000000000b3c4000 	/usr/lib/system/libsystem_sandbox.dylib
0x000000000b3c4000 	/usr/lib/system/libsystem_secinit.dylib
0x000000000b3c4000 	/usr/lib/system/libsystem_stats.dylib
0x000000000b3c4000 	/usr/lib/system/libsystem_trace.dylib
0x000000000b3c4000 	/usr/lib/system/libunc.dylib
0x000000000b3c4000 	/usr/lib/system/libunwind.dylib
0x000000000b3c4000 	/usr/lib/system/libxpc.dylib
0x000000000b3c4000 	/usr/lib/libbz2.1.0.dylib
0x000000000b3c4000 	/usr/lib/liblzma.5.dylib
0x000000000b3c4000 	/usr/lib/libbsm.0.dylib
0x000000000b3c4000 	/usr/lib/libsqlite3.dylib
0x000000000b3c4000 	/usr/lib/system/libkxld.dylib
0x000000000b3c4000 	/usr/lib/libxar.1.dylib
0x000000000b3c4000 	/usr/lib/libpam.2.dylib
0x000000000b3c4000 	/usr/lib/libOpenScriptingUtil.dylib
0x000000000b3c4000 	/System/Library/Frameworks/CoreServices.framework/Versions/A/Frameworks/FSEvents.framework/Versions/A/FSEvents
0x000000000b3c4000 	/System/Library/Frameworks/CoreServices.framework/Versions/A/Frameworks/CarbonCore.framework/Versions/A/CarbonCore
0x000000000b3c4000 	/System/Library/Frameworks/CoreServices.framework/Versions/A/Frameworks/Metadata.framework/Versions/A/Metadata
0x000000000b3c4000 	/System/Library/Frameworks/CoreServices.framework/Versions/A/Frameworks/OSServices.framework/Versions/A/OSServices
0x000000000b3c4000 	/System/Library/Frameworks/CoreServices.framework/Versions/A/Frameworks/SearchKit.framework/Versions/A/SearchKit
0x000000000b3c4000 	/System/Library/Frameworks/CoreServices.framework/Versions/A/Frameworks/AE.framework/Versions/A/AE
0x000000000b3c4000 	/System/Library/Frameworks/CoreServices.framework/Versions/A/Frameworks/LaunchServices.framework/Versions/A/LaunchServices
0x000000000b3c4000 	/System/Library/Frameworks/CoreServices.framework/Versions/A/Frameworks/DictionaryServices.framework/Versions/A/DictionaryServices
0x000000000b3c4000 	/System/Library/Frameworks/NetFS.framework/Versions/A/NetFS
0x000000000b3c4000 	/System/Library/PrivateFrameworks/NetAuth.framework/Versions/A/NetAuth
0x000000000b3c4000 	/System/Library/PrivateFrameworks/login.framework/Versions/A/Frameworks/loginsupport.framework/Versions/A/loginsupport
0x000000000b3c4000 	/System/Library/PrivateFrameworks/TCC.framework/Versions/A/TCC
0x000000000b3c4000 	/usr/lib/libmecabra.dylib
0x000000000b3c4000 	/System/Library/Frameworks/ApplicationServices.framework/Versions/A/Frameworks/ATS.framework/Versions/A/ATS
0x000000000b3c4000 	/System/Library/Frameworks/ApplicationServices.framework/Versions/A/Frameworks/ColorSync.framework/Versions/A/ColorSync
0x000000000b3c4000 	/System/Library/Frameworks/ApplicationServices.framework/Versions/A/Frameworks/HIServices.framework/Versions/A/HIServices
0x000000000b3c4000 	/System/Library/Frameworks/ApplicationServices.framework/Versions/A/Frameworks/LangAnalysis.framework/Versions/A/LangAnalysis
0x000000000b3c4000 	/System/Library/Frameworks/ApplicationServices.framework/Versions/A/Frameworks/PrintCore.framework/Versions/A/PrintCore
0x000000000b3c4000 	/System/Library/Frameworks/ApplicationServices.framework/Versions/A/Frameworks/QD.framework/Versions/A/QD
0x000000000b3c4000 	/System/Library/Frameworks/ApplicationServices.framework/Versions/A/Frameworks/SpeechSynthesis.framework/Versions/A/SpeechSynthesis
0x000000000b3c4000 	/System/Library/Frameworks/Accelerate.framework/Versions/A/Accelerate
0x000000000b3c4000 	/System/Library/Frameworks/Accelerate.framework/Versions/A/Frameworks/vImage.framework/Versions/A/vImage
0x000000000b3c4000 	/System/Library/Frameworks/Accelerate.framework/Versions/A/Frameworks/vecLib.framework/Versions/A/vecLib
0x000000000b3c4000 	/System/Library/Frameworks/Accelerate.framework/Versions/A/Frameworks/vecLib.framework/Versions/A/libvDSP.dylib
0x000000000b3c4000 	/System/Library/Frameworks/Accelerate.framework/Versions/A/Frameworks/vecLib.framework/Versions/A/libvMisc.dylib
0x000000000b3c4000 	/System/Library/Frameworks/Accelerate.framework/Versions/A/Frameworks/vecLib.framework/Versions/A/libLAPACK.dylib
0x000000000b3c4000 	/System/Library/Frameworks/Accelerate.framework/Versions/A/Frameworks/vecLib.framework/Versions/A/libBLAS.dylib
0x000000000b3c4000 	/System/Library/Frameworks/Accelerate.framework/Versions/A/Frameworks/vecLib.framework/Versions/A/libLinearAlgebra.dylib
0x000000000b3c4000 	/System/Library/Frameworks/ApplicationServices.framework/Versions/A/Frameworks/ATS.framework/Versions/A/Resources/libFontParser.dylib
0x000000000b3c4000 	/System/Library/Frameworks/ApplicationServices.framework/Versions/A/Frameworks/ATS.framework/Versions/A/Resources/libFontRegistry.dylib
0x000000000b3c4000 	/System/Library/PrivateFrameworks/AppleVPA.framework/Versions/A/AppleVPA
0x000000000b3c4000 	/System/Library/PrivateFrameworks/AppleJPEG.framework/Versions/A/AppleJPEG
0x000000000b3c4000 	/System/Library/Frameworks/ImageIO.framework/Versions/A/Resources/libJPEG.dylib
0x000000000b3c4000 	/System/Library/Frameworks/ImageIO.framework/Versions/A/Resources/libTIFF.dylib
0x000000000b3c4000 	/System/Library/Frameworks/ImageIO.framework/Versions/A/Resources/libPng.dylib
0x000000000b3c4000 	/System/Library/Frameworks/ImageIO.framework/Versions/A/Resources/libGIF.dylib
0x000000000b3c4000 	/System/Library/Frameworks/ImageIO.framework/Versions/A/Resources/libJP2.dylib
0x000000000b3c4000 	/System/Library/Frameworks/ImageIO.framework/Versions/A/Resources/libRadiance.dylib
0x000000000b3c4000 	/System/Library/Frameworks/CoreVideo.framework/Versions/A/CoreVideo
0x000000000b3c4000 	/System/Library/Frameworks/OpenGL.framework/Versions/A/Libraries/libGLU.dylib
0x000000000b3c4000 	/System/Library/Frameworks/OpenGL.framework/Versions/A/Libraries/libGFXShared.dylib
0x000000000b3c4000 	/System/Library/Frameworks/OpenGL.framework/Versions/A/Libraries/libGL.dylib
0x000000000b3c4000 	/System/Library/Frameworks/OpenGL.framework/Versions/A/Libraries/libGLImage.dylib
0x000000000b3c4000 	/System/Library/Frameworks/OpenGL.framework/Versions/A/Libraries/libCVMSPluginSupport.dylib
0x000000000b3c4000 	/System/Library/Frameworks/OpenGL.framework/Versions/A/Libraries/libCoreVMClient.dylib
0x000000000b3c4000 	/usr/lib/libcups.2.dylib
0x000000000b3c4000 	/System/Library/Frameworks/Kerberos.framework/Versions/A/Kerberos
0x000000000b3c4000 	/System/Library/Frameworks/GSS.framework/Versions/A/GSS
0x000000000b3c4000 	/usr/lib/libresolv.9.dylib
0x000000000b3c4000 	/usr/lib/libiconv.2.dylib
0x000000000b3c4000 	/System/Library/PrivateFrameworks/Heimdal.framework/Versions/A/Heimdal
0x000000000b3c4000 	/usr/lib/libheimdal-asn1.dylib
0x000000000b3c4000 	/System/Library/Frameworks/OpenDirectory.framework/Versions/A/OpenDirectory
0x000000000b3c4000 	/System/Library/PrivateFrameworks/CommonAuth.framework/Versions/A/CommonAuth
0x000000000b3c4000 	/System/Library/Frameworks/OpenDirectory.framework/Versions/A/Frameworks/CFOpenDirectory.framework/Versions/A/CFOpenDirectory
0x000000000b3c4000 	/System/Library/Frameworks/SecurityFoundation.framework/Versions/A/SecurityFoundation
0x000000000b3c4000 	/System/Library/PrivateFrameworks/LanguageModeling.framework/Versions/A/LanguageModeling
0x000000000b3c4000 	/usr/lib/libcmph.dylib
0x000000000b3c4000 	/System/Library/Frameworks/ServiceManagement.framework/Versions/A/ServiceManagement
0x000000000b3c4000 	/usr/lib/libxslt.1.dylib
0x000000000b3c4000 	/System/Library/Frameworks/Carbon.framework/Versions/A/Frameworks/Ink.framework/Versions/A/Ink
0x000000000b3c4000 	/System/Library/Frameworks/QuartzCore.framework/Versions/A/Frameworks/CoreImage.framework/Versions/A/CoreImage
0x000000000b3c4000 	/System/Library/PrivateFrameworks/CrashReporterSupport.framework/Versions/A/CrashReporterSupport
0x000000000b3c4000 	/System/Library/Frameworks/OpenCL.framework/Versions/A/OpenCL
0x000000000b3c4000 	/System/Library/PrivateFrameworks/FaceCore.framework/Versions/A/FaceCore
0x000000000b3c4000 	/System/Library/PrivateFrameworks/Ubiquity.framework/Versions/A/Ubiquity
0x000000000b3c4000 	/System/Library/PrivateFrameworks/IconServices.framework/Versions/A/IconServices
0x000000000b3c4000 	/System/Library/PrivateFrameworks/ChunkingLibrary.framework/Versions/A/ChunkingLibrary
0x000000000b3c4000 	/System/Library/PrivateFrameworks/Apple80211.framework/Versions/A/Apple80211
0x000000000b3c4000 	/System/Library/Frameworks/CoreWLAN.framework/Versions/A/CoreWLAN
0x000000000b3c4000 	/System/Library/Frameworks/IOBluetooth.framework/Versions/A/IOBluetooth
0x000000000b3c4000 	/System/Library/PrivateFrameworks/CoreWiFi.framework/Versions/A/CoreWiFi
0x000000000b3c4000 	/System/Library/Frameworks/CoreBluetooth.framework/Versions/A/CoreBluetooth
0x000000000b3c4000 	/System/Library/PrivateFrameworks/DebugSymbols.framework/Versions/A/DebugSymbols
0x000000000b3c4000 	/System/Library/PrivateFrameworks/CoreSymbolication.framework/Versions/A/CoreSymbolication
0x000000000b3c4000 	/System/Library/PrivateFrameworks/Symbolication.framework/Versions/A/Symbolication
0x000000000b3c4000 	/System/Library/PrivateFrameworks/SpeechRecognitionCore.framework/Versions/A/SpeechRecognitionCore
0x0000000109400000 	/Library/Java/JavaVirtualMachines/jdk1.8.0_73.jdk/Contents/Home/jre/lib/server/libjvm.dylib
0x000000000b3c4000 	/usr/lib/libstdc++.6.dylib
0x00000001083c7000 	/Library/Java/JavaVirtualMachines/jdk1.8.0_73.jdk/Contents/Home/jre/lib/libverify.dylib
0x000000010a490000 	/Library/Java/JavaVirtualMachines/jdk1.8.0_73.jdk/Contents/Home/jre/lib/libjava.dylib
0x00000001083df000 	/Library/Java/JavaVirtualMachines/jdk1.8.0_73.jdk/Contents/Home/jre/lib/libzip.dylib
0x00000001083e9000 	/System/Library/Frameworks/JavaVM.framework/Frameworks/JavaRuntimeSupport.framework/JavaRuntimeSupport
0x000000012609b000 	/System/Library/Frameworks/JavaVM.framework/Versions/A/Frameworks/JavaNativeFoundation.framework/Versions/A/JavaNativeFoundation
0x00000001260af000 	/System/Library/Frameworks/JavaVM.framework/Versions/A/JavaVM
0x000000000b3c4000 	/System/Library/Frameworks/Carbon.framework/Versions/A/Carbon
0x00000001260bb000 	/System/Library/PrivateFrameworks/JavaLaunching.framework/Versions/A/JavaLaunching
0x000000000b3c4000 	/System/Library/Frameworks/Carbon.framework/Versions/A/Frameworks/CommonPanels.framework/Versions/A/CommonPanels
0x000000000b3c4000 	/System/Library/Frameworks/Carbon.framework/Versions/A/Frameworks/Help.framework/Versions/A/Help
0x000000000b3c4000 	/System/Library/Frameworks/Carbon.framework/Versions/A/Frameworks/ImageCapture.framework/Versions/A/ImageCapture
0x000000000b3c4000 	/System/Library/Frameworks/Carbon.framework/Versions/A/Frameworks/OpenScripting.framework/Versions/A/OpenScripting
0x000000000b3c4000 	/System/Library/Frameworks/Carbon.framework/Versions/A/Frameworks/Print.framework/Versions/A/Print
0x000000000b3c4000 	/System/Library/Frameworks/Carbon.framework/Versions/A/Frameworks/SecurityHI.framework/Versions/A/SecurityHI
0x00000001280b9000 	/Library/Java/JavaVirtualMachines/jdk1.8.0_73.jdk/Contents/Home/jre/lib/libawt.dylib
0x0000000128161000 	/Library/Java/JavaVirtualMachines/jdk1.8.0_73.jdk/Contents/Home/jre/lib/./libmlib_image.dylib
0x000000012822d000 	/Library/Java/JavaVirtualMachines/jdk1.8.0_73.jdk/Contents/Home/jre/lib/libawt_lwawt.dylib
0x00000001282e2000 	/Library/Java/JavaVirtualMachines/jdk1.8.0_73.jdk/Contents/Home/jre/lib/./libosxapp.dylib
0x000000000b3c4000 	/System/Library/Frameworks/ExceptionHandling.framework/Versions/A/ExceptionHandling
0x000000000b3c4000 	/System/Library/PrivateFrameworks/CoreServicesInternal.framework/Versions/A/CoreServicesInternal
0x000000000b3c4000 	/System/Library/PrivateFrameworks/CloudDocs.framework/Versions/A/CloudDocs
0x000000000b3c4000 	/System/Library/PrivateFrameworks/CoreDuet.framework/Versions/A/CoreDuet
0x000000000b3c4000 	/System/Library/Frameworks/CloudKit.framework/Versions/A/CloudKit
0x000000000b3c4000 	/System/Library/PrivateFrameworks/ProtocolBuffer.framework/Versions/A/ProtocolBuffer
0x000000000b3c4000 	/System/Library/PrivateFrameworks/CoreDuetDaemonProtocol.framework/Versions/A/CoreDuetDaemonProtocol
0x000000000b3c4000 	/System/Library/PrivateFrameworks/CoreDuetDebugLogging.framework/Versions/A/CoreDuetDebugLogging
0x000000000b3c4000 	/System/Library/PrivateFrameworks/MMCS.framework/Versions/A/MMCS
0x000000000b3c4000 	/System/Library/Frameworks/CoreLocation.framework/Versions/A/CoreLocation
0x000000000b3c4000 	/System/Library/PrivateFrameworks/ProtectedCloudStorage.framework/Versions/A/ProtectedCloudStorage
0x000000000b3c4000 	/System/Library/PrivateFrameworks/GeoServices.framework/Versions/A/GeoServices
0x000000000b3c4000 	/System/Library/Frameworks/CoreGraphics.framework/Versions/A/Resources/libCGCMS.A.dylib
0x000000000b3c4000 	/System/Library/Frameworks/CoreGraphics.framework/Versions/A/Resources/libRIP.A.dylib
0x000000000b3c4000 	/System/Library/Frameworks/CoreGraphics.framework/Versions/A/Resources/libCGXType.A.dylib
0x000000000b3c4000 	/System/Library/Frameworks/OpenCL.framework/Versions/A/Libraries/libcldcpuengine.dylib
0x000000000b3c4000 	/System/Library/PrivateFrameworks/DiskImages.framework/Versions/A/DiskImages
0x000000000b3c4000 	/System/Library/Frameworks/DiscRecording.framework/Versions/A/DiscRecording
0x000000000b3c4000 	/usr/lib/libcsfde.dylib
0x000000000b3c4000 	/usr/lib/libcurl.4.dylib
0x000000000b3c4000 	/System/Library/PrivateFrameworks/MediaKit.framework/Versions/A/MediaKit
0x000000000b3c4000 	/usr/lib/libCoreStorage.dylib
0x000000000b3c4000 	/System/Library/PrivateFrameworks/EFILogin.framework/Versions/A/EFILogin
0x000000000b3c4000 	/usr/lib/libutil.dylib
0x000000000b3c4000 	/System/Library/PrivateFrameworks/FindMyDevice.framework/Versions/A/FindMyDevice
0x000000000b3c4000 	/System/Library/Frameworks/LDAP.framework/Versions/A/LDAP
0x000000000b3c4000 	/usr/lib/libsasl2.2.dylib
0x000000000b3c4000 	/System/Library/PrivateFrameworks/CoreDaemon.framework/Versions/B/CoreDaemon
0x000000000b3c4000 	/usr/lib/libcrypto.0.9.8.dylib
0x000000000b3c4000 	/System/Library/PrivateFrameworks/AppleSRP.framework/Versions/A/AppleSRP
0x000000000b3c4000 	/System/Library/PrivateFrameworks/TrustEvaluationAgent.framework/Versions/A/TrustEvaluationAgent
0x000000012b43b000 	cl_kernels
0x000000012b43d000 	/System/Library/Frameworks/OpenCL.framework/Versions/A/Libraries/ImageFormats/unorm8_bgra.dylib
0x000000012b42d000 	cl_kernels
0x000000000b3c4000 	/System/Library/PrivateFrameworks/FamilyControls.framework/Versions/A/FamilyControls
0x000000000b3c4000 	/System/Library/PrivateFrameworks/CommerceKit.framework/Versions/A/Frameworks/CommerceCore.framework/Versions/A/CommerceCore
0x000000000b3c4000 	/System/Library/PrivateFrameworks/SystemAdministration.framework/Versions/A/SystemAdministration
0x000000000b3c4000 	/System/Library/PrivateFrameworks/AppContainer.framework/Versions/A/AppContainer
0x000000000b3c4000 	/System/Library/PrivateFrameworks/SecCodeWrapper.framework/Versions/A/SecCodeWrapper
0x000000000b3c4000 	/System/Library/Frameworks/DirectoryService.framework/Versions/A/DirectoryService
0x000000000b3c4000 	/System/Library/PrivateFrameworks/LoginUIKit.framework/Versions/A/Frameworks/LoginUICore.framework/Versions/A/LoginUICore
0x000000000b3c4000 	/usr/lib/libodfde.dylib
0x000000000b3c4000 	/System/Library/Frameworks/OpenGL.framework/Versions/A/Resources/GLEngine.bundle/GLEngine
0x000000000b3c4000 	/System/Library/Frameworks/OpenGL.framework/Versions/A/Libraries/libGLProgrammability.dylib
0x000000012c908000 	/System/Library/Extensions/AppleIntelHD5000GraphicsGLDriver.bundle/Contents/MacOS/AppleIntelHD5000GraphicsGLDriver
0x000000000b3c4000 	/System/Library/PrivateFrameworks/IOAccelerator.framework/Versions/A/IOAccelerator
0x000000000b3c4000 	/System/Library/PrivateFrameworks/GPUSupport.framework/Versions/A/Libraries/libGPUSupportMercury.dylib
0x000000000b3c4000 	/System/Library/Frameworks/OpenGL.framework/Versions/A/Resources/GLRendererFloat.bundle/GLRendererFloat
0x000000012d93e000 	/Library/Java/JavaVirtualMachines/jdk1.8.0_73.jdk/Contents/Home/jre/lib/libfontmanager.dylib
0x000000012ece9000 	/Library/Java/JavaVirtualMachines/jdk1.8.0_73.jdk/Contents/Home/jre/lib/libosxui.dylib
0x000000012ef7d000 	/Library/Java/JavaVirtualMachines/jdk1.8.0_73.jdk/Contents/Home/jre/lib/libnet.dylib
0x000000012ed29000 	/Library/Java/JavaVirtualMachines/jdk1.8.0_73.jdk/Contents/Home/jre/lib/libnio.dylib
0x000000000b3c4000 	/System/Library/Frameworks/ApplicationServices.framework/Versions/A/Frameworks/ATS.framework/Versions/A/Resources/libTrueTypeScaler.dylib
0x000000017a4d8000 	/private/var/folders/88/rn0nzmd518s0659qz29bsj6m0000gn/T/jogamp_0000/file_cache/jln5402472279919833283/jln5001553796993161185/libgluegen-rt.jnilib
0x000000017a4dd000 	/private/var/folders/88/rn0nzmd518s0659qz29bsj6m0000gn/T/jogamp_0000/file_cache/jln5402472279919833283/jln5001553796993161185/libnativewindow_awt.jnilib
0x000000017a4e0000 	/Library/Java/JavaVirtualMachines/jdk1.8.0_73.jdk/Contents/Home/jre/lib/libjawt.dylib
0x000000017a4e3000 	/private/var/folders/88/rn0nzmd518s0659qz29bsj6m0000gn/T/jogamp_0000/file_cache/jln5402472279919833283/jln5001553796993161185/libnativewindow_macosx.jnilib
0x000000017a60f000 	/private/var/folders/88/rn0nzmd518s0659qz29bsj6m0000gn/T/jogamp_0000/file_cache/jln5402472279919833283/jln5001553796993161185/libjogl_desktop.jnilib
0x000000017a9b8000 	/Library/Java/JavaVirtualMachines/jdk1.8.0_73.jdk/Contents/Home/jre/lib/libsunec.dylib
0x000000017a9e0000 	/Library/Java/JavaVirtualMachines/jdk1.8.0_73.jdk/Contents/Home/jre/lib/libjpeg.dylib
0x00000001828dd000 	/Library/Java/JavaVirtualMachines/jdk1.8.0_73.jdk/Contents/Home/jre/lib/libt2k.dylib

VM Arguments:
jvm_args: -Djava.security.policy=java.policy.applet -Dfile.encoding=UTF-8 
java_command: sun.applet.AppletViewer module3.EarthquakeCityMap1458101730113.html
java_class_path (initial): /Users/jb/Documents/GitHub/Java_Programming/UCSDUnfoldingMaps/build:/Users/jb/Documents/GitHub/Java_Programming/UCSDUnfoldingMaps/lib/core.jar:/Users/jb/Documents/GitHub/Java_Programming/UCSDUnfoldingMaps/lib/gluegen-rt.jar:/Users/jb/Documents/GitHub/Java_Programming/UCSDUnfoldingMaps/lib/jogl-all.jar:/Users/jb/Documents/GitHub/Java_Programming/UCSDUnfoldingMaps/lib/log4j-1.2.15.jar:/Users/jb/Documents/GitHub/Java_Programming/UCSDUnfoldingMaps/lib/sqlite-jdbc-3.7.2.jar:/Users/jb/Documents/GitHub/Java_Programming/UCSDUnfoldingMaps/lib/json4processing.jar:/Users/jb/Documents/GitHub/Java_Programming/UCSDUnfoldingMaps/lib/libTUIO.jar:/Users/jb/Documents/GitHub/Java_Programming/UCSDUnfoldingMaps/lib/unfolding.0.9.7-uscd.jar
Launcher Type: SUN_STANDARD

Environment Variables:
PATH=/usr/bin:/bin:/usr/sbin:/sbin
SHELL=/bin/bash

Signal Handlers:
SIGSEGV: [libjvm.dylib+0x5a71a5], sa_mask[0]=11111111011111110111111111111111, sa_flags=SA_ONSTACK|SA_RESTART|SA_SIGINFO
SIGBUS: [libjvm.dylib+0x5a71a5], sa_mask[0]=11111111011111110111111111111111, sa_flags=SA_RESTART|SA_SIGINFO
SIGFPE: [libjvm.dylib+0x480eb4], sa_mask[0]=11111111011111110111111111111111, sa_flags=SA_RESTART|SA_SIGINFO
SIGPIPE: [libjvm.dylib+0x480eb4], sa_mask[0]=11111111011111110111111111111111, sa_flags=SA_RESTART|SA_SIGINFO
SIGXFSZ: [libjvm.dylib+0x480eb4], sa_mask[0]=11111111011111110111111111111111, sa_flags=SA_RESTART|SA_SIGINFO
SIGILL: [libjvm.dylib+0x480eb4], sa_mask[0]=11111111011111110111111111111111, sa_flags=SA_RESTART|SA_SIGINFO
SIGUSR1: SIG_DFL, sa_mask[0]=00000000000000000000000000000000, sa_flags=none
SIGUSR2: [libjvm.dylib+0x4809d2], sa_mask[0]=00100000000000000000000000000000, sa_flags=SA_RESTART|SA_SIGINFO
SIGHUP: [libjvm.dylib+0x47efa9], sa_mask[0]=11111111011111110111111111111111, sa_flags=SA_RESTART|SA_SIGINFO
SIGINT: [libjvm.dylib+0x47efa9], sa_mask[0]=11111111011111110111111111111111, sa_flags=SA_RESTART|SA_SIGINFO
SIGTERM: [libjvm.dylib+0x47efa9], sa_mask[0]=11111111011111110111111111111111, sa_flags=SA_RESTART|SA_SIGINFO
SIGQUIT: [libjvm.dylib+0x47efa9], sa_mask[0]=11111111011111110111111111111111, sa_flags=SA_RESTART|SA_SIGINFO


---------------  S Y S T E M  ---------------

OS:Bsduname:Darwin 14.5.0 Darwin Kernel Version 14.5.0: Wed Jul 29 02:26:53 PDT 2015; root:xnu-2782.40.9~1/RELEASE_X86_64 x86_64
rlimit: STACK 8192k, CORE 0k, NPROC 709, NOFILE 10240, AS infinity
load average:1.89 1.42 1.32

CPU:total 8 (4 cores per cpu, 2 threads per core) family 6 model 70 stepping 1, cmov, cx8, fxsr, mmx, sse, sse2, sse3, ssse3, sse4.1, sse4.2, popcnt, avx, avx2, aes, clmul, erms, lzcnt, ht, tsc, tscinvbit, bmi1, bmi2

Memory: 4k page, physical 16777216k(2801064k free)

/proc/meminfo:


vm_info: Java HotSpot(TM) 64-Bit Server VM (25.73-b02) for bsd-amd64 JRE (1.8.0_73-b02), built on Jan 29 2016 15:02:00 by "java_re" with gcc 4.2.1 (Based on Apple Inc. build 5658) (LLVM build 2336.11.00)

time: Wed Mar 16 00:15:41 2016
elapsed time: 11 seconds (0d 0h 0m 11s)

