#
# A fatal error has been detected by the Java Runtime Environment:
#
#  SIGSEGV (0xb) at pc=0x00007fff963a50dd, pid=3260, tid=1811
#
# JRE version: Java(TM) SE Runtime Environment (8.0_73-b02) (build 1.8.0_73-b02)
# Java VM: Java HotSpot(TM) 64-Bit Server VM (25.73-b02 mixed mode bsd-amd64 compressed oops)
# Problematic frame:
# C  [libobjc.A.dylib+0x10dd]  objc_msgSend+0x1d
#
# Failed to write core dump. Core dumps have been disabled. To enable core dumping, try "ulimit -c unlimited" before starting Java again
#
# If you would like to submit a bug report, please visit:
#   http://bugreport.java.com/bugreport/crash.jsp
# The crash happened outside the Java Virtual Machine in native code.
# See problematic frame for where to report the bug.
#

---------------  T H R E A D  ---------------

Current thread (0x00007feb0c0ca800):  JavaThread "AWT-AppKit" daemon [_thread_in_native, id=1811, stack(0x00007fff545fe000,0x00007fff54dfe000)]

siginfo: si_signo: 11 (SIGSEGV), si_code: 1 (SEGV_MAPERR), si_addr: 0x0000000000000018

Registers:
RAX=0x00007feb1283f0c0, RBX=0x000000017d1d5450, RCX=0x0000000133880ea0, RDX=0x0000000133880180
RSP=0x00007fff54df9488, RBP=0x00007fff54df9540, RSI=0x00007fff915aa40f, RDI=0x00007feb122944e0
R8 =0x0000000000000000, R9 =0x0000000000000f50, R10=0x00007fff915aa40f, R11=0x0000000000000000
R12=0x0000000000000000, R13=0x0000000180f5a608, R14=0x000000017d1d5440, R15=0x00007feb0c0ca800
RIP=0x00007fff963a50dd, EFLAGS=0x0000000000010246, ERR=0x0000000000000004
  TRAPNO=0x000000000000000e

Top of Stack: (sp=0x00007fff54df9488)
0x00007fff54df9488:   000000017d1d3157 00007fff54df94e0
0x00007fff54df9498:   0000000000000003 00007fff54df94c0
0x00007fff54df94a8:   000000010c1f1646 0000000180f5a608
0x00007fff54df94b8:   0000000180f5a608 00007feb1283f0c0
0x00007fff54df94c8:   000000017d1d56a0 000000017d1d5710
0x00007fff54df94d8:   00007fff7d026550 00007fff7c012c80
0x00007fff54df94e8:   000000017d1d5450 000000017d1d5690
0x00007fff54df94f8:   00007feb1283f0c0 00007feb122944e0
0x00007fff54df9508:   00007feb0ca006b0 00007feb1283f0c0
0x00007fff54df9518:   00007feb122944e0 00007fff54df95c8
0x00007fff54df9528:   00007feb0c0ca9f8 0000000180f5a608
0x00007fff54df9538:   00007fff54df95f0 00007fff54df95b8
0x00007fff54df9548:   000000010d0a5954 0000000180f5a608
0x00007fff54df9558:   00007fff54df95f0 00007fff54df95b8
0x00007fff54df9568:   000000010d0a56e7 000000010d0a56a2
0x00007fff54df9578:   00007fff54df9578 0000000180f5a608
0x00007fff54df9588:   00007fff54df95f0 0000000180f5d240
0x00007fff54df9598:   0000000000000000 0000000180f5a608
0x00007fff54df95a8:   0000000000000000 00007fff54df95d8
0x00007fff54df95b8:   00007fff54df9638 000000010d097c4d
0x00007fff54df95c8:   00000006c0b8c158 000000010d09f578
0x00007fff54df95d8:   00007feb1283f0c0 00007fff54df9638
0x00007fff54df95e8:   00007feb122944e0 000000010d0a0d82
0x00007fff54df95f8:   00007fff54df95f8 0000000180f5a7d2
0x00007fff54df9608:   00007fff54df9660 0000000180f5d240
0x00007fff54df9618:   0000000000000000 0000000180f5a7e0
0x00007fff54df9628:   00007fff54df95d8 00007fff54df9648
0x00007fff54df9638:   00007fff54df96a8 000000010d097c4d
0x00007fff54df9648:   00007feb1283f0c0 00000006c06ef5d0
0x00007fff54df9658:   00007feb122944e0 00000006c06ef5d0
0x00007fff54df9668:   00007fff54df9668 0000000182c0a0ee
0x00007fff54df9678:   00007fff54df96b8 0000000182c0a1a8 

Instructions: (pc=0x00007fff963a50dd)
0x00007fff963a50bd:   00 00 00 48 85 ff 2e 74 7a 40 f6 c7 01 2e 75 7e
0x00007fff963a50cd:   49 bb f8 ff ff ff ff 7f 00 00 4c 23 1f 49 89 f2
0x00007fff963a50dd:   45 23 53 18 49 c1 e2 04 4d 03 53 10 49 3b 32 75
0x00007fff963a50ed:   04 41 ff 62 08 49 83 3a 00 74 6a 4d 3b 53 10 74 

Register to memory mapping:

RAX=0x00007feb1283f0c0 is an unknown value
RBX=0x000000017d1d5450: Java_jogamp_nativewindow_macosx_OSXUtil_GetScreenRefreshRate0+0x1cf0 in /private/var/folders/88/rn0nzmd518s0659qz29bsj6m0000gn/T/jogamp_0000/file_cache/jln5652829634388201382/jln8288421306136189199/libnativewindow_macosx.jnilib at 0x000000017d1ce000
RCX=0x0000000133880ea0 is an unknown value
RDX=0x0000000133880180 is an unknown value
RSP=0x00007fff54df9488 is pointing into the stack for thread: 0x00007feb0c0ca800
RBP=0x00007fff54df9540 is pointing into the stack for thread: 0x00007feb0c0ca800
RSI=0x00007fff915aa40f is an unknown value
RDI=0x00007feb122944e0 is an unknown value
R8 =0x0000000000000000 is an unknown value
R9 =0x0000000000000f50 is an unknown value
R10=0x00007fff915aa40f is an unknown value
R11=0x0000000000000000 is an unknown value
R12=0x0000000000000000 is an unknown value
R13={method} {0x0000000180f5a608} 'UnsetJAWTRootSurfaceLayer0' '(JJ)V' in 'jogamp/nativewindow/jawt/macosx/MacOSXJAWTWindow'
R14=0x000000017d1d5440: Java_jogamp_nativewindow_macosx_OSXUtil_GetScreenRefreshRate0+0x1ce0 in /private/var/folders/88/rn0nzmd518s0659qz29bsj6m0000gn/T/jogamp_0000/file_cache/jln5652829634388201382/jln8288421306136189199/libnativewindow_macosx.jnilib at 0x000000017d1ce000
R15=0x00007feb0c0ca800 is a thread


Stack: [0x00007fff545fe000,0x00007fff54dfe000],  sp=0x00007fff54df9488,  free space=8173k
Native frames: (J=compiled Java code, j=interpreted, Vv=VM code, C=native code)
C  [libobjc.A.dylib+0x10dd]  objc_msgSend+0x1d
j  jogamp.nativewindow.jawt.macosx.MacOSXJAWTWindow.UnsetJAWTRootSurfaceLayer0(JJ)V+0
j  jogamp.nativewindow.jawt.macosx.MacOSXJAWTWindow.access$200(JJ)V+2
j  jogamp.nativewindow.jawt.macosx.MacOSXJAWTWindow$1.run()V+38
J 1725 C1 com.jogamp.common.util.RunnableTask.run()V (345 bytes) @ 0x000000010d6723d4 [0x000000010d672240+0x194]
v  ~StubRoutines::call_stub
V  [libjvm.dylib+0x2eae7a]  JavaCalls::call_helper(JavaValue*, methodHandle*, JavaCallArguments*, Thread*)+0x6ae
V  [libjvm.dylib+0x321f83]  jni_invoke_nonstatic(JNIEnv_*, JavaValue*, _jobject*, JNICallType, _jmethodID*, JNI_ArgumentPusher*, Thread*)+0x2ec
V  [libjvm.dylib+0x314757]  jni_CallVoidMethod+0x16b
C  [libnativewindow_macosx.jnilib+0x5326]  Java_jogamp_nativewindow_jawt_macosx_MacOSXJAWTWindow_UnsetJAWTRootSurfaceLayer0+0x2b6
C  [Foundation+0x92dd0]  __NSThreadPerformPerform+0x125
C  [CoreFoundation+0x80a01]  __CFRUNLOOP_IS_CALLING_OUT_TO_A_SOURCE0_PERFORM_FUNCTION__+0x11
C  [CoreFoundation+0x72c5c]  __CFRunLoopDoSources0+0x1dc
C  [CoreFoundation+0x721bf]  __CFRunLoopRun+0x39f
C  [CoreFoundation+0x71bd8]  CFRunLoopRunSpecific+0x128
C  [HIToolbox+0x3256f]  RunCurrentEventLoopInMode+0xeb
C  [HIToolbox+0x321ee]  ReceiveNextEventCommon+0xb3
C  [HIToolbox+0x3212b]  _BlockUntilNextEventMatchingListInModeWithFilter+0x47
C  [AppKit+0x918ab]  _DPSNextEvent+0x3d2
C  [AppKit+0x90e58]  -[NSApplication nextEventMatchingMask:untilDate:inMode:dequeue:]+0x15a
C  [libosxapp.dylib+0x23aa]  -[NSApplicationAWT nextEventMatchingMask:untilDate:inMode:dequeue:]+0x7c
C  [AppKit+0x86af3]  -[NSApplication run]+0x252
C  [libosxapp.dylib+0x214d]  +[NSApplicationAWT runAWTLoopWithApp:]+0x9c
C  [libawt_lwawt.dylib+0x4455b]  -[AWTStarter starter:]+0x389
C  [Foundation+0x92dd0]  __NSThreadPerformPerform+0x125
C  [CoreFoundation+0x80a01]  __CFRUNLOOP_IS_CALLING_OUT_TO_A_SOURCE0_PERFORM_FUNCTION__+0x11
C  [CoreFoundation+0x72b8d]  __CFRunLoopDoSources0+0x10d
C  [CoreFoundation+0x721bf]  __CFRunLoopRun+0x39f
C  [CoreFoundation+0x71bd8]  CFRunLoopRunSpecific+0x128
C  [java+0x6463]  CreateExecutionEnvironment+0x367
C  [java+0x21ac]  JLI_Launch+0x7a0
C  [java+0x84c0]  main+0x65
C  [java+0x1a04]  start+0x34
C  0x0000000000000007

Java frames: (J=compiled Java code, j=interpreted, Vv=VM code)
j  jogamp.nativewindow.jawt.macosx.MacOSXJAWTWindow.UnsetJAWTRootSurfaceLayer0(JJ)V+0
j  jogamp.nativewindow.jawt.macosx.MacOSXJAWTWindow.access$200(JJ)V+2
j  jogamp.nativewindow.jawt.macosx.MacOSXJAWTWindow$1.run()V+38
J 1725 C1 com.jogamp.common.util.RunnableTask.run()V (345 bytes) @ 0x000000010d6723d4 [0x000000010d672240+0x194]
v  ~StubRoutines::call_stub

---------------  P R O C E S S  ---------------

Java Threads: ( => current thread )
  0x00007feb0c107000 JavaThread "Thread-3" [_thread_blocked, id=66327, stack(0x00000001842b5000,0x00000001843b5000)]
  0x00007feb0db25000 JavaThread "AWT-EventQueue-1" [_thread_in_native, id=60699, stack(0x000000017db1c000,0x000000017dc1c000)]
  0x00007feb0b9b2000 JavaThread "DestroyJavaVM" [_thread_blocked, id=4867, stack(0x000000010cf8e000,0x000000010d08e000)]
  0x00007feb0b964800 JavaThread "AWT-EventQueue-0" [_thread_blocked, id=58371, stack(0x0000000131781000,0x0000000131881000)]
  0x00007feb0b925800 JavaThread "Java2D Disposer" daemon [_thread_blocked, id=55319, stack(0x0000000130456000,0x0000000130556000)]
  0x00007feb0c100000 JavaThread "Java2D Queue Flusher" daemon [_thread_blocked, id=53767, stack(0x000000012f3c4000,0x000000012f4c4000)]
  0x00007feb0b879000 JavaThread "AWT-Shutdown" [_thread_blocked, id=30739, stack(0x000000012c43d000,0x000000012c53d000)]
=>0x00007feb0c0ca800 JavaThread "AWT-AppKit" daemon [_thread_in_native, id=1811, stack(0x00007fff545fe000,0x00007fff54dfe000)]
  0x00007feb0b81a800 JavaThread "Service Thread" daemon [_thread_blocked, id=20739, stack(0x000000012aa03000,0x000000012ab03000)]
  0x00007feb0c054000 JavaThread "C1 CompilerThread3" daemon [_thread_blocked, id=20227, stack(0x000000012a900000,0x000000012aa00000)]
  0x00007feb0d023000 JavaThread "C2 CompilerThread2" daemon [_thread_blocked, id=19715, stack(0x000000012a7fd000,0x000000012a8fd000)]
  0x00007feb0c04b800 JavaThread "C2 CompilerThread1" daemon [_thread_blocked, id=19203, stack(0x000000012a6fa000,0x000000012a7fa000)]
  0x00007feb0b80f000 JavaThread "C2 CompilerThread0" daemon [_thread_blocked, id=18691, stack(0x000000012a5f7000,0x000000012a6f7000)]
  0x00007feb0b80a800 JavaThread "Signal Dispatcher" daemon [_thread_blocked, id=15383, stack(0x000000012a4f4000,0x000000012a5f4000)]
  0x00007feb0d014000 JavaThread "Finalizer" daemon [_thread_blocked, id=13571, stack(0x0000000128aec000,0x0000000128bec000)]
  0x00007feb0d013000 JavaThread "Reference Handler" daemon [_thread_blocked, id=13059, stack(0x00000001289e9000,0x0000000128ae9000)]

Other Threads:
  0x00007feb0d010800 VMThread [stack: 0x00000001288e6000,0x00000001289e6000] [id=12547]
  0x00007feb0d021000 WatcherThread [stack: 0x000000012ab06000,0x000000012ac06000] [id=21251]

VM state:not at safepoint (normal execution)

VM Mutex/Monitor currently owned by a thread: None

Heap:
 PSYoungGen      total 542208K, used 101587K [0x000000076ab00000, 0x000000078da80000, 0x00000007c0000000)
  eden space 535040K, 18% used [0x000000076ab00000,0x0000000770c42cd8,0x000000078b580000)
  from space 7168K, 27% used [0x000000078d380000,0x000000078d572160,0x000000078da80000)
  to   space 18944K, 0% used [0x000000078b580000,0x000000078b580000,0x000000078c800000)
 ParOldGen       total 100864K, used 15995K [0x00000006c0000000, 0x00000006c6280000, 0x000000076ab00000)
  object space 100864K, 15% used [0x00000006c0000000,0x00000006c0f9eda8,0x00000006c6280000)
 Metaspace       used 21541K, capacity 21781K, committed 22016K, reserved 1069056K
  class space    used 2165K, capacity 2257K, committed 2304K, reserved 1048576K

Card table byte_map: [0x000000011c450000,0x000000011cc51000] byte_map_base: 0x0000000118e50000

Marking Bits: (ParMarkBitMap*) 0x000000010c8e3ea0
 Begin Bits: [0x000000011d9bf000, 0x00000001219bf000)
 End Bits:   [0x00000001219bf000, 0x00000001259bf000)

Polling page: 0x000000010af5b000

CodeCache: size=245760Kb used=7280Kb max_used=7293Kb free=238479Kb
 bounds [0x000000010d090000, 0x000000010d7c0000, 0x000000011c090000]
 total_blobs=3079 nmethods=2177 adapters=815
 compilation: enabled

Compilation events (10 events):
Event: 10.624 Thread 0x00007feb0c04b800 2172       4       jogamp.opengl.GLBufferStateTracker::setBoundBufferObject (76 bytes)
Event: 10.627 Thread 0x00007feb0c04b800 nmethod 2172 0x000000010d7ad750 code [0x000000010d7ad920, 0x000000010d7adb38]
Event: 10.754 Thread 0x00007feb0c054000 2173   !   3       sun.lwawt.LWComponentPeer::isShowing (49 bytes)
Event: 10.755 Thread 0x00007feb0c054000 nmethod 2173 0x000000010d7aca10 code [0x000000010d7acbc0, 0x000000010d7ad4a8]
Event: 10.755 Thread 0x00007feb0c054000 2174       3       java.awt.event.ComponentEvent::<init> (7 bytes)
Event: 10.756 Thread 0x00007feb0c054000 nmethod 2174 0x000000010d7ac090 code [0x000000010d7ac200, 0x000000010d7ac388]
Event: 10.757 Thread 0x00007feb0c054000 2175       3       sun.java2d.pipe.RenderBuffer::putFloat (26 bytes)
Event: 10.758 Thread 0x00007feb0c054000 nmethod 2175 0x000000010d7ab990 code [0x000000010d7abb00, 0x000000010d7abc90]
Event: 10.786 Thread 0x00007feb0d023000 2177       4       java.util.HashMap::putVal (300 bytes)
Event: 10.798 Thread 0x00007feb0d023000 nmethod 2177 0x000000010d7b3a90 code [0x000000010d7b3c60, 0x000000010d7b4428]

GC Heap History (10 events):
Event: 5.806 GC heap before
{Heap before GC invocations=9 (full 1):
 PSYoungGen      total 216064K, used 202996K [0x000000076ab00000, 0x0000000780e00000, 0x00000007c0000000)
  eden space 195072K, 99% used [0x000000076ab00000,0x0000000776872b98,0x0000000776980000)
  from space 20992K, 42% used [0x0000000776980000,0x000000077724a6e0,0x0000000777e00000)
  to   space 19968K, 0% used [0x000000077fa80000,0x000000077fa80000,0x0000000780e00000)
 ParOldGen       total 100864K, used 13947K [0x00000006c0000000, 0x00000006c6280000, 0x000000076ab00000)
  object space 100864K, 13% used [0x00000006c0000000,0x00000006c0d9ec48,0x00000006c6280000)
 Metaspace       used 21217K, capacity 21461K, committed 21760K, reserved 1069056K
  class space    used 2157K, capacity 2257K, committed 2304K, reserved 1048576K
Event: 5.811 GC heap after
Heap after GC invocations=9 (full 1):
 PSYoungGen      total 332288K, used 7169K [0x000000076ab00000, 0x0000000780800000, 0x00000007c0000000)
  eden space 318464K, 0% used [0x000000076ab00000,0x000000076ab00000,0x000000077e200000)
  from space 13824K, 51% used [0x000000077fa80000,0x0000000780180580,0x0000000780800000)
  to   space 19456K, 0% used [0x000000077e200000,0x000000077e200000,0x000000077f500000)
 ParOldGen       total 100864K, used 15771K [0x00000006c0000000, 0x00000006c6280000, 0x000000076ab00000)
  object space 100864K, 15% used [0x00000006c0000000,0x00000006c0f66da8,0x00000006c6280000)
 Metaspace       used 21217K, capacity 21461K, committed 21760K, reserved 1069056K
  class space    used 2157K, capacity 2257K, committed 2304K, reserved 1048576K
}
Event: 6.824 GC heap before
{Heap before GC invocations=10 (full 1):
 PSYoungGen      total 332288K, used 324618K [0x000000076ab00000, 0x0000000780800000, 0x00000007c0000000)
  eden space 318464K, 99% used [0x000000076ab00000,0x000000077e102458,0x000000077e200000)
  from space 13824K, 51% used [0x000000077fa80000,0x0000000780180580,0x0000000780800000)
  to   space 19456K, 0% used [0x000000077e200000,0x000000077e200000,0x000000077f500000)
 ParOldGen       total 100864K, used 15771K [0x00000006c0000000, 0x00000006c6280000, 0x000000076ab00000)
  object space 100864K, 15% used [0x00000006c0000000,0x00000006c0f66da8,0x00000006c6280000)
 Metaspace       used 21262K, capacity 21525K, committed 21760K, reserved 1069056K
  class space    used 2157K, capacity 2257K, committed 2304K, reserved 1048576K
Event: 6.830 GC heap after
Heap after GC invocations=10 (full 1):
 PSYoungGen      total 337920K, used 7201K [0x000000076ab00000, 0x0000000787500000, 0x00000007c0000000)
  eden space 318464K, 0% used [0x000000076ab00000,0x000000076ab00000,0x000000077e200000)
  from space 19456K, 37% used [0x000000077e200000,0x000000077e908580,0x000000077f500000)
  to   space 18944K, 0% used [0x0000000786280000,0x0000000786280000,0x0000000787500000)
 ParOldGen       total 100864K, used 15835K [0x00000006c0000000, 0x00000006c6280000, 0x000000076ab00000)
  object space 100864K, 15% used [0x00000006c0000000,0x00000006c0f76da8,0x00000006c6280000)
 Metaspace       used 21262K, capacity 21525K, committed 21760K, reserved 1069056K
  class space    used 2157K, capacity 2257K, committed 2304K, reserved 1048576K
}
Event: 7.842 GC heap before
{Heap before GC invocations=11 (full 1):
 PSYoungGen      total 337920K, used 324785K [0x000000076ab00000, 0x0000000787500000, 0x00000007c0000000)
  eden space 318464K, 99% used [0x000000076ab00000,0x000000077e124150,0x000000077e200000)
  from space 19456K, 37% used [0x000000077e200000,0x000000077e908580,0x000000077f500000)
  to   space 18944K, 0% used [0x0000000786280000,0x0000000786280000,0x0000000787500000)
 ParOldGen       total 100864K, used 15835K [0x00000006c0000000, 0x00000006c6280000, 0x000000076ab00000)
  object space 100864K, 15% used [0x00000006c0000000,0x00000006c0f76da8,0x00000006c6280000)
 Metaspace       used 21391K, capacity 21653K, committed 21760K, reserved 1069056K
  class space    used 2157K, capacity 2257K, committed 2304K, reserved 1048576K
Event: 7.845 GC heap after
Heap after GC invocations=11 (full 1):
 PSYoungGen      total 431616K, used 1960K [0x000000076ab00000, 0x0000000786c80000, 0x00000007c0000000)
  eden space 421376K, 0% used [0x000000076ab00000,0x000000076ab00000,0x0000000784680000)
  from space 10240K, 19% used [0x0000000786280000,0x000000078646a160,0x0000000786c80000)
  to   space 19456K, 0% used [0x0000000784680000,0x0000000784680000,0x0000000785980000)
 ParOldGen       total 100864K, used 15891K [0x00000006c0000000, 0x00000006c6280000, 0x000000076ab00000)
  object space 100864K, 15% used [0x00000006c0000000,0x00000006c0f84da8,0x00000006c6280000)
 Metaspace       used 21391K, capacity 21653K, committed 21760K, reserved 1069056K
  class space    used 2157K, capacity 2257K, committed 2304K, reserved 1048576K
}
Event: 9.146 GC heap before
{Heap before GC invocations=12 (full 1):
 PSYoungGen      total 431616K, used 421780K [0x000000076ab00000, 0x0000000786c80000, 0x00000007c0000000)
  eden space 421376K, 99% used [0x000000076ab00000,0x00000007844fb1c0,0x0000000784680000)
  from space 10240K, 19% used [0x0000000786280000,0x000000078646a160,0x0000000786c80000)
  to   space 19456K, 0% used [0x0000000784680000,0x0000000784680000,0x0000000785980000)
 ParOldGen       total 100864K, used 15891K [0x00000006c0000000, 0x00000006c6280000, 0x000000076ab00000)
  object space 100864K, 15% used [0x00000006c0000000,0x00000006c0f84da8,0x00000006c6280000)
 Metaspace       used 21395K, capacity 21653K, committed 21760K, reserved 1069056K
  class space    used 2157K, capacity 2257K, committed 2304K, reserved 1048576K
Event: 9.151 GC heap after
Heap after GC invocations=12 (full 1):
 PSYoungGen      total 440832K, used 7169K [0x000000076ab00000, 0x000000078e600000, 0x00000007c0000000)
  eden space 421376K, 0% used [0x000000076ab00000,0x000000076ab00000,0x0000000784680000)
  from space 19456K, 36% used [0x0000000784680000,0x0000000784d80580,0x0000000785980000)
  to   space 18944K, 0% used [0x000000078d380000,0x000000078d380000,0x000000078e600000)
 ParOldGen       total 100864K, used 15947K [0x00000006c0000000, 0x00000006c6280000, 0x000000076ab00000)
  object space 100864K, 15% used [0x00000006c0000000,0x00000006c0f92da8,0x00000006c6280000)
 Metaspace       used 21395K, capacity 21653K, committed 21760K, reserved 1069056K
  class space    used 2157K, capacity 2257K, committed 2304K, reserved 1048576K
}
Event: 10.504 GC heap before
{Heap before GC invocations=13 (full 1):
 PSYoungGen      total 440832K, used 427324K [0x000000076ab00000, 0x000000078e600000, 0x00000007c0000000)
  eden space 421376K, 99% used [0x000000076ab00000,0x000000078454edb8,0x0000000784680000)
  from space 19456K, 36% used [0x0000000784680000,0x0000000784d80580,0x0000000785980000)
  to   space 18944K, 0% used [0x000000078d380000,0x000000078d380000,0x000000078e600000)
 ParOldGen       total 100864K, used 15947K [0x00000006c0000000, 0x00000006c6280000, 0x000000076ab00000)
  object space 100864K, 15% used [0x00000006c0000000,0x00000006c0f92da8,0x00000006c6280000)
 Metaspace       used 21505K, capacity 21781K, committed 22016K, reserved 1069056K
  class space    used 2157K, capacity 2257K, committed 2304K, reserved 1048576K
Event: 10.508 GC heap after
Heap after GC invocations=13 (full 1):
 PSYoungGen      total 542208K, used 1992K [0x000000076ab00000, 0x000000078da80000, 0x00000007c0000000)
  eden space 535040K, 0% used [0x000000076ab00000,0x000000076ab00000,0x000000078b580000)
  from space 7168K, 27% used [0x000000078d380000,0x000000078d572160,0x000000078da80000)
  to   space 18944K, 0% used [0x000000078b580000,0x000000078b580000,0x000000078c800000)
 ParOldGen       total 100864K, used 15995K [0x00000006c0000000, 0x00000006c6280000, 0x000000076ab00000)
  object space 100864K, 15% used [0x00000006c0000000,0x00000006c0f9eda8,0x00000006c6280000)
 Metaspace       used 21505K, capacity 21781K, committed 22016K, reserved 1069056K
  class space    used 2157K, capacity 2257K, committed 2304K, reserved 1048576K
}

Deoptimization events (10 events):
Event: 3.124 Thread 0x00007feb0db25000 Uncommon trap: reason=unstable_if action=reinterpret pc=0x000000010d51e5b8 method=java.util.HashMap$HashIterator.<init>(Ljava/util/HashMap;)V @ 45
Event: 3.338 Thread 0x00007feb0db25000 Uncommon trap: reason=unstable_if action=reinterpret pc=0x000000010d22b580 method=java.lang.AbstractStringBuilder.append(Ljava/lang/String;)Ljava/lang/AbstractStringBuilder; @ 1
Event: 3.487 Thread 0x00007feb0db25000 Uncommon trap: reason=unstable_if action=reinterpret pc=0x000000010d5b0934 method=processing.opengl.Texture.convertToRGBA([IIII)V @ 281
Event: 3.521 Thread 0x00007feb0db25000 Uncommon trap: reason=unstable_if action=reinterpret pc=0x000000010d5a4f6c method=com.jogamp.common.util.IntIntHashMap.get(I)I @ 19
Event: 3.523 Thread 0x00007feb0db25000 Uncommon trap: reason=unstable_if action=reinterpret pc=0x000000010d58e7a8 method=processing.core.PImage.<init>(Ljava/awt/Image;)V @ 130
Event: 10.785 Thread 0x00007feb0da03800 Uncommon trap: reason=class_check action=maybe_recompile pc=0x000000010d4e4dd8 method=java.util.HashMap.putVal(ILjava/lang/Object;Ljava/lang/Object;ZZ)Ljava/lang/Object; @ 91
Event: 10.785 Thread 0x00007feb0da03800 Uncommon trap: reason=class_check action=maybe_recompile pc=0x000000010d4e4dd8 method=java.util.HashMap.putVal(ILjava/lang/Object;Ljava/lang/Object;ZZ)Ljava/lang/Object; @ 91
Event: 10.785 Thread 0x00007feb0da03800 Uncommon trap: reason=class_check action=maybe_recompile pc=0x000000010d4e4dd8 method=java.util.HashMap.putVal(ILjava/lang/Object;Ljava/lang/Object;ZZ)Ljava/lang/Object; @ 91
Event: 10.785 Thread 0x00007feb0da03800 Uncommon trap: reason=class_check action=maybe_recompile pc=0x000000010d4e4dd8 method=java.util.HashMap.putVal(ILjava/lang/Object;Ljava/lang/Object;ZZ)Ljava/lang/Object; @ 91
Event: 10.785 Thread 0x00007feb0da03800 Uncommon trap: reason=class_check action=maybe_recompile pc=0x000000010d48f914 method=java.util.HashMap.putVal(ILjava/lang/Object;Ljava/lang/Object;ZZ)Ljava/lang/Object; @ 91

Internal exceptions (10 events):
Event: 0.112 Thread 0x00007feb0d001800 Exception <a 'java/lang/NoSuchFieldError': method resolution failed> (0x000000076aefc618) thrown at [/HUDSON3/workspace/8-2-build-macosx-x86_64/jdk8u73/6086/hotspot/src/share/vm/prims/methodHandles.cpp, line 1146]
Event: 0.271 Thread 0x00007feb0d001800 Exception <a 'java/io/FileNotFoundException'> (0x000000076af78308) thrown at [/HUDSON3/workspace/8-2-build-macosx-x86_64/jdk8u73/6086/hotspot/src/share/vm/prims/jni.cpp, line 709]
Event: 0.271 Thread 0x00007feb0d001800 Exception <a 'java/io/FileNotFoundException'> (0x000000076af78e30) thrown at [/HUDSON3/workspace/8-2-build-macosx-x86_64/jdk8u73/6086/hotspot/src/share/vm/prims/jni.cpp, line 709]
Event: 0.351 Thread 0x00007feb0d001800 Exception <a 'java/io/FileNotFoundException'> (0x000000076b00e9b8) thrown at [/HUDSON3/workspace/8-2-build-macosx-x86_64/jdk8u73/6086/hotspot/src/share/vm/prims/jni.cpp, line 709]
Event: 1.339 Thread 0x00007feb0db1b800 Exception <a 'java/lang/UnsatisfiedLinkError': com.jogamp.common.util.JarUtil.fixNativeLibAttribs(Ljava/lang/String;)Z> (0x000000076c7804e0) thrown at [/HUDSON3/workspace/8-2-build-macosx-x86_64/jdk8u73/6086/hotspot/src/share/vm/prims/nativeLookup.cpp, li
Event: 3.307 Thread 0x00007feb0d014000 Exception <a 'java/lang/NullPointerException'> (0x000000076b043688) thrown at [/HUDSON3/workspace/8-2-build-macosx-x86_64/jdk8u73/6086/hotspot/src/share/vm/interpreter/linkResolver.cpp, line 1178]
Event: 3.338 Thread 0x00007feb0db25000 Exception <a 'java/io/FileNotFoundException'> (0x000000076b0eefe8) thrown at [/HUDSON3/workspace/8-2-build-macosx-x86_64/jdk8u73/6086/hotspot/src/share/vm/prims/jni.cpp, line 709]
Event: 3.338 Thread 0x00007feb0db25000 Exception <a 'java/io/FileNotFoundException'> (0x000000076b0f56b8) thrown at [/HUDSON3/workspace/8-2-build-macosx-x86_64/jdk8u73/6086/hotspot/src/share/vm/prims/jni.cpp, line 709]
Event: 3.338 Thread 0x00007feb0db25000 Implicit null exception at 0x000000010d22b1b3 to 0x000000010d22b56d
Event: 3.521 Thread 0x00007feb0db25000 Implicit null exception at 0x000000010d5a4eea to 0x000000010d5a4f55

Events (10 events):
Event: 10.794 loading class jogamp/nativewindow/jawt/macosx/MacOSXJAWTWindow$1 done
Event: 10.795 loading class java/awt/LightweightDispatcher$2
Event: 10.795 loading class java/awt/LightweightDispatcher$2 done
Event: 10.795 loading class java/awt/event/AWTEventListenerProxy
Event: 10.795 loading class java/awt/event/AWTEventListenerProxy done
Event: 10.795 loading class java/awt/Toolkit$ToolkitEventMulticaster
Event: 10.795 loading class java/awt/Toolkit$ToolkitEventMulticaster done
Event: 10.795 Thread 0x00007feb0da03800 Thread exited: 0x00007feb0da03800
Event: 10.796 loading class java/awt/Window$1DisposeAction
Event: 10.796 loading class java/awt/Window$1DisposeAction done


Dynamic libraries:
0x000000000b3c4000 	/System/Library/Frameworks/Cocoa.framework/Versions/A/Cocoa
0x000000000b3c4000 	/System/Library/Frameworks/Security.framework/Versions/A/Security
0x000000000b3c4000 	/System/Library/Frameworks/ApplicationServices.framework/Versions/A/ApplicationServices
0x000000000b3c4000 	/usr/lib/libz.1.dylib
0x000000000b3c4000 	/usr/lib/libSystem.B.dylib
0x000000000b3c4000 	/usr/lib/libobjc.A.dylib
0x000000000b3c4000 	/System/Library/Frameworks/CoreFoundation.framework/Versions/A/CoreFoundation
0x000000000b3c4000 	/System/Library/Frameworks/Foundation.framework/Versions/C/Foundation
0x000000000b3c4000 	/System/Library/Frameworks/AppKit.framework/Versions/C/AppKit
0x000000000b3c4000 	/System/Library/Frameworks/CoreData.framework/Versions/A/CoreData
0x000000000b3c4000 	/System/Library/PrivateFrameworks/RemoteViewServices.framework/Versions/A/RemoteViewServices
0x000000000b3c4000 	/System/Library/PrivateFrameworks/UIFoundation.framework/Versions/A/UIFoundation
0x000000000b3c4000 	/System/Library/Frameworks/IOSurface.framework/Versions/A/IOSurface
0x000000000b3c4000 	/System/Library/Frameworks/AudioToolbox.framework/Versions/A/AudioToolbox
0x000000000b3c4000 	/System/Library/Frameworks/AudioUnit.framework/Versions/A/AudioUnit
0x000000000b3c4000 	/System/Library/PrivateFrameworks/DataDetectorsCore.framework/Versions/A/DataDetectorsCore
0x000000000b3c4000 	/System/Library/PrivateFrameworks/DesktopServicesPriv.framework/Versions/A/DesktopServicesPriv
0x000000000b3c4000 	/System/Library/Frameworks/Carbon.framework/Versions/A/Frameworks/HIToolbox.framework/Versions/A/HIToolbox
0x000000000b3c4000 	/System/Library/Frameworks/QuartzCore.framework/Versions/A/QuartzCore
0x000000000b3c4000 	/System/Library/Frameworks/Carbon.framework/Versions/A/Frameworks/SpeechRecognition.framework/Versions/A/SpeechRecognition
0x000000000b3c4000 	/usr/lib/libauto.dylib
0x000000000b3c4000 	/usr/lib/libicucore.A.dylib
0x000000000b3c4000 	/usr/lib/libxml2.2.dylib
0x000000000b3c4000 	/System/Library/PrivateFrameworks/CoreUI.framework/Versions/A/CoreUI
0x000000000b3c4000 	/System/Library/Frameworks/CoreAudio.framework/Versions/A/CoreAudio
0x000000000b3c4000 	/System/Library/Frameworks/DiskArbitration.framework/Versions/A/DiskArbitration
0x000000000b3c4000 	/usr/lib/liblangid.dylib
0x000000000b3c4000 	/System/Library/PrivateFrameworks/MultitouchSupport.framework/Versions/A/MultitouchSupport
0x000000000b3c4000 	/System/Library/Frameworks/IOKit.framework/Versions/A/IOKit
0x000000000b3c4000 	/usr/lib/libDiagnosticMessagesClient.dylib
0x000000000b3c4000 	/System/Library/Frameworks/CoreServices.framework/Versions/A/CoreServices
0x000000000b3c4000 	/System/Library/PrivateFrameworks/PerformanceAnalysis.framework/Versions/A/PerformanceAnalysis
0x000000000b3c4000 	/System/Library/PrivateFrameworks/GenerationalStorage.framework/Versions/A/GenerationalStorage
0x000000000b3c4000 	/System/Library/Frameworks/OpenGL.framework/Versions/A/OpenGL
0x000000000b3c4000 	/System/Library/PrivateFrameworks/Sharing.framework/Versions/A/Sharing
0x000000000b3c4000 	/System/Library/Frameworks/CoreGraphics.framework/Versions/A/CoreGraphics
0x000000000b3c4000 	/System/Library/Frameworks/CoreText.framework/Versions/A/CoreText
0x000000000b3c4000 	/System/Library/Frameworks/ImageIO.framework/Versions/A/ImageIO
0x000000000b3c4000 	/usr/lib/libextension.dylib
0x000000000b3c4000 	/System/Library/PrivateFrameworks/Backup.framework/Versions/A/Backup
0x000000000b3c4000 	/usr/lib/libarchive.2.dylib
0x000000000b3c4000 	/System/Library/Frameworks/CFNetwork.framework/Versions/A/CFNetwork
0x000000000b3c4000 	/System/Library/Frameworks/SystemConfiguration.framework/Versions/A/SystemConfiguration
0x000000000b3c4000 	/usr/lib/libCRFSuite.dylib
0x000000000b3c4000 	/usr/lib/libc++.1.dylib
0x000000000b3c4000 	/usr/lib/libc++abi.dylib
0x000000000b3c4000 	/usr/lib/system/libcache.dylib
0x000000000b3c4000 	/usr/lib/system/libcommonCrypto.dylib
0x000000000b3c4000 	/usr/lib/system/libcompiler_rt.dylib
0x000000000b3c4000 	/usr/lib/system/libcopyfile.dylib
0x000000000b3c4000 	/usr/lib/system/libcorecrypto.dylib
0x000000000b3c4000 	/usr/lib/system/libdispatch.dylib
0x000000000b3c4000 	/usr/lib/system/libdyld.dylib
0x000000000b3c4000 	/usr/lib/system/libkeymgr.dylib
0x000000000b3c4000 	/usr/lib/system/liblaunch.dylib
0x000000000b3c4000 	/usr/lib/system/libmacho.dylib
0x000000000b3c4000 	/usr/lib/system/libquarantine.dylib
0x000000000b3c4000 	/usr/lib/system/libremovefile.dylib
0x000000000b3c4000 	/usr/lib/system/libsystem_asl.dylib
0x000000000b3c4000 	/usr/lib/system/libsystem_blocks.dylib
0x000000000b3c4000 	/usr/lib/system/libsystem_c.dylib
0x000000000b3c4000 	/usr/lib/system/libsystem_configuration.dylib
0x000000000b3c4000 	/usr/lib/system/libsystem_coreservices.dylib
0x000000000b3c4000 	/usr/lib/system/libsystem_coretls.dylib
0x000000000b3c4000 	/usr/lib/system/libsystem_dnssd.dylib
0x000000000b3c4000 	/usr/lib/system/libsystem_info.dylib
0x000000000b3c4000 	/usr/lib/system/libsystem_kernel.dylib
0x000000000b3c4000 	/usr/lib/system/libsystem_m.dylib
0x000000000b3c4000 	/usr/lib/system/libsystem_malloc.dylib
0x000000000b3c4000 	/usr/lib/system/libsystem_network.dylib
0x000000000b3c4000 	/usr/lib/system/libsystem_networkextension.dylib
0x000000000b3c4000 	/usr/lib/system/libsystem_notify.dylib
0x000000000b3c4000 	/usr/lib/system/libsystem_platform.dylib
0x000000000b3c4000 	/usr/lib/system/libsystem_pthread.dylib
0x000000000b3c4000 	/usr/lib/system/libsystem_sandbox.dylib
0x000000000b3c4000 	/usr/lib/system/libsystem_secinit.dylib
0x000000000b3c4000 	/usr/lib/system/libsystem_stats.dylib
0x000000000b3c4000 	/usr/lib/system/libsystem_trace.dylib
0x000000000b3c4000 	/usr/lib/system/libunc.dylib
0x000000000b3c4000 	/usr/lib/system/libunwind.dylib
0x000000000b3c4000 	/usr/lib/system/libxpc.dylib
0x000000000b3c4000 	/usr/lib/libbz2.1.0.dylib
0x000000000b3c4000 	/usr/lib/liblzma.5.dylib
0x000000000b3c4000 	/usr/lib/libbsm.0.dylib
0x000000000b3c4000 	/usr/lib/libsqlite3.dylib
0x000000000b3c4000 	/usr/lib/system/libkxld.dylib
0x000000000b3c4000 	/usr/lib/libxar.1.dylib
0x000000000b3c4000 	/usr/lib/libpam.2.dylib
0x000000000b3c4000 	/usr/lib/libOpenScriptingUtil.dylib
0x000000000b3c4000 	/System/Library/Frameworks/CoreServices.framework/Versions/A/Frameworks/FSEvents.framework/Versions/A/FSEvents
0x000000000b3c4000 	/System/Library/Frameworks/CoreServices.framework/Versions/A/Frameworks/CarbonCore.framework/Versions/A/CarbonCore
0x000000000b3c4000 	/System/Library/Frameworks/CoreServices.framework/Versions/A/Frameworks/Metadata.framework/Versions/A/Metadata
0x000000000b3c4000 	/System/Library/Frameworks/CoreServices.framework/Versions/A/Frameworks/OSServices.framework/Versions/A/OSServices
0x000000000b3c4000 	/System/Library/Frameworks/CoreServices.framework/Versions/A/Frameworks/SearchKit.framework/Versions/A/SearchKit
0x000000000b3c4000 	/System/Library/Frameworks/CoreServices.framework/Versions/A/Frameworks/AE.framework/Versions/A/AE
0x000000000b3c4000 	/System/Library/Frameworks/CoreServices.framework/Versions/A/Frameworks/LaunchServices.framework/Versions/A/LaunchServices
0x000000000b3c4000 	/System/Library/Frameworks/CoreServices.framework/Versions/A/Frameworks/DictionaryServices.framework/Versions/A/DictionaryServices
0x000000000b3c4000 	/System/Library/Frameworks/NetFS.framework/Versions/A/NetFS
0x000000000b3c4000 	/System/Library/PrivateFrameworks/NetAuth.framework/Versions/A/NetAuth
0x000000000b3c4000 	/System/Library/PrivateFrameworks/login.framework/Versions/A/Frameworks/loginsupport.framework/Versions/A/loginsupport
0x000000000b3c4000 	/System/Library/PrivateFrameworks/TCC.framework/Versions/A/TCC
0x000000000b3c4000 	/usr/lib/libmecabra.dylib
0x000000000b3c4000 	/System/Library/Frameworks/ApplicationServices.framework/Versions/A/Frameworks/ATS.framework/Versions/A/ATS
0x000000000b3c4000 	/System/Library/Frameworks/ApplicationServices.framework/Versions/A/Frameworks/ColorSync.framework/Versions/A/ColorSync
0x000000000b3c4000 	/System/Library/Frameworks/ApplicationServices.framework/Versions/A/Frameworks/HIServices.framework/Versions/A/HIServices
0x000000000b3c4000 	/System/Library/Frameworks/ApplicationServices.framework/Versions/A/Frameworks/LangAnalysis.framework/Versions/A/LangAnalysis
0x000000000b3c4000 	/System/Library/Frameworks/ApplicationServices.framework/Versions/A/Frameworks/PrintCore.framework/Versions/A/PrintCore
0x000000000b3c4000 	/System/Library/Frameworks/ApplicationServices.framework/Versions/A/Frameworks/QD.framework/Versions/A/QD
0x000000000b3c4000 	/System/Library/Frameworks/ApplicationServices.framework/Versions/A/Frameworks/SpeechSynthesis.framework/Versions/A/SpeechSynthesis
0x000000000b3c4000 	/System/Library/Frameworks/Accelerate.framework/Versions/A/Accelerate
0x000000000b3c4000 	/System/Library/Frameworks/Accelerate.framework/Versions/A/Frameworks/vImage.framework/Versions/A/vImage
0x000000000b3c4000 	/System/Library/Frameworks/Accelerate.framework/Versions/A/Frameworks/vecLib.framework/Versions/A/vecLib
0x000000000b3c4000 	/System/Library/Frameworks/Accelerate.framework/Versions/A/Frameworks/vecLib.framework/Versions/A/libvDSP.dylib
0x000000000b3c4000 	/System/Library/Frameworks/Accelerate.framework/Versions/A/Frameworks/vecLib.framework/Versions/A/libvMisc.dylib
0x000000000b3c4000 	/System/Library/Frameworks/Accelerate.framework/Versions/A/Frameworks/vecLib.framework/Versions/A/libLAPACK.dylib
0x000000000b3c4000 	/System/Library/Frameworks/Accelerate.framework/Versions/A/Frameworks/vecLib.framework/Versions/A/libBLAS.dylib
0x000000000b3c4000 	/System/Library/Frameworks/Accelerate.framework/Versions/A/Frameworks/vecLib.framework/Versions/A/libLinearAlgebra.dylib
0x000000000b3c4000 	/System/Library/Frameworks/ApplicationServices.framework/Versions/A/Frameworks/ATS.framework/Versions/A/Resources/libFontParser.dylib
0x000000000b3c4000 	/System/Library/Frameworks/ApplicationServices.framework/Versions/A/Frameworks/ATS.framework/Versions/A/Resources/libFontRegistry.dylib
0x000000000b3c4000 	/System/Library/PrivateFrameworks/AppleVPA.framework/Versions/A/AppleVPA
0x000000000b3c4000 	/System/Library/PrivateFrameworks/AppleJPEG.framework/Versions/A/AppleJPEG
0x000000000b3c4000 	/System/Library/Frameworks/ImageIO.framework/Versions/A/Resources/libJPEG.dylib
0x000000000b3c4000 	/System/Library/Frameworks/ImageIO.framework/Versions/A/Resources/libTIFF.dylib
0x000000000b3c4000 	/System/Library/Frameworks/ImageIO.framework/Versions/A/Resources/libPng.dylib
0x000000000b3c4000 	/System/Library/Frameworks/ImageIO.framework/Versions/A/Resources/libGIF.dylib
0x000000000b3c4000 	/System/Library/Frameworks/ImageIO.framework/Versions/A/Resources/libJP2.dylib
0x000000000b3c4000 	/System/Library/Frameworks/ImageIO.framework/Versions/A/Resources/libRadiance.dylib
0x000000000b3c4000 	/System/Library/Frameworks/CoreVideo.framework/Versions/A/CoreVideo
0x000000000b3c4000 	/System/Library/Frameworks/OpenGL.framework/Versions/A/Libraries/libGLU.dylib
0x000000000b3c4000 	/System/Library/Frameworks/OpenGL.framework/Versions/A/Libraries/libGFXShared.dylib
0x000000000b3c4000 	/System/Library/Frameworks/OpenGL.framework/Versions/A/Libraries/libGL.dylib
0x000000000b3c4000 	/System/Library/Frameworks/OpenGL.framework/Versions/A/Libraries/libGLImage.dylib
0x000000000b3c4000 	/System/Library/Frameworks/OpenGL.framework/Versions/A/Libraries/libCVMSPluginSupport.dylib
0x000000000b3c4000 	/System/Library/Frameworks/OpenGL.framework/Versions/A/Libraries/libCoreVMClient.dylib
0x000000000b3c4000 	/usr/lib/libcups.2.dylib
0x000000000b3c4000 	/System/Library/Frameworks/Kerberos.framework/Versions/A/Kerberos
0x000000000b3c4000 	/System/Library/Frameworks/GSS.framework/Versions/A/GSS
0x000000000b3c4000 	/usr/lib/libresolv.9.dylib
0x000000000b3c4000 	/usr/lib/libiconv.2.dylib
0x000000000b3c4000 	/System/Library/PrivateFrameworks/Heimdal.framework/Versions/A/Heimdal
0x000000000b3c4000 	/usr/lib/libheimdal-asn1.dylib
0x000000000b3c4000 	/System/Library/Frameworks/OpenDirectory.framework/Versions/A/OpenDirectory
0x000000000b3c4000 	/System/Library/PrivateFrameworks/CommonAuth.framework/Versions/A/CommonAuth
0x000000000b3c4000 	/System/Library/Frameworks/OpenDirectory.framework/Versions/A/Frameworks/CFOpenDirectory.framework/Versions/A/CFOpenDirectory
0x000000000b3c4000 	/System/Library/Frameworks/SecurityFoundation.framework/Versions/A/SecurityFoundation
0x000000000b3c4000 	/System/Library/PrivateFrameworks/LanguageModeling.framework/Versions/A/LanguageModeling
0x000000000b3c4000 	/usr/lib/libcmph.dylib
0x000000000b3c4000 	/System/Library/Frameworks/ServiceManagement.framework/Versions/A/ServiceManagement
0x000000000b3c4000 	/usr/lib/libxslt.1.dylib
0x000000000b3c4000 	/System/Library/Frameworks/Carbon.framework/Versions/A/Frameworks/Ink.framework/Versions/A/Ink
0x000000000b3c4000 	/System/Library/Frameworks/QuartzCore.framework/Versions/A/Frameworks/CoreImage.framework/Versions/A/CoreImage
0x000000000b3c4000 	/System/Library/PrivateFrameworks/CrashReporterSupport.framework/Versions/A/CrashReporterSupport
0x000000000b3c4000 	/System/Library/Frameworks/OpenCL.framework/Versions/A/OpenCL
0x000000000b3c4000 	/System/Library/PrivateFrameworks/FaceCore.framework/Versions/A/FaceCore
0x000000000b3c4000 	/System/Library/PrivateFrameworks/Ubiquity.framework/Versions/A/Ubiquity
0x000000000b3c4000 	/System/Library/PrivateFrameworks/IconServices.framework/Versions/A/IconServices
0x000000000b3c4000 	/System/Library/PrivateFrameworks/ChunkingLibrary.framework/Versions/A/ChunkingLibrary
0x000000000b3c4000 	/System/Library/PrivateFrameworks/Apple80211.framework/Versions/A/Apple80211
0x000000000b3c4000 	/System/Library/Frameworks/CoreWLAN.framework/Versions/A/CoreWLAN
0x000000000b3c4000 	/System/Library/Frameworks/IOBluetooth.framework/Versions/A/IOBluetooth
0x000000000b3c4000 	/System/Library/PrivateFrameworks/CoreWiFi.framework/Versions/A/CoreWiFi
0x000000000b3c4000 	/System/Library/Frameworks/CoreBluetooth.framework/Versions/A/CoreBluetooth
0x000000000b3c4000 	/System/Library/PrivateFrameworks/DebugSymbols.framework/Versions/A/DebugSymbols
0x000000000b3c4000 	/System/Library/PrivateFrameworks/CoreSymbolication.framework/Versions/A/CoreSymbolication
0x000000000b3c4000 	/System/Library/PrivateFrameworks/Symbolication.framework/Versions/A/Symbolication
0x000000000b3c4000 	/System/Library/PrivateFrameworks/SpeechRecognitionCore.framework/Versions/A/SpeechRecognitionCore
0x000000010c000000 	/Library/Java/JavaVirtualMachines/jdk1.8.0_73.jdk/Contents/Home/jre/lib/server/libjvm.dylib
0x000000000b3c4000 	/usr/lib/libstdc++.6.dylib
0x000000010af18000 	/Library/Java/JavaVirtualMachines/jdk1.8.0_73.jdk/Contents/Home/jre/lib/libverify.dylib
0x000000010af26000 	/Library/Java/JavaVirtualMachines/jdk1.8.0_73.jdk/Contents/Home/jre/lib/libjava.dylib
0x000000010af65000 	/Library/Java/JavaVirtualMachines/jdk1.8.0_73.jdk/Contents/Home/jre/lib/libzip.dylib
0x000000010afe7000 	/System/Library/Frameworks/JavaVM.framework/Frameworks/JavaRuntimeSupport.framework/JavaRuntimeSupport
0x0000000128bee000 	/System/Library/Frameworks/JavaVM.framework/Versions/A/Frameworks/JavaNativeFoundation.framework/Versions/A/JavaNativeFoundation
0x0000000128c02000 	/System/Library/Frameworks/JavaVM.framework/Versions/A/JavaVM
0x000000000b3c4000 	/System/Library/Frameworks/Carbon.framework/Versions/A/Carbon
0x0000000128c0e000 	/System/Library/PrivateFrameworks/JavaLaunching.framework/Versions/A/JavaLaunching
0x000000000b3c4000 	/System/Library/Frameworks/Carbon.framework/Versions/A/Frameworks/CommonPanels.framework/Versions/A/CommonPanels
0x000000000b3c4000 	/System/Library/Frameworks/Carbon.framework/Versions/A/Frameworks/Help.framework/Versions/A/Help
0x000000000b3c4000 	/System/Library/Frameworks/Carbon.framework/Versions/A/Frameworks/ImageCapture.framework/Versions/A/ImageCapture
0x000000000b3c4000 	/System/Library/Frameworks/Carbon.framework/Versions/A/Frameworks/OpenScripting.framework/Versions/A/OpenScripting
0x000000000b3c4000 	/System/Library/Frameworks/Carbon.framework/Versions/A/Frameworks/Print.framework/Versions/A/Print
0x000000000b3c4000 	/System/Library/Frameworks/Carbon.framework/Versions/A/Frameworks/SecurityHI.framework/Versions/A/SecurityHI
0x000000012ac0a000 	/Library/Java/JavaVirtualMachines/jdk1.8.0_73.jdk/Contents/Home/jre/lib/libawt.dylib
0x000000012acb2000 	/Library/Java/JavaVirtualMachines/jdk1.8.0_73.jdk/Contents/Home/jre/lib/./libmlib_image.dylib
0x000000012ad7e000 	/Library/Java/JavaVirtualMachines/jdk1.8.0_73.jdk/Contents/Home/jre/lib/libawt_lwawt.dylib
0x000000012ae33000 	/Library/Java/JavaVirtualMachines/jdk1.8.0_73.jdk/Contents/Home/jre/lib/./libosxapp.dylib
0x000000000b3c4000 	/System/Library/Frameworks/ExceptionHandling.framework/Versions/A/ExceptionHandling
0x000000000b3c4000 	/System/Library/PrivateFrameworks/CoreServicesInternal.framework/Versions/A/CoreServicesInternal
0x000000000b3c4000 	/System/Library/PrivateFrameworks/CloudDocs.framework/Versions/A/CloudDocs
0x000000000b3c4000 	/System/Library/PrivateFrameworks/CoreDuet.framework/Versions/A/CoreDuet
0x000000000b3c4000 	/System/Library/Frameworks/CloudKit.framework/Versions/A/CloudKit
0x000000000b3c4000 	/System/Library/PrivateFrameworks/ProtocolBuffer.framework/Versions/A/ProtocolBuffer
0x000000000b3c4000 	/System/Library/PrivateFrameworks/CoreDuetDaemonProtocol.framework/Versions/A/CoreDuetDaemonProtocol
0x000000000b3c4000 	/System/Library/PrivateFrameworks/CoreDuetDebugLogging.framework/Versions/A/CoreDuetDebugLogging
0x000000000b3c4000 	/System/Library/PrivateFrameworks/MMCS.framework/Versions/A/MMCS
0x000000000b3c4000 	/System/Library/Frameworks/CoreLocation.framework/Versions/A/CoreLocation
0x000000000b3c4000 	/System/Library/PrivateFrameworks/ProtectedCloudStorage.framework/Versions/A/ProtectedCloudStorage
0x000000000b3c4000 	/System/Library/PrivateFrameworks/GeoServices.framework/Versions/A/GeoServices
0x000000000b3c4000 	/System/Library/Frameworks/CoreGraphics.framework/Versions/A/Resources/libCGCMS.A.dylib
0x000000000b3c4000 	/System/Library/Frameworks/CoreGraphics.framework/Versions/A/Resources/libRIP.A.dylib
0x000000000b3c4000 	/System/Library/Frameworks/CoreGraphics.framework/Versions/A/Resources/libCGXType.A.dylib
0x000000000b3c4000 	/System/Library/Frameworks/OpenCL.framework/Versions/A/Libraries/libcldcpuengine.dylib
0x000000000b3c4000 	/System/Library/PrivateFrameworks/DiskImages.framework/Versions/A/DiskImages
0x000000000b3c4000 	/System/Library/Frameworks/DiscRecording.framework/Versions/A/DiscRecording
0x000000000b3c4000 	/usr/lib/libcsfde.dylib
0x000000000b3c4000 	/usr/lib/libcurl.4.dylib
0x000000000b3c4000 	/System/Library/PrivateFrameworks/MediaKit.framework/Versions/A/MediaKit
0x000000000b3c4000 	/usr/lib/libCoreStorage.dylib
0x000000000b3c4000 	/System/Library/PrivateFrameworks/EFILogin.framework/Versions/A/EFILogin
0x000000000b3c4000 	/usr/lib/libutil.dylib
0x000000000b3c4000 	/System/Library/PrivateFrameworks/FindMyDevice.framework/Versions/A/FindMyDevice
0x000000000b3c4000 	/System/Library/Frameworks/LDAP.framework/Versions/A/LDAP
0x000000000b3c4000 	/usr/lib/libsasl2.2.dylib
0x000000000b3c4000 	/System/Library/PrivateFrameworks/CoreDaemon.framework/Versions/B/CoreDaemon
0x000000000b3c4000 	/usr/lib/libcrypto.0.9.8.dylib
0x000000000b3c4000 	/System/Library/PrivateFrameworks/AppleSRP.framework/Versions/A/AppleSRP
0x000000000b3c4000 	/System/Library/PrivateFrameworks/TrustEvaluationAgent.framework/Versions/A/TrustEvaluationAgent
0x000000012df8c000 	cl_kernels
0x000000012df8e000 	/System/Library/Frameworks/OpenCL.framework/Versions/A/Libraries/ImageFormats/unorm8_bgra.dylib
0x000000012df7e000 	cl_kernels
0x000000000b3c4000 	/System/Library/PrivateFrameworks/FamilyControls.framework/Versions/A/FamilyControls
0x000000000b3c4000 	/System/Library/PrivateFrameworks/CommerceKit.framework/Versions/A/Frameworks/CommerceCore.framework/Versions/A/CommerceCore
0x000000000b3c4000 	/System/Library/PrivateFrameworks/SystemAdministration.framework/Versions/A/SystemAdministration
0x000000000b3c4000 	/System/Library/PrivateFrameworks/AppContainer.framework/Versions/A/AppContainer
0x000000000b3c4000 	/System/Library/PrivateFrameworks/SecCodeWrapper.framework/Versions/A/SecCodeWrapper
0x000000000b3c4000 	/System/Library/Frameworks/DirectoryService.framework/Versions/A/DirectoryService
0x000000000b3c4000 	/System/Library/PrivateFrameworks/LoginUIKit.framework/Versions/A/Frameworks/LoginUICore.framework/Versions/A/LoginUICore
0x000000000b3c4000 	/usr/lib/libodfde.dylib
0x000000000b3c4000 	/System/Library/Frameworks/OpenGL.framework/Versions/A/Resources/GLEngine.bundle/GLEngine
0x000000000b3c4000 	/System/Library/Frameworks/OpenGL.framework/Versions/A/Libraries/libGLProgrammability.dylib
0x000000012f4c6000 	/System/Library/Extensions/AppleIntelHD5000GraphicsGLDriver.bundle/Contents/MacOS/AppleIntelHD5000GraphicsGLDriver
0x000000000b3c4000 	/System/Library/PrivateFrameworks/IOAccelerator.framework/Versions/A/IOAccelerator
0x000000000b3c4000 	/System/Library/PrivateFrameworks/GPUSupport.framework/Versions/A/Libraries/libGPUSupportMercury.dylib
0x000000000b3c4000 	/System/Library/Frameworks/OpenGL.framework/Versions/A/Resources/GLRendererFloat.bundle/GLRendererFloat
0x0000000130558000 	/Library/Java/JavaVirtualMachines/jdk1.8.0_73.jdk/Contents/Home/jre/lib/libfontmanager.dylib
0x0000000131893000 	/Library/Java/JavaVirtualMachines/jdk1.8.0_73.jdk/Contents/Home/jre/lib/libosxui.dylib
0x0000000131b27000 	/Library/Java/JavaVirtualMachines/jdk1.8.0_73.jdk/Contents/Home/jre/lib/libnet.dylib
0x00000001318d3000 	/Library/Java/JavaVirtualMachines/jdk1.8.0_73.jdk/Contents/Home/jre/lib/libnio.dylib
0x000000000b3c4000 	/System/Library/Frameworks/ApplicationServices.framework/Versions/A/Frameworks/ATS.framework/Versions/A/Resources/libTrueTypeScaler.dylib
0x000000017d1c4000 	/private/var/folders/88/rn0nzmd518s0659qz29bsj6m0000gn/T/jogamp_0000/file_cache/jln5652829634388201382/jln8288421306136189199/libgluegen-rt.jnilib
0x000000017d1c8000 	/private/var/folders/88/rn0nzmd518s0659qz29bsj6m0000gn/T/jogamp_0000/file_cache/jln5652829634388201382/jln8288421306136189199/libnativewindow_awt.jnilib
0x000000017d1cb000 	/Library/Java/JavaVirtualMachines/jdk1.8.0_73.jdk/Contents/Home/jre/lib/libjawt.dylib
0x000000017d1ce000 	/private/var/folders/88/rn0nzmd518s0659qz29bsj6m0000gn/T/jogamp_0000/file_cache/jln5652829634388201382/jln8288421306136189199/libnativewindow_macosx.jnilib
0x0000000180e1a000 	/private/var/folders/88/rn0nzmd518s0659qz29bsj6m0000gn/T/jogamp_0000/file_cache/jln5652829634388201382/jln8288421306136189199/libjogl_desktop.jnilib
0x000000017d336000 	/Library/Java/JavaVirtualMachines/jdk1.8.0_73.jdk/Contents/Home/jre/lib/libsunec.dylib
0x000000017d5f0000 	/Library/Java/JavaVirtualMachines/jdk1.8.0_73.jdk/Contents/Home/jre/lib/libjpeg.dylib

VM Arguments:
jvm_args: -Djava.security.policy=java.policy.applet -Dfile.encoding=UTF-8 
java_command: sun.applet.AppletViewer Project_Capstone.Map_Creation1457912497285.html
java_class_path (initial): /Users/jb/Documents/GitHub/Java_Programming/UCSDUnfoldingMaps/build:/Users/jb/Documents/GitHub/Java_Programming/UCSDUnfoldingMaps/lib/core.jar:/Users/jb/Documents/GitHub/Java_Programming/UCSDUnfoldingMaps/lib/gluegen-rt.jar:/Users/jb/Documents/GitHub/Java_Programming/UCSDUnfoldingMaps/lib/jogl-all.jar:/Users/jb/Documents/GitHub/Java_Programming/UCSDUnfoldingMaps/lib/log4j-1.2.15.jar:/Users/jb/Documents/GitHub/Java_Programming/UCSDUnfoldingMaps/lib/sqlite-jdbc-3.7.2.jar:/Users/jb/Documents/GitHub/Java_Programming/UCSDUnfoldingMaps/lib/json4processing.jar:/Users/jb/Documents/GitHub/Java_Programming/UCSDUnfoldingMaps/lib/libTUIO.jar:/Users/jb/Documents/GitHub/Java_Programming/UCSDUnfoldingMaps/lib/unfolding.0.9.7-uscd.jar
Launcher Type: SUN_STANDARD

Environment Variables:
PATH=/usr/bin:/bin:/usr/sbin:/sbin
SHELL=/bin/bash

Signal Handlers:
SIGSEGV: [libjvm.dylib+0x5a71a5], sa_mask[0]=11111111011111110111111111111111, sa_flags=SA_ONSTACK|SA_RESTART|SA_SIGINFO
SIGBUS: [libjvm.dylib+0x5a71a5], sa_mask[0]=11111111011111110111111111111111, sa_flags=SA_RESTART|SA_SIGINFO
SIGFPE: [libjvm.dylib+0x480eb4], sa_mask[0]=11111111011111110111111111111111, sa_flags=SA_RESTART|SA_SIGINFO
SIGPIPE: [libjvm.dylib+0x480eb4], sa_mask[0]=11111111011111110111111111111111, sa_flags=SA_RESTART|SA_SIGINFO
SIGXFSZ: [libjvm.dylib+0x480eb4], sa_mask[0]=11111111011111110111111111111111, sa_flags=SA_RESTART|SA_SIGINFO
SIGILL: [libjvm.dylib+0x480eb4], sa_mask[0]=11111111011111110111111111111111, sa_flags=SA_RESTART|SA_SIGINFO
SIGUSR1: SIG_DFL, sa_mask[0]=00000000000000000000000000000000, sa_flags=none
SIGUSR2: [libjvm.dylib+0x4809d2], sa_mask[0]=00100000000000000000000000000000, sa_flags=SA_RESTART|SA_SIGINFO
SIGHUP: [libjvm.dylib+0x47efa9], sa_mask[0]=11111111011111110111111111111111, sa_flags=SA_RESTART|SA_SIGINFO
SIGINT: [libjvm.dylib+0x47efa9], sa_mask[0]=11111111011111110111111111111111, sa_flags=SA_RESTART|SA_SIGINFO
SIGTERM: [libjvm.dylib+0x47efa9], sa_mask[0]=11111111011111110111111111111111, sa_flags=SA_RESTART|SA_SIGINFO
SIGQUIT: [libjvm.dylib+0x47efa9], sa_mask[0]=11111111011111110111111111111111, sa_flags=SA_RESTART|SA_SIGINFO


---------------  S Y S T E M  ---------------

OS:Bsduname:Darwin 14.5.0 Darwin Kernel Version 14.5.0: Wed Jul 29 02:26:53 PDT 2015; root:xnu-2782.40.9~1/RELEASE_X86_64 x86_64
rlimit: STACK 8192k, CORE 0k, NPROC 709, NOFILE 10240, AS infinity
load average:1.70 1.44 1.53

CPU:total 8 (4 cores per cpu, 2 threads per core) family 6 model 70 stepping 1, cmov, cx8, fxsr, mmx, sse, sse2, sse3, ssse3, sse4.1, sse4.2, popcnt, avx, avx2, aes, clmul, erms, lzcnt, ht, tsc, tscinvbit, bmi1, bmi2

Memory: 4k page, physical 16777216k(2752116k free)

/proc/meminfo:


vm_info: Java HotSpot(TM) 64-Bit Server VM (25.73-b02) for bsd-amd64 JRE (1.8.0_73-b02), built on Jan 29 2016 15:02:00 by "java_re" with gcc 4.2.1 (Based on Apple Inc. build 5658) (LLVM build 2336.11.00)

time: Sun Mar 13 19:41:48 2016
elapsed time: 10 seconds (0d 0h 0m 10s)

