#
# A fatal error has been detected by the Java Runtime Environment:
#
#  SIGSEGV (0xb) at pc=0x00007fff963ad44c, pid=5615, tid=1811
#
# JRE version: Java(TM) SE Runtime Environment (8.0_73-b02) (build 1.8.0_73-b02)
# Java VM: Java HotSpot(TM) 64-Bit Server VM (25.73-b02 mixed mode bsd-amd64 compressed oops)
# Problematic frame:
# C  [libobjc.A.dylib+0x944c]  objc_release+0xc
#
# Failed to write core dump. Core dumps have been disabled. To enable core dumping, try "ulimit -c unlimited" before starting Java again
#
# If you would like to submit a bug report, please visit:
#   http://bugreport.java.com/bugreport/crash.jsp
# The crash happened outside the Java Virtual Machine in native code.
# See problematic frame for where to report the bug.
#

---------------  T H R E A D  ---------------

Current thread (0x00007f91a2824800):  JavaThread "AWT-AppKit" daemon [_thread_in_native, id=1811, stack(0x00007fff51c00000,0x00007fff52400000)]

siginfo: si_signo: 11 (SIGSEGV), si_code: 0 (unknown), si_addr: 0x0000000000000000

Registers:
RAX=0x0000000000000008, RBX=0x0000000000000000, RCX=0x0000000000000003, RDX=0x00007f91a8362cd8
RSP=0x00007fff523fb468, RBP=0x00007fff523fb490, RSI=0x000000012d7f6f10, RDI=0x100007f91a770232
R8 =0x0000000000000001, R9 =0x00007f91a8300000, R10=0x00007f91a233cfd0, R11=0x000000017faea840
R12=0x0000000000000000, R13=0x00000001849f9818, R14=0x00007f91a835f890, R15=0x00007f91a2824800
RIP=0x00007fff963ad44c, EFLAGS=0x0000000000010246, ERR=0x0000000000000000
  TRAPNO=0x000000000000000d

Top of Stack: (sp=0x00007fff523fb468)
0x00007fff523fb468:   000000012d78047b 00007fff523fb490
0x00007fff523fb478:   000000017faea450 000000017faea440
0x00007fff523fb488:   00007f91a2824800 00007fff523fb550
0x00007fff523fb498:   000000017fae8215 000000017faea700
0x00007fff523fb4a8:   000000017faea6e0 000000017faea4b0
0x00007fff523fb4b8:   0000000000000000 00000001849f9818
0x00007fff523fb4c8:   00000001849f9818 00007f91a8362cd0
0x00007fff523fb4d8:   000000017faea6a0 000000017faea710
0x00007fff523fb4e8:   00007fff7d026550 00007fff7c012c80
0x00007fff523fb4f8:   000000017faea450 000000017faea690
0x00007fff523fb508:   00007f91a8362cd0 00007f91a835f890
0x00007fff523fb518:   00007f91a14414e0 00007f91a8362cd0
0x00007fff523fb528:   00007f91a835f890 00007fff523fb5d8
0x00007fff523fb538:   00007f91a28249f8 00000001849f9818
0x00007fff523fb548:   00007fff523fb600 00007fff523fb5c8
0x00007fff523fb558:   000000010faa5954 00000001849f9818
0x00007fff523fb568:   00007fff523fb600 00007fff523fb5c8
0x00007fff523fb578:   000000010faa56e7 000000010faa56a2
0x00007fff523fb588:   00007fff523fb588 00000001849f9818
0x00007fff523fb598:   00007fff523fb600 00000001849fc450
0x00007fff523fb5a8:   0000000000000000 00000001849f9818
0x00007fff523fb5b8:   0000000000000000 00007fff523fb5e8
0x00007fff523fb5c8:   00007fff523fb648 000000010fa97c4d
0x00007fff523fb5d8:   00000006c1e2e6e0 000000010fa9f578
0x00007fff523fb5e8:   00007f91a8362cd0 00007fff523fb648
0x00007fff523fb5f8:   00007f91a835f890 000000010faa0d82
0x00007fff523fb608:   00007fff523fb608 00000001849f99e2
0x00007fff523fb618:   00007fff523fb670 00000001849fc450
0x00007fff523fb628:   0000000000000000 00000001849f99f0
0x00007fff523fb638:   00007fff523fb5e8 00007fff523fb658
0x00007fff523fb648:   00007fff523fb6b8 000000010fa97c4d
0x00007fff523fb658:   00007f91a8362cd0 00000006c18cebf0 

Instructions: (pc=0x00007fff963ad44c)
0x00007fff963ad42c:   5d c3 31 c0 48 85 ff 74 04 48 8b 47 08 c3 90 90
0x00007fff963ad43c:   90 90 90 90 48 85 ff 74 06 40 f6 c7 01 74 01 c3
0x00007fff963ad44c:   48 8b 07 f6 40 20 02 74 0a be 01 00 00 00 e9 51
0x00007fff963ad45c:   83 01 00 48 8d 05 7a 56 c3 e6 48 8b 30 e9 52 7c 

Register to memory mapping:

RAX=0x0000000000000008 is an unknown value
RBX=0x0000000000000000 is an unknown value
RCX=0x0000000000000003 is an unknown value
RDX=0x00007f91a8362cd8 is an unknown value
RSP=0x00007fff523fb468 is pointing into the stack for thread: 0x00007f91a2824800
RBP=0x00007fff523fb490 is pointing into the stack for thread: 0x00007f91a2824800
RSI=0x000000012d7f6f10: OBJC_IVAR_$_PrinterView.fCurPeekGraphics+0x1aa8 in /Library/Java/JavaVirtualMachines/jdk1.8.0_73.jdk/Contents/Home/jre/lib/libawt_lwawt.dylib at 0x000000012d77c000
RDI=0x100007f91a770232 is an unknown value
R8 =0x0000000000000001 is an unknown value
R9 =0x00007f91a8300000 is an unknown value
R10=0x00007f91a233cfd0 is an unknown value
R11=0x000000017faea840: OBJC_CLASS_$_MyCALayer+0 in /private/var/folders/88/rn0nzmd518s0659qz29bsj6m0000gn/T/jogamp_0000/file_cache/jln6377032325160341809/jln3280054094865426844/libnativewindow_macosx.jnilib at 0x000000017fae3000
R12=0x0000000000000000 is an unknown value
R13={method} {0x00000001849f9818} 'UnsetJAWTRootSurfaceLayer0' '(JJ)V' in 'jogamp/nativewindow/jawt/macosx/MacOSXJAWTWindow'
R14=0x00007f91a835f890 is an unknown value
R15=0x00007f91a2824800 is a thread


Stack: [0x00007fff51c00000,0x00007fff52400000],  sp=0x00007fff523fb468,  free space=8173k
Native frames: (J=compiled Java code, j=interpreted, Vv=VM code, C=native code)
C  [libobjc.A.dylib+0x944c]  objc_release+0xc
C  [libnativewindow_macosx.jnilib+0x5215]  Java_jogamp_nativewindow_jawt_macosx_MacOSXJAWTWindow_UnsetJAWTRootSurfaceLayer0+0x1a5
j  jogamp.nativewindow.jawt.macosx.MacOSXJAWTWindow.UnsetJAWTRootSurfaceLayer0(JJ)V+0
j  jogamp.nativewindow.jawt.macosx.MacOSXJAWTWindow.access$200(JJ)V+2
j  jogamp.nativewindow.jawt.macosx.MacOSXJAWTWindow$1.run()V+38
J 2713 C1 com.jogamp.common.util.RunnableTask.run()V (345 bytes) @ 0x000000010ff48f94 [0x000000010ff48e00+0x194]
v  ~StubRoutines::call_stub
V  [libjvm.dylib+0x2eae7a]
V  [libjvm.dylib+0x321f83]
V  [libjvm.dylib+0x314757]
C  [libnativewindow_macosx.jnilib+0x5326]  Java_jogamp_nativewindow_jawt_macosx_MacOSXJAWTWindow_UnsetJAWTRootSurfaceLayer0+0x2b6
C  [Foundation+0x92dd0]  __NSThreadPerformPerform+0x125
C  [CoreFoundation+0x80a01]  __CFRUNLOOP_IS_CALLING_OUT_TO_A_SOURCE0_PERFORM_FUNCTION__+0x11
C  [CoreFoundation+0x72c5c]  __CFRunLoopDoSources0+0x1dc
C  [CoreFoundation+0x721bf]  __CFRunLoopRun+0x39f
C  [CoreFoundation+0x71bd8]  CFRunLoopRunSpecific+0x128
C  [HIToolbox+0x3256f]  RunCurrentEventLoopInMode+0xeb
C  [HIToolbox+0x321ee]  ReceiveNextEventCommon+0xb3
C  [HIToolbox+0x3212b]  _BlockUntilNextEventMatchingListInModeWithFilter+0x47
C  [AppKit+0x918ab]  _DPSNextEvent+0x3d2
C  [AppKit+0x90e58]  -[NSApplication nextEventMatchingMask:untilDate:inMode:dequeue:]+0x15a
C  [libosxapp.dylib+0x23aa]  -[NSApplicationAWT nextEventMatchingMask:untilDate:inMode:dequeue:]+0x7c
C  [AppKit+0x86af3]  -[NSApplication run]+0x252
C  [libosxapp.dylib+0x214d]  +[NSApplicationAWT runAWTLoopWithApp:]+0x9c
C  [libawt_lwawt.dylib+0x4455b]  -[AWTStarter starter:]+0x389
C  [Foundation+0x92dd0]  __NSThreadPerformPerform+0x125
C  [CoreFoundation+0x80a01]  __CFRUNLOOP_IS_CALLING_OUT_TO_A_SOURCE0_PERFORM_FUNCTION__+0x11
C  [CoreFoundation+0x72b8d]  __CFRunLoopDoSources0+0x10d
C  [CoreFoundation+0x721bf]  __CFRunLoopRun+0x39f
C  [CoreFoundation+0x71bd8]  CFRunLoopRunSpecific+0x128
C  [java+0x6463]  CreateExecutionEnvironment+0x367
C  [java+0x21ac]  JLI_Launch+0x7a0
C  [java+0x84c0]  main+0x65
C  [java+0x1a04]  start+0x34
C  0x0000000000000007

Java frames: (J=compiled Java code, j=interpreted, Vv=VM code)
j  jogamp.nativewindow.jawt.macosx.MacOSXJAWTWindow.UnsetJAWTRootSurfaceLayer0(JJ)V+0
j  jogamp.nativewindow.jawt.macosx.MacOSXJAWTWindow.access$200(JJ)V+2
j  jogamp.nativewindow.jawt.macosx.MacOSXJAWTWindow$1.run()V+38
J 2713 C1 com.jogamp.common.util.RunnableTask.run()V (345 bytes) @ 0x000000010ff48f94 [0x000000010ff48e00+0x194]
v  ~StubRoutines::call_stub

---------------  P R O C E S S  ---------------

Java Threads: ( => current thread )
  0x00007f91aba7a000 JavaThread "Thread-139" [_thread_blocked, id=66435, stack(0x000000018fdcd000,0x000000018fecd000)]
  0x00007f91a2b42800 JavaThread "Animation Thread" [_thread_blocked, id=59699, stack(0x000000017fed0000,0x000000017ffd0000)]
  0x00007f91a2b19800 JavaThread "AWT-EventQueue-1" [_thread_in_native, id=60183, stack(0x000000018044a000,0x000000018054a000)]
  0x00007f91a1811800 JavaThread "DestroyJavaVM" [_thread_blocked, id=4867, stack(0x000000010f98e000,0x000000010fa8e000)]
  0x00007f91a2a1a800 JavaThread "AWT-EventQueue-0" [_thread_blocked, id=57859, stack(0x0000000134188000,0x0000000134288000)]
  0x00007f91a2a02800 JavaThread "Java2D Disposer" daemon [_thread_blocked, id=54807, stack(0x0000000132e5e000,0x0000000132f5e000)]
  0x00007f91a404e000 JavaThread "Java2D Queue Flusher" daemon [_thread_blocked, id=52491, stack(0x0000000131dd8000,0x0000000131ed8000)]
  0x00007f91a1870800 JavaThread "AWT-Shutdown" [_thread_blocked, id=30483, stack(0x000000012edc7000,0x000000012eec7000)]
=>0x00007f91a2824800 JavaThread "AWT-AppKit" daemon [_thread_in_native, id=1811, stack(0x00007fff51c00000,0x00007fff52400000)]
  0x00007f91a401b800 JavaThread "Service Thread" daemon [_thread_blocked, id=20739, stack(0x000000012d401000,0x000000012d501000)]
  0x00007f91a4002800 JavaThread "C1 CompilerThread3" daemon [_thread_blocked, id=20227, stack(0x000000012d2fe000,0x000000012d3fe000)]
  0x00007f91a4002000 JavaThread "C2 CompilerThread2" daemon [_thread_blocked, id=19715, stack(0x000000012d1fb000,0x000000012d2fb000)]
  0x00007f91a4001000 JavaThread "C2 CompilerThread1" daemon [_thread_blocked, id=19203, stack(0x000000012d0f8000,0x000000012d1f8000)]
  0x00007f91a181f800 JavaThread "C2 CompilerThread0" daemon [_thread_blocked, id=18691, stack(0x000000012cff5000,0x000000012d0f5000)]
  0x00007f91a2801000 JavaThread "Signal Dispatcher" daemon [_thread_blocked, id=18443, stack(0x000000012cef2000,0x000000012cff2000)]
  0x00007f91a2803800 JavaThread "Finalizer" daemon [_thread_blocked, id=13571, stack(0x000000012b4ec000,0x000000012b5ec000)]
  0x00007f91a3802000 JavaThread "Reference Handler" daemon [_thread_blocked, id=13059, stack(0x000000012b3e9000,0x000000012b4e9000)]

Other Threads:
  0x00007f91a2054800 VMThread [stack: 0x000000012b2e6000,0x000000012b3e6000] [id=12547]
  0x00007f91a180f800 WatcherThread [stack: 0x000000012d504000,0x000000012d604000] [id=21251]

VM state:not at safepoint (normal execution)

VM Mutex/Monitor currently owned by a thread: None

Heap:
 PSYoungGen      total 105472K, used 35969K [0x000000076ab00000, 0x0000000772a80000, 0x00000007c0000000)
  eden space 85504K, 29% used [0x000000076ab00000,0x000000076c3d8290,0x000000076fe80000)
  from space 19968K, 52% used [0x0000000771700000,0x0000000772148280,0x0000000772a80000)
  to   space 22528K, 0% used [0x000000076fe80000,0x000000076fe80000,0x0000000771480000)
 ParOldGen       total 145408K, used 37001K [0x00000006c0000000, 0x00000006c8e00000, 0x000000076ab00000)
  object space 145408K, 25% used [0x00000006c0000000,0x00000006c2422480,0x00000006c8e00000)
 Metaspace       used 21231K, capacity 21391K, committed 21552K, reserved 1069056K
  class space    used 2059K, capacity 2112K, committed 2176K, reserved 1048576K

Card table byte_map: [0x000000011ee50000,0x000000011f651000] byte_map_base: 0x000000011b850000

Marking Bits: (ParMarkBitMap*) 0x000000010f2e3ea0
 Begin Bits: [0x00000001203bf000, 0x00000001243bf000)
 End Bits:   [0x00000001243bf000, 0x00000001283bf000)

Polling page: 0x000000010d959000

CodeCache: size=245760Kb used=9473Kb max_used=9474Kb free=236286Kb
 bounds [0x000000010fa90000, 0x00000001103f0000, 0x000000011ea90000]
 total_blobs=3549 nmethods=2653 adapters=809
 compilation: enabled

Compilation events (10 events):
Event: 86.772 Thread 0x00007f91a4002800 3046       3       sun.java2d.pipe.RenderBuffer::putFloat (26 bytes)
Event: 86.772 Thread 0x00007f91a4002800 nmethod 3046 0x0000000110300250 code [0x00000001103003c0, 0x0000000110300550]
Event: 86.784 Thread 0x00007f91a4001000 3048  s!   4       sun.misc.URLClassPath::getLoader (197 bytes)
Event: 86.789 Thread 0x00007f91a4001000 nmethod 3048 0x00000001103d8090 code [0x00000001103d8200, 0x00000001103d89d8]
Event: 86.790 Thread 0x00007f91a4002800 3049       3       sun.net.www.protocol.jar.Handler::parseContextSpec (154 bytes)
Event: 86.791 Thread 0x00007f91a4002800 nmethod 3049 0x00000001103dc850 code [0x00000001103dcc40, 0x00000001103df328]
Event: 86.792 Thread 0x00007f91a4002800 3050       3       sun.net.www.ParseUtil::canonizeString (195 bytes)
Event: 86.792 Thread 0x00007f91a4002800 nmethod 3050 0x00000001103e0510 code [0x00000001103e08e0, 0x00000001103e2d28]
Event: 86.793 Thread 0x00007f91a4002800 3051       3       java.awt.Component::getInputContext (16 bytes)
Event: 86.793 Thread 0x00007f91a4002800 nmethod 3051 0x00000001102ffdd0 code [0x00000001102fff40, 0x00000001103001a8]

GC Heap History (10 events):
Event: 21.041 GC heap before
{Heap before GC invocations=7 (full 1):
 PSYoungGen      total 76288K, used 76096K [0x000000076ab00000, 0x0000000773c80000, 0x00000007c0000000)
  eden space 65536K, 100% used [0x000000076ab00000,0x000000076eb00000,0x000000076eb00000)
  from space 10752K, 98% used [0x000000076eb00000,0x000000076f550280,0x000000076f580000)
  to   space 25600K, 0% used [0x0000000772380000,0x0000000772380000,0x0000000773c80000)
 ParOldGen       total 145408K, used 36969K [0x00000006c0000000, 0x00000006c8e00000, 0x000000076ab00000)
  object space 145408K, 25% used [0x00000006c0000000,0x00000006c241a480,0x00000006c8e00000)
 Metaspace       used 21199K, capacity 21391K, committed 21552K, reserved 1069056K
  class space    used 2052K, capacity 2112K, committed 2176K, reserved 1048576K
Event: 21.049 GC heap after
Heap after GC invocations=7 (full 1):
 PSYoungGen      total 114176K, used 10496K [0x000000076ab00000, 0x0000000773780000, 0x00000007c0000000)
  eden space 93696K, 0% used [0x000000076ab00000,0x000000076ab00000,0x0000000770680000)
  from space 20480K, 51% used [0x0000000772380000,0x0000000772dc0280,0x0000000773780000)
  to   space 25088K, 0% used [0x0000000770680000,0x0000000770680000,0x0000000771f00000)
 ParOldGen       total 145408K, used 36977K [0x00000006c0000000, 0x00000006c8e00000, 0x000000076ab00000)
  object space 145408K, 25% used [0x00000006c0000000,0x00000006c241c480,0x00000006c8e00000)
 Metaspace       used 21199K, capacity 21391K, committed 21552K, reserved 1069056K
  class space    used 2052K, capacity 2112K, committed 2176K, reserved 1048576K
}
Event: 36.828 GC heap before
{Heap before GC invocations=8 (full 1):
 PSYoungGen      total 114176K, used 104192K [0x000000076ab00000, 0x0000000773780000, 0x00000007c0000000)
  eden space 93696K, 100% used [0x000000076ab00000,0x0000000770680000,0x0000000770680000)
  from space 20480K, 51% used [0x0000000772380000,0x0000000772dc0280,0x0000000773780000)
  to   space 25088K, 0% used [0x0000000770680000,0x0000000770680000,0x0000000771f00000)
 ParOldGen       total 145408K, used 36977K [0x00000006c0000000, 0x00000006c8e00000, 0x000000076ab00000)
  object space 145408K, 25% used [0x00000006c0000000,0x00000006c241c480,0x00000006c8e00000)
 Metaspace       used 21200K, capacity 21391K, committed 21552K, reserved 1069056K
  class space    used 2052K, capacity 2112K, committed 2176K, reserved 1048576K
Event: 36.836 GC heap after
Heap after GC invocations=8 (full 1):
 PSYoungGen      total 102400K, used 10528K [0x000000076ab00000, 0x0000000773380000, 0x00000007c0000000)
  eden space 91648K, 0% used [0x000000076ab00000,0x000000076ab00000,0x0000000770480000)
  from space 10752K, 97% used [0x0000000770680000,0x00000007710c8280,0x0000000771100000)
  to   space 24064K, 0% used [0x0000000771c00000,0x0000000771c00000,0x0000000773380000)
 ParOldGen       total 145408K, used 36985K [0x00000006c0000000, 0x00000006c8e00000, 0x000000076ab00000)
  object space 145408K, 25% used [0x00000006c0000000,0x00000006c241e480,0x00000006c8e00000)
 Metaspace       used 21200K, capacity 21391K, committed 21552K, reserved 1069056K
  class space    used 2052K, capacity 2112K, committed 2176K, reserved 1048576K
}
Event: 52.316 GC heap before
{Heap before GC invocations=9 (full 1):
 PSYoungGen      total 102400K, used 102176K [0x000000076ab00000, 0x0000000773380000, 0x00000007c0000000)
  eden space 91648K, 100% used [0x000000076ab00000,0x0000000770480000,0x0000000770480000)
  from space 10752K, 97% used [0x0000000770680000,0x00000007710c8280,0x0000000771100000)
  to   space 24064K, 0% used [0x0000000771c00000,0x0000000771c00000,0x0000000773380000)
 ParOldGen       total 145408K, used 36985K [0x00000006c0000000, 0x00000006c8e00000, 0x000000076ab00000)
  object space 145408K, 25% used [0x00000006c0000000,0x00000006c241e480,0x00000006c8e00000)
 Metaspace       used 21201K, capacity 21391K, committed 21552K, reserved 1069056K
  class space    used 2053K, capacity 2112K, committed 2176K, reserved 1048576K
Event: 52.322 GC heap after
Heap after GC invocations=9 (full 1):
 PSYoungGen      total 110592K, used 10496K [0x000000076ab00000, 0x0000000773080000, 0x00000007c0000000)
  eden space 89600K, 0% used [0x000000076ab00000,0x000000076ab00000,0x0000000770280000)
  from space 20992K, 50% used [0x0000000771c00000,0x0000000772640280,0x0000000773080000)
  to   space 23552K, 0% used [0x0000000770280000,0x0000000770280000,0x0000000771980000)
 ParOldGen       total 145408K, used 36993K [0x00000006c0000000, 0x00000006c8e00000, 0x000000076ab00000)
  object space 145408K, 25% used [0x00000006c0000000,0x00000006c2420480,0x00000006c8e00000)
 Metaspace       used 21201K, capacity 21391K, committed 21552K, reserved 1069056K
  class space    used 2053K, capacity 2112K, committed 2176K, reserved 1048576K
}
Event: 67.665 GC heap before
{Heap before GC invocations=10 (full 1):
 PSYoungGen      total 110592K, used 100096K [0x000000076ab00000, 0x0000000773080000, 0x00000007c0000000)
  eden space 89600K, 100% used [0x000000076ab00000,0x0000000770280000,0x0000000770280000)
  from space 20992K, 50% used [0x0000000771c00000,0x0000000772640280,0x0000000773080000)
  to   space 23552K, 0% used [0x0000000770280000,0x0000000770280000,0x0000000771980000)
 ParOldGen       total 145408K, used 36993K [0x00000006c0000000, 0x00000006c8e00000, 0x000000076ab00000)
  object space 145408K, 25% used [0x00000006c0000000,0x00000006c2420480,0x00000006c8e00000)
 Metaspace       used 21201K, capacity 21391K, committed 21552K, reserved 1069056K
  class space    used 2053K, capacity 2112K, committed 2176K, reserved 1048576K
Event: 67.669 GC heap after
Heap after GC invocations=10 (full 1):
 PSYoungGen      total 98304K, used 10464K [0x000000076ab00000, 0x0000000772d80000, 0x00000007c0000000)
  eden space 87552K, 0% used [0x000000076ab00000,0x000000076ab00000,0x0000000770080000)
  from space 10752K, 97% used [0x0000000770280000,0x0000000770cb8280,0x0000000770d00000)
  to   space 23040K, 0% used [0x0000000771700000,0x0000000771700000,0x0000000772d80000)
 ParOldGen       total 145408K, used 36993K [0x00000006c0000000, 0x00000006c8e00000, 0x000000076ab00000)
  object space 145408K, 25% used [0x00000006c0000000,0x00000006c2420480,0x00000006c8e00000)
 Metaspace       used 21201K, capacity 21391K, committed 21552K, reserved 1069056K
  class space    used 2053K, capacity 2112K, committed 2176K, reserved 1048576K
}
Event: 82.735 GC heap before
{Heap before GC invocations=11 (full 1):
 PSYoungGen      total 98304K, used 98016K [0x000000076ab00000, 0x0000000772d80000, 0x00000007c0000000)
  eden space 87552K, 100% used [0x000000076ab00000,0x0000000770080000,0x0000000770080000)
  from space 10752K, 97% used [0x0000000770280000,0x0000000770cb8280,0x0000000770d00000)
  to   space 23040K, 0% used [0x0000000771700000,0x0000000771700000,0x0000000772d80000)
 ParOldGen       total 145408K, used 36993K [0x00000006c0000000, 0x00000006c8e00000, 0x000000076ab00000)
  object space 145408K, 25% used [0x00000006c0000000,0x00000006c2420480,0x00000006c8e00000)
 Metaspace       used 21201K, capacity 21391K, committed 21552K, reserved 1069056K
  class space    used 2053K, capacity 2112K, committed 2176K, reserved 1048576K
Event: 82.743 GC heap after
Heap after GC invocations=11 (full 1):
 PSYoungGen      total 105472K, used 10528K [0x000000076ab00000, 0x0000000772a80000, 0x00000007c0000000)
  eden space 85504K, 0% used [0x000000076ab00000,0x000000076ab00000,0x000000076fe80000)
  from space 19968K, 52% used [0x0000000771700000,0x0000000772148280,0x0000000772a80000)
  to   space 22528K, 0% used [0x000000076fe80000,0x000000076fe80000,0x0000000771480000)
 ParOldGen       total 145408K, used 37001K [0x00000006c0000000, 0x00000006c8e00000, 0x000000076ab00000)
  object space 145408K, 25% used [0x00000006c0000000,0x00000006c2422480,0x00000006c8e00000)
 Metaspace       used 21201K, capacity 21391K, committed 21552K, reserved 1069056K
  class space    used 2053K, capacity 2112K, committed 2176K, reserved 1048576K
}

Deoptimization events (10 events):
Event: 86.768 Thread 0x00007f91a2a1a800 Uncommon trap: reason=unstable_if action=reinterpret pc=0x00000001103cf5c4 method=sun.lwawt.LWContainerPeer.cutChildren(Lsun/java2d/pipe/Region;Lsun/lwawt/LWComponentPeer;)Lsun/java2d/pipe/Region; @ 67
Event: 86.768 Thread 0x00007f91a2a1a800 Uncommon trap: reason=unstable_if action=reinterpret pc=0x000000011031c30c method=java.lang.Math.round(D)J @ 31
Event: 86.768 Thread 0x00007f91a2a1a800 Uncommon trap: reason=unstable_if action=reinterpret pc=0x00000001102ff62c method=sun.java2d.SunGraphics2D.validateCompClip()V @ 9
Event: 86.771 Thread 0x00007f91a2a1a800 Uncommon trap: reason=unstable_if action=reinterpret pc=0x00000001103da54c method=java.awt.EventQueue.getPriority(Ljava/awt/AWTEvent;)I @ 71
Event: 86.771 Thread 0x00007f91a2a1a800 Uncommon trap: reason=unstable_if action=reinterpret pc=0x00000001103b0c48 method=sun.java2d.pipe.Region.intersectsQuickCheck(Lsun/java2d/pipe/Region;)Z @ 41
Event: 86.771 Thread 0x00007f91a2a1a800 Uncommon trap: reason=unstable_if action=reinterpret pc=0x00000001100fb6d4 method=java.awt.Font.equals(Ljava/lang/Object;)Z @ 2
Event: 86.783 Thread 0x00007f91a2899000 Uncommon trap: reason=unstable_if action=reinterpret pc=0x000000010fee141c method=java.util.HashMap.putVal(ILjava/lang/Object;Ljava/lang/Object;ZZ)Ljava/lang/Object; @ 81
Event: 86.783 Thread 0x00007f91a2899000 Uncommon trap: reason=unstable_if action=reinterpret pc=0x000000010fed8600 method=java.util.HashMap.putVal(ILjava/lang/Object;Ljava/lang/Object;ZZ)Ljava/lang/Object; @ 81
Event: 86.791 Thread 0x00007f91a2b19800 Uncommon trap: reason=unstable_if action=reinterpret pc=0x000000011014e198 method=java.util.LinkedList$ListItr.<init>(Ljava/util/LinkedList;I)V @ 26
Event: 86.791 Thread 0x00007f91a2b19800 Uncommon trap: reason=unstable_if action=reinterpret pc=0x0000000110153e64 method=java.security.AccessControlContext.optimize()Ljava/security/AccessControlContext; @ 233

Internal exceptions (10 events):
Event: 0.109 Thread 0x00007f91a1811800 Exception <a 'java/lang/NoSuchFieldError': method resolution failed> (0x000000076aeeee48) thrown at [/HUDSON3/workspace/8-2-build-macosx-x86_64/jdk8u73/6086/hotspot/src/share/vm/prims/methodHandles.cpp, line 1146]
Event: 0.111 Thread 0x00007f91a1811800 Exception <a 'java/lang/NoSuchFieldError': method resolution failed> (0x000000076aefc618) thrown at [/HUDSON3/workspace/8-2-build-macosx-x86_64/jdk8u73/6086/hotspot/src/share/vm/prims/methodHandles.cpp, line 1146]
Event: 0.235 Thread 0x00007f91a1811800 Exception <a 'java/io/FileNotFoundException'> (0x000000076af78308) thrown at [/HUDSON3/workspace/8-2-build-macosx-x86_64/jdk8u73/6086/hotspot/src/share/vm/prims/jni.cpp, line 709]
Event: 0.236 Thread 0x00007f91a1811800 Exception <a 'java/io/FileNotFoundException'> (0x000000076af78e30) thrown at [/HUDSON3/workspace/8-2-build-macosx-x86_64/jdk8u73/6086/hotspot/src/share/vm/prims/jni.cpp, line 709]
Event: 0.319 Thread 0x00007f91a1811800 Exception <a 'java/io/FileNotFoundException'> (0x000000076b00e860) thrown at [/HUDSON3/workspace/8-2-build-macosx-x86_64/jdk8u73/6086/hotspot/src/share/vm/prims/jni.cpp, line 709]
Event: 1.302 Thread 0x00007f91a2b42800 Exception <a 'java/lang/UnsatisfiedLinkError': com.jogamp.common.util.JarUtil.fixNativeLibAttribs(Ljava/lang/String;)Z> (0x000000076c7748c0) thrown at [/HUDSON3/workspace/8-2-build-macosx-x86_64/jdk8u73/6086/hotspot/src/share/vm/prims/nativeLookup.cpp, li
Event: 1.961 Thread 0x00007f91a2b19800 Exception <a 'java/io/FileNotFoundException'> (0x000000076d803448) thrown at [/HUDSON3/workspace/8-2-build-macosx-x86_64/jdk8u73/6086/hotspot/src/share/vm/prims/jni.cpp, line 709]
Event: 1.962 Thread 0x00007f91a2b19800 Exception <a 'java/io/FileNotFoundException'> (0x000000076d809b18) thrown at [/HUDSON3/workspace/8-2-build-macosx-x86_64/jdk8u73/6086/hotspot/src/share/vm/prims/jni.cpp, line 709]
Event: 1.962 Thread 0x00007f91a2b19800 Implicit null exception at 0x000000010fc339b3 to 0x000000010fc33d6d
Event: 2.174 Thread 0x00007f91a2803800 Exception <a 'java/lang/NullPointerException'> (0x000000076af52da8) thrown at [/HUDSON3/workspace/8-2-build-macosx-x86_64/jdk8u73/6086/hotspot/src/share/vm/interpreter/linkResolver.cpp, line 1178]

Events (10 events):
Event: 86.791 loading class java/awt/LightweightDispatcher$2
Event: 86.791 loading class java/awt/LightweightDispatcher$2 done
Event: 86.791 loading class java/awt/event/AWTEventListenerProxy
Event: 86.792 loading class java/awt/event/AWTEventListenerProxy done
Event: 86.792 loading class java/awt/Toolkit$ToolkitEventMulticaster
Event: 86.792 loading class java/awt/Toolkit$ToolkitEventMulticaster done
Event: 86.792 Thread 0x00007f91a2899000 Thread exited: 0x00007f91a2899000
Event: 86.792 loading class java/awt/Window$1DisposeAction
Event: 86.792 loading class java/awt/Window$1DisposeAction done
Event: 86.793 Thread 0x00007f91a4002800 flushing nmethod 0x00000001100f9f90


Dynamic libraries:
0x000000000b3c4000 	/System/Library/Frameworks/Cocoa.framework/Versions/A/Cocoa
0x000000000b3c4000 	/System/Library/Frameworks/Security.framework/Versions/A/Security
0x000000000b3c4000 	/System/Library/Frameworks/ApplicationServices.framework/Versions/A/ApplicationServices
0x000000000b3c4000 	/usr/lib/libz.1.dylib
0x000000000b3c4000 	/usr/lib/libSystem.B.dylib
0x000000000b3c4000 	/usr/lib/libobjc.A.dylib
0x000000000b3c4000 	/System/Library/Frameworks/CoreFoundation.framework/Versions/A/CoreFoundation
0x000000000b3c4000 	/System/Library/Frameworks/Foundation.framework/Versions/C/Foundation
0x000000000b3c4000 	/System/Library/Frameworks/AppKit.framework/Versions/C/AppKit
0x000000000b3c4000 	/System/Library/Frameworks/CoreData.framework/Versions/A/CoreData
0x000000000b3c4000 	/System/Library/PrivateFrameworks/RemoteViewServices.framework/Versions/A/RemoteViewServices
0x000000000b3c4000 	/System/Library/PrivateFrameworks/UIFoundation.framework/Versions/A/UIFoundation
0x000000000b3c4000 	/System/Library/Frameworks/IOSurface.framework/Versions/A/IOSurface
0x000000000b3c4000 	/System/Library/Frameworks/AudioToolbox.framework/Versions/A/AudioToolbox
0x000000000b3c4000 	/System/Library/Frameworks/AudioUnit.framework/Versions/A/AudioUnit
0x000000000b3c4000 	/System/Library/PrivateFrameworks/DataDetectorsCore.framework/Versions/A/DataDetectorsCore
0x000000000b3c4000 	/System/Library/PrivateFrameworks/DesktopServicesPriv.framework/Versions/A/DesktopServicesPriv
0x000000000b3c4000 	/System/Library/Frameworks/Carbon.framework/Versions/A/Frameworks/HIToolbox.framework/Versions/A/HIToolbox
0x000000000b3c4000 	/System/Library/Frameworks/QuartzCore.framework/Versions/A/QuartzCore
0x000000000b3c4000 	/System/Library/Frameworks/Carbon.framework/Versions/A/Frameworks/SpeechRecognition.framework/Versions/A/SpeechRecognition
0x000000000b3c4000 	/usr/lib/libauto.dylib
0x000000000b3c4000 	/usr/lib/libicucore.A.dylib
0x000000000b3c4000 	/usr/lib/libxml2.2.dylib
0x000000000b3c4000 	/System/Library/PrivateFrameworks/CoreUI.framework/Versions/A/CoreUI
0x000000000b3c4000 	/System/Library/Frameworks/CoreAudio.framework/Versions/A/CoreAudio
0x000000000b3c4000 	/System/Library/Frameworks/DiskArbitration.framework/Versions/A/DiskArbitration
0x000000000b3c4000 	/usr/lib/liblangid.dylib
0x000000000b3c4000 	/System/Library/PrivateFrameworks/MultitouchSupport.framework/Versions/A/MultitouchSupport
0x000000000b3c4000 	/System/Library/Frameworks/IOKit.framework/Versions/A/IOKit
0x000000000b3c4000 	/usr/lib/libDiagnosticMessagesClient.dylib
0x000000000b3c4000 	/System/Library/Frameworks/CoreServices.framework/Versions/A/CoreServices
0x000000000b3c4000 	/System/Library/PrivateFrameworks/PerformanceAnalysis.framework/Versions/A/PerformanceAnalysis
0x000000000b3c4000 	/System/Library/PrivateFrameworks/GenerationalStorage.framework/Versions/A/GenerationalStorage
0x000000000b3c4000 	/System/Library/Frameworks/OpenGL.framework/Versions/A/OpenGL
0x000000000b3c4000 	/System/Library/PrivateFrameworks/Sharing.framework/Versions/A/Sharing
0x000000000b3c4000 	/System/Library/Frameworks/CoreGraphics.framework/Versions/A/CoreGraphics
0x000000000b3c4000 	/System/Library/Frameworks/CoreText.framework/Versions/A/CoreText
0x000000000b3c4000 	/System/Library/Frameworks/ImageIO.framework/Versions/A/ImageIO
0x000000000b3c4000 	/usr/lib/libextension.dylib
0x000000000b3c4000 	/System/Library/PrivateFrameworks/Backup.framework/Versions/A/Backup
0x000000000b3c4000 	/usr/lib/libarchive.2.dylib
0x000000000b3c4000 	/System/Library/Frameworks/CFNetwork.framework/Versions/A/CFNetwork
0x000000000b3c4000 	/System/Library/Frameworks/SystemConfiguration.framework/Versions/A/SystemConfiguration
0x000000000b3c4000 	/usr/lib/libCRFSuite.dylib
0x000000000b3c4000 	/usr/lib/libc++.1.dylib
0x000000000b3c4000 	/usr/lib/libc++abi.dylib
0x000000000b3c4000 	/usr/lib/system/libcache.dylib
0x000000000b3c4000 	/usr/lib/system/libcommonCrypto.dylib
0x000000000b3c4000 	/usr/lib/system/libcompiler_rt.dylib
0x000000000b3c4000 	/usr/lib/system/libcopyfile.dylib
0x000000000b3c4000 	/usr/lib/system/libcorecrypto.dylib
0x000000000b3c4000 	/usr/lib/system/libdispatch.dylib
0x000000000b3c4000 	/usr/lib/system/libdyld.dylib
0x000000000b3c4000 	/usr/lib/system/libkeymgr.dylib
0x000000000b3c4000 	/usr/lib/system/liblaunch.dylib
0x000000000b3c4000 	/usr/lib/system/libmacho.dylib
0x000000000b3c4000 	/usr/lib/system/libquarantine.dylib
0x000000000b3c4000 	/usr/lib/system/libremovefile.dylib
0x000000000b3c4000 	/usr/lib/system/libsystem_asl.dylib
0x000000000b3c4000 	/usr/lib/system/libsystem_blocks.dylib
0x000000000b3c4000 	/usr/lib/system/libsystem_c.dylib
0x000000000b3c4000 	/usr/lib/system/libsystem_configuration.dylib
0x000000000b3c4000 	/usr/lib/system/libsystem_coreservices.dylib
0x000000000b3c4000 	/usr/lib/system/libsystem_coretls.dylib
0x000000000b3c4000 	/usr/lib/system/libsystem_dnssd.dylib
0x000000000b3c4000 	/usr/lib/system/libsystem_info.dylib
0x000000000b3c4000 	/usr/lib/system/libsystem_kernel.dylib
0x000000000b3c4000 	/usr/lib/system/libsystem_m.dylib
0x000000000b3c4000 	/usr/lib/system/libsystem_malloc.dylib
0x000000000b3c4000 	/usr/lib/system/libsystem_network.dylib
0x000000000b3c4000 	/usr/lib/system/libsystem_networkextension.dylib
0x000000000b3c4000 	/usr/lib/system/libsystem_notify.dylib
0x000000000b3c4000 	/usr/lib/system/libsystem_platform.dylib
0x000000000b3c4000 	/usr/lib/system/libsystem_pthread.dylib
0x000000000b3c4000 	/usr/lib/system/libsystem_sandbox.dylib
0x000000000b3c4000 	/usr/lib/system/libsystem_secinit.dylib
0x000000000b3c4000 	/usr/lib/system/libsystem_stats.dylib
0x000000000b3c4000 	/usr/lib/system/libsystem_trace.dylib
0x000000000b3c4000 	/usr/lib/system/libunc.dylib
0x000000000b3c4000 	/usr/lib/system/libunwind.dylib
0x000000000b3c4000 	/usr/lib/system/libxpc.dylib
0x000000000b3c4000 	/usr/lib/libbz2.1.0.dylib
0x000000000b3c4000 	/usr/lib/liblzma.5.dylib
0x000000000b3c4000 	/usr/lib/libbsm.0.dylib
0x000000000b3c4000 	/usr/lib/libsqlite3.dylib
0x000000000b3c4000 	/usr/lib/system/libkxld.dylib
0x000000000b3c4000 	/usr/lib/libxar.1.dylib
0x000000000b3c4000 	/usr/lib/libpam.2.dylib
0x000000000b3c4000 	/usr/lib/libOpenScriptingUtil.dylib
0x000000000b3c4000 	/System/Library/Frameworks/CoreServices.framework/Versions/A/Frameworks/FSEvents.framework/Versions/A/FSEvents
0x000000000b3c4000 	/System/Library/Frameworks/CoreServices.framework/Versions/A/Frameworks/CarbonCore.framework/Versions/A/CarbonCore
0x000000000b3c4000 	/System/Library/Frameworks/CoreServices.framework/Versions/A/Frameworks/Metadata.framework/Versions/A/Metadata
0x000000000b3c4000 	/System/Library/Frameworks/CoreServices.framework/Versions/A/Frameworks/OSServices.framework/Versions/A/OSServices
0x000000000b3c4000 	/System/Library/Frameworks/CoreServices.framework/Versions/A/Frameworks/SearchKit.framework/Versions/A/SearchKit
0x000000000b3c4000 	/System/Library/Frameworks/CoreServices.framework/Versions/A/Frameworks/AE.framework/Versions/A/AE
0x000000000b3c4000 	/System/Library/Frameworks/CoreServices.framework/Versions/A/Frameworks/LaunchServices.framework/Versions/A/LaunchServices
0x000000000b3c4000 	/System/Library/Frameworks/CoreServices.framework/Versions/A/Frameworks/DictionaryServices.framework/Versions/A/DictionaryServices
0x000000000b3c4000 	/System/Library/Frameworks/NetFS.framework/Versions/A/NetFS
0x000000000b3c4000 	/System/Library/PrivateFrameworks/NetAuth.framework/Versions/A/NetAuth
0x000000000b3c4000 	/System/Library/PrivateFrameworks/login.framework/Versions/A/Frameworks/loginsupport.framework/Versions/A/loginsupport
0x000000000b3c4000 	/System/Library/PrivateFrameworks/TCC.framework/Versions/A/TCC
0x000000000b3c4000 	/usr/lib/libmecabra.dylib
0x000000000b3c4000 	/System/Library/Frameworks/ApplicationServices.framework/Versions/A/Frameworks/ATS.framework/Versions/A/ATS
0x000000000b3c4000 	/System/Library/Frameworks/ApplicationServices.framework/Versions/A/Frameworks/ColorSync.framework/Versions/A/ColorSync
0x000000000b3c4000 	/System/Library/Frameworks/ApplicationServices.framework/Versions/A/Frameworks/HIServices.framework/Versions/A/HIServices
0x000000000b3c4000 	/System/Library/Frameworks/ApplicationServices.framework/Versions/A/Frameworks/LangAnalysis.framework/Versions/A/LangAnalysis
0x000000000b3c4000 	/System/Library/Frameworks/ApplicationServices.framework/Versions/A/Frameworks/PrintCore.framework/Versions/A/PrintCore
0x000000000b3c4000 	/System/Library/Frameworks/ApplicationServices.framework/Versions/A/Frameworks/QD.framework/Versions/A/QD
0x000000000b3c4000 	/System/Library/Frameworks/ApplicationServices.framework/Versions/A/Frameworks/SpeechSynthesis.framework/Versions/A/SpeechSynthesis
0x000000000b3c4000 	/System/Library/Frameworks/Accelerate.framework/Versions/A/Accelerate
0x000000000b3c4000 	/System/Library/Frameworks/Accelerate.framework/Versions/A/Frameworks/vImage.framework/Versions/A/vImage
0x000000000b3c4000 	/System/Library/Frameworks/Accelerate.framework/Versions/A/Frameworks/vecLib.framework/Versions/A/vecLib
0x000000000b3c4000 	/System/Library/Frameworks/Accelerate.framework/Versions/A/Frameworks/vecLib.framework/Versions/A/libvDSP.dylib
0x000000000b3c4000 	/System/Library/Frameworks/Accelerate.framework/Versions/A/Frameworks/vecLib.framework/Versions/A/libvMisc.dylib
0x000000000b3c4000 	/System/Library/Frameworks/Accelerate.framework/Versions/A/Frameworks/vecLib.framework/Versions/A/libLAPACK.dylib
0x000000000b3c4000 	/System/Library/Frameworks/Accelerate.framework/Versions/A/Frameworks/vecLib.framework/Versions/A/libBLAS.dylib
0x000000000b3c4000 	/System/Library/Frameworks/Accelerate.framework/Versions/A/Frameworks/vecLib.framework/Versions/A/libLinearAlgebra.dylib
0x000000000b3c4000 	/System/Library/Frameworks/ApplicationServices.framework/Versions/A/Frameworks/ATS.framework/Versions/A/Resources/libFontParser.dylib
0x000000000b3c4000 	/System/Library/Frameworks/ApplicationServices.framework/Versions/A/Frameworks/ATS.framework/Versions/A/Resources/libFontRegistry.dylib
0x000000000b3c4000 	/System/Library/PrivateFrameworks/AppleVPA.framework/Versions/A/AppleVPA
0x000000000b3c4000 	/System/Library/PrivateFrameworks/AppleJPEG.framework/Versions/A/AppleJPEG
0x000000000b3c4000 	/System/Library/Frameworks/ImageIO.framework/Versions/A/Resources/libJPEG.dylib
0x000000000b3c4000 	/System/Library/Frameworks/ImageIO.framework/Versions/A/Resources/libTIFF.dylib
0x000000000b3c4000 	/System/Library/Frameworks/ImageIO.framework/Versions/A/Resources/libPng.dylib
0x000000000b3c4000 	/System/Library/Frameworks/ImageIO.framework/Versions/A/Resources/libGIF.dylib
0x000000000b3c4000 	/System/Library/Frameworks/ImageIO.framework/Versions/A/Resources/libJP2.dylib
0x000000000b3c4000 	/System/Library/Frameworks/ImageIO.framework/Versions/A/Resources/libRadiance.dylib
0x000000000b3c4000 	/System/Library/Frameworks/CoreVideo.framework/Versions/A/CoreVideo
0x000000000b3c4000 	/System/Library/Frameworks/OpenGL.framework/Versions/A/Libraries/libGLU.dylib
0x000000000b3c4000 	/System/Library/Frameworks/OpenGL.framework/Versions/A/Libraries/libGFXShared.dylib
0x000000000b3c4000 	/System/Library/Frameworks/OpenGL.framework/Versions/A/Libraries/libGL.dylib
0x000000000b3c4000 	/System/Library/Frameworks/OpenGL.framework/Versions/A/Libraries/libGLImage.dylib
0x000000000b3c4000 	/System/Library/Frameworks/OpenGL.framework/Versions/A/Libraries/libCVMSPluginSupport.dylib
0x000000000b3c4000 	/System/Library/Frameworks/OpenGL.framework/Versions/A/Libraries/libCoreVMClient.dylib
0x000000000b3c4000 	/usr/lib/libcups.2.dylib
0x000000000b3c4000 	/System/Library/Frameworks/Kerberos.framework/Versions/A/Kerberos
0x000000000b3c4000 	/System/Library/Frameworks/GSS.framework/Versions/A/GSS
0x000000000b3c4000 	/usr/lib/libresolv.9.dylib
0x000000000b3c4000 	/usr/lib/libiconv.2.dylib
0x000000000b3c4000 	/System/Library/PrivateFrameworks/Heimdal.framework/Versions/A/Heimdal
0x000000000b3c4000 	/usr/lib/libheimdal-asn1.dylib
0x000000000b3c4000 	/System/Library/Frameworks/OpenDirectory.framework/Versions/A/OpenDirectory
0x000000000b3c4000 	/System/Library/PrivateFrameworks/CommonAuth.framework/Versions/A/CommonAuth
0x000000000b3c4000 	/System/Library/Frameworks/OpenDirectory.framework/Versions/A/Frameworks/CFOpenDirectory.framework/Versions/A/CFOpenDirectory
0x000000000b3c4000 	/System/Library/Frameworks/SecurityFoundation.framework/Versions/A/SecurityFoundation
0x000000000b3c4000 	/System/Library/PrivateFrameworks/LanguageModeling.framework/Versions/A/LanguageModeling
0x000000000b3c4000 	/usr/lib/libcmph.dylib
0x000000000b3c4000 	/System/Library/Frameworks/ServiceManagement.framework/Versions/A/ServiceManagement
0x000000000b3c4000 	/usr/lib/libxslt.1.dylib
0x000000000b3c4000 	/System/Library/Frameworks/Carbon.framework/Versions/A/Frameworks/Ink.framework/Versions/A/Ink
0x000000000b3c4000 	/System/Library/Frameworks/QuartzCore.framework/Versions/A/Frameworks/CoreImage.framework/Versions/A/CoreImage
0x000000000b3c4000 	/System/Library/PrivateFrameworks/CrashReporterSupport.framework/Versions/A/CrashReporterSupport
0x000000000b3c4000 	/System/Library/Frameworks/OpenCL.framework/Versions/A/OpenCL
0x000000000b3c4000 	/System/Library/PrivateFrameworks/FaceCore.framework/Versions/A/FaceCore
0x000000000b3c4000 	/System/Library/PrivateFrameworks/Ubiquity.framework/Versions/A/Ubiquity
0x000000000b3c4000 	/System/Library/PrivateFrameworks/IconServices.framework/Versions/A/IconServices
0x000000000b3c4000 	/System/Library/PrivateFrameworks/ChunkingLibrary.framework/Versions/A/ChunkingLibrary
0x000000000b3c4000 	/System/Library/PrivateFrameworks/Apple80211.framework/Versions/A/Apple80211
0x000000000b3c4000 	/System/Library/Frameworks/CoreWLAN.framework/Versions/A/CoreWLAN
0x000000000b3c4000 	/System/Library/Frameworks/IOBluetooth.framework/Versions/A/IOBluetooth
0x000000000b3c4000 	/System/Library/PrivateFrameworks/CoreWiFi.framework/Versions/A/CoreWiFi
0x000000000b3c4000 	/System/Library/Frameworks/CoreBluetooth.framework/Versions/A/CoreBluetooth
0x000000000b3c4000 	/System/Library/PrivateFrameworks/DebugSymbols.framework/Versions/A/DebugSymbols
0x000000000b3c4000 	/System/Library/PrivateFrameworks/CoreSymbolication.framework/Versions/A/CoreSymbolication
0x000000000b3c4000 	/System/Library/PrivateFrameworks/Symbolication.framework/Versions/A/Symbolication
0x000000000b3c4000 	/System/Library/PrivateFrameworks/SpeechRecognitionCore.framework/Versions/A/SpeechRecognitionCore
0x000000010ea00000 	/Library/Java/JavaVirtualMachines/jdk1.8.0_73.jdk/Contents/Home/jre/lib/server/libjvm.dylib
0x000000000b3c4000 	/usr/lib/libstdc++.6.dylib
0x000000010d916000 	/Library/Java/JavaVirtualMachines/jdk1.8.0_73.jdk/Contents/Home/jre/lib/libverify.dylib
0x000000010d924000 	/Library/Java/JavaVirtualMachines/jdk1.8.0_73.jdk/Contents/Home/jre/lib/libjava.dylib
0x000000010d963000 	/Library/Java/JavaVirtualMachines/jdk1.8.0_73.jdk/Contents/Home/jre/lib/libzip.dylib
0x000000010d9e5000 	/System/Library/Frameworks/JavaVM.framework/Frameworks/JavaRuntimeSupport.framework/JavaRuntimeSupport
0x000000012b5ee000 	/System/Library/Frameworks/JavaVM.framework/Versions/A/Frameworks/JavaNativeFoundation.framework/Versions/A/JavaNativeFoundation
0x000000012b602000 	/System/Library/Frameworks/JavaVM.framework/Versions/A/JavaVM
0x000000000b3c4000 	/System/Library/Frameworks/Carbon.framework/Versions/A/Carbon
0x000000012b60e000 	/System/Library/PrivateFrameworks/JavaLaunching.framework/Versions/A/JavaLaunching
0x000000000b3c4000 	/System/Library/Frameworks/Carbon.framework/Versions/A/Frameworks/CommonPanels.framework/Versions/A/CommonPanels
0x000000000b3c4000 	/System/Library/Frameworks/Carbon.framework/Versions/A/Frameworks/Help.framework/Versions/A/Help
0x000000000b3c4000 	/System/Library/Frameworks/Carbon.framework/Versions/A/Frameworks/ImageCapture.framework/Versions/A/ImageCapture
0x000000000b3c4000 	/System/Library/Frameworks/Carbon.framework/Versions/A/Frameworks/OpenScripting.framework/Versions/A/OpenScripting
0x000000000b3c4000 	/System/Library/Frameworks/Carbon.framework/Versions/A/Frameworks/Print.framework/Versions/A/Print
0x000000000b3c4000 	/System/Library/Frameworks/Carbon.framework/Versions/A/Frameworks/SecurityHI.framework/Versions/A/SecurityHI
0x000000012d608000 	/Library/Java/JavaVirtualMachines/jdk1.8.0_73.jdk/Contents/Home/jre/lib/libawt.dylib
0x000000012d6b0000 	/Library/Java/JavaVirtualMachines/jdk1.8.0_73.jdk/Contents/Home/jre/lib/./libmlib_image.dylib
0x000000012d77c000 	/Library/Java/JavaVirtualMachines/jdk1.8.0_73.jdk/Contents/Home/jre/lib/libawt_lwawt.dylib
0x000000012d831000 	/Library/Java/JavaVirtualMachines/jdk1.8.0_73.jdk/Contents/Home/jre/lib/./libosxapp.dylib
0x000000000b3c4000 	/System/Library/Frameworks/ExceptionHandling.framework/Versions/A/ExceptionHandling
0x000000000b3c4000 	/System/Library/PrivateFrameworks/CoreServicesInternal.framework/Versions/A/CoreServicesInternal
0x000000000b3c4000 	/System/Library/PrivateFrameworks/CloudDocs.framework/Versions/A/CloudDocs
0x000000000b3c4000 	/System/Library/PrivateFrameworks/CoreDuet.framework/Versions/A/CoreDuet
0x000000000b3c4000 	/System/Library/Frameworks/CloudKit.framework/Versions/A/CloudKit
0x000000000b3c4000 	/System/Library/PrivateFrameworks/ProtocolBuffer.framework/Versions/A/ProtocolBuffer
0x000000000b3c4000 	/System/Library/PrivateFrameworks/CoreDuetDaemonProtocol.framework/Versions/A/CoreDuetDaemonProtocol
0x000000000b3c4000 	/System/Library/PrivateFrameworks/CoreDuetDebugLogging.framework/Versions/A/CoreDuetDebugLogging
0x000000000b3c4000 	/System/Library/PrivateFrameworks/MMCS.framework/Versions/A/MMCS
0x000000000b3c4000 	/System/Library/Frameworks/CoreLocation.framework/Versions/A/CoreLocation
0x000000000b3c4000 	/System/Library/PrivateFrameworks/ProtectedCloudStorage.framework/Versions/A/ProtectedCloudStorage
0x000000000b3c4000 	/System/Library/PrivateFrameworks/GeoServices.framework/Versions/A/GeoServices
0x000000000b3c4000 	/System/Library/Frameworks/CoreGraphics.framework/Versions/A/Resources/libCGCMS.A.dylib
0x000000000b3c4000 	/System/Library/Frameworks/CoreGraphics.framework/Versions/A/Resources/libRIP.A.dylib
0x000000000b3c4000 	/System/Library/Frameworks/CoreGraphics.framework/Versions/A/Resources/libCGXType.A.dylib
0x000000000b3c4000 	/System/Library/Frameworks/OpenCL.framework/Versions/A/Libraries/libcldcpuengine.dylib
0x000000000b3c4000 	/System/Library/PrivateFrameworks/DiskImages.framework/Versions/A/DiskImages
0x000000000b3c4000 	/System/Library/Frameworks/DiscRecording.framework/Versions/A/DiscRecording
0x000000000b3c4000 	/usr/lib/libcsfde.dylib
0x000000000b3c4000 	/usr/lib/libcurl.4.dylib
0x000000000b3c4000 	/System/Library/PrivateFrameworks/MediaKit.framework/Versions/A/MediaKit
0x000000000b3c4000 	/usr/lib/libCoreStorage.dylib
0x000000000b3c4000 	/System/Library/PrivateFrameworks/EFILogin.framework/Versions/A/EFILogin
0x000000000b3c4000 	/usr/lib/libutil.dylib
0x000000000b3c4000 	/System/Library/PrivateFrameworks/FindMyDevice.framework/Versions/A/FindMyDevice
0x000000000b3c4000 	/System/Library/Frameworks/LDAP.framework/Versions/A/LDAP
0x000000000b3c4000 	/usr/lib/libsasl2.2.dylib
0x000000000b3c4000 	/System/Library/PrivateFrameworks/CoreDaemon.framework/Versions/B/CoreDaemon
0x000000000b3c4000 	/usr/lib/libcrypto.0.9.8.dylib
0x000000000b3c4000 	/System/Library/PrivateFrameworks/AppleSRP.framework/Versions/A/AppleSRP
0x000000000b3c4000 	/System/Library/PrivateFrameworks/TrustEvaluationAgent.framework/Versions/A/TrustEvaluationAgent
0x0000000130907000 	cl_kernels
0x0000000130909000 	/System/Library/Frameworks/OpenCL.framework/Versions/A/Libraries/ImageFormats/unorm8_bgra.dylib
0x00000001308f9000 	cl_kernels
0x000000000b3c4000 	/System/Library/PrivateFrameworks/FamilyControls.framework/Versions/A/FamilyControls
0x000000000b3c4000 	/System/Library/PrivateFrameworks/CommerceKit.framework/Versions/A/Frameworks/CommerceCore.framework/Versions/A/CommerceCore
0x000000000b3c4000 	/System/Library/PrivateFrameworks/SystemAdministration.framework/Versions/A/SystemAdministration
0x000000000b3c4000 	/System/Library/PrivateFrameworks/AppContainer.framework/Versions/A/AppContainer
0x000000000b3c4000 	/System/Library/PrivateFrameworks/SecCodeWrapper.framework/Versions/A/SecCodeWrapper
0x000000000b3c4000 	/System/Library/Frameworks/DirectoryService.framework/Versions/A/DirectoryService
0x000000000b3c4000 	/System/Library/PrivateFrameworks/LoginUIKit.framework/Versions/A/Frameworks/LoginUICore.framework/Versions/A/LoginUICore
0x000000000b3c4000 	/usr/lib/libodfde.dylib
0x000000000b3c4000 	/System/Library/Frameworks/OpenGL.framework/Versions/A/Resources/GLEngine.bundle/GLEngine
0x000000000b3c4000 	/System/Library/Frameworks/OpenGL.framework/Versions/A/Libraries/libGLProgrammability.dylib
0x0000000131eda000 	/System/Library/Extensions/AppleIntelHD5000GraphicsGLDriver.bundle/Contents/MacOS/AppleIntelHD5000GraphicsGLDriver
0x000000000b3c4000 	/System/Library/PrivateFrameworks/IOAccelerator.framework/Versions/A/IOAccelerator
0x000000000b3c4000 	/System/Library/PrivateFrameworks/GPUSupport.framework/Versions/A/Libraries/libGPUSupportMercury.dylib
0x000000000b3c4000 	/System/Library/Frameworks/OpenGL.framework/Versions/A/Resources/GLRendererFloat.bundle/GLRendererFloat
0x0000000132f60000 	/Library/Java/JavaVirtualMachines/jdk1.8.0_73.jdk/Contents/Home/jre/lib/libfontmanager.dylib
0x000000013429a000 	/Library/Java/JavaVirtualMachines/jdk1.8.0_73.jdk/Contents/Home/jre/lib/libosxui.dylib
0x000000013452e000 	/Library/Java/JavaVirtualMachines/jdk1.8.0_73.jdk/Contents/Home/jre/lib/libnet.dylib
0x00000001342da000 	/Library/Java/JavaVirtualMachines/jdk1.8.0_73.jdk/Contents/Home/jre/lib/libnio.dylib
0x000000000b3c4000 	/System/Library/Frameworks/ApplicationServices.framework/Versions/A/Frameworks/ATS.framework/Versions/A/Resources/libTrueTypeScaler.dylib
0x000000017fad9000 	/private/var/folders/88/rn0nzmd518s0659qz29bsj6m0000gn/T/jogamp_0000/file_cache/jln6377032325160341809/jln3280054094865426844/libgluegen-rt.jnilib
0x000000017fadd000 	/private/var/folders/88/rn0nzmd518s0659qz29bsj6m0000gn/T/jogamp_0000/file_cache/jln6377032325160341809/jln3280054094865426844/libnativewindow_awt.jnilib
0x000000017fae0000 	/Library/Java/JavaVirtualMachines/jdk1.8.0_73.jdk/Contents/Home/jre/lib/libjawt.dylib
0x000000017fae3000 	/private/var/folders/88/rn0nzmd518s0659qz29bsj6m0000gn/T/jogamp_0000/file_cache/jln6377032325160341809/jln3280054094865426844/libnativewindow_macosx.jnilib
0x000000017fbdd000 	/private/var/folders/88/rn0nzmd518s0659qz29bsj6m0000gn/T/jogamp_0000/file_cache/jln6377032325160341809/jln3280054094865426844/libjogl_desktop.jnilib
0x00000001803e1000 	/Library/Java/JavaVirtualMachines/jdk1.8.0_73.jdk/Contents/Home/jre/lib/libt2k.dylib

VM Arguments:
jvm_args: -Djava.security.policy=java.policy.applet -Dfile.encoding=UTF-8 
java_command: sun.applet.AppletViewer module4.EarthquakeCityMap1458565431671.html
java_class_path (initial): /Users/jb/Documents/GitHub/Java_Programming/UCSDUnfoldingMaps/build:/Users/jb/Documents/GitHub/Java_Programming/UCSDUnfoldingMaps/lib/core.jar:/Users/jb/Documents/GitHub/Java_Programming/UCSDUnfoldingMaps/lib/gluegen-rt.jar:/Users/jb/Documents/GitHub/Java_Programming/UCSDUnfoldingMaps/lib/jogl-all.jar:/Users/jb/Documents/GitHub/Java_Programming/UCSDUnfoldingMaps/lib/log4j-1.2.15.jar:/Users/jb/Documents/GitHub/Java_Programming/UCSDUnfoldingMaps/lib/sqlite-jdbc-3.7.2.jar:/Users/jb/Documents/GitHub/Java_Programming/UCSDUnfoldingMaps/lib/json4processing.jar:/Users/jb/Documents/GitHub/Java_Programming/UCSDUnfoldingMaps/lib/libTUIO.jar:/Users/jb/Documents/GitHub/Java_Programming/UCSDUnfoldingMaps/lib/unfolding.0.9.7-uscd.jar
Launcher Type: SUN_STANDARD

Environment Variables:
PATH=/usr/bin:/bin:/usr/sbin:/sbin
SHELL=/bin/bash

Signal Handlers:
SIGSEGV: [libjvm.dylib+0x5a71a5], sa_mask[0]=11111111011111110111111111111111, sa_flags=SA_ONSTACK|SA_RESTART|SA_SIGINFO
SIGBUS: [libjvm.dylib+0x5a71a5], sa_mask[0]=11111111011111110111111111111111, sa_flags=SA_RESTART|SA_SIGINFO
SIGFPE: [libjvm.dylib+0x480eb4], sa_mask[0]=11111111011111110111111111111111, sa_flags=SA_RESTART|SA_SIGINFO
SIGPIPE: [libjvm.dylib+0x480eb4], sa_mask[0]=11111111011111110111111111111111, sa_flags=SA_RESTART|SA_SIGINFO
SIGXFSZ: [libjvm.dylib+0x480eb4], sa_mask[0]=11111111011111110111111111111111, sa_flags=SA_RESTART|SA_SIGINFO
SIGILL: [libjvm.dylib+0x480eb4], sa_mask[0]=11111111011111110111111111111111, sa_flags=SA_RESTART|SA_SIGINFO
SIGUSR1: SIG_DFL, sa_mask[0]=00000000000000000000000000000000, sa_flags=none
SIGUSR2: [libjvm.dylib+0x4809d2], sa_mask[0]=00100000000000000000000000000000, sa_flags=SA_RESTART|SA_SIGINFO
SIGHUP: [libjvm.dylib+0x47efa9], sa_mask[0]=11111111011111110111111111111111, sa_flags=SA_RESTART|SA_SIGINFO
SIGINT: [libjvm.dylib+0x47efa9], sa_mask[0]=11111111011111110111111111111111, sa_flags=SA_RESTART|SA_SIGINFO
SIGTERM: [libjvm.dylib+0x47efa9], sa_mask[0]=11111111011111110111111111111111, sa_flags=SA_RESTART|SA_SIGINFO
SIGQUIT: [libjvm.dylib+0x47efa9], sa_mask[0]=11111111011111110111111111111111, sa_flags=SA_RESTART|SA_SIGINFO


---------------  S Y S T E M  ---------------

OS:Bsduname:Darwin 14.5.0 Darwin Kernel Version 14.5.0: Wed Jul 29 02:26:53 PDT 2015; root:xnu-2782.40.9~1/RELEASE_X86_64 x86_64
rlimit: STACK 8192k, CORE 0k, NPROC 709, NOFILE 10240, AS infinity
load average:3.57 2.20 1.75

CPU:total 8 (4 cores per cpu, 2 threads per core) family 6 model 70 stepping 1, cmov, cx8, fxsr, mmx, sse, sse2, sse3, ssse3, sse4.1, sse4.2, popcnt, avx, avx2, aes, clmul, erms, lzcnt, ht, tsc, tscinvbit, bmi1, bmi2

Memory: 4k page, physical 16777216k(403912k free)

/proc/meminfo:


vm_info: Java HotSpot(TM) 64-Bit Server VM (25.73-b02) for bsd-amd64 JRE (1.8.0_73-b02), built on Jan 29 2016 15:02:00 by "java_re" with gcc 4.2.1 (Based on Apple Inc. build 5658) (LLVM build 2336.11.00)

time: Mon Mar 21 09:05:18 2016
elapsed time: 86 seconds (0d 0h 1m 26s)

