#
# A fatal error has been detected by the Java Runtime Environment:
#
#  SIGSEGV (0xb) at pc=0x00007fff963ad44c, pid=3582, tid=1811
#
# JRE version: Java(TM) SE Runtime Environment (8.0_73-b02) (build 1.8.0_73-b02)
# Java VM: Java HotSpot(TM) 64-Bit Server VM (25.73-b02 mixed mode bsd-amd64 compressed oops)
# Problematic frame:
# C  [libobjc.A.dylib+0x944c]  objc_release+0xc
#
# Failed to write core dump. Core dumps have been disabled. To enable core dumping, try "ulimit -c unlimited" before starting Java again
#
# If you would like to submit a bug report, please visit:
#   http://bugreport.java.com/bugreport/crash.jsp
# The crash happened outside the Java Virtual Machine in native code.
# See problematic frame for where to report the bug.
#

---------------  T H R E A D  ---------------

Current thread (0x00007fdf8c863800):  JavaThread "AWT-AppKit" daemon [_thread_in_native, id=1811, stack(0x00007fff5c1f6000,0x00007fff5c9f6000)]

siginfo: si_signo: 11 (SIGSEGV), si_code: 0 (unknown), si_addr: 0x0000000000000000

Registers:
RAX=0x0000000000000008, RBX=0x0000000000000000, RCX=0x0000000000000003, RDX=0x00007fdf91bc24d8
RSP=0x00007fff5c9f1468, RBP=0x00007fff5c9f1490, RSI=0x0000000123200f10, RDI=0xc00007fdf91beaaa
R8 =0x0000000000000001, R9 =0x00007fdf91b00000, R10=0x00007fdf8ba4a5d0, R11=0x000000017549c840
R12=0x0000000000000000, R13=0x0000000179dbad10, R14=0x00007fdf91bc96e0, R15=0x00007fdf8c863800
RIP=0x00007fff963ad44c, EFLAGS=0x0000000000010246, ERR=0x0000000000000000
  TRAPNO=0x000000000000000d

Top of Stack: (sp=0x00007fff5c9f1468)
0x00007fff5c9f1468:   000000012318a47b 00007fff5c9f1490
0x00007fff5c9f1478:   000000017549c450 000000017549c440
0x00007fff5c9f1488:   00007fdf8c863800 00007fff5c9f1550
0x00007fff5c9f1498:   000000017549a215 000000017549c700
0x00007fff5c9f14a8:   000000017549c6e0 000000017549c4b0
0x00007fff5c9f14b8:   0000000000000000 0000000179dbad10
0x00007fff5c9f14c8:   0000000179dbad10 00007fdf91bc24d0
0x00007fff5c9f14d8:   000000017549c6a0 000000017549c710
0x00007fff5c9f14e8:   00007fff7d026550 00007fff7c012c80
0x00007fff5c9f14f8:   000000017549c450 000000017549c690
0x00007fff5c9f1508:   00007fdf91bc24d0 00007fdf91bc96e0
0x00007fff5c9f1518:   00007fdf8af50550 00007fdf91bc24d0
0x00007fff5c9f1528:   00007fdf91bc96e0 00007fff5c9f15d8
0x00007fff5c9f1538:   00007fdf8c8639f8 0000000179dbad10
0x00007fff5c9f1548:   00007fff5c9f1600 00007fff5c9f15c8
0x00007fff5c9f1558:   00000001054a5954 0000000179dbad10
0x00007fff5c9f1568:   00007fff5c9f1600 00007fff5c9f15c8
0x00007fff5c9f1578:   00000001054a56e7 00000001054a56a2
0x00007fff5c9f1588:   00007fff5c9f1588 0000000179dbad10
0x00007fff5c9f1598:   00007fff5c9f1600 0000000179dde028
0x00007fff5c9f15a8:   0000000000000000 0000000179dbad10
0x00007fff5c9f15b8:   0000000000000000 00007fff5c9f15e8
0x00007fff5c9f15c8:   00007fff5c9f1648 0000000105497c4d
0x00007fff5c9f15d8:   000000076ec89ab0 000000010549f578
0x00007fff5c9f15e8:   00007fdf91bc24d0 00007fff5c9f1648
0x00007fff5c9f15f8:   00007fdf91bc96e0 00000001054a0d82
0x00007fff5c9f1608:   00007fff5c9f1608 0000000179dbaeda
0x00007fff5c9f1618:   00007fff5c9f1670 0000000179dde028
0x00007fff5c9f1628:   0000000000000000 0000000179dbaee8
0x00007fff5c9f1638:   00007fff5c9f15e8 00007fff5c9f1658
0x00007fff5c9f1648:   00007fff5c9f16b8 0000000105497c4d
0x00007fff5c9f1658:   00007fdf91bc24d0 000000076ebdc1f8 

Instructions: (pc=0x00007fff963ad44c)
0x00007fff963ad42c:   5d c3 31 c0 48 85 ff 74 04 48 8b 47 08 c3 90 90
0x00007fff963ad43c:   90 90 90 90 48 85 ff 74 06 40 f6 c7 01 74 01 c3
0x00007fff963ad44c:   48 8b 07 f6 40 20 02 74 0a be 01 00 00 00 e9 51
0x00007fff963ad45c:   83 01 00 48 8d 05 7a 56 c3 e6 48 8b 30 e9 52 7c 

Register to memory mapping:

RAX=0x0000000000000008 is an unknown value
RBX=0x0000000000000000 is an unknown value
RCX=0x0000000000000003 is an unknown value
RDX=0x00007fdf91bc24d8 is an unknown value
RSP=0x00007fff5c9f1468 is pointing into the stack for thread: 0x00007fdf8c863800
RBP=0x00007fff5c9f1490 is pointing into the stack for thread: 0x00007fdf8c863800
RSI=0x0000000123200f10: OBJC_IVAR_$_PrinterView.fCurPeekGraphics+0x1aa8 in /Library/Java/JavaVirtualMachines/jdk1.8.0_73.jdk/Contents/Home/jre/lib/libawt_lwawt.dylib at 0x0000000123186000
RDI=0xc00007fdf91beaaa is an unknown value
R8 =0x0000000000000001 is an unknown value
R9 =0x00007fdf91b00000 is an unknown value
R10=0x00007fdf8ba4a5d0 is an unknown value
R11=0x000000017549c840: OBJC_CLASS_$_MyCALayer+0 in /private/var/folders/88/rn0nzmd518s0659qz29bsj6m0000gn/T/jogamp_0000/file_cache/jln7890601705168196434/jln5373366809230277597/libnativewindow_macosx.jnilib at 0x0000000175495000
R12=0x0000000000000000 is an unknown value
R13={method} {0x0000000179dbad10} 'UnsetJAWTRootSurfaceLayer0' '(JJ)V' in 'jogamp/nativewindow/jawt/macosx/MacOSXJAWTWindow'
R14=0x00007fdf91bc96e0 is an unknown value
R15=0x00007fdf8c863800 is a thread


Stack: [0x00007fff5c1f6000,0x00007fff5c9f6000],  sp=0x00007fff5c9f1468,  free space=8173k
Native frames: (J=compiled Java code, j=interpreted, Vv=VM code, C=native code)
C  [libobjc.A.dylib+0x944c]  objc_release+0xc
C  [libnativewindow_macosx.jnilib+0x5215]  Java_jogamp_nativewindow_jawt_macosx_MacOSXJAWTWindow_UnsetJAWTRootSurfaceLayer0+0x1a5
j  jogamp.nativewindow.jawt.macosx.MacOSXJAWTWindow.UnsetJAWTRootSurfaceLayer0(JJ)V+0
j  jogamp.nativewindow.jawt.macosx.MacOSXJAWTWindow.access$200(JJ)V+2
j  jogamp.nativewindow.jawt.macosx.MacOSXJAWTWindow$1.run()V+38
J 1969 C1 com.jogamp.common.util.RunnableTask.run()V (345 bytes) @ 0x0000000105baa3d4 [0x0000000105baa240+0x194]
v  ~StubRoutines::call_stub
V  [libjvm.dylib+0x2eae7a]  JavaCalls::call_helper(JavaValue*, methodHandle*, JavaCallArguments*, Thread*)+0x6ae
V  [libjvm.dylib+0x321f83]  jni_invoke_nonstatic(JNIEnv_*, JavaValue*, _jobject*, JNICallType, _jmethodID*, JNI_ArgumentPusher*, Thread*)+0x2ec
V  [libjvm.dylib+0x314757]  jni_CallVoidMethod+0x16b
C  [libnativewindow_macosx.jnilib+0x5326]  Java_jogamp_nativewindow_jawt_macosx_MacOSXJAWTWindow_UnsetJAWTRootSurfaceLayer0+0x2b6
C  [Foundation+0x92dd0]  __NSThreadPerformPerform+0x125
C  [CoreFoundation+0x80a01]  __CFRUNLOOP_IS_CALLING_OUT_TO_A_SOURCE0_PERFORM_FUNCTION__+0x11
C  [CoreFoundation+0x72c5c]  __CFRunLoopDoSources0+0x1dc
C  [CoreFoundation+0x721bf]  __CFRunLoopRun+0x39f
C  [CoreFoundation+0x71bd8]  CFRunLoopRunSpecific+0x128
C  [HIToolbox+0x3256f]  RunCurrentEventLoopInMode+0xeb
C  [HIToolbox+0x321ee]  ReceiveNextEventCommon+0xb3
C  [HIToolbox+0x3212b]  _BlockUntilNextEventMatchingListInModeWithFilter+0x47
C  [AppKit+0x918ab]  _DPSNextEvent+0x3d2
C  [AppKit+0x90e58]  -[NSApplication nextEventMatchingMask:untilDate:inMode:dequeue:]+0x15a
C  [libosxapp.dylib+0x23aa]  -[NSApplicationAWT nextEventMatchingMask:untilDate:inMode:dequeue:]+0x7c
C  [AppKit+0x86af3]  -[NSApplication run]+0x252
C  [libosxapp.dylib+0x214d]  +[NSApplicationAWT runAWTLoopWithApp:]+0x9c
C  [libawt_lwawt.dylib+0x4455b]  -[AWTStarter starter:]+0x389
C  [Foundation+0x92dd0]  __NSThreadPerformPerform+0x125
C  [CoreFoundation+0x80a01]  __CFRUNLOOP_IS_CALLING_OUT_TO_A_SOURCE0_PERFORM_FUNCTION__+0x11
C  [CoreFoundation+0x72b8d]  __CFRunLoopDoSources0+0x10d
C  [CoreFoundation+0x721bf]  __CFRunLoopRun+0x39f
C  [CoreFoundation+0x71bd8]  CFRunLoopRunSpecific+0x128
C  [java+0x6463]  CreateExecutionEnvironment+0x367
C  [java+0x21ac]  JLI_Launch+0x7a0
C  [java+0x84c0]  main+0x65
C  [java+0x1a04]  start+0x34
C  0x0000000000000007

Java frames: (J=compiled Java code, j=interpreted, Vv=VM code)
j  jogamp.nativewindow.jawt.macosx.MacOSXJAWTWindow.UnsetJAWTRootSurfaceLayer0(JJ)V+0
j  jogamp.nativewindow.jawt.macosx.MacOSXJAWTWindow.access$200(JJ)V+2
j  jogamp.nativewindow.jawt.macosx.MacOSXJAWTWindow$1.run()V+38
J 1969 C1 com.jogamp.common.util.RunnableTask.run()V (345 bytes) @ 0x0000000105baa3d4 [0x0000000105baa240+0x194]
v  ~StubRoutines::call_stub

---------------  P R O C E S S  ---------------

Java Threads: ( => current thread )
  0x00007fdf8b5c8800 JavaThread "Thread-19" [_thread_blocked, id=67635, stack(0x0000000180602000,0x0000000180702000)]
  0x00007fdf8bbcd000 JavaThread "Image Fetcher 1" daemon [_thread_blocked, id=67075, stack(0x000000017f0f4000,0x000000017f1f4000)]
  0x00007fdf8c998000 JavaThread "Image Fetcher 0" daemon [_thread_blocked, id=66563, stack(0x000000017eff1000,0x000000017f0f1000)]
  0x00007fdf8bba3800 JavaThread "Keep-Alive-Timer" daemon [_thread_blocked, id=66127, stack(0x000000017eeee000,0x000000017efee000)]
  0x00007fdf8c30c800 JavaThread "AWT-EventQueue-1" [_thread_in_native, id=59951, stack(0x0000000175f24000,0x0000000176024000)]
  0x00007fdf8c2eb800 JavaThread "DestroyJavaVM" [_thread_blocked, id=4867, stack(0x000000010538e000,0x000000010548e000)]
  0x00007fdf8b13a000 JavaThread "AWT-EventQueue-0" [_thread_blocked, id=57603, stack(0x0000000129b39000,0x0000000129c39000)]
  0x00007fdf8b986800 JavaThread "Java2D Disposer" daemon [_thread_blocked, id=54055, stack(0x000000012880e000,0x000000012890e000)]
  0x00007fdf8b100800 JavaThread "Java2D Queue Flusher" daemon [_thread_blocked, id=52999, stack(0x00000001277d0000,0x00000001278d0000)]
  0x00007fdf8b934000 JavaThread "AWT-Shutdown" [_thread_blocked, id=30227, stack(0x0000000124778000,0x0000000124878000)]
=>0x00007fdf8c863800 JavaThread "AWT-AppKit" daemon [_thread_in_native, id=1811, stack(0x00007fff5c1f6000,0x00007fff5c9f6000)]
  0x00007fdf8b024000 JavaThread "Service Thread" daemon [_thread_blocked, id=20739, stack(0x0000000122e0b000,0x0000000122f0b000)]
  0x00007fdf8c027800 JavaThread "C1 CompilerThread3" daemon [_thread_blocked, id=20227, stack(0x0000000122d08000,0x0000000122e08000)]
  0x00007fdf8c012000 JavaThread "C2 CompilerThread2" daemon [_thread_blocked, id=19715, stack(0x0000000122c05000,0x0000000122d05000)]
  0x00007fdf8b013800 JavaThread "C2 CompilerThread1" daemon [_thread_blocked, id=19203, stack(0x0000000122b02000,0x0000000122c02000)]
  0x00007fdf8b847000 JavaThread "C2 CompilerThread0" daemon [_thread_blocked, id=18691, stack(0x00000001229ff000,0x0000000122aff000)]
  0x00007fdf8b846000 JavaThread "Signal Dispatcher" daemon [_thread_blocked, id=18211, stack(0x00000001228fc000,0x00000001229fc000)]
  0x00007fdf8c009000 JavaThread "Finalizer" daemon [_thread_blocked, id=13571, stack(0x0000000120eec000,0x0000000120fec000)]
  0x00007fdf8c008800 JavaThread "Reference Handler" daemon [_thread_blocked, id=13059, stack(0x0000000120de9000,0x0000000120ee9000)]

Other Threads:
  0x00007fdf8c81f800 VMThread [stack: 0x0000000120ce6000,0x0000000120de6000] [id=12547]
  0x00007fdf8b02d000 WatcherThread [stack: 0x0000000122f0e000,0x000000012300e000] [id=21251]

VM state:not at safepoint (normal execution)

VM Mutex/Monitor currently owned by a thread: None

Heap:
 PSYoungGen      total 76288K, used 48500K [0x000000076ab00000, 0x0000000770000000, 0x00000007c0000000)
  eden space 65536K, 57% used [0x000000076ab00000,0x000000076cfdfae0,0x000000076eb00000)
  from space 10752K, 99% used [0x000000076eb00000,0x000000076f57d660,0x000000076f580000)
  to   space 10752K, 0% used [0x000000076f580000,0x000000076f580000,0x0000000770000000)
 ParOldGen       total 175104K, used 3892K [0x00000006c0000000, 0x00000006cab00000, 0x000000076ab00000)
  object space 175104K, 2% used [0x00000006c0000000,0x00000006c03cd320,0x00000006cab00000)
 Metaspace       used 20312K, capacity 20507K, committed 20864K, reserved 1069056K
  class space    used 2010K, capacity 2078K, committed 2176K, reserved 1048576K

Card table byte_map: [0x0000000114850000,0x0000000115051000] byte_map_base: 0x0000000111250000

Marking Bits: (ParMarkBitMap*) 0x0000000104ce3ea0
 Begin Bits: [0x0000000115dbf000, 0x0000000119dbf000)
 End Bits:   [0x0000000119dbf000, 0x000000011ddbf000)

Polling page: 0x0000000103363000

CodeCache: size=245760Kb used=7547Kb max_used=7547Kb free=238212Kb
 bounds [0x0000000105490000, 0x0000000105c00000, 0x0000000114490000]
 total_blobs=2960 nmethods=2081 adapters=793
 compilation: enabled

Compilation events (10 events):
Event: 6.140 Thread 0x00007fdf8c027800 2076       3       java.awt.EventQueue::dispatchEvent (80 bytes)
Event: 6.141 Thread 0x00007fdf8c027800 nmethod 2076 0x0000000105bf13d0 code [0x0000000105bf1680, 0x0000000105bf2938]
Event: 6.141 Thread 0x00007fdf8c027800 2077       3       java.awt.EventQueue::getAccessControlContextFrom (53 bytes)
Event: 6.141 Thread 0x00007fdf8c027800 nmethod 2077 0x0000000105bf33d0 code [0x0000000105bf35e0, 0x0000000105bf4248]
Event: 6.141 Thread 0x00007fdf8c027800 2078       3       java.awt.AWTEvent::getAccessControlContext (22 bytes)
Event: 6.142 Thread 0x00007fdf8c027800 nmethod 2078 0x0000000105bf4510 code [0x0000000105bf4680, 0x0000000105bf48e8]
Event: 6.142 Thread 0x00007fdf8c027800 2080       1       sun.java2d.SurfaceData::isValid (5 bytes)
Event: 6.142 Thread 0x00007fdf8c027800 nmethod 2080 0x0000000105bd5850 code [0x0000000105bd59a0, 0x0000000105bd5ab0]
Event: 6.162 Thread 0x00007fdf8c027800 2081       3       java.awt.event.InvocationEvent::<init> (14 bytes)
Event: 6.162 Thread 0x00007fdf8c027800 nmethod 2081 0x0000000105bf49d0 code [0x0000000105bf4b40, 0x0000000105bf4ce8]

GC Heap History (2 events):
Event: 3.400 GC heap before
{Heap before GC invocations=1 (full 0):
 PSYoungGen      total 76288K, used 65536K [0x000000076ab00000, 0x0000000770000000, 0x00000007c0000000)
  eden space 65536K, 100% used [0x000000076ab00000,0x000000076eb00000,0x000000076eb00000)
  from space 10752K, 0% used [0x000000076f580000,0x000000076f580000,0x0000000770000000)
  to   space 10752K, 0% used [0x000000076eb00000,0x000000076eb00000,0x000000076f580000)
 ParOldGen       total 175104K, used 0K [0x00000006c0000000, 0x00000006cab00000, 0x000000076ab00000)
  object space 175104K, 0% used [0x00000006c0000000,0x00000006c0000000,0x00000006cab00000)
 Metaspace       used 19596K, capacity 19791K, committed 20096K, reserved 1067008K
  class space    used 1984K, capacity 2076K, committed 2176K, reserved 1048576K
Event: 3.410 GC heap after
Heap after GC invocations=1 (full 0):
 PSYoungGen      total 76288K, used 10741K [0x000000076ab00000, 0x0000000770000000, 0x00000007c0000000)
  eden space 65536K, 0% used [0x000000076ab00000,0x000000076ab00000,0x000000076eb00000)
  from space 10752K, 99% used [0x000000076eb00000,0x000000076f57d660,0x000000076f580000)
  to   space 10752K, 0% used [0x000000076f580000,0x000000076f580000,0x0000000770000000)
 ParOldGen       total 175104K, used 3892K [0x00000006c0000000, 0x00000006cab00000, 0x000000076ab00000)
  object space 175104K, 2% used [0x00000006c0000000,0x00000006c03cd320,0x00000006cab00000)
 Metaspace       used 19596K, capacity 19791K, committed 20096K, reserved 1067008K
  class space    used 1984K, capacity 2076K, committed 2176K, reserved 1048576K
}

Deoptimization events (10 events):
Event: 1.346 Thread 0x00007fdf8ba33800 Uncommon trap: reason=unstable_if action=reinterpret pc=0x00000001056dd724 method=java.lang.String.indexOf([CII[CIII)I @ 3
Event: 1.346 Thread 0x00007fdf8ba33800 Uncommon trap: reason=unstable_if action=reinterpret pc=0x000000010564add8 method=java.lang.String.indexOf([CII[CIII)I @ 3
Event: 2.038 Thread 0x00007fdf8c30c800 Uncommon trap: reason=unstable_if action=reinterpret pc=0x00000001056335ac method=java.lang.AbstractStringBuilder.append(Ljava/lang/String;)Ljava/lang/AbstractStringBuilder; @ 1
Event: 3.218 Thread 0x00007fdf8c30c800 Uncommon trap: reason=unstable_if action=reinterpret pc=0x000000010585df80 method=com.sun.org.apache.xerces.internal.impl.XMLEntityScanner.peekChar()I @ 14
Event: 3.233 Thread 0x00007fdf8c30c800 Uncommon trap: reason=unstable_if action=reinterpret pc=0x000000010585b350 method=com.sun.org.apache.xerces.internal.impl.XMLEntityScanner.skipSpaces()Z @ 14
Event: 3.361 Thread 0x00007fdf8c30c800 Uncommon trap: reason=unstable_if action=reinterpret pc=0x000000010590877c method=com.jogamp.common.util.IntIntHashMap.get(I)I @ 28
Event: 3.426 Thread 0x00007fdf8c30c800 Uncommon trap: reason=unstable_if action=reinterpret pc=0x00000001059486f0 method=processing.core.PApplet.max(III)I @ 20
Event: 6.134 Thread 0x00007fdf8c30c800 Uncommon trap: reason=unstable_if action=reinterpret pc=0x0000000105a8d528 method=com.jogamp.common.util.VersionNumber.compareTo(Lcom/jogamp/common/util/VersionNumber;)I @ 21
Event: 6.148 Thread 0x00007fdf8c1f8800 Uncommon trap: reason=unstable_if action=reinterpret pc=0x00000001059667a0 method=java.util.HashMap.putVal(ILjava/lang/Object;Ljava/lang/Object;ZZ)Ljava/lang/Object; @ 81
Event: 6.149 Thread 0x00007fdf8c1f8800 Uncommon trap: reason=unstable_if action=reinterpret pc=0x0000000105964fb0 method=java.util.HashMap.putVal(ILjava/lang/Object;Ljava/lang/Object;ZZ)Ljava/lang/Object; @ 81

Internal exceptions (10 events):
Event: 0.112 Thread 0x00007fdf8b804000 Exception <a 'java/lang/NoSuchFieldError': method resolution failed> (0x000000076aeeee48) thrown at [/HUDSON3/workspace/8-2-build-macosx-x86_64/jdk8u73/6086/hotspot/src/share/vm/prims/methodHandles.cpp, line 1146]
Event: 0.114 Thread 0x00007fdf8b804000 Exception <a 'java/lang/NoSuchFieldError': method resolution failed> (0x000000076aefc618) thrown at [/HUDSON3/workspace/8-2-build-macosx-x86_64/jdk8u73/6086/hotspot/src/share/vm/prims/methodHandles.cpp, line 1146]
Event: 0.249 Thread 0x00007fdf8b804000 Exception <a 'java/io/FileNotFoundException'> (0x000000076af78308) thrown at [/HUDSON3/workspace/8-2-build-macosx-x86_64/jdk8u73/6086/hotspot/src/share/vm/prims/jni.cpp, line 709]
Event: 0.249 Thread 0x00007fdf8b804000 Exception <a 'java/io/FileNotFoundException'> (0x000000076af78e30) thrown at [/HUDSON3/workspace/8-2-build-macosx-x86_64/jdk8u73/6086/hotspot/src/share/vm/prims/jni.cpp, line 709]
Event: 0.348 Thread 0x00007fdf8b804000 Exception <a 'java/io/FileNotFoundException'> (0x000000076b00e860) thrown at [/HUDSON3/workspace/8-2-build-macosx-x86_64/jdk8u73/6086/hotspot/src/share/vm/prims/jni.cpp, line 709]
Event: 1.361 Thread 0x00007fdf8ba33800 Exception <a 'java/lang/UnsatisfiedLinkError': com.jogamp.common.util.JarUtil.fixNativeLibAttribs(Ljava/lang/String;)Z> (0x000000076c8b1e70) thrown at [/HUDSON3/workspace/8-2-build-macosx-x86_64/jdk8u73/6086/hotspot/src/share/vm/prims/nativeLookup.cpp, li
Event: 2.038 Thread 0x00007fdf8c30c800 Exception <a 'java/io/FileNotFoundException'> (0x000000076d954660) thrown at [/HUDSON3/workspace/8-2-build-macosx-x86_64/jdk8u73/6086/hotspot/src/share/vm/prims/jni.cpp, line 709]
Event: 2.038 Thread 0x00007fdf8c30c800 Exception <a 'java/io/FileNotFoundException'> (0x000000076d95ad20) thrown at [/HUDSON3/workspace/8-2-build-macosx-x86_64/jdk8u73/6086/hotspot/src/share/vm/prims/jni.cpp, line 709]
Event: 2.038 Thread 0x00007fdf8c30c800 Implicit null exception at 0x0000000105633235 to 0x0000000105633599
Event: 3.412 Thread 0x00007fdf8c009000 Exception <a 'java/lang/NullPointerException'> (0x000000076ad13898) thrown at [/HUDSON3/workspace/8-2-build-macosx-x86_64/jdk8u73/6086/hotspot/src/share/vm/interpreter/linkResolver.cpp, line 1178]

Events (10 events):
Event: 6.160 loading class jogamp/nativewindow/jawt/macosx/MacOSXJAWTWindow$1 done
Event: 6.160 loading class java/awt/LightweightDispatcher$2
Event: 6.161 loading class java/awt/LightweightDispatcher$2 done
Event: 6.161 loading class java/awt/event/AWTEventListenerProxy
Event: 6.161 loading class java/awt/event/AWTEventListenerProxy done
Event: 6.161 loading class java/awt/Toolkit$ToolkitEventMulticaster
Event: 6.161 loading class java/awt/Toolkit$ToolkitEventMulticaster done
Event: 6.161 Thread 0x00007fdf8c1f8800 Thread exited: 0x00007fdf8c1f8800
Event: 6.161 loading class java/awt/Window$1DisposeAction
Event: 6.162 loading class java/awt/Window$1DisposeAction done


Dynamic libraries:
0x000000000b3c4000 	/System/Library/Frameworks/Cocoa.framework/Versions/A/Cocoa
0x000000000b3c4000 	/System/Library/Frameworks/Security.framework/Versions/A/Security
0x000000000b3c4000 	/System/Library/Frameworks/ApplicationServices.framework/Versions/A/ApplicationServices
0x000000000b3c4000 	/usr/lib/libz.1.dylib
0x000000000b3c4000 	/usr/lib/libSystem.B.dylib
0x000000000b3c4000 	/usr/lib/libobjc.A.dylib
0x000000000b3c4000 	/System/Library/Frameworks/CoreFoundation.framework/Versions/A/CoreFoundation
0x000000000b3c4000 	/System/Library/Frameworks/Foundation.framework/Versions/C/Foundation
0x000000000b3c4000 	/System/Library/Frameworks/AppKit.framework/Versions/C/AppKit
0x000000000b3c4000 	/System/Library/Frameworks/CoreData.framework/Versions/A/CoreData
0x000000000b3c4000 	/System/Library/PrivateFrameworks/RemoteViewServices.framework/Versions/A/RemoteViewServices
0x000000000b3c4000 	/System/Library/PrivateFrameworks/UIFoundation.framework/Versions/A/UIFoundation
0x000000000b3c4000 	/System/Library/Frameworks/IOSurface.framework/Versions/A/IOSurface
0x000000000b3c4000 	/System/Library/Frameworks/AudioToolbox.framework/Versions/A/AudioToolbox
0x000000000b3c4000 	/System/Library/Frameworks/AudioUnit.framework/Versions/A/AudioUnit
0x000000000b3c4000 	/System/Library/PrivateFrameworks/DataDetectorsCore.framework/Versions/A/DataDetectorsCore
0x000000000b3c4000 	/System/Library/PrivateFrameworks/DesktopServicesPriv.framework/Versions/A/DesktopServicesPriv
0x000000000b3c4000 	/System/Library/Frameworks/Carbon.framework/Versions/A/Frameworks/HIToolbox.framework/Versions/A/HIToolbox
0x000000000b3c4000 	/System/Library/Frameworks/QuartzCore.framework/Versions/A/QuartzCore
0x000000000b3c4000 	/System/Library/Frameworks/Carbon.framework/Versions/A/Frameworks/SpeechRecognition.framework/Versions/A/SpeechRecognition
0x000000000b3c4000 	/usr/lib/libauto.dylib
0x000000000b3c4000 	/usr/lib/libicucore.A.dylib
0x000000000b3c4000 	/usr/lib/libxml2.2.dylib
0x000000000b3c4000 	/System/Library/PrivateFrameworks/CoreUI.framework/Versions/A/CoreUI
0x000000000b3c4000 	/System/Library/Frameworks/CoreAudio.framework/Versions/A/CoreAudio
0x000000000b3c4000 	/System/Library/Frameworks/DiskArbitration.framework/Versions/A/DiskArbitration
0x000000000b3c4000 	/usr/lib/liblangid.dylib
0x000000000b3c4000 	/System/Library/PrivateFrameworks/MultitouchSupport.framework/Versions/A/MultitouchSupport
0x000000000b3c4000 	/System/Library/Frameworks/IOKit.framework/Versions/A/IOKit
0x000000000b3c4000 	/usr/lib/libDiagnosticMessagesClient.dylib
0x000000000b3c4000 	/System/Library/Frameworks/CoreServices.framework/Versions/A/CoreServices
0x000000000b3c4000 	/System/Library/PrivateFrameworks/PerformanceAnalysis.framework/Versions/A/PerformanceAnalysis
0x000000000b3c4000 	/System/Library/PrivateFrameworks/GenerationalStorage.framework/Versions/A/GenerationalStorage
0x000000000b3c4000 	/System/Library/Frameworks/OpenGL.framework/Versions/A/OpenGL
0x000000000b3c4000 	/System/Library/PrivateFrameworks/Sharing.framework/Versions/A/Sharing
0x000000000b3c4000 	/System/Library/Frameworks/CoreGraphics.framework/Versions/A/CoreGraphics
0x000000000b3c4000 	/System/Library/Frameworks/CoreText.framework/Versions/A/CoreText
0x000000000b3c4000 	/System/Library/Frameworks/ImageIO.framework/Versions/A/ImageIO
0x000000000b3c4000 	/usr/lib/libextension.dylib
0x000000000b3c4000 	/System/Library/PrivateFrameworks/Backup.framework/Versions/A/Backup
0x000000000b3c4000 	/usr/lib/libarchive.2.dylib
0x000000000b3c4000 	/System/Library/Frameworks/CFNetwork.framework/Versions/A/CFNetwork
0x000000000b3c4000 	/System/Library/Frameworks/SystemConfiguration.framework/Versions/A/SystemConfiguration
0x000000000b3c4000 	/usr/lib/libCRFSuite.dylib
0x000000000b3c4000 	/usr/lib/libc++.1.dylib
0x000000000b3c4000 	/usr/lib/libc++abi.dylib
0x000000000b3c4000 	/usr/lib/system/libcache.dylib
0x000000000b3c4000 	/usr/lib/system/libcommonCrypto.dylib
0x000000000b3c4000 	/usr/lib/system/libcompiler_rt.dylib
0x000000000b3c4000 	/usr/lib/system/libcopyfile.dylib
0x000000000b3c4000 	/usr/lib/system/libcorecrypto.dylib
0x000000000b3c4000 	/usr/lib/system/libdispatch.dylib
0x000000000b3c4000 	/usr/lib/system/libdyld.dylib
0x000000000b3c4000 	/usr/lib/system/libkeymgr.dylib
0x000000000b3c4000 	/usr/lib/system/liblaunch.dylib
0x000000000b3c4000 	/usr/lib/system/libmacho.dylib
0x000000000b3c4000 	/usr/lib/system/libquarantine.dylib
0x000000000b3c4000 	/usr/lib/system/libremovefile.dylib
0x000000000b3c4000 	/usr/lib/system/libsystem_asl.dylib
0x000000000b3c4000 	/usr/lib/system/libsystem_blocks.dylib
0x000000000b3c4000 	/usr/lib/system/libsystem_c.dylib
0x000000000b3c4000 	/usr/lib/system/libsystem_configuration.dylib
0x000000000b3c4000 	/usr/lib/system/libsystem_coreservices.dylib
0x000000000b3c4000 	/usr/lib/system/libsystem_coretls.dylib
0x000000000b3c4000 	/usr/lib/system/libsystem_dnssd.dylib
0x000000000b3c4000 	/usr/lib/system/libsystem_info.dylib
0x000000000b3c4000 	/usr/lib/system/libsystem_kernel.dylib
0x000000000b3c4000 	/usr/lib/system/libsystem_m.dylib
0x000000000b3c4000 	/usr/lib/system/libsystem_malloc.dylib
0x000000000b3c4000 	/usr/lib/system/libsystem_network.dylib
0x000000000b3c4000 	/usr/lib/system/libsystem_networkextension.dylib
0x000000000b3c4000 	/usr/lib/system/libsystem_notify.dylib
0x000000000b3c4000 	/usr/lib/system/libsystem_platform.dylib
0x000000000b3c4000 	/usr/lib/system/libsystem_pthread.dylib
0x000000000b3c4000 	/usr/lib/system/libsystem_sandbox.dylib
0x000000000b3c4000 	/usr/lib/system/libsystem_secinit.dylib
0x000000000b3c4000 	/usr/lib/system/libsystem_stats.dylib
0x000000000b3c4000 	/usr/lib/system/libsystem_trace.dylib
0x000000000b3c4000 	/usr/lib/system/libunc.dylib
0x000000000b3c4000 	/usr/lib/system/libunwind.dylib
0x000000000b3c4000 	/usr/lib/system/libxpc.dylib
0x000000000b3c4000 	/usr/lib/libbz2.1.0.dylib
0x000000000b3c4000 	/usr/lib/liblzma.5.dylib
0x000000000b3c4000 	/usr/lib/libbsm.0.dylib
0x000000000b3c4000 	/usr/lib/libsqlite3.dylib
0x000000000b3c4000 	/usr/lib/system/libkxld.dylib
0x000000000b3c4000 	/usr/lib/libxar.1.dylib
0x000000000b3c4000 	/usr/lib/libpam.2.dylib
0x000000000b3c4000 	/usr/lib/libOpenScriptingUtil.dylib
0x000000000b3c4000 	/System/Library/Frameworks/CoreServices.framework/Versions/A/Frameworks/FSEvents.framework/Versions/A/FSEvents
0x000000000b3c4000 	/System/Library/Frameworks/CoreServices.framework/Versions/A/Frameworks/CarbonCore.framework/Versions/A/CarbonCore
0x000000000b3c4000 	/System/Library/Frameworks/CoreServices.framework/Versions/A/Frameworks/Metadata.framework/Versions/A/Metadata
0x000000000b3c4000 	/System/Library/Frameworks/CoreServices.framework/Versions/A/Frameworks/OSServices.framework/Versions/A/OSServices
0x000000000b3c4000 	/System/Library/Frameworks/CoreServices.framework/Versions/A/Frameworks/SearchKit.framework/Versions/A/SearchKit
0x000000000b3c4000 	/System/Library/Frameworks/CoreServices.framework/Versions/A/Frameworks/AE.framework/Versions/A/AE
0x000000000b3c4000 	/System/Library/Frameworks/CoreServices.framework/Versions/A/Frameworks/LaunchServices.framework/Versions/A/LaunchServices
0x000000000b3c4000 	/System/Library/Frameworks/CoreServices.framework/Versions/A/Frameworks/DictionaryServices.framework/Versions/A/DictionaryServices
0x000000000b3c4000 	/System/Library/Frameworks/NetFS.framework/Versions/A/NetFS
0x000000000b3c4000 	/System/Library/PrivateFrameworks/NetAuth.framework/Versions/A/NetAuth
0x000000000b3c4000 	/System/Library/PrivateFrameworks/login.framework/Versions/A/Frameworks/loginsupport.framework/Versions/A/loginsupport
0x000000000b3c4000 	/System/Library/PrivateFrameworks/TCC.framework/Versions/A/TCC
0x000000000b3c4000 	/usr/lib/libmecabra.dylib
0x000000000b3c4000 	/System/Library/Frameworks/ApplicationServices.framework/Versions/A/Frameworks/ATS.framework/Versions/A/ATS
0x000000000b3c4000 	/System/Library/Frameworks/ApplicationServices.framework/Versions/A/Frameworks/ColorSync.framework/Versions/A/ColorSync
0x000000000b3c4000 	/System/Library/Frameworks/ApplicationServices.framework/Versions/A/Frameworks/HIServices.framework/Versions/A/HIServices
0x000000000b3c4000 	/System/Library/Frameworks/ApplicationServices.framework/Versions/A/Frameworks/LangAnalysis.framework/Versions/A/LangAnalysis
0x000000000b3c4000 	/System/Library/Frameworks/ApplicationServices.framework/Versions/A/Frameworks/PrintCore.framework/Versions/A/PrintCore
0x000000000b3c4000 	/System/Library/Frameworks/ApplicationServices.framework/Versions/A/Frameworks/QD.framework/Versions/A/QD
0x000000000b3c4000 	/System/Library/Frameworks/ApplicationServices.framework/Versions/A/Frameworks/SpeechSynthesis.framework/Versions/A/SpeechSynthesis
0x000000000b3c4000 	/System/Library/Frameworks/Accelerate.framework/Versions/A/Accelerate
0x000000000b3c4000 	/System/Library/Frameworks/Accelerate.framework/Versions/A/Frameworks/vImage.framework/Versions/A/vImage
0x000000000b3c4000 	/System/Library/Frameworks/Accelerate.framework/Versions/A/Frameworks/vecLib.framework/Versions/A/vecLib
0x000000000b3c4000 	/System/Library/Frameworks/Accelerate.framework/Versions/A/Frameworks/vecLib.framework/Versions/A/libvDSP.dylib
0x000000000b3c4000 	/System/Library/Frameworks/Accelerate.framework/Versions/A/Frameworks/vecLib.framework/Versions/A/libvMisc.dylib
0x000000000b3c4000 	/System/Library/Frameworks/Accelerate.framework/Versions/A/Frameworks/vecLib.framework/Versions/A/libLAPACK.dylib
0x000000000b3c4000 	/System/Library/Frameworks/Accelerate.framework/Versions/A/Frameworks/vecLib.framework/Versions/A/libBLAS.dylib
0x000000000b3c4000 	/System/Library/Frameworks/Accelerate.framework/Versions/A/Frameworks/vecLib.framework/Versions/A/libLinearAlgebra.dylib
0x000000000b3c4000 	/System/Library/Frameworks/ApplicationServices.framework/Versions/A/Frameworks/ATS.framework/Versions/A/Resources/libFontParser.dylib
0x000000000b3c4000 	/System/Library/Frameworks/ApplicationServices.framework/Versions/A/Frameworks/ATS.framework/Versions/A/Resources/libFontRegistry.dylib
0x000000000b3c4000 	/System/Library/PrivateFrameworks/AppleVPA.framework/Versions/A/AppleVPA
0x000000000b3c4000 	/System/Library/PrivateFrameworks/AppleJPEG.framework/Versions/A/AppleJPEG
0x000000000b3c4000 	/System/Library/Frameworks/ImageIO.framework/Versions/A/Resources/libJPEG.dylib
0x000000000b3c4000 	/System/Library/Frameworks/ImageIO.framework/Versions/A/Resources/libTIFF.dylib
0x000000000b3c4000 	/System/Library/Frameworks/ImageIO.framework/Versions/A/Resources/libPng.dylib
0x000000000b3c4000 	/System/Library/Frameworks/ImageIO.framework/Versions/A/Resources/libGIF.dylib
0x000000000b3c4000 	/System/Library/Frameworks/ImageIO.framework/Versions/A/Resources/libJP2.dylib
0x000000000b3c4000 	/System/Library/Frameworks/ImageIO.framework/Versions/A/Resources/libRadiance.dylib
0x000000000b3c4000 	/System/Library/Frameworks/CoreVideo.framework/Versions/A/CoreVideo
0x000000000b3c4000 	/System/Library/Frameworks/OpenGL.framework/Versions/A/Libraries/libGLU.dylib
0x000000000b3c4000 	/System/Library/Frameworks/OpenGL.framework/Versions/A/Libraries/libGFXShared.dylib
0x000000000b3c4000 	/System/Library/Frameworks/OpenGL.framework/Versions/A/Libraries/libGL.dylib
0x000000000b3c4000 	/System/Library/Frameworks/OpenGL.framework/Versions/A/Libraries/libGLImage.dylib
0x000000000b3c4000 	/System/Library/Frameworks/OpenGL.framework/Versions/A/Libraries/libCVMSPluginSupport.dylib
0x000000000b3c4000 	/System/Library/Frameworks/OpenGL.framework/Versions/A/Libraries/libCoreVMClient.dylib
0x000000000b3c4000 	/usr/lib/libcups.2.dylib
0x000000000b3c4000 	/System/Library/Frameworks/Kerberos.framework/Versions/A/Kerberos
0x000000000b3c4000 	/System/Library/Frameworks/GSS.framework/Versions/A/GSS
0x000000000b3c4000 	/usr/lib/libresolv.9.dylib
0x000000000b3c4000 	/usr/lib/libiconv.2.dylib
0x000000000b3c4000 	/System/Library/PrivateFrameworks/Heimdal.framework/Versions/A/Heimdal
0x000000000b3c4000 	/usr/lib/libheimdal-asn1.dylib
0x000000000b3c4000 	/System/Library/Frameworks/OpenDirectory.framework/Versions/A/OpenDirectory
0x000000000b3c4000 	/System/Library/PrivateFrameworks/CommonAuth.framework/Versions/A/CommonAuth
0x000000000b3c4000 	/System/Library/Frameworks/OpenDirectory.framework/Versions/A/Frameworks/CFOpenDirectory.framework/Versions/A/CFOpenDirectory
0x000000000b3c4000 	/System/Library/Frameworks/SecurityFoundation.framework/Versions/A/SecurityFoundation
0x000000000b3c4000 	/System/Library/PrivateFrameworks/LanguageModeling.framework/Versions/A/LanguageModeling
0x000000000b3c4000 	/usr/lib/libcmph.dylib
0x000000000b3c4000 	/System/Library/Frameworks/ServiceManagement.framework/Versions/A/ServiceManagement
0x000000000b3c4000 	/usr/lib/libxslt.1.dylib
0x000000000b3c4000 	/System/Library/Frameworks/Carbon.framework/Versions/A/Frameworks/Ink.framework/Versions/A/Ink
0x000000000b3c4000 	/System/Library/Frameworks/QuartzCore.framework/Versions/A/Frameworks/CoreImage.framework/Versions/A/CoreImage
0x000000000b3c4000 	/System/Library/PrivateFrameworks/CrashReporterSupport.framework/Versions/A/CrashReporterSupport
0x000000000b3c4000 	/System/Library/Frameworks/OpenCL.framework/Versions/A/OpenCL
0x000000000b3c4000 	/System/Library/PrivateFrameworks/FaceCore.framework/Versions/A/FaceCore
0x000000000b3c4000 	/System/Library/PrivateFrameworks/Ubiquity.framework/Versions/A/Ubiquity
0x000000000b3c4000 	/System/Library/PrivateFrameworks/IconServices.framework/Versions/A/IconServices
0x000000000b3c4000 	/System/Library/PrivateFrameworks/ChunkingLibrary.framework/Versions/A/ChunkingLibrary
0x000000000b3c4000 	/System/Library/PrivateFrameworks/Apple80211.framework/Versions/A/Apple80211
0x000000000b3c4000 	/System/Library/Frameworks/CoreWLAN.framework/Versions/A/CoreWLAN
0x000000000b3c4000 	/System/Library/Frameworks/IOBluetooth.framework/Versions/A/IOBluetooth
0x000000000b3c4000 	/System/Library/PrivateFrameworks/CoreWiFi.framework/Versions/A/CoreWiFi
0x000000000b3c4000 	/System/Library/Frameworks/CoreBluetooth.framework/Versions/A/CoreBluetooth
0x000000000b3c4000 	/System/Library/PrivateFrameworks/DebugSymbols.framework/Versions/A/DebugSymbols
0x000000000b3c4000 	/System/Library/PrivateFrameworks/CoreSymbolication.framework/Versions/A/CoreSymbolication
0x000000000b3c4000 	/System/Library/PrivateFrameworks/Symbolication.framework/Versions/A/Symbolication
0x000000000b3c4000 	/System/Library/PrivateFrameworks/SpeechRecognitionCore.framework/Versions/A/SpeechRecognitionCore
0x0000000104400000 	/Library/Java/JavaVirtualMachines/jdk1.8.0_73.jdk/Contents/Home/jre/lib/server/libjvm.dylib
0x000000000b3c4000 	/usr/lib/libstdc++.6.dylib
0x0000000103320000 	/Library/Java/JavaVirtualMachines/jdk1.8.0_73.jdk/Contents/Home/jre/lib/libverify.dylib
0x000000010332e000 	/Library/Java/JavaVirtualMachines/jdk1.8.0_73.jdk/Contents/Home/jre/lib/libjava.dylib
0x000000010336d000 	/Library/Java/JavaVirtualMachines/jdk1.8.0_73.jdk/Contents/Home/jre/lib/libzip.dylib
0x0000000120fee000 	/System/Library/Frameworks/JavaVM.framework/Frameworks/JavaRuntimeSupport.framework/JavaRuntimeSupport
0x0000000121004000 	/System/Library/Frameworks/JavaVM.framework/Versions/A/Frameworks/JavaNativeFoundation.framework/Versions/A/JavaNativeFoundation
0x00000001033ef000 	/System/Library/Frameworks/JavaVM.framework/Versions/A/JavaVM
0x000000000b3c4000 	/System/Library/Frameworks/Carbon.framework/Versions/A/Carbon
0x0000000121018000 	/System/Library/PrivateFrameworks/JavaLaunching.framework/Versions/A/JavaLaunching
0x000000000b3c4000 	/System/Library/Frameworks/Carbon.framework/Versions/A/Frameworks/CommonPanels.framework/Versions/A/CommonPanels
0x000000000b3c4000 	/System/Library/Frameworks/Carbon.framework/Versions/A/Frameworks/Help.framework/Versions/A/Help
0x000000000b3c4000 	/System/Library/Frameworks/Carbon.framework/Versions/A/Frameworks/ImageCapture.framework/Versions/A/ImageCapture
0x000000000b3c4000 	/System/Library/Frameworks/Carbon.framework/Versions/A/Frameworks/OpenScripting.framework/Versions/A/OpenScripting
0x000000000b3c4000 	/System/Library/Frameworks/Carbon.framework/Versions/A/Frameworks/Print.framework/Versions/A/Print
0x000000000b3c4000 	/System/Library/Frameworks/Carbon.framework/Versions/A/Frameworks/SecurityHI.framework/Versions/A/SecurityHI
0x0000000123012000 	/Library/Java/JavaVirtualMachines/jdk1.8.0_73.jdk/Contents/Home/jre/lib/libawt.dylib
0x00000001230ba000 	/Library/Java/JavaVirtualMachines/jdk1.8.0_73.jdk/Contents/Home/jre/lib/./libmlib_image.dylib
0x0000000123186000 	/Library/Java/JavaVirtualMachines/jdk1.8.0_73.jdk/Contents/Home/jre/lib/libawt_lwawt.dylib
0x000000012323b000 	/Library/Java/JavaVirtualMachines/jdk1.8.0_73.jdk/Contents/Home/jre/lib/./libosxapp.dylib
0x000000000b3c4000 	/System/Library/Frameworks/ExceptionHandling.framework/Versions/A/ExceptionHandling
0x000000000b3c4000 	/System/Library/PrivateFrameworks/CoreServicesInternal.framework/Versions/A/CoreServicesInternal
0x000000000b3c4000 	/System/Library/PrivateFrameworks/CloudDocs.framework/Versions/A/CloudDocs
0x000000000b3c4000 	/System/Library/PrivateFrameworks/CoreDuet.framework/Versions/A/CoreDuet
0x000000000b3c4000 	/System/Library/Frameworks/CloudKit.framework/Versions/A/CloudKit
0x000000000b3c4000 	/System/Library/PrivateFrameworks/ProtocolBuffer.framework/Versions/A/ProtocolBuffer
0x000000000b3c4000 	/System/Library/PrivateFrameworks/CoreDuetDaemonProtocol.framework/Versions/A/CoreDuetDaemonProtocol
0x000000000b3c4000 	/System/Library/PrivateFrameworks/CoreDuetDebugLogging.framework/Versions/A/CoreDuetDebugLogging
0x000000000b3c4000 	/System/Library/PrivateFrameworks/MMCS.framework/Versions/A/MMCS
0x000000000b3c4000 	/System/Library/Frameworks/CoreLocation.framework/Versions/A/CoreLocation
0x000000000b3c4000 	/System/Library/PrivateFrameworks/ProtectedCloudStorage.framework/Versions/A/ProtectedCloudStorage
0x000000000b3c4000 	/System/Library/PrivateFrameworks/GeoServices.framework/Versions/A/GeoServices
0x000000000b3c4000 	/System/Library/Frameworks/CoreGraphics.framework/Versions/A/Resources/libCGCMS.A.dylib
0x000000000b3c4000 	/System/Library/Frameworks/CoreGraphics.framework/Versions/A/Resources/libRIP.A.dylib
0x000000000b3c4000 	/System/Library/Frameworks/CoreGraphics.framework/Versions/A/Resources/libCGXType.A.dylib
0x000000000b3c4000 	/System/Library/Frameworks/OpenCL.framework/Versions/A/Libraries/libcldcpuengine.dylib
0x000000000b3c4000 	/System/Library/PrivateFrameworks/DiskImages.framework/Versions/A/DiskImages
0x000000000b3c4000 	/System/Library/Frameworks/DiscRecording.framework/Versions/A/DiscRecording
0x000000000b3c4000 	/usr/lib/libcsfde.dylib
0x000000000b3c4000 	/usr/lib/libcurl.4.dylib
0x000000000b3c4000 	/System/Library/PrivateFrameworks/MediaKit.framework/Versions/A/MediaKit
0x000000000b3c4000 	/usr/lib/libCoreStorage.dylib
0x000000000b3c4000 	/System/Library/PrivateFrameworks/EFILogin.framework/Versions/A/EFILogin
0x000000000b3c4000 	/usr/lib/libutil.dylib
0x000000000b3c4000 	/System/Library/PrivateFrameworks/FindMyDevice.framework/Versions/A/FindMyDevice
0x000000000b3c4000 	/System/Library/Frameworks/LDAP.framework/Versions/A/LDAP
0x000000000b3c4000 	/usr/lib/libsasl2.2.dylib
0x000000000b3c4000 	/System/Library/PrivateFrameworks/CoreDaemon.framework/Versions/B/CoreDaemon
0x000000000b3c4000 	/usr/lib/libcrypto.0.9.8.dylib
0x000000000b3c4000 	/System/Library/PrivateFrameworks/AppleSRP.framework/Versions/A/AppleSRP
0x000000000b3c4000 	/System/Library/PrivateFrameworks/TrustEvaluationAgent.framework/Versions/A/TrustEvaluationAgent
0x00000001234d0000 	cl_kernels
0x000000012629b000 	/System/Library/Frameworks/OpenCL.framework/Versions/A/Libraries/ImageFormats/unorm8_bgra.dylib
0x00000001234c2000 	cl_kernels
0x000000000b3c4000 	/System/Library/PrivateFrameworks/FamilyControls.framework/Versions/A/FamilyControls
0x000000000b3c4000 	/System/Library/PrivateFrameworks/CommerceKit.framework/Versions/A/Frameworks/CommerceCore.framework/Versions/A/CommerceCore
0x000000000b3c4000 	/System/Library/PrivateFrameworks/SystemAdministration.framework/Versions/A/SystemAdministration
0x000000000b3c4000 	/System/Library/PrivateFrameworks/AppContainer.framework/Versions/A/AppContainer
0x000000000b3c4000 	/System/Library/PrivateFrameworks/SecCodeWrapper.framework/Versions/A/SecCodeWrapper
0x000000000b3c4000 	/System/Library/Frameworks/DirectoryService.framework/Versions/A/DirectoryService
0x000000000b3c4000 	/System/Library/PrivateFrameworks/LoginUIKit.framework/Versions/A/Frameworks/LoginUICore.framework/Versions/A/LoginUICore
0x000000000b3c4000 	/usr/lib/libodfde.dylib
0x000000000b3c4000 	/System/Library/Frameworks/OpenGL.framework/Versions/A/Resources/GLEngine.bundle/GLEngine
0x000000000b3c4000 	/System/Library/Frameworks/OpenGL.framework/Versions/A/Libraries/libGLProgrammability.dylib
0x00000001278d2000 	/System/Library/Extensions/AppleIntelHD5000GraphicsGLDriver.bundle/Contents/MacOS/AppleIntelHD5000GraphicsGLDriver
0x000000000b3c4000 	/System/Library/PrivateFrameworks/IOAccelerator.framework/Versions/A/IOAccelerator
0x000000000b3c4000 	/System/Library/PrivateFrameworks/GPUSupport.framework/Versions/A/Libraries/libGPUSupportMercury.dylib
0x000000000b3c4000 	/System/Library/Frameworks/OpenGL.framework/Versions/A/Resources/GLRendererFloat.bundle/GLRendererFloat
0x0000000128910000 	/Library/Java/JavaVirtualMachines/jdk1.8.0_73.jdk/Contents/Home/jre/lib/libfontmanager.dylib
0x0000000129c9b000 	/Library/Java/JavaVirtualMachines/jdk1.8.0_73.jdk/Contents/Home/jre/lib/libosxui.dylib
0x0000000129f2f000 	/Library/Java/JavaVirtualMachines/jdk1.8.0_73.jdk/Contents/Home/jre/lib/libnet.dylib
0x0000000129cdb000 	/Library/Java/JavaVirtualMachines/jdk1.8.0_73.jdk/Contents/Home/jre/lib/libnio.dylib
0x000000000b3c4000 	/System/Library/Frameworks/ApplicationServices.framework/Versions/A/Frameworks/ATS.framework/Versions/A/Resources/libTrueTypeScaler.dylib
0x000000017548a000 	/private/var/folders/88/rn0nzmd518s0659qz29bsj6m0000gn/T/jogamp_0000/file_cache/jln7890601705168196434/jln5373366809230277597/libgluegen-rt.jnilib
0x000000017548f000 	/private/var/folders/88/rn0nzmd518s0659qz29bsj6m0000gn/T/jogamp_0000/file_cache/jln7890601705168196434/jln5373366809230277597/libnativewindow_awt.jnilib
0x0000000175492000 	/Library/Java/JavaVirtualMachines/jdk1.8.0_73.jdk/Contents/Home/jre/lib/libjawt.dylib
0x0000000175495000 	/private/var/folders/88/rn0nzmd518s0659qz29bsj6m0000gn/T/jogamp_0000/file_cache/jln7890601705168196434/jln5373366809230277597/libnativewindow_macosx.jnilib
0x00000001755c1000 	/private/var/folders/88/rn0nzmd518s0659qz29bsj6m0000gn/T/jogamp_0000/file_cache/jln7890601705168196434/jln5373366809230277597/libjogl_desktop.jnilib

VM Arguments:
jvm_args: -Djava.security.policy=java.policy.applet -Dfile.encoding=UTF-8 
java_command: sun.applet.AppletViewer module3.EarthquakeCityMap1457926568211.html
java_class_path (initial): /Users/jb/Documents/GitHub/Java_Programming/UCSDUnfoldingMaps/build:/Users/jb/Documents/GitHub/Java_Programming/UCSDUnfoldingMaps/lib/core.jar:/Users/jb/Documents/GitHub/Java_Programming/UCSDUnfoldingMaps/lib/gluegen-rt.jar:/Users/jb/Documents/GitHub/Java_Programming/UCSDUnfoldingMaps/lib/jogl-all.jar:/Users/jb/Documents/GitHub/Java_Programming/UCSDUnfoldingMaps/lib/log4j-1.2.15.jar:/Users/jb/Documents/GitHub/Java_Programming/UCSDUnfoldingMaps/lib/sqlite-jdbc-3.7.2.jar:/Users/jb/Documents/GitHub/Java_Programming/UCSDUnfoldingMaps/lib/json4processing.jar:/Users/jb/Documents/GitHub/Java_Programming/UCSDUnfoldingMaps/lib/libTUIO.jar:/Users/jb/Documents/GitHub/Java_Programming/UCSDUnfoldingMaps/lib/unfolding.0.9.7-uscd.jar
Launcher Type: SUN_STANDARD

Environment Variables:
PATH=/usr/bin:/bin:/usr/sbin:/sbin
SHELL=/bin/bash

Signal Handlers:
SIGSEGV: [libjvm.dylib+0x5a71a5], sa_mask[0]=11111111011111110111111111111111, sa_flags=SA_ONSTACK|SA_RESTART|SA_SIGINFO
SIGBUS: [libjvm.dylib+0x5a71a5], sa_mask[0]=11111111011111110111111111111111, sa_flags=SA_RESTART|SA_SIGINFO
SIGFPE: [libjvm.dylib+0x480eb4], sa_mask[0]=11111111011111110111111111111111, sa_flags=SA_RESTART|SA_SIGINFO
SIGPIPE: [libjvm.dylib+0x480eb4], sa_mask[0]=11111111011111110111111111111111, sa_flags=SA_RESTART|SA_SIGINFO
SIGXFSZ: [libjvm.dylib+0x480eb4], sa_mask[0]=11111111011111110111111111111111, sa_flags=SA_RESTART|SA_SIGINFO
SIGILL: [libjvm.dylib+0x480eb4], sa_mask[0]=11111111011111110111111111111111, sa_flags=SA_RESTART|SA_SIGINFO
SIGUSR1: SIG_DFL, sa_mask[0]=00000000000000000000000000000000, sa_flags=none
SIGUSR2: [libjvm.dylib+0x4809d2], sa_mask[0]=00100000000000000000000000000000, sa_flags=SA_RESTART|SA_SIGINFO
SIGHUP: [libjvm.dylib+0x47efa9], sa_mask[0]=11111111011111110111111111111111, sa_flags=SA_RESTART|SA_SIGINFO
SIGINT: [libjvm.dylib+0x47efa9], sa_mask[0]=11111111011111110111111111111111, sa_flags=SA_RESTART|SA_SIGINFO
SIGTERM: [libjvm.dylib+0x47efa9], sa_mask[0]=11111111011111110111111111111111, sa_flags=SA_RESTART|SA_SIGINFO
SIGQUIT: [libjvm.dylib+0x47efa9], sa_mask[0]=11111111011111110111111111111111, sa_flags=SA_RESTART|SA_SIGINFO


---------------  S Y S T E M  ---------------

OS:Bsduname:Darwin 14.5.0 Darwin Kernel Version 14.5.0: Wed Jul 29 02:26:53 PDT 2015; root:xnu-2782.40.9~1/RELEASE_X86_64 x86_64
rlimit: STACK 8192k, CORE 0k, NPROC 709, NOFILE 10240, AS infinity
load average:1.32 1.16 1.18

CPU:total 8 (4 cores per cpu, 2 threads per core) family 6 model 70 stepping 1, cmov, cx8, fxsr, mmx, sse, sse2, sse3, ssse3, sse4.1, sse4.2, popcnt, avx, avx2, aes, clmul, erms, lzcnt, ht, tsc, tscinvbit, bmi1, bmi2

Memory: 4k page, physical 16777216k(1637236k free)

/proc/meminfo:


vm_info: Java HotSpot(TM) 64-Bit Server VM (25.73-b02) for bsd-amd64 JRE (1.8.0_73-b02), built on Jan 29 2016 15:02:00 by "java_re" with gcc 4.2.1 (Based on Apple Inc. build 5658) (LLVM build 2336.11.00)

time: Sun Mar 13 23:36:14 2016
elapsed time: 6 seconds (0d 0h 0m 6s)

