#
# A fatal error has been detected by the Java Runtime Environment:
#
#  SIGSEGV (0xb) at pc=0x00007fff963ad44c, pid=4710, tid=1811
#
# JRE version: Java(TM) SE Runtime Environment (8.0_73-b02) (build 1.8.0_73-b02)
# Java VM: Java HotSpot(TM) 64-Bit Server VM (25.73-b02 mixed mode bsd-amd64 compressed oops)
# Problematic frame:
# C  [libobjc.A.dylib+0x944c]  objc_release+0xc
#
# Failed to write core dump. Core dumps have been disabled. To enable core dumping, try "ulimit -c unlimited" before starting Java again
#
# If you would like to submit a bug report, please visit:
#   http://bugreport.java.com/bugreport/crash.jsp
# The crash happened outside the Java Virtual Machine in native code.
# See problematic frame for where to report the bug.
#

---------------  T H R E A D  ---------------

Current thread (0x00007fa7e4869800):  JavaThread "AWT-AppKit" daemon [_thread_in_native, id=1811, stack(0x00007fff5c38b000,0x00007fff5cb8b000)]

siginfo: si_signo: 11 (SIGSEGV), si_code: 0 (unknown), si_addr: 0x0000000000000000

Registers:
RAX=0x0000000000000008, RBX=0x0000000000000000, RCX=0x0000000000000003, RDX=0x00007fa7ea2d2288
RSP=0x00007fff5cb86468, RBP=0x00007fff5cb86490, RSI=0x000000012306cf10, RDI=0xb00007fa7ea2d566
R8 =0x0000000000000002, R9 =0x00007fa7ea200000, R10=0x00007fa7e51d23d0, R11=0x000000017530e840
R12=0x0000000000000000, R13=0x0000000179c88c00, R14=0x00007fa7ea2d15d0, R15=0x00007fa7e4869800
RIP=0x00007fff963ad44c, EFLAGS=0x0000000000010246, ERR=0x0000000000000000
  TRAPNO=0x000000000000000d

Top of Stack: (sp=0x00007fff5cb86468)
0x00007fff5cb86468:   0000000122ff647b 00007fff5cb86490
0x00007fff5cb86478:   000000017530e450 000000017530e440
0x00007fff5cb86488:   00007fa7e4869800 00007fff5cb86550
0x00007fff5cb86498:   000000017530c215 000000017530e700
0x00007fff5cb864a8:   000000017530e6e0 000000017530e4b0
0x00007fff5cb864b8:   0000000000000000 0000000179c88c00
0x00007fff5cb864c8:   0000000179c88c00 00007fa7ea2d2280
0x00007fff5cb864d8:   000000017530e6a0 000000017530e710
0x00007fff5cb864e8:   00007fff7d026550 00007fff7c012c80
0x00007fff5cb864f8:   000000017530e450 000000017530e690
0x00007fff5cb86508:   00007fa7ea2d2280 00007fa7ea2d15d0
0x00007fff5cb86518:   00007fa7e3c61230 00007fa7ea2d2280
0x00007fff5cb86528:   00007fa7ea2d15d0 00007fff5cb865d8
0x00007fff5cb86538:   00007fa7e48699f8 0000000179c88c00
0x00007fff5cb86548:   00007fff5cb86600 00007fff5cb865c8
0x00007fff5cb86558:   00000001052a5954 0000000179c88c00
0x00007fff5cb86568:   00007fff5cb86600 00007fff5cb865c8
0x00007fff5cb86578:   00000001052a56e7 00000001052a56a2
0x00007fff5cb86588:   00007fff5cb86588 0000000179c88c00
0x00007fff5cb86598:   00007fff5cb86600 0000000179cac028
0x00007fff5cb865a8:   0000000000000000 0000000179c88c00
0x00007fff5cb865b8:   0000000000000000 00007fff5cb865e8
0x00007fff5cb865c8:   00007fff5cb86648 0000000105297c4d
0x00007fff5cb865d8:   00000006c007ee48 000000010529f578
0x00007fff5cb865e8:   00007fa7ea2d2280 00007fff5cb86648
0x00007fff5cb865f8:   00007fa7ea2d15d0 00000001052a0d82
0x00007fff5cb86608:   00007fff5cb86608 0000000179c88dca
0x00007fff5cb86618:   00007fff5cb86670 0000000179cac028
0x00007fff5cb86628:   0000000000000000 0000000179c88dd8
0x00007fff5cb86638:   00007fff5cb865e8 00007fff5cb86658
0x00007fff5cb86648:   00007fff5cb866b8 0000000105297c4d
0x00007fff5cb86658:   00007fa7ea2d2280 00000006c0012980 

Instructions: (pc=0x00007fff963ad44c)
0x00007fff963ad42c:   5d c3 31 c0 48 85 ff 74 04 48 8b 47 08 c3 90 90
0x00007fff963ad43c:   90 90 90 90 48 85 ff 74 06 40 f6 c7 01 74 01 c3
0x00007fff963ad44c:   48 8b 07 f6 40 20 02 74 0a be 01 00 00 00 e9 51
0x00007fff963ad45c:   83 01 00 48 8d 05 7a 56 c3 e6 48 8b 30 e9 52 7c 

Register to memory mapping:

RAX=0x0000000000000008 is an unknown value
RBX=0x0000000000000000 is an unknown value
RCX=0x0000000000000003 is an unknown value
RDX=0x00007fa7ea2d2288 is an unknown value
RSP=0x00007fff5cb86468 is pointing into the stack for thread: 0x00007fa7e4869800
RBP=0x00007fff5cb86490 is pointing into the stack for thread: 0x00007fa7e4869800
RSI=0x000000012306cf10: OBJC_IVAR_$_PrinterView.fCurPeekGraphics+0x1aa8 in /Library/Java/JavaVirtualMachines/jdk1.8.0_73.jdk/Contents/Home/jre/lib/libawt_lwawt.dylib at 0x0000000122ff2000
RDI=0xb00007fa7ea2d566 is an unknown value
R8 =0x0000000000000002 is an unknown value
R9 =0x00007fa7ea200000 is an unknown value
R10=0x00007fa7e51d23d0 is an unknown value
R11=0x000000017530e840: OBJC_CLASS_$_MyCALayer+0 in /private/var/folders/88/rn0nzmd518s0659qz29bsj6m0000gn/T/jogamp_0000/file_cache/jln2828913294979439068/jln8079982928027459666/libnativewindow_macosx.jnilib at 0x0000000175307000
R12=0x0000000000000000 is an unknown value
R13={method} {0x0000000179c88c00} 'UnsetJAWTRootSurfaceLayer0' '(JJ)V' in 'jogamp/nativewindow/jawt/macosx/MacOSXJAWTWindow'
R14=0x00007fa7ea2d15d0 is an unknown value
R15=0x00007fa7e4869800 is a thread


Stack: [0x00007fff5c38b000,0x00007fff5cb8b000],  sp=0x00007fff5cb86468,  free space=8173k
Native frames: (J=compiled Java code, j=interpreted, Vv=VM code, C=native code)
C  [libobjc.A.dylib+0x944c]  objc_release+0xc
C  [libnativewindow_macosx.jnilib+0x5215]  Java_jogamp_nativewindow_jawt_macosx_MacOSXJAWTWindow_UnsetJAWTRootSurfaceLayer0+0x1a5
j  jogamp.nativewindow.jawt.macosx.MacOSXJAWTWindow.UnsetJAWTRootSurfaceLayer0(JJ)V+0
j  jogamp.nativewindow.jawt.macosx.MacOSXJAWTWindow.access$200(JJ)V+2
j  jogamp.nativewindow.jawt.macosx.MacOSXJAWTWindow$1.run()V+38
J 3377 C1 com.jogamp.common.util.RunnableTask.run()V (345 bytes) @ 0x0000000105e1e0d4 [0x0000000105e1df40+0x194]
v  ~StubRoutines::call_stub
V  [libjvm.dylib+0x2eae7a]
V  [libjvm.dylib+0x321f83]
V  [libjvm.dylib+0x314757]
C  [libnativewindow_macosx.jnilib+0x5326]  Java_jogamp_nativewindow_jawt_macosx_MacOSXJAWTWindow_UnsetJAWTRootSurfaceLayer0+0x2b6
C  [Foundation+0x92dd0]  __NSThreadPerformPerform+0x125
C  [CoreFoundation+0x80a01]  __CFRUNLOOP_IS_CALLING_OUT_TO_A_SOURCE0_PERFORM_FUNCTION__+0x11
C  [CoreFoundation+0x72c5c]  __CFRunLoopDoSources0+0x1dc
C  [CoreFoundation+0x721bf]  __CFRunLoopRun+0x39f
C  [CoreFoundation+0x71bd8]  CFRunLoopRunSpecific+0x128
C  [HIToolbox+0x3256f]  RunCurrentEventLoopInMode+0xeb
C  [HIToolbox+0x321ee]  ReceiveNextEventCommon+0xb3
C  [HIToolbox+0x3212b]  _BlockUntilNextEventMatchingListInModeWithFilter+0x47
C  [AppKit+0x918ab]  _DPSNextEvent+0x3d2
C  [AppKit+0x90e58]  -[NSApplication nextEventMatchingMask:untilDate:inMode:dequeue:]+0x15a
C  [libosxapp.dylib+0x23aa]  -[NSApplicationAWT nextEventMatchingMask:untilDate:inMode:dequeue:]+0x7c
C  [AppKit+0x86af3]  -[NSApplication run]+0x252
C  [libosxapp.dylib+0x214d]  +[NSApplicationAWT runAWTLoopWithApp:]+0x9c
C  [libawt_lwawt.dylib+0x4455b]  -[AWTStarter starter:]+0x389
C  [Foundation+0x92dd0]  __NSThreadPerformPerform+0x125
C  [CoreFoundation+0x80a01]  __CFRUNLOOP_IS_CALLING_OUT_TO_A_SOURCE0_PERFORM_FUNCTION__+0x11
C  [CoreFoundation+0x72b8d]  __CFRunLoopDoSources0+0x10d
C  [CoreFoundation+0x721bf]  __CFRunLoopRun+0x39f
C  [CoreFoundation+0x71bd8]  CFRunLoopRunSpecific+0x128
C  [java+0x6463]  CreateExecutionEnvironment+0x367
C  [java+0x21ac]  JLI_Launch+0x7a0
C  [java+0x84c0]  main+0x65
C  [java+0x1a04]  start+0x34
C  0x0000000000000007

Java frames: (J=compiled Java code, j=interpreted, Vv=VM code)
j  jogamp.nativewindow.jawt.macosx.MacOSXJAWTWindow.UnsetJAWTRootSurfaceLayer0(JJ)V+0
j  jogamp.nativewindow.jawt.macosx.MacOSXJAWTWindow.access$200(JJ)V+2
j  jogamp.nativewindow.jawt.macosx.MacOSXJAWTWindow$1.run()V+38
J 3377 C1 com.jogamp.common.util.RunnableTask.run()V (345 bytes) @ 0x0000000105e1e0d4 [0x0000000105e1df40+0x194]
v  ~StubRoutines::call_stub

---------------  P R O C E S S  ---------------

Java Threads: ( => current thread )
  0x00007fa7eba42000 JavaThread "Thread-81" [_thread_blocked, id=40771, stack(0x0000000180fa9000,0x00000001810a9000)]
  0x00007fa7e69ee000 JavaThread "AWT-EventQueue-1" [_thread_in_native, id=60187, stack(0x0000000175d2a000,0x0000000175e2a000)]
  0x00007fa7e4807000 JavaThread "DestroyJavaVM" [_thread_blocked, id=4867, stack(0x000000010518e000,0x000000010528e000)]
  0x00007fa7e50f9000 JavaThread "AWT-EventQueue-0" [_thread_blocked, id=57859, stack(0x000000012997a000,0x0000000129a7a000)]
  0x00007fa7e50d5800 JavaThread "Java2D Disposer" daemon [_thread_blocked, id=54807, stack(0x000000012864f000,0x000000012874f000)]
  0x00007fa7e4973000 JavaThread "Java2D Queue Flusher" daemon [_thread_blocked, id=53511, stack(0x00000001275bd000,0x00000001276bd000)]
  0x00007fa7e50af000 JavaThread "AWT-Shutdown" [_thread_blocked, id=30483, stack(0x00000001245e3000,0x00000001246e3000)]
=>0x00007fa7e4869800 JavaThread "AWT-AppKit" daemon [_thread_in_native, id=1811, stack(0x00007fff5c38b000,0x00007fff5cb8b000)]
  0x00007fa7e6803000 JavaThread "Service Thread" daemon [_thread_blocked, id=20739, stack(0x0000000122c79000,0x0000000122d79000)]
  0x00007fa7e4061800 JavaThread "C1 CompilerThread3" daemon [_thread_blocked, id=20227, stack(0x0000000122b76000,0x0000000122c76000)]
  0x00007fa7e6802000 JavaThread "C2 CompilerThread2" daemon [_thread_blocked, id=19715, stack(0x0000000122a73000,0x0000000122b73000)]
  0x00007fa7e4060800 JavaThread "C2 CompilerThread1" daemon [_thread_blocked, id=19203, stack(0x0000000122970000,0x0000000122a70000)]
  0x00007fa7e4057000 JavaThread "C2 CompilerThread0" daemon [_thread_blocked, id=18691, stack(0x000000012286d000,0x000000012296d000)]
  0x00007fa7e4056800 JavaThread "Signal Dispatcher" daemon [_thread_blocked, id=15379, stack(0x000000012276a000,0x000000012286a000)]
  0x00007fa7e5005000 JavaThread "Finalizer" daemon [_thread_blocked, id=13571, stack(0x0000000120d64000,0x0000000120e64000)]
  0x00007fa7e5004800 JavaThread "Reference Handler" daemon [_thread_blocked, id=13059, stack(0x0000000120c61000,0x0000000120d61000)]

Other Threads:
  0x00007fa7e4825800 VMThread [stack: 0x0000000120b5e000,0x0000000120c5e000] [id=12547]
  0x00007fa7e4830000 WatcherThread [stack: 0x0000000122d7c000,0x0000000122e7c000] [id=21251]

VM state:not at safepoint (normal execution)

VM Mutex/Monitor currently owned by a thread: None

Heap:
 PSYoungGen      total 1372672K, used 299743K [0x000000076ab00000, 0x00000007bfd00000, 0x00000007c0000000)
  eden space 1354752K, 21% used [0x000000076ab00000,0x000000077c62e738,0x00000007bd600000)
  from space 17920K, 54% used [0x00000007beb80000,0x00000007bf5094e0,0x00000007bfd00000)
  to   space 19968K, 0% used [0x00000007bd600000,0x00000007bd600000,0x00000007be980000)
 ParOldGen       total 88576K, used 43509K [0x00000006c0000000, 0x00000006c5680000, 0x000000076ab00000)
  object space 88576K, 49% used [0x00000006c0000000,0x00000006c2a7d5f8,0x00000006c5680000)
 Metaspace       used 24526K, capacity 24777K, committed 25088K, reserved 1071104K
  class space    used 2379K, capacity 2483K, committed 2560K, reserved 1048576K

Card table byte_map: [0x0000000114650000,0x0000000114e51000] byte_map_base: 0x0000000111050000

Marking Bits: (ParMarkBitMap*) 0x0000000104ae3ea0
 Begin Bits: [0x0000000115bbf000, 0x0000000119bbf000)
 End Bits:   [0x0000000119bbf000, 0x000000011dbbf000)

Polling page: 0x00000001031ce000

CodeCache: size=245760Kb used=11057Kb max_used=12388Kb free=234702Kb
 bounds [0x0000000105290000, 0x0000000105ee0000, 0x0000000114290000]
 total_blobs=4111 nmethods=3190 adapters=834
 compilation: enabled

Compilation events (10 events):
Event: 25.375 Thread 0x00007fa7e4057000 3890       4       java.awt.Rectangle::<init> (26 bytes)
Event: 25.376 Thread 0x00007fa7e4057000 nmethod 3890 0x00000001059fea50 code [0x00000001059feba0, 0x00000001059fec18]
Event: 25.376 Thread 0x00007fa7e4061800 3891       3       sun.lwawt.LWComponentPeer::handleEvent (104 bytes)
Event: 25.377 Thread 0x00007fa7e4061800 nmethod 3891 0x0000000105865290 code [0x00000001058654a0, 0x0000000105866548]
Event: 25.377 Thread 0x00007fa7e4061800 3892   !   3       sun.lwawt.LWComponentPeer::sendEventToDelegate (87 bytes)
Event: 25.378 Thread 0x00007fa7e4061800 nmethod 3892 0x0000000105a710d0 code [0x0000000105a71300, 0x0000000105a72488]
Event: 25.380 Thread 0x00007fa7e4061800 3893       3       sun.java2d.pipe.RenderBuffer::putFloat (26 bytes)
Event: 25.380 Thread 0x00007fa7e4061800 nmethod 3893 0x0000000105b10710 code [0x0000000105b10880, 0x0000000105b10a10]
Event: 25.433 Thread 0x00007fa7e4061800 3895       3       java.lang.ThreadLocal$ThreadLocalMap$Entry::<init> (11 bytes)
Event: 25.434 Thread 0x00007fa7e4061800 nmethod 3895 0x0000000105795e90 code [0x0000000105796020, 0x0000000105796390]

GC Heap History (10 events):
Event: 16.590 GC heap before
{Heap before GC invocations=19 (full 1):
 PSYoungGen      total 972800K, used 962421K [0x000000076ab00000, 0x00000007af580000, 0x00000007c0000000)
  eden space 953344K, 100% used [0x000000076ab00000,0x00000007a4e00000,0x00000007a4e00000)
  from space 19456K, 46% used [0x00000007a4e00000,0x00000007a56dd4e0,0x00000007a6100000)
  to   space 18432K, 0% used [0x00000007ae380000,0x00000007ae380000,0x00000007af580000)
 ParOldGen       total 88576K, used 34236K [0x00000006c0000000, 0x00000006c5680000, 0x000000076ab00000)
  object space 88576K, 38% used [0x00000006c0000000,0x00000006c216f308,0x00000006c5680000)
 Metaspace       used 24265K, capacity 24521K, committed 24832K, reserved 1071104K
  class space    used 2372K, capacity 2483K, committed 2560K, reserved 1048576K
Event: 16.600 GC heap after
Heap after GC invocations=19 (full 1):
 PSYoungGen      total 1100800K, used 18419K [0x000000076ab00000, 0x00000007b0c00000, 0x00000007c0000000)
  eden space 1082368K, 0% used [0x000000076ab00000,0x000000076ab00000,0x00000007acc00000)
  from space 18432K, 99% used [0x00000007ae380000,0x00000007af57ced0,0x00000007af580000)
  to   space 24064K, 0% used [0x00000007acc00000,0x00000007acc00000,0x00000007ae380000)
 ParOldGen       total 88576K, used 42237K [0x00000006c0000000, 0x00000006c5680000, 0x000000076ab00000)
  object space 88576K, 47% used [0x00000006c0000000,0x00000006c293f4f8,0x00000006c5680000)
 Metaspace       used 24265K, capacity 24521K, committed 24832K, reserved 1071104K
  class space    used 2372K, capacity 2483K, committed 2560K, reserved 1048576K
}
Event: 18.588 GC heap before
{Heap before GC invocations=20 (full 1):
 PSYoungGen      total 1100800K, used 1100787K [0x000000076ab00000, 0x00000007b0c00000, 0x00000007c0000000)
  eden space 1082368K, 100% used [0x000000076ab00000,0x00000007acc00000,0x00000007acc00000)
  from space 18432K, 99% used [0x00000007ae380000,0x00000007af57ced0,0x00000007af580000)
  to   space 24064K, 0% used [0x00000007acc00000,0x00000007acc00000,0x00000007ae380000)
 ParOldGen       total 88576K, used 42237K [0x00000006c0000000, 0x00000006c5680000, 0x000000076ab00000)
  object space 88576K, 47% used [0x00000006c0000000,0x00000006c293f4f8,0x00000006c5680000)
 Metaspace       used 24347K, capacity 24649K, committed 24832K, reserved 1071104K
  class space    used 2372K, capacity 2483K, committed 2560K, reserved 1048576K
Event: 18.594 GC heap after
Heap after GC invocations=20 (full 1):
 PSYoungGen      total 1106432K, used 9733K [0x000000076ab00000, 0x00000007b9080000, 0x00000007c0000000)
  eden space 1082368K, 0% used [0x000000076ab00000,0x000000076ab00000,0x00000007acc00000)
  from space 24064K, 40% used [0x00000007acc00000,0x00000007ad5814e0,0x00000007ae380000)
  to   space 23040K, 0% used [0x00000007b7a00000,0x00000007b7a00000,0x00000007b9080000)
 ParOldGen       total 88576K, used 43485K [0x00000006c0000000, 0x00000006c5680000, 0x000000076ab00000)
  object space 88576K, 49% used [0x00000006c0000000,0x00000006c2a775f8,0x00000006c5680000)
 Metaspace       used 24347K, capacity 24649K, committed 24832K, reserved 1071104K
  class space    used 2372K, capacity 2483K, committed 2560K, reserved 1048576K
}
Event: 20.545 GC heap before
{Heap before GC invocations=21 (full 1):
 PSYoungGen      total 1106432K, used 1092101K [0x000000076ab00000, 0x00000007b9080000, 0x00000007c0000000)
  eden space 1082368K, 100% used [0x000000076ab00000,0x00000007acc00000,0x00000007acc00000)
  from space 24064K, 40% used [0x00000007acc00000,0x00000007ad5814e0,0x00000007ae380000)
  to   space 23040K, 0% used [0x00000007b7a00000,0x00000007b7a00000,0x00000007b9080000)
 ParOldGen       total 88576K, used 43485K [0x00000006c0000000, 0x00000006c5680000, 0x000000076ab00000)
  object space 88576K, 49% used [0x00000006c0000000,0x00000006c2a775f8,0x00000006c5680000)
 Metaspace       used 24349K, capacity 24649K, committed 24832K, reserved 1071104K
  class space    used 2372K, capacity 2483K, committed 2560K, reserved 1048576K
Event: 20.553 GC heap after
Heap after GC invocations=21 (full 1):
 PSYoungGen      total 1247232K, used 9893K [0x000000076ab00000, 0x00000007b8900000, 0x00000007c0000000)
  eden space 1231872K, 0% used [0x000000076ab00000,0x000000076ab00000,0x00000007b5e00000)
  from space 15360K, 64% used [0x00000007b7a00000,0x00000007b83a94e0,0x00000007b8900000)
  to   space 22016K, 0% used [0x00000007b5e00000,0x00000007b5e00000,0x00000007b7380000)
 ParOldGen       total 88576K, used 43493K [0x00000006c0000000, 0x00000006c5680000, 0x000000076ab00000)
  object space 88576K, 49% used [0x00000006c0000000,0x00000006c2a795f8,0x00000006c5680000)
 Metaspace       used 24349K, capacity 24649K, committed 24832K, reserved 1071104K
  class space    used 2372K, capacity 2483K, committed 2560K, reserved 1048576K
}
Event: 22.764 GC heap before
{Heap before GC invocations=22 (full 1):
 PSYoungGen      total 1247232K, used 1241765K [0x000000076ab00000, 0x00000007b8900000, 0x00000007c0000000)
  eden space 1231872K, 100% used [0x000000076ab00000,0x00000007b5e00000,0x00000007b5e00000)
  from space 15360K, 64% used [0x00000007b7a00000,0x00000007b83a94e0,0x00000007b8900000)
  to   space 22016K, 0% used [0x00000007b5e00000,0x00000007b5e00000,0x00000007b7380000)
 ParOldGen       total 88576K, used 43493K [0x00000006c0000000, 0x00000006c5680000, 0x000000076ab00000)
  object space 88576K, 49% used [0x00000006c0000000,0x00000006c2a795f8,0x00000006c5680000)
 Metaspace       used 24420K, capacity 24713K, committed 25088K, reserved 1071104K
  class space    used 2372K, capacity 2483K, committed 2560K, reserved 1048576K
Event: 22.771 GC heap after
Heap after GC invocations=22 (full 1):
 PSYoungGen      total 1253888K, used 9765K [0x000000076ab00000, 0x00000007c0000000, 0x00000007c0000000)
  eden space 1231872K, 0% used [0x000000076ab00000,0x000000076ab00000,0x00000007b5e00000)
  from space 22016K, 44% used [0x00000007b5e00000,0x00000007b67894e0,0x00000007b7380000)
  to   space 20992K, 0% used [0x00000007beb80000,0x00000007beb80000,0x00000007c0000000)
 ParOldGen       total 88576K, used 43501K [0x00000006c0000000, 0x00000006c5680000, 0x000000076ab00000)
  object space 88576K, 49% used [0x00000006c0000000,0x00000006c2a7b5f8,0x00000006c5680000)
 Metaspace       used 24420K, capacity 24713K, committed 25088K, reserved 1071104K
  class space    used 2372K, capacity 2483K, committed 2560K, reserved 1048576K
}
Event: 24.939 GC heap before
{Heap before GC invocations=23 (full 1):
 PSYoungGen      total 1253888K, used 1241637K [0x000000076ab00000, 0x00000007c0000000, 0x00000007c0000000)
  eden space 1231872K, 100% used [0x000000076ab00000,0x00000007b5e00000,0x00000007b5e00000)
  from space 22016K, 44% used [0x00000007b5e00000,0x00000007b67894e0,0x00000007b7380000)
  to   space 20992K, 0% used [0x00000007beb80000,0x00000007beb80000,0x00000007c0000000)
 ParOldGen       total 88576K, used 43501K [0x00000006c0000000, 0x00000006c5680000, 0x000000076ab00000)
  object space 88576K, 49% used [0x00000006c0000000,0x00000006c2a7b5f8,0x00000006c5680000)
 Metaspace       used 24480K, capacity 24777K, committed 25088K, reserved 1071104K
  class space    used 2372K, capacity 2483K, committed 2560K, reserved 1048576K
Event: 24.947 GC heap after
Heap after GC invocations=23 (full 1):
 PSYoungGen      total 1372672K, used 9765K [0x000000076ab00000, 0x00000007bfd00000, 0x00000007c0000000)
  eden space 1354752K, 0% used [0x000000076ab00000,0x000000076ab00000,0x00000007bd600000)
  from space 17920K, 54% used [0x00000007beb80000,0x00000007bf5094e0,0x00000007bfd00000)
  to   space 19968K, 0% used [0x00000007bd600000,0x00000007bd600000,0x00000007be980000)
 ParOldGen       total 88576K, used 43509K [0x00000006c0000000, 0x00000006c5680000, 0x000000076ab00000)
  object space 88576K, 49% used [0x00000006c0000000,0x00000006c2a7d5f8,0x00000006c5680000)
 Metaspace       used 24480K, capacity 24777K, committed 25088K, reserved 1071104K
  class space    used 2372K, capacity 2483K, committed 2560K, reserved 1048576K
}

Deoptimization events (10 events):
Event: 15.044 Thread 0x00007fa7e69ee000 Uncommon trap: reason=unstable_if action=reinterpret pc=0x0000000105c6afa4 method=java.text.DecimalFormat.subformat(Ljava/lang/StringBuffer;Ljava/text/Format$FieldDelegate;ZZIIII)Ljava/lang/StringBuffer; @ 753
Event: 15.044 Thread 0x00007fa7e69ee000 Uncommon trap: reason=unstable_if action=reinterpret pc=0x0000000105c56080 method=sun.misc.FloatingDecimal$BinaryToASCIIBuffer.developLongDigits(IJI)V @ 104
Event: 25.375 Thread 0x00007fa7e69ee000 Uncommon trap: reason=unstable_if action=reinterpret pc=0x0000000105ddb768 method=com.jogamp.common.util.VersionNumber.compareTo(Lcom/jogamp/common/util/VersionNumber;)I @ 21
Event: 25.379 Thread 0x00007fa7e50f9000 Uncommon trap: reason=unstable_if action=reinterpret pc=0x0000000105dd2fb0 method=java.awt.font.FontRenderContext.equals(Ljava/awt/font/FontRenderContext;)Z @ 2
Event: 25.421 Thread 0x00007fa7e49bd000 Uncommon trap: reason=class_check action=maybe_recompile pc=0x00000001056cabd8 method=java.util.HashMap.putVal(ILjava/lang/Object;Ljava/lang/Object;ZZ)Ljava/lang/Object; @ 91
Event: 25.421 Thread 0x00007fa7e49bd000 Uncommon trap: reason=class_check action=maybe_recompile pc=0x00000001056cabd8 method=java.util.HashMap.putVal(ILjava/lang/Object;Ljava/lang/Object;ZZ)Ljava/lang/Object; @ 91
Event: 25.422 Thread 0x00007fa7e49bd000 Uncommon trap: reason=class_check action=maybe_recompile pc=0x00000001056cabd8 method=java.util.HashMap.putVal(ILjava/lang/Object;Ljava/lang/Object;ZZ)Ljava/lang/Object; @ 91
Event: 25.422 Thread 0x00007fa7e49bd000 Uncommon trap: reason=class_check action=maybe_recompile pc=0x00000001056cabd8 method=java.util.HashMap.putVal(ILjava/lang/Object;Ljava/lang/Object;ZZ)Ljava/lang/Object; @ 91
Event: 25.422 Thread 0x00007fa7e49bd000 Uncommon trap: reason=class_check action=maybe_recompile pc=0x0000000105696820 method=java.util.HashMap.putVal(ILjava/lang/Object;Ljava/lang/Object;ZZ)Ljava/lang/Object; @ 91
Event: 25.433 Thread 0x00007fa7e69ee000 Uncommon trap: reason=unstable_if action=reinterpret pc=0x0000000105dc534c method=java.security.AccessControlContext.optimize()Ljava/security/AccessControlContext; @ 233

Internal exceptions (10 events):
Event: 0.110 Thread 0x00007fa7e4807000 Exception <a 'java/lang/NoSuchFieldError': method resolution failed> (0x000000076aeee818) thrown at [/HUDSON3/workspace/8-2-build-macosx-x86_64/jdk8u73/6086/hotspot/src/share/vm/prims/methodHandles.cpp, line 1146]
Event: 0.111 Thread 0x00007fa7e4807000 Exception <a 'java/lang/NoSuchFieldError': method resolution failed> (0x000000076aefbfe8) thrown at [/HUDSON3/workspace/8-2-build-macosx-x86_64/jdk8u73/6086/hotspot/src/share/vm/prims/methodHandles.cpp, line 1146]
Event: 0.241 Thread 0x00007fa7e4807000 Exception <a 'java/io/FileNotFoundException'> (0x000000076af77cd8) thrown at [/HUDSON3/workspace/8-2-build-macosx-x86_64/jdk8u73/6086/hotspot/src/share/vm/prims/jni.cpp, line 709]
Event: 0.241 Thread 0x00007fa7e4807000 Exception <a 'java/io/FileNotFoundException'> (0x000000076af78800) thrown at [/HUDSON3/workspace/8-2-build-macosx-x86_64/jdk8u73/6086/hotspot/src/share/vm/prims/jni.cpp, line 709]
Event: 0.322 Thread 0x00007fa7e4807000 Exception <a 'java/io/FileNotFoundException'> (0x000000076b00e230) thrown at [/HUDSON3/workspace/8-2-build-macosx-x86_64/jdk8u73/6086/hotspot/src/share/vm/prims/jni.cpp, line 709]
Event: 1.319 Thread 0x00007fa7e42a0800 Exception <a 'java/lang/UnsatisfiedLinkError': com.jogamp.common.util.JarUtil.fixNativeLibAttribs(Ljava/lang/String;)Z> (0x000000076c8a7a20) thrown at [/HUDSON3/workspace/8-2-build-macosx-x86_64/jdk8u73/6086/hotspot/src/share/vm/prims/nativeLookup.cpp, li
Event: 3.211 Thread 0x00007fa7e5005000 Exception <a 'java/lang/NullPointerException'> (0x000000076aecc618) thrown at [/HUDSON3/workspace/8-2-build-macosx-x86_64/jdk8u73/6086/hotspot/src/share/vm/interpreter/linkResolver.cpp, line 1178]
Event: 3.250 Thread 0x00007fa7e69ee000 Exception <a 'java/io/FileNotFoundException'> (0x000000076b4139a0) thrown at [/HUDSON3/workspace/8-2-build-macosx-x86_64/jdk8u73/6086/hotspot/src/share/vm/prims/jni.cpp, line 709]
Event: 3.250 Thread 0x00007fa7e69ee000 Exception <a 'java/io/FileNotFoundException'> (0x000000076b41a070) thrown at [/HUDSON3/workspace/8-2-build-macosx-x86_64/jdk8u73/6086/hotspot/src/share/vm/prims/jni.cpp, line 709]
Event: 3.251 Thread 0x00007fa7e69ee000 Implicit null exception at 0x0000000105437775 to 0x0000000105437b01

Events (10 events):
Event: 25.433 Thread 0x00007fa7e69ee000 DEOPT UNPACKING pc=0x0000000105295229 sp=0x0000000175e27880 mode 2
Event: 25.433 loading class java/awt/LightweightDispatcher$2
Event: 25.433 loading class java/awt/LightweightDispatcher$2 done
Event: 25.433 loading class java/awt/event/AWTEventListenerProxy
Event: 25.433 loading class java/awt/event/AWTEventListenerProxy done
Event: 25.433 loading class java/awt/Toolkit$ToolkitEventMulticaster
Event: 25.433 loading class java/awt/Toolkit$ToolkitEventMulticaster done
Event: 25.433 Thread 0x00007fa7e49bd000 Thread exited: 0x00007fa7e49bd000
Event: 25.433 loading class java/awt/Window$1DisposeAction
Event: 25.433 loading class java/awt/Window$1DisposeAction done


Dynamic libraries:
0x000000000b3c4000 	/System/Library/Frameworks/Cocoa.framework/Versions/A/Cocoa
0x000000000b3c4000 	/System/Library/Frameworks/Security.framework/Versions/A/Security
0x000000000b3c4000 	/System/Library/Frameworks/ApplicationServices.framework/Versions/A/ApplicationServices
0x000000000b3c4000 	/usr/lib/libz.1.dylib
0x000000000b3c4000 	/usr/lib/libSystem.B.dylib
0x000000000b3c4000 	/usr/lib/libobjc.A.dylib
0x000000000b3c4000 	/System/Library/Frameworks/CoreFoundation.framework/Versions/A/CoreFoundation
0x000000000b3c4000 	/System/Library/Frameworks/Foundation.framework/Versions/C/Foundation
0x000000000b3c4000 	/System/Library/Frameworks/AppKit.framework/Versions/C/AppKit
0x000000000b3c4000 	/System/Library/Frameworks/CoreData.framework/Versions/A/CoreData
0x000000000b3c4000 	/System/Library/PrivateFrameworks/RemoteViewServices.framework/Versions/A/RemoteViewServices
0x000000000b3c4000 	/System/Library/PrivateFrameworks/UIFoundation.framework/Versions/A/UIFoundation
0x000000000b3c4000 	/System/Library/Frameworks/IOSurface.framework/Versions/A/IOSurface
0x000000000b3c4000 	/System/Library/Frameworks/AudioToolbox.framework/Versions/A/AudioToolbox
0x000000000b3c4000 	/System/Library/Frameworks/AudioUnit.framework/Versions/A/AudioUnit
0x000000000b3c4000 	/System/Library/PrivateFrameworks/DataDetectorsCore.framework/Versions/A/DataDetectorsCore
0x000000000b3c4000 	/System/Library/PrivateFrameworks/DesktopServicesPriv.framework/Versions/A/DesktopServicesPriv
0x000000000b3c4000 	/System/Library/Frameworks/Carbon.framework/Versions/A/Frameworks/HIToolbox.framework/Versions/A/HIToolbox
0x000000000b3c4000 	/System/Library/Frameworks/QuartzCore.framework/Versions/A/QuartzCore
0x000000000b3c4000 	/System/Library/Frameworks/Carbon.framework/Versions/A/Frameworks/SpeechRecognition.framework/Versions/A/SpeechRecognition
0x000000000b3c4000 	/usr/lib/libauto.dylib
0x000000000b3c4000 	/usr/lib/libicucore.A.dylib
0x000000000b3c4000 	/usr/lib/libxml2.2.dylib
0x000000000b3c4000 	/System/Library/PrivateFrameworks/CoreUI.framework/Versions/A/CoreUI
0x000000000b3c4000 	/System/Library/Frameworks/CoreAudio.framework/Versions/A/CoreAudio
0x000000000b3c4000 	/System/Library/Frameworks/DiskArbitration.framework/Versions/A/DiskArbitration
0x000000000b3c4000 	/usr/lib/liblangid.dylib
0x000000000b3c4000 	/System/Library/PrivateFrameworks/MultitouchSupport.framework/Versions/A/MultitouchSupport
0x000000000b3c4000 	/System/Library/Frameworks/IOKit.framework/Versions/A/IOKit
0x000000000b3c4000 	/usr/lib/libDiagnosticMessagesClient.dylib
0x000000000b3c4000 	/System/Library/Frameworks/CoreServices.framework/Versions/A/CoreServices
0x000000000b3c4000 	/System/Library/PrivateFrameworks/PerformanceAnalysis.framework/Versions/A/PerformanceAnalysis
0x000000000b3c4000 	/System/Library/PrivateFrameworks/GenerationalStorage.framework/Versions/A/GenerationalStorage
0x000000000b3c4000 	/System/Library/Frameworks/OpenGL.framework/Versions/A/OpenGL
0x000000000b3c4000 	/System/Library/PrivateFrameworks/Sharing.framework/Versions/A/Sharing
0x000000000b3c4000 	/System/Library/Frameworks/CoreGraphics.framework/Versions/A/CoreGraphics
0x000000000b3c4000 	/System/Library/Frameworks/CoreText.framework/Versions/A/CoreText
0x000000000b3c4000 	/System/Library/Frameworks/ImageIO.framework/Versions/A/ImageIO
0x000000000b3c4000 	/usr/lib/libextension.dylib
0x000000000b3c4000 	/System/Library/PrivateFrameworks/Backup.framework/Versions/A/Backup
0x000000000b3c4000 	/usr/lib/libarchive.2.dylib
0x000000000b3c4000 	/System/Library/Frameworks/CFNetwork.framework/Versions/A/CFNetwork
0x000000000b3c4000 	/System/Library/Frameworks/SystemConfiguration.framework/Versions/A/SystemConfiguration
0x000000000b3c4000 	/usr/lib/libCRFSuite.dylib
0x000000000b3c4000 	/usr/lib/libc++.1.dylib
0x000000000b3c4000 	/usr/lib/libc++abi.dylib
0x000000000b3c4000 	/usr/lib/system/libcache.dylib
0x000000000b3c4000 	/usr/lib/system/libcommonCrypto.dylib
0x000000000b3c4000 	/usr/lib/system/libcompiler_rt.dylib
0x000000000b3c4000 	/usr/lib/system/libcopyfile.dylib
0x000000000b3c4000 	/usr/lib/system/libcorecrypto.dylib
0x000000000b3c4000 	/usr/lib/system/libdispatch.dylib
0x000000000b3c4000 	/usr/lib/system/libdyld.dylib
0x000000000b3c4000 	/usr/lib/system/libkeymgr.dylib
0x000000000b3c4000 	/usr/lib/system/liblaunch.dylib
0x000000000b3c4000 	/usr/lib/system/libmacho.dylib
0x000000000b3c4000 	/usr/lib/system/libquarantine.dylib
0x000000000b3c4000 	/usr/lib/system/libremovefile.dylib
0x000000000b3c4000 	/usr/lib/system/libsystem_asl.dylib
0x000000000b3c4000 	/usr/lib/system/libsystem_blocks.dylib
0x000000000b3c4000 	/usr/lib/system/libsystem_c.dylib
0x000000000b3c4000 	/usr/lib/system/libsystem_configuration.dylib
0x000000000b3c4000 	/usr/lib/system/libsystem_coreservices.dylib
0x000000000b3c4000 	/usr/lib/system/libsystem_coretls.dylib
0x000000000b3c4000 	/usr/lib/system/libsystem_dnssd.dylib
0x000000000b3c4000 	/usr/lib/system/libsystem_info.dylib
0x000000000b3c4000 	/usr/lib/system/libsystem_kernel.dylib
0x000000000b3c4000 	/usr/lib/system/libsystem_m.dylib
0x000000000b3c4000 	/usr/lib/system/libsystem_malloc.dylib
0x000000000b3c4000 	/usr/lib/system/libsystem_network.dylib
0x000000000b3c4000 	/usr/lib/system/libsystem_networkextension.dylib
0x000000000b3c4000 	/usr/lib/system/libsystem_notify.dylib
0x000000000b3c4000 	/usr/lib/system/libsystem_platform.dylib
0x000000000b3c4000 	/usr/lib/system/libsystem_pthread.dylib
0x000000000b3c4000 	/usr/lib/system/libsystem_sandbox.dylib
0x000000000b3c4000 	/usr/lib/system/libsystem_secinit.dylib
0x000000000b3c4000 	/usr/lib/system/libsystem_stats.dylib
0x000000000b3c4000 	/usr/lib/system/libsystem_trace.dylib
0x000000000b3c4000 	/usr/lib/system/libunc.dylib
0x000000000b3c4000 	/usr/lib/system/libunwind.dylib
0x000000000b3c4000 	/usr/lib/system/libxpc.dylib
0x000000000b3c4000 	/usr/lib/libbz2.1.0.dylib
0x000000000b3c4000 	/usr/lib/liblzma.5.dylib
0x000000000b3c4000 	/usr/lib/libbsm.0.dylib
0x000000000b3c4000 	/usr/lib/libsqlite3.dylib
0x000000000b3c4000 	/usr/lib/system/libkxld.dylib
0x000000000b3c4000 	/usr/lib/libxar.1.dylib
0x000000000b3c4000 	/usr/lib/libpam.2.dylib
0x000000000b3c4000 	/usr/lib/libOpenScriptingUtil.dylib
0x000000000b3c4000 	/System/Library/Frameworks/CoreServices.framework/Versions/A/Frameworks/FSEvents.framework/Versions/A/FSEvents
0x000000000b3c4000 	/System/Library/Frameworks/CoreServices.framework/Versions/A/Frameworks/CarbonCore.framework/Versions/A/CarbonCore
0x000000000b3c4000 	/System/Library/Frameworks/CoreServices.framework/Versions/A/Frameworks/Metadata.framework/Versions/A/Metadata
0x000000000b3c4000 	/System/Library/Frameworks/CoreServices.framework/Versions/A/Frameworks/OSServices.framework/Versions/A/OSServices
0x000000000b3c4000 	/System/Library/Frameworks/CoreServices.framework/Versions/A/Frameworks/SearchKit.framework/Versions/A/SearchKit
0x000000000b3c4000 	/System/Library/Frameworks/CoreServices.framework/Versions/A/Frameworks/AE.framework/Versions/A/AE
0x000000000b3c4000 	/System/Library/Frameworks/CoreServices.framework/Versions/A/Frameworks/LaunchServices.framework/Versions/A/LaunchServices
0x000000000b3c4000 	/System/Library/Frameworks/CoreServices.framework/Versions/A/Frameworks/DictionaryServices.framework/Versions/A/DictionaryServices
0x000000000b3c4000 	/System/Library/Frameworks/NetFS.framework/Versions/A/NetFS
0x000000000b3c4000 	/System/Library/PrivateFrameworks/NetAuth.framework/Versions/A/NetAuth
0x000000000b3c4000 	/System/Library/PrivateFrameworks/login.framework/Versions/A/Frameworks/loginsupport.framework/Versions/A/loginsupport
0x000000000b3c4000 	/System/Library/PrivateFrameworks/TCC.framework/Versions/A/TCC
0x000000000b3c4000 	/usr/lib/libmecabra.dylib
0x000000000b3c4000 	/System/Library/Frameworks/ApplicationServices.framework/Versions/A/Frameworks/ATS.framework/Versions/A/ATS
0x000000000b3c4000 	/System/Library/Frameworks/ApplicationServices.framework/Versions/A/Frameworks/ColorSync.framework/Versions/A/ColorSync
0x000000000b3c4000 	/System/Library/Frameworks/ApplicationServices.framework/Versions/A/Frameworks/HIServices.framework/Versions/A/HIServices
0x000000000b3c4000 	/System/Library/Frameworks/ApplicationServices.framework/Versions/A/Frameworks/LangAnalysis.framework/Versions/A/LangAnalysis
0x000000000b3c4000 	/System/Library/Frameworks/ApplicationServices.framework/Versions/A/Frameworks/PrintCore.framework/Versions/A/PrintCore
0x000000000b3c4000 	/System/Library/Frameworks/ApplicationServices.framework/Versions/A/Frameworks/QD.framework/Versions/A/QD
0x000000000b3c4000 	/System/Library/Frameworks/ApplicationServices.framework/Versions/A/Frameworks/SpeechSynthesis.framework/Versions/A/SpeechSynthesis
0x000000000b3c4000 	/System/Library/Frameworks/Accelerate.framework/Versions/A/Accelerate
0x000000000b3c4000 	/System/Library/Frameworks/Accelerate.framework/Versions/A/Frameworks/vImage.framework/Versions/A/vImage
0x000000000b3c4000 	/System/Library/Frameworks/Accelerate.framework/Versions/A/Frameworks/vecLib.framework/Versions/A/vecLib
0x000000000b3c4000 	/System/Library/Frameworks/Accelerate.framework/Versions/A/Frameworks/vecLib.framework/Versions/A/libvDSP.dylib
0x000000000b3c4000 	/System/Library/Frameworks/Accelerate.framework/Versions/A/Frameworks/vecLib.framework/Versions/A/libvMisc.dylib
0x000000000b3c4000 	/System/Library/Frameworks/Accelerate.framework/Versions/A/Frameworks/vecLib.framework/Versions/A/libLAPACK.dylib
0x000000000b3c4000 	/System/Library/Frameworks/Accelerate.framework/Versions/A/Frameworks/vecLib.framework/Versions/A/libBLAS.dylib
0x000000000b3c4000 	/System/Library/Frameworks/Accelerate.framework/Versions/A/Frameworks/vecLib.framework/Versions/A/libLinearAlgebra.dylib
0x000000000b3c4000 	/System/Library/Frameworks/ApplicationServices.framework/Versions/A/Frameworks/ATS.framework/Versions/A/Resources/libFontParser.dylib
0x000000000b3c4000 	/System/Library/Frameworks/ApplicationServices.framework/Versions/A/Frameworks/ATS.framework/Versions/A/Resources/libFontRegistry.dylib
0x000000000b3c4000 	/System/Library/PrivateFrameworks/AppleVPA.framework/Versions/A/AppleVPA
0x000000000b3c4000 	/System/Library/PrivateFrameworks/AppleJPEG.framework/Versions/A/AppleJPEG
0x000000000b3c4000 	/System/Library/Frameworks/ImageIO.framework/Versions/A/Resources/libJPEG.dylib
0x000000000b3c4000 	/System/Library/Frameworks/ImageIO.framework/Versions/A/Resources/libTIFF.dylib
0x000000000b3c4000 	/System/Library/Frameworks/ImageIO.framework/Versions/A/Resources/libPng.dylib
0x000000000b3c4000 	/System/Library/Frameworks/ImageIO.framework/Versions/A/Resources/libGIF.dylib
0x000000000b3c4000 	/System/Library/Frameworks/ImageIO.framework/Versions/A/Resources/libJP2.dylib
0x000000000b3c4000 	/System/Library/Frameworks/ImageIO.framework/Versions/A/Resources/libRadiance.dylib
0x000000000b3c4000 	/System/Library/Frameworks/CoreVideo.framework/Versions/A/CoreVideo
0x000000000b3c4000 	/System/Library/Frameworks/OpenGL.framework/Versions/A/Libraries/libGLU.dylib
0x000000000b3c4000 	/System/Library/Frameworks/OpenGL.framework/Versions/A/Libraries/libGFXShared.dylib
0x000000000b3c4000 	/System/Library/Frameworks/OpenGL.framework/Versions/A/Libraries/libGL.dylib
0x000000000b3c4000 	/System/Library/Frameworks/OpenGL.framework/Versions/A/Libraries/libGLImage.dylib
0x000000000b3c4000 	/System/Library/Frameworks/OpenGL.framework/Versions/A/Libraries/libCVMSPluginSupport.dylib
0x000000000b3c4000 	/System/Library/Frameworks/OpenGL.framework/Versions/A/Libraries/libCoreVMClient.dylib
0x000000000b3c4000 	/usr/lib/libcups.2.dylib
0x000000000b3c4000 	/System/Library/Frameworks/Kerberos.framework/Versions/A/Kerberos
0x000000000b3c4000 	/System/Library/Frameworks/GSS.framework/Versions/A/GSS
0x000000000b3c4000 	/usr/lib/libresolv.9.dylib
0x000000000b3c4000 	/usr/lib/libiconv.2.dylib
0x000000000b3c4000 	/System/Library/PrivateFrameworks/Heimdal.framework/Versions/A/Heimdal
0x000000000b3c4000 	/usr/lib/libheimdal-asn1.dylib
0x000000000b3c4000 	/System/Library/Frameworks/OpenDirectory.framework/Versions/A/OpenDirectory
0x000000000b3c4000 	/System/Library/PrivateFrameworks/CommonAuth.framework/Versions/A/CommonAuth
0x000000000b3c4000 	/System/Library/Frameworks/OpenDirectory.framework/Versions/A/Frameworks/CFOpenDirectory.framework/Versions/A/CFOpenDirectory
0x000000000b3c4000 	/System/Library/Frameworks/SecurityFoundation.framework/Versions/A/SecurityFoundation
0x000000000b3c4000 	/System/Library/PrivateFrameworks/LanguageModeling.framework/Versions/A/LanguageModeling
0x000000000b3c4000 	/usr/lib/libcmph.dylib
0x000000000b3c4000 	/System/Library/Frameworks/ServiceManagement.framework/Versions/A/ServiceManagement
0x000000000b3c4000 	/usr/lib/libxslt.1.dylib
0x000000000b3c4000 	/System/Library/Frameworks/Carbon.framework/Versions/A/Frameworks/Ink.framework/Versions/A/Ink
0x000000000b3c4000 	/System/Library/Frameworks/QuartzCore.framework/Versions/A/Frameworks/CoreImage.framework/Versions/A/CoreImage
0x000000000b3c4000 	/System/Library/PrivateFrameworks/CrashReporterSupport.framework/Versions/A/CrashReporterSupport
0x000000000b3c4000 	/System/Library/Frameworks/OpenCL.framework/Versions/A/OpenCL
0x000000000b3c4000 	/System/Library/PrivateFrameworks/FaceCore.framework/Versions/A/FaceCore
0x000000000b3c4000 	/System/Library/PrivateFrameworks/Ubiquity.framework/Versions/A/Ubiquity
0x000000000b3c4000 	/System/Library/PrivateFrameworks/IconServices.framework/Versions/A/IconServices
0x000000000b3c4000 	/System/Library/PrivateFrameworks/ChunkingLibrary.framework/Versions/A/ChunkingLibrary
0x000000000b3c4000 	/System/Library/PrivateFrameworks/Apple80211.framework/Versions/A/Apple80211
0x000000000b3c4000 	/System/Library/Frameworks/CoreWLAN.framework/Versions/A/CoreWLAN
0x000000000b3c4000 	/System/Library/Frameworks/IOBluetooth.framework/Versions/A/IOBluetooth
0x000000000b3c4000 	/System/Library/PrivateFrameworks/CoreWiFi.framework/Versions/A/CoreWiFi
0x000000000b3c4000 	/System/Library/Frameworks/CoreBluetooth.framework/Versions/A/CoreBluetooth
0x000000000b3c4000 	/System/Library/PrivateFrameworks/DebugSymbols.framework/Versions/A/DebugSymbols
0x000000000b3c4000 	/System/Library/PrivateFrameworks/CoreSymbolication.framework/Versions/A/CoreSymbolication
0x000000000b3c4000 	/System/Library/PrivateFrameworks/Symbolication.framework/Versions/A/Symbolication
0x000000000b3c4000 	/System/Library/PrivateFrameworks/SpeechRecognitionCore.framework/Versions/A/SpeechRecognitionCore
0x0000000104200000 	/Library/Java/JavaVirtualMachines/jdk1.8.0_73.jdk/Contents/Home/jre/lib/server/libjvm.dylib
0x000000000b3c4000 	/usr/lib/libstdc++.6.dylib
0x000000010318b000 	/Library/Java/JavaVirtualMachines/jdk1.8.0_73.jdk/Contents/Home/jre/lib/libverify.dylib
0x0000000103199000 	/Library/Java/JavaVirtualMachines/jdk1.8.0_73.jdk/Contents/Home/jre/lib/libjava.dylib
0x00000001031d8000 	/Library/Java/JavaVirtualMachines/jdk1.8.0_73.jdk/Contents/Home/jre/lib/libzip.dylib
0x00000001031e2000 	/System/Library/Frameworks/JavaVM.framework/Frameworks/JavaRuntimeSupport.framework/JavaRuntimeSupport
0x0000000120e66000 	/System/Library/Frameworks/JavaVM.framework/Versions/A/Frameworks/JavaNativeFoundation.framework/Versions/A/JavaNativeFoundation
0x0000000120e7a000 	/System/Library/Frameworks/JavaVM.framework/Versions/A/JavaVM
0x000000000b3c4000 	/System/Library/Frameworks/Carbon.framework/Versions/A/Carbon
0x0000000120e86000 	/System/Library/PrivateFrameworks/JavaLaunching.framework/Versions/A/JavaLaunching
0x000000000b3c4000 	/System/Library/Frameworks/Carbon.framework/Versions/A/Frameworks/CommonPanels.framework/Versions/A/CommonPanels
0x000000000b3c4000 	/System/Library/Frameworks/Carbon.framework/Versions/A/Frameworks/Help.framework/Versions/A/Help
0x000000000b3c4000 	/System/Library/Frameworks/Carbon.framework/Versions/A/Frameworks/ImageCapture.framework/Versions/A/ImageCapture
0x000000000b3c4000 	/System/Library/Frameworks/Carbon.framework/Versions/A/Frameworks/OpenScripting.framework/Versions/A/OpenScripting
0x000000000b3c4000 	/System/Library/Frameworks/Carbon.framework/Versions/A/Frameworks/Print.framework/Versions/A/Print
0x000000000b3c4000 	/System/Library/Frameworks/Carbon.framework/Versions/A/Frameworks/SecurityHI.framework/Versions/A/SecurityHI
0x0000000122e7e000 	/Library/Java/JavaVirtualMachines/jdk1.8.0_73.jdk/Contents/Home/jre/lib/libawt.dylib
0x0000000122f26000 	/Library/Java/JavaVirtualMachines/jdk1.8.0_73.jdk/Contents/Home/jre/lib/./libmlib_image.dylib
0x0000000122ff2000 	/Library/Java/JavaVirtualMachines/jdk1.8.0_73.jdk/Contents/Home/jre/lib/libawt_lwawt.dylib
0x00000001230a7000 	/Library/Java/JavaVirtualMachines/jdk1.8.0_73.jdk/Contents/Home/jre/lib/./libosxapp.dylib
0x000000000b3c4000 	/System/Library/Frameworks/ExceptionHandling.framework/Versions/A/ExceptionHandling
0x000000000b3c4000 	/System/Library/PrivateFrameworks/CoreServicesInternal.framework/Versions/A/CoreServicesInternal
0x000000000b3c4000 	/System/Library/PrivateFrameworks/CloudDocs.framework/Versions/A/CloudDocs
0x000000000b3c4000 	/System/Library/PrivateFrameworks/CoreDuet.framework/Versions/A/CoreDuet
0x000000000b3c4000 	/System/Library/Frameworks/CloudKit.framework/Versions/A/CloudKit
0x000000000b3c4000 	/System/Library/PrivateFrameworks/ProtocolBuffer.framework/Versions/A/ProtocolBuffer
0x000000000b3c4000 	/System/Library/PrivateFrameworks/CoreDuetDaemonProtocol.framework/Versions/A/CoreDuetDaemonProtocol
0x000000000b3c4000 	/System/Library/PrivateFrameworks/CoreDuetDebugLogging.framework/Versions/A/CoreDuetDebugLogging
0x000000000b3c4000 	/System/Library/PrivateFrameworks/MMCS.framework/Versions/A/MMCS
0x000000000b3c4000 	/System/Library/Frameworks/CoreLocation.framework/Versions/A/CoreLocation
0x000000000b3c4000 	/System/Library/PrivateFrameworks/ProtectedCloudStorage.framework/Versions/A/ProtectedCloudStorage
0x000000000b3c4000 	/System/Library/PrivateFrameworks/GeoServices.framework/Versions/A/GeoServices
0x000000000b3c4000 	/System/Library/Frameworks/CoreGraphics.framework/Versions/A/Resources/libCGCMS.A.dylib
0x000000000b3c4000 	/System/Library/Frameworks/CoreGraphics.framework/Versions/A/Resources/libRIP.A.dylib
0x000000000b3c4000 	/System/Library/Frameworks/CoreGraphics.framework/Versions/A/Resources/libCGXType.A.dylib
0x000000000b3c4000 	/System/Library/Frameworks/OpenCL.framework/Versions/A/Libraries/libcldcpuengine.dylib
0x000000000b3c4000 	/System/Library/PrivateFrameworks/DiskImages.framework/Versions/A/DiskImages
0x000000000b3c4000 	/System/Library/Frameworks/DiscRecording.framework/Versions/A/DiscRecording
0x000000000b3c4000 	/usr/lib/libcsfde.dylib
0x000000000b3c4000 	/usr/lib/libcurl.4.dylib
0x000000000b3c4000 	/System/Library/PrivateFrameworks/MediaKit.framework/Versions/A/MediaKit
0x000000000b3c4000 	/usr/lib/libCoreStorage.dylib
0x000000000b3c4000 	/System/Library/PrivateFrameworks/EFILogin.framework/Versions/A/EFILogin
0x000000000b3c4000 	/usr/lib/libutil.dylib
0x000000000b3c4000 	/System/Library/PrivateFrameworks/FindMyDevice.framework/Versions/A/FindMyDevice
0x000000000b3c4000 	/System/Library/Frameworks/LDAP.framework/Versions/A/LDAP
0x000000000b3c4000 	/usr/lib/libsasl2.2.dylib
0x000000000b3c4000 	/System/Library/PrivateFrameworks/CoreDaemon.framework/Versions/B/CoreDaemon
0x000000000b3c4000 	/usr/lib/libcrypto.0.9.8.dylib
0x000000000b3c4000 	/System/Library/PrivateFrameworks/AppleSRP.framework/Versions/A/AppleSRP
0x000000000b3c4000 	/System/Library/PrivateFrameworks/TrustEvaluationAgent.framework/Versions/A/TrustEvaluationAgent
0x000000012333b000 	cl_kernels
0x0000000126106000 	/System/Library/Frameworks/OpenCL.framework/Versions/A/Libraries/ImageFormats/unorm8_bgra.dylib
0x000000012332d000 	cl_kernels
0x000000000b3c4000 	/System/Library/PrivateFrameworks/FamilyControls.framework/Versions/A/FamilyControls
0x000000000b3c4000 	/System/Library/PrivateFrameworks/CommerceKit.framework/Versions/A/Frameworks/CommerceCore.framework/Versions/A/CommerceCore
0x000000000b3c4000 	/System/Library/PrivateFrameworks/SystemAdministration.framework/Versions/A/SystemAdministration
0x000000000b3c4000 	/System/Library/PrivateFrameworks/AppContainer.framework/Versions/A/AppContainer
0x000000000b3c4000 	/System/Library/PrivateFrameworks/SecCodeWrapper.framework/Versions/A/SecCodeWrapper
0x000000000b3c4000 	/System/Library/Frameworks/DirectoryService.framework/Versions/A/DirectoryService
0x000000000b3c4000 	/System/Library/PrivateFrameworks/LoginUIKit.framework/Versions/A/Frameworks/LoginUICore.framework/Versions/A/LoginUICore
0x000000000b3c4000 	/usr/lib/libodfde.dylib
0x000000000b3c4000 	/System/Library/Frameworks/OpenGL.framework/Versions/A/Resources/GLEngine.bundle/GLEngine
0x000000000b3c4000 	/System/Library/Frameworks/OpenGL.framework/Versions/A/Libraries/libGLProgrammability.dylib
0x00000001276bf000 	/System/Library/Extensions/AppleIntelHD5000GraphicsGLDriver.bundle/Contents/MacOS/AppleIntelHD5000GraphicsGLDriver
0x000000000b3c4000 	/System/Library/PrivateFrameworks/IOAccelerator.framework/Versions/A/IOAccelerator
0x000000000b3c4000 	/System/Library/PrivateFrameworks/GPUSupport.framework/Versions/A/Libraries/libGPUSupportMercury.dylib
0x000000000b3c4000 	/System/Library/Frameworks/OpenGL.framework/Versions/A/Resources/GLRendererFloat.bundle/GLRendererFloat
0x0000000128751000 	/Library/Java/JavaVirtualMachines/jdk1.8.0_73.jdk/Contents/Home/jre/lib/libfontmanager.dylib
0x0000000129aad000 	/Library/Java/JavaVirtualMachines/jdk1.8.0_73.jdk/Contents/Home/jre/lib/libosxui.dylib
0x0000000129d41000 	/Library/Java/JavaVirtualMachines/jdk1.8.0_73.jdk/Contents/Home/jre/lib/libnet.dylib
0x0000000129aed000 	/Library/Java/JavaVirtualMachines/jdk1.8.0_73.jdk/Contents/Home/jre/lib/libnio.dylib
0x000000000b3c4000 	/System/Library/Frameworks/ApplicationServices.framework/Versions/A/Frameworks/ATS.framework/Versions/A/Resources/libTrueTypeScaler.dylib
0x00000001752fc000 	/private/var/folders/88/rn0nzmd518s0659qz29bsj6m0000gn/T/jogamp_0000/file_cache/jln2828913294979439068/jln8079982928027459666/libgluegen-rt.jnilib
0x0000000175301000 	/private/var/folders/88/rn0nzmd518s0659qz29bsj6m0000gn/T/jogamp_0000/file_cache/jln2828913294979439068/jln8079982928027459666/libnativewindow_awt.jnilib
0x0000000175304000 	/Library/Java/JavaVirtualMachines/jdk1.8.0_73.jdk/Contents/Home/jre/lib/libjawt.dylib
0x0000000175307000 	/private/var/folders/88/rn0nzmd518s0659qz29bsj6m0000gn/T/jogamp_0000/file_cache/jln2828913294979439068/jln8079982928027459666/libnativewindow_macosx.jnilib
0x0000000179b44000 	/private/var/folders/88/rn0nzmd518s0659qz29bsj6m0000gn/T/jogamp_0000/file_cache/jln2828913294979439068/jln8079982928027459666/libjogl_desktop.jnilib
0x00000001754ef000 	/Library/Java/JavaVirtualMachines/jdk1.8.0_73.jdk/Contents/Home/jre/lib/libsunec.dylib
0x000000017552f000 	/Library/Java/JavaVirtualMachines/jdk1.8.0_73.jdk/Contents/Home/jre/lib/libjpeg.dylib
0x000000017daf0000 	/Library/Java/JavaVirtualMachines/jdk1.8.0_73.jdk/Contents/Home/jre/lib/libt2k.dylib

VM Arguments:
jvm_args: -Djava.security.policy=java.policy.applet -Dfile.encoding=UTF-8 
java_command: sun.applet.AppletViewer module3.EarthquakeCityMap1458102496476.html
java_class_path (initial): /Users/jb/Documents/GitHub/Java_Programming/UCSDUnfoldingMaps/build:/Users/jb/Documents/GitHub/Java_Programming/UCSDUnfoldingMaps/lib/core.jar:/Users/jb/Documents/GitHub/Java_Programming/UCSDUnfoldingMaps/lib/gluegen-rt.jar:/Users/jb/Documents/GitHub/Java_Programming/UCSDUnfoldingMaps/lib/jogl-all.jar:/Users/jb/Documents/GitHub/Java_Programming/UCSDUnfoldingMaps/lib/log4j-1.2.15.jar:/Users/jb/Documents/GitHub/Java_Programming/UCSDUnfoldingMaps/lib/sqlite-jdbc-3.7.2.jar:/Users/jb/Documents/GitHub/Java_Programming/UCSDUnfoldingMaps/lib/json4processing.jar:/Users/jb/Documents/GitHub/Java_Programming/UCSDUnfoldingMaps/lib/libTUIO.jar:/Users/jb/Documents/GitHub/Java_Programming/UCSDUnfoldingMaps/lib/unfolding.0.9.7-uscd.jar
Launcher Type: SUN_STANDARD

Environment Variables:
PATH=/usr/bin:/bin:/usr/sbin:/sbin
SHELL=/bin/bash

Signal Handlers:
SIGSEGV: [libjvm.dylib+0x5a71a5], sa_mask[0]=11111111011111110111111111111111, sa_flags=SA_ONSTACK|SA_RESTART|SA_SIGINFO
SIGBUS: [libjvm.dylib+0x5a71a5], sa_mask[0]=11111111011111110111111111111111, sa_flags=SA_RESTART|SA_SIGINFO
SIGFPE: [libjvm.dylib+0x480eb4], sa_mask[0]=11111111011111110111111111111111, sa_flags=SA_RESTART|SA_SIGINFO
SIGPIPE: [libjvm.dylib+0x480eb4], sa_mask[0]=11111111011111110111111111111111, sa_flags=SA_RESTART|SA_SIGINFO
SIGXFSZ: [libjvm.dylib+0x480eb4], sa_mask[0]=11111111011111110111111111111111, sa_flags=SA_RESTART|SA_SIGINFO
SIGILL: [libjvm.dylib+0x480eb4], sa_mask[0]=11111111011111110111111111111111, sa_flags=SA_RESTART|SA_SIGINFO
SIGUSR1: SIG_DFL, sa_mask[0]=00000000000000000000000000000000, sa_flags=none
SIGUSR2: [libjvm.dylib+0x4809d2], sa_mask[0]=00100000000000000000000000000000, sa_flags=SA_RESTART|SA_SIGINFO
SIGHUP: [libjvm.dylib+0x47efa9], sa_mask[0]=11111111011111110111111111111111, sa_flags=SA_RESTART|SA_SIGINFO
SIGINT: [libjvm.dylib+0x47efa9], sa_mask[0]=11111111011111110111111111111111, sa_flags=SA_RESTART|SA_SIGINFO
SIGTERM: [libjvm.dylib+0x47efa9], sa_mask[0]=11111111011111110111111111111111, sa_flags=SA_RESTART|SA_SIGINFO
SIGQUIT: [libjvm.dylib+0x47efa9], sa_mask[0]=11111111011111110111111111111111, sa_flags=SA_RESTART|SA_SIGINFO


---------------  S Y S T E M  ---------------

OS:Bsduname:Darwin 14.5.0 Darwin Kernel Version 14.5.0: Wed Jul 29 02:26:53 PDT 2015; root:xnu-2782.40.9~1/RELEASE_X86_64 x86_64
rlimit: STACK 8192k, CORE 0k, NPROC 709, NOFILE 10240, AS infinity
load average:1.82 1.48 1.37

CPU:total 8 (4 cores per cpu, 2 threads per core) family 6 model 70 stepping 1, cmov, cx8, fxsr, mmx, sse, sse2, sse3, ssse3, sse4.1, sse4.2, popcnt, avx, avx2, aes, clmul, erms, lzcnt, ht, tsc, tscinvbit, bmi1, bmi2

Memory: 4k page, physical 16777216k(2064100k free)

/proc/meminfo:


vm_info: Java HotSpot(TM) 64-Bit Server VM (25.73-b02) for bsd-amd64 JRE (1.8.0_73-b02), built on Jan 29 2016 15:02:00 by "java_re" with gcc 4.2.1 (Based on Apple Inc. build 5658) (LLVM build 2336.11.00)

time: Wed Mar 16 00:28:41 2016
elapsed time: 25 seconds (0d 0h 0m 25s)

