#
# A fatal error has been detected by the Java Runtime Environment:
#
#  SIGSEGV (0xb) at pc=0x00007fff963ad44c, pid=3375, tid=1811
#
# JRE version: Java(TM) SE Runtime Environment (8.0_73-b02) (build 1.8.0_73-b02)
# Java VM: Java HotSpot(TM) 64-Bit Server VM (25.73-b02 mixed mode bsd-amd64 compressed oops)
# Problematic frame:
# C  [libobjc.A.dylib+0x944c]  objc_release+0xc
#
# Failed to write core dump. Core dumps have been disabled. To enable core dumping, try "ulimit -c unlimited" before starting Java again
#
# If you would like to submit a bug report, please visit:
#   http://bugreport.java.com/bugreport/crash.jsp
# The crash happened outside the Java Virtual Machine in native code.
# See problematic frame for where to report the bug.
#

---------------  T H R E A D  ---------------

Current thread (0x00007faefa922000):  JavaThread "AWT-AppKit" daemon [_thread_in_native, id=1811, stack(0x00007fff5c96a000,0x00007fff5d16a000)]

siginfo: si_signo: 11 (SIGSEGV), si_code: 0 (unknown), si_addr: 0x0000000000000000

Registers:
RAX=0x0000000000000008, RBX=0x0000000000000000, RCX=0x0000000000000003, RDX=0x00007faf009c93e8
RSP=0x00007fff5d165468, RBP=0x00007fff5d165490, RSI=0x0000000122a8bf10, RDI=0xc00007faf009c7cc
R8 =0x0000000000000001, R9 =0x00007faf00900000, R10=0x00007faefdb209d0, R11=0x0000000174f27840
R12=0x0000000000000000, R13=0x0000000178bc9010, R14=0x00007faf009c6e90, R15=0x00007faefa922000
RIP=0x00007fff963ad44c, EFLAGS=0x0000000000010246, ERR=0x0000000000000000
  TRAPNO=0x000000000000000d

Top of Stack: (sp=0x00007fff5d165468)
0x00007fff5d165468:   0000000122a1547b 00007fff5d165490
0x00007fff5d165478:   0000000174f27450 0000000174f27440
0x00007fff5d165488:   00007faefa922000 00007fff5d165550
0x00007fff5d165498:   0000000174f25215 0000000174f27700
0x00007fff5d1654a8:   0000000174f276e0 0000000174f274b0
0x00007fff5d1654b8:   0000000000000000 0000000178bc9010
0x00007fff5d1654c8:   0000000178bc9010 00007faf009c93e0
0x00007fff5d1654d8:   0000000174f276a0 0000000174f27710
0x00007fff5d1654e8:   00007fff7d026550 00007fff7c012c80
0x00007fff5d1654f8:   0000000174f27450 0000000174f27690
0x00007fff5d165508:   00007faf009c93e0 00007faf009c6e90
0x00007fff5d165518:   00007faf018858c0 00007faf009c93e0
0x00007fff5d165528:   00007faf009c6e90 00007fff5d1655d8
0x00007fff5d165538:   00007faefa9221f8 0000000178bc9010
0x00007fff5d165548:   00007fff5d165600 00007fff5d1655c8
0x00007fff5d165558:   0000000104cae954 0000000178bc9010
0x00007fff5d165568:   00007fff5d165600 00007fff5d1655c8
0x00007fff5d165578:   0000000104cae6e7 0000000104cae6a2
0x00007fff5d165588:   00007fff5d165588 0000000178bc9010
0x00007fff5d165598:   00007fff5d165600 0000000178bcbc48
0x00007fff5d1655a8:   0000000000000000 0000000178bc9010
0x00007fff5d1655b8:   0000000000000000 00007fff5d1655e8
0x00007fff5d1655c8:   00007fff5d165648 0000000104ca0c4d
0x00007fff5d1655d8:   00000006c0733780 0000000104ca8578
0x00007fff5d1655e8:   00007faf009c93e0 00007fff5d165648
0x00007fff5d1655f8:   00007faf009c6e90 0000000104ca9d82
0x00007fff5d165608:   00007fff5d165608 0000000178bc91da
0x00007fff5d165618:   00007fff5d165670 0000000178bcbc48
0x00007fff5d165628:   0000000000000000 0000000178bc91e8
0x00007fff5d165638:   00007fff5d1655e8 00007fff5d165658
0x00007fff5d165648:   00007fff5d1656b8 0000000104ca0c4d
0x00007fff5d165658:   00007faf009c93e0 00000006c0a07310 

Instructions: (pc=0x00007fff963ad44c)
0x00007fff963ad42c:   5d c3 31 c0 48 85 ff 74 04 48 8b 47 08 c3 90 90
0x00007fff963ad43c:   90 90 90 90 48 85 ff 74 06 40 f6 c7 01 74 01 c3
0x00007fff963ad44c:   48 8b 07 f6 40 20 02 74 0a be 01 00 00 00 e9 51
0x00007fff963ad45c:   83 01 00 48 8d 05 7a 56 c3 e6 48 8b 30 e9 52 7c 

Register to memory mapping:

RAX=0x0000000000000008 is an unknown value
RBX=0x0000000000000000 is an unknown value
RCX=0x0000000000000003 is an unknown value
RDX=0x00007faf009c93e8 is an unknown value
RSP=0x00007fff5d165468 is pointing into the stack for thread: 0x00007faefa922000
RBP=0x00007fff5d165490 is pointing into the stack for thread: 0x00007faefa922000
RSI=0x0000000122a8bf10: OBJC_IVAR_$_PrinterView.fCurPeekGraphics+0x1aa8 in /Library/Java/JavaVirtualMachines/jdk1.8.0_73.jdk/Contents/Home/jre/lib/libawt_lwawt.dylib at 0x0000000122a11000
RDI=0xc00007faf009c7cc is an unknown value
R8 =0x0000000000000001 is an unknown value
R9 =0x00007faf00900000 is an unknown value
R10=0x00007faefdb209d0 is an unknown value
R11=0x0000000174f27840: OBJC_CLASS_$_MyCALayer+0 in /private/var/folders/88/rn0nzmd518s0659qz29bsj6m0000gn/T/jogamp_0000/file_cache/jln1492798321492661580/jln4115581217967171733/libnativewindow_macosx.jnilib at 0x0000000174f20000
R12=0x0000000000000000 is an unknown value
R13={method} {0x0000000178bc9010} 'UnsetJAWTRootSurfaceLayer0' '(JJ)V' in 'jogamp/nativewindow/jawt/macosx/MacOSXJAWTWindow'
R14=0x00007faf009c6e90 is an unknown value
R15=0x00007faefa922000 is a thread


Stack: [0x00007fff5c96a000,0x00007fff5d16a000],  sp=0x00007fff5d165468,  free space=8173k
Native frames: (J=compiled Java code, j=interpreted, Vv=VM code, C=native code)
C  [libobjc.A.dylib+0x944c]  objc_release+0xc
C  [libnativewindow_macosx.jnilib+0x5215]  Java_jogamp_nativewindow_jawt_macosx_MacOSXJAWTWindow_UnsetJAWTRootSurfaceLayer0+0x1a5
j  jogamp.nativewindow.jawt.macosx.MacOSXJAWTWindow.UnsetJAWTRootSurfaceLayer0(JJ)V+0
j  jogamp.nativewindow.jawt.macosx.MacOSXJAWTWindow.access$200(JJ)V+2
j  jogamp.nativewindow.jawt.macosx.MacOSXJAWTWindow$1.run()V+38
J 2413 C1 com.jogamp.common.util.RunnableTask.run()V (345 bytes) @ 0x0000000105565654 [0x00000001055654c0+0x194]
v  ~StubRoutines::call_stub
V  [libjvm.dylib+0x2eae7a]  JavaCalls::call_helper(JavaValue*, methodHandle*, JavaCallArguments*, Thread*)+0x6ae
V  [libjvm.dylib+0x321f83]  jni_invoke_nonstatic(JNIEnv_*, JavaValue*, _jobject*, JNICallType, _jmethodID*, JNI_ArgumentPusher*, Thread*)+0x2ec
V  [libjvm.dylib+0x314757]  jni_CallVoidMethod+0x16b
C  [libnativewindow_macosx.jnilib+0x5326]  Java_jogamp_nativewindow_jawt_macosx_MacOSXJAWTWindow_UnsetJAWTRootSurfaceLayer0+0x2b6
C  [Foundation+0x92dd0]  __NSThreadPerformPerform+0x125
C  [CoreFoundation+0x80a01]  __CFRUNLOOP_IS_CALLING_OUT_TO_A_SOURCE0_PERFORM_FUNCTION__+0x11
C  [CoreFoundation+0x72c5c]  __CFRunLoopDoSources0+0x1dc
C  [CoreFoundation+0x721bf]  __CFRunLoopRun+0x39f
C  [CoreFoundation+0x71bd8]  CFRunLoopRunSpecific+0x128
C  [HIToolbox+0x3256f]  RunCurrentEventLoopInMode+0xeb
C  [HIToolbox+0x321ee]  ReceiveNextEventCommon+0xb3
C  [HIToolbox+0x3212b]  _BlockUntilNextEventMatchingListInModeWithFilter+0x47
C  [AppKit+0x918ab]  _DPSNextEvent+0x3d2
C  [AppKit+0x90e58]  -[NSApplication nextEventMatchingMask:untilDate:inMode:dequeue:]+0x15a
C  [libosxapp.dylib+0x23aa]  -[NSApplicationAWT nextEventMatchingMask:untilDate:inMode:dequeue:]+0x7c
C  [AppKit+0x86af3]  -[NSApplication run]+0x252
C  [libosxapp.dylib+0x214d]  +[NSApplicationAWT runAWTLoopWithApp:]+0x9c
C  [libawt_lwawt.dylib+0x4455b]  -[AWTStarter starter:]+0x389
C  [Foundation+0x92dd0]  __NSThreadPerformPerform+0x125
C  [CoreFoundation+0x80a01]  __CFRUNLOOP_IS_CALLING_OUT_TO_A_SOURCE0_PERFORM_FUNCTION__+0x11
C  [CoreFoundation+0x72b8d]  __CFRunLoopDoSources0+0x10d
C  [CoreFoundation+0x721bf]  __CFRunLoopRun+0x39f
C  [CoreFoundation+0x71bd8]  CFRunLoopRunSpecific+0x128
C  [java+0x6463]  CreateExecutionEnvironment+0x367
C  [java+0x21ac]  JLI_Launch+0x7a0
C  [java+0x84c0]  main+0x65
C  [java+0x1a04]  start+0x34
C  0x0000000000000007

Java frames: (J=compiled Java code, j=interpreted, Vv=VM code)
j  jogamp.nativewindow.jawt.macosx.MacOSXJAWTWindow.UnsetJAWTRootSurfaceLayer0(JJ)V+0
j  jogamp.nativewindow.jawt.macosx.MacOSXJAWTWindow.access$200(JJ)V+2
j  jogamp.nativewindow.jawt.macosx.MacOSXJAWTWindow$1.run()V+38
J 2413 C1 com.jogamp.common.util.RunnableTask.run()V (345 bytes) @ 0x0000000105565654 [0x00000001055654c0+0x194]
v  ~StubRoutines::call_stub

---------------  P R O C E S S  ---------------

Java Threads: ( => current thread )
  0x00007faf038ef000 JavaThread "Thread-58" [_thread_blocked, id=40811, stack(0x000000017dcd9000,0x000000017ddd9000)]
  0x00007faefd0c3800 JavaThread "Image Fetcher 3" daemon [_thread_blocked, id=40271, stack(0x00000001801d8000,0x00000001802d8000)]
  0x00007faefe135800 JavaThread "Image Fetcher 2" daemon [_thread_blocked, id=66911, stack(0x00000001800d5000,0x00000001801d5000)]
  0x00007faefe800000 JavaThread "Image Fetcher 1" daemon [_thread_blocked, id=38747, stack(0x000000017ffd2000,0x00000001800d2000)]
  0x00007faf03877000 JavaThread "Image Fetcher 0" daemon [_thread_blocked, id=39271, stack(0x000000017fecf000,0x000000017ffcf000)]
  0x00007faf050a9800 JavaThread "Keep-Alive-Timer" daemon [_thread_blocked, id=14879, stack(0x000000017f999000,0x000000017fa99000)]
  0x00007faefb9aa000 JavaThread "AWT-EventQueue-1" [_thread_in_native, id=60971, stack(0x00000001756d7000,0x00000001757d7000)]
  0x00007faefc001800 JavaThread "DestroyJavaVM" [_thread_blocked, id=4867, stack(0x0000000104b8e000,0x0000000104c8e000)]
  0x00007faefc1ec000 JavaThread "AWT-EventQueue-0" [_thread_blocked, id=58627, stack(0x00000001293c5000,0x00000001294c5000)]
  0x00007faefb876000 JavaThread "Java2D Disposer" daemon [_thread_blocked, id=55575, stack(0x000000012809a000,0x000000012819a000)]
  0x00007faefc1d0000 JavaThread "Java2D Queue Flusher" daemon [_thread_blocked, id=54279, stack(0x0000000127058000,0x0000000127158000)]
  0x00007faefb865800 JavaThread "AWT-Shutdown" [_thread_blocked, id=30995, stack(0x00000001240d6000,0x00000001241d6000)]
=>0x00007faefa922000 JavaThread "AWT-AppKit" daemon [_thread_in_native, id=1811, stack(0x00007fff5c96a000,0x00007fff5d16a000)]
  0x00007faefd803000 JavaThread "Service Thread" daemon [_thread_blocked, id=20739, stack(0x0000000122698000,0x0000000122798000)]
  0x00007faefd806000 JavaThread "C1 CompilerThread3" daemon [_thread_blocked, id=20227, stack(0x0000000122595000,0x0000000122695000)]
  0x00007faefc033000 JavaThread "C2 CompilerThread2" daemon [_thread_blocked, id=19715, stack(0x0000000122492000,0x0000000122592000)]
  0x00007faefc030800 JavaThread "C2 CompilerThread1" daemon [_thread_blocked, id=19203, stack(0x000000012238f000,0x000000012248f000)]
  0x00007faefa83a800 JavaThread "C2 CompilerThread0" daemon [_thread_blocked, id=18691, stack(0x000000012228c000,0x000000012238c000)]
  0x00007faefd802000 JavaThread "Signal Dispatcher" daemon [_thread_blocked, id=15883, stack(0x0000000122189000,0x0000000122289000)]
  0x00007faefb803800 JavaThread "Finalizer" daemon [_thread_blocked, id=13571, stack(0x000000012076d000,0x000000012086d000)]
  0x00007faefd002000 JavaThread "Reference Handler" daemon [_thread_blocked, id=13059, stack(0x000000012066a000,0x000000012076a000)]

Other Threads:
  0x00007faefc028800 VMThread [stack: 0x0000000120567000,0x0000000120667000] [id=12547]
  0x00007faefd810800 WatcherThread [stack: 0x000000012279b000,0x000000012289b000] [id=21251]

VM state:not at safepoint (normal execution)

VM Mutex/Monitor currently owned by a thread: None

Heap:
 PSYoungGen      total 59392K, used 47109K [0x000000076ab00000, 0x0000000792780000, 0x00000007c0000000)
  eden space 57856K, 81% used [0x000000076ab00000,0x000000076d8c9428,0x000000076e380000)
  from space 1536K, 14% used [0x0000000792480000,0x00000007924b8000,0x0000000792600000)
  to   space 1536K, 0% used [0x0000000792600000,0x0000000792600000,0x0000000792780000)
 ParOldGen       total 175104K, used 31027K [0x00000006c0000000, 0x00000006cab00000, 0x000000076ab00000)
  object space 175104K, 17% used [0x00000006c0000000,0x00000006c1e4cc80,0x00000006cab00000)
 Metaspace       used 19859K, capacity 20139K, committed 20224K, reserved 1067008K
  class space    used 1924K, capacity 2016K, committed 2048K, reserved 1048576K

Card table byte_map: [0x0000000114059000,0x000000011485a000] byte_map_base: 0x0000000110a59000

Marking Bits: (ParMarkBitMap*) 0x00000001044e3ea0
 Begin Bits: [0x00000001155c8000, 0x00000001195c8000)
 End Bits:   [0x00000001195c8000, 0x000000011d5c8000)

Polling page: 0x0000000102bef000

CodeCache: size=245760Kb used=8557Kb max_used=9886Kb free=237202Kb
 bounds [0x0000000104c99000, 0x0000000105679000, 0x0000000113c99000]
 total_blobs=3232 nmethods=2353 adapters=792
 compilation: enabled

Compilation events (10 events):
Event: 40.947 Thread 0x00007faefa83a800 nmethod 2887 0x000000010524cf10 code [0x000000010524d080, 0x000000010524d2f8]
Event: 40.948 Thread 0x00007faefc030800 nmethod 2886 0x0000000105435610 code [0x00000001054357a0, 0x0000000105435b38]
Event: 41.093 Thread 0x00007faefd806000 2888       3       java.lang.Thread::isInterrupted (6 bytes)
Event: 41.093 Thread 0x00007faefd806000 nmethod 2888 0x000000010518f150 code [0x000000010518f2c0, 0x000000010518f448]
Event: 41.432 Thread 0x00007faefd806000 2890       3       sun.java2d.pipe.RenderBuffer::putFloat (26 bytes)
Event: 41.433 Thread 0x00007faefd806000 nmethod 2890 0x000000010518ed10 code [0x000000010518ee80, 0x000000010518f010]
Event: 41.433 Thread 0x00007faefd806000 2889       1       sun.java2d.SurfaceData::isValid (5 bytes)
Event: 41.433 Thread 0x00007faefd806000 nmethod 2889 0x0000000105336510 code [0x0000000105336660, 0x0000000105336770]
Event: 41.490 Thread 0x00007faefd806000 2891       3       java.lang.Boolean::valueOf (14 bytes)
Event: 41.490 Thread 0x00007faefd806000 nmethod 2891 0x0000000105336190 code [0x0000000105336300, 0x0000000105336490]

GC Heap History (10 events):
Event: 40.646 GC heap before
{Heap before GC invocations=73 (full 0):
 PSYoungGen      total 64000K, used 63712K [0x000000076ab00000, 0x0000000792980000, 0x00000007c0000000)
  eden space 63488K, 100% used [0x000000076ab00000,0x000000076e900000,0x000000076e900000)
  from space 512K, 43% used [0x0000000792900000,0x0000000792938000,0x0000000792980000)
  to   space 1536K, 0% used [0x0000000792680000,0x0000000792680000,0x0000000792800000)
 ParOldGen       total 175104K, used 30979K [0x00000006c0000000, 0x00000006cab00000, 0x000000076ab00000)
  object space 175104K, 17% used [0x00000006c0000000,0x00000006c1e40c80,0x00000006cab00000)
 Metaspace       used 19824K, capacity 19979K, committed 20224K, reserved 1067008K
  class space    used 1916K, capacity 1984K, committed 2048K, reserved 1048576K
Event: 40.647 GC heap after
Heap after GC invocations=73 (full 0):
 PSYoungGen      total 63488K, used 224K [0x000000076ab00000, 0x0000000792980000, 0x00000007c0000000)
  eden space 61952K, 0% used [0x000000076ab00000,0x000000076ab00000,0x000000076e780000)
  from space 1536K, 14% used [0x0000000792680000,0x00000007926b8000,0x0000000792800000)
  to   space 1536K, 0% used [0x0000000792800000,0x0000000792800000,0x0000000792980000)
 ParOldGen       total 175104K, used 30995K [0x00000006c0000000, 0x00000006cab00000, 0x000000076ab00000)
  object space 175104K, 17% used [0x00000006c0000000,0x00000006c1e44c80,0x00000006cab00000)
 Metaspace       used 19824K, capacity 19979K, committed 20224K, reserved 1067008K
  class space    used 1916K, capacity 1984K, committed 2048K, reserved 1048576K
}
Event: 40.831 GC heap before
{Heap before GC invocations=74 (full 0):
 PSYoungGen      total 63488K, used 62176K [0x000000076ab00000, 0x0000000792980000, 0x00000007c0000000)
  eden space 61952K, 100% used [0x000000076ab00000,0x000000076e780000,0x000000076e780000)
  from space 1536K, 14% used [0x0000000792680000,0x00000007926b8000,0x0000000792800000)
  to   space 1536K, 0% used [0x0000000792800000,0x0000000792800000,0x0000000792980000)
 ParOldGen       total 175104K, used 30995K [0x00000006c0000000, 0x00000006cab00000, 0x000000076ab00000)
  object space 175104K, 17% used [0x00000006c0000000,0x00000006c1e44c80,0x00000006cab00000)
 Metaspace       used 19824K, capacity 19979K, committed 20224K, reserved 1067008K
  class space    used 1916K, capacity 1984K, committed 2048K, reserved 1048576K
Event: 40.832 GC heap after
Heap after GC invocations=74 (full 0):
 PSYoungGen      total 61440K, used 480K [0x000000076ab00000, 0x0000000792880000, 0x00000007c0000000)
  eden space 60928K, 0% used [0x000000076ab00000,0x000000076ab00000,0x000000076e680000)
  from space 512K, 93% used [0x0000000792800000,0x0000000792878000,0x0000000792880000)
  to   space 1536K, 0% used [0x0000000792580000,0x0000000792580000,0x0000000792700000)
 ParOldGen       total 175104K, used 31011K [0x00000006c0000000, 0x00000006cab00000, 0x000000076ab00000)
  object space 175104K, 17% used [0x00000006c0000000,0x00000006c1e48c80,0x00000006cab00000)
 Metaspace       used 19824K, capacity 19979K, committed 20224K, reserved 1067008K
  class space    used 1916K, capacity 1984K, committed 2048K, reserved 1048576K
}
Event: 40.999 GC heap before
{Heap before GC invocations=75 (full 0):
 PSYoungGen      total 61440K, used 61408K [0x000000076ab00000, 0x0000000792880000, 0x00000007c0000000)
  eden space 60928K, 100% used [0x000000076ab00000,0x000000076e680000,0x000000076e680000)
  from space 512K, 93% used [0x0000000792800000,0x0000000792878000,0x0000000792880000)
  to   space 1536K, 0% used [0x0000000792580000,0x0000000792580000,0x0000000792700000)
 ParOldGen       total 175104K, used 31011K [0x00000006c0000000, 0x00000006cab00000, 0x000000076ab00000)
  object space 175104K, 17% used [0x00000006c0000000,0x00000006c1e48c80,0x00000006cab00000)
 Metaspace       used 19824K, capacity 19979K, committed 20224K, reserved 1067008K
  class space    used 1916K, capacity 1984K, committed 2048K, reserved 1048576K
Event: 41.001 GC heap after
Heap after GC invocations=75 (full 0):
 PSYoungGen      total 61440K, used 224K [0x000000076ab00000, 0x0000000792880000, 0x00000007c0000000)
  eden space 59904K, 0% used [0x000000076ab00000,0x000000076ab00000,0x000000076e580000)
  from space 1536K, 14% used [0x0000000792580000,0x00000007925b8000,0x0000000792700000)
  to   space 1536K, 0% used [0x0000000792700000,0x0000000792700000,0x0000000792880000)
 ParOldGen       total 175104K, used 31027K [0x00000006c0000000, 0x00000006cab00000, 0x000000076ab00000)
  object space 175104K, 17% used [0x00000006c0000000,0x00000006c1e4cc80,0x00000006cab00000)
 Metaspace       used 19824K, capacity 19979K, committed 20224K, reserved 1067008K
  class space    used 1916K, capacity 1984K, committed 2048K, reserved 1048576K
}
Event: 41.167 GC heap before
{Heap before GC invocations=76 (full 0):
 PSYoungGen      total 61440K, used 60128K [0x000000076ab00000, 0x0000000792880000, 0x00000007c0000000)
  eden space 59904K, 100% used [0x000000076ab00000,0x000000076e580000,0x000000076e580000)
  from space 1536K, 14% used [0x0000000792580000,0x00000007925b8000,0x0000000792700000)
  to   space 1536K, 0% used [0x0000000792700000,0x0000000792700000,0x0000000792880000)
 ParOldGen       total 175104K, used 31027K [0x00000006c0000000, 0x00000006cab00000, 0x000000076ab00000)
  object space 175104K, 17% used [0x00000006c0000000,0x00000006c1e4cc80,0x00000006cab00000)
 Metaspace       used 19824K, capacity 19979K, committed 20224K, reserved 1067008K
  class space    used 1916K, capacity 1984K, committed 2048K, reserved 1048576K
Event: 41.169 GC heap after
Heap after GC invocations=76 (full 0):
 PSYoungGen      total 59392K, used 224K [0x000000076ab00000, 0x0000000792780000, 0x00000007c0000000)
  eden space 58880K, 0% used [0x000000076ab00000,0x000000076ab00000,0x000000076e480000)
  from space 512K, 43% used [0x0000000792700000,0x0000000792738000,0x0000000792780000)
  to   space 1536K, 0% used [0x0000000792480000,0x0000000792480000,0x0000000792600000)
 ParOldGen       total 175104K, used 31027K [0x00000006c0000000, 0x00000006cab00000, 0x000000076ab00000)
  object space 175104K, 17% used [0x00000006c0000000,0x00000006c1e4cc80,0x00000006cab00000)
 Metaspace       used 19824K, capacity 19979K, committed 20224K, reserved 1067008K
  class space    used 1916K, capacity 1984K, committed 2048K, reserved 1048576K
}
Event: 41.332 GC heap before
{Heap before GC invocations=77 (full 0):
 PSYoungGen      total 59392K, used 59104K [0x000000076ab00000, 0x0000000792780000, 0x00000007c0000000)
  eden space 58880K, 100% used [0x000000076ab00000,0x000000076e480000,0x000000076e480000)
  from space 512K, 43% used [0x0000000792700000,0x0000000792738000,0x0000000792780000)
  to   space 1536K, 0% used [0x0000000792480000,0x0000000792480000,0x0000000792600000)
 ParOldGen       total 175104K, used 31027K [0x00000006c0000000, 0x00000006cab00000, 0x000000076ab00000)
  object space 175104K, 17% used [0x00000006c0000000,0x00000006c1e4cc80,0x00000006cab00000)
 Metaspace       used 19824K, capacity 19979K, committed 20224K, reserved 1067008K
  class space    used 1916K, capacity 1984K, committed 2048K, reserved 1048576K
Event: 41.333 GC heap after
Heap after GC invocations=77 (full 0):
 PSYoungGen      total 59392K, used 224K [0x000000076ab00000, 0x0000000792780000, 0x00000007c0000000)
  eden space 57856K, 0% used [0x000000076ab00000,0x000000076ab00000,0x000000076e380000)
  from space 1536K, 14% used [0x0000000792480000,0x00000007924b8000,0x0000000792600000)
  to   space 1536K, 0% used [0x0000000792600000,0x0000000792600000,0x0000000792780000)
 ParOldGen       total 175104K, used 31027K [0x00000006c0000000, 0x00000006cab00000, 0x000000076ab00000)
  object space 175104K, 17% used [0x00000006c0000000,0x00000006c1e4cc80,0x00000006cab00000)
 Metaspace       used 19824K, capacity 19979K, committed 20224K, reserved 1067008K
  class space    used 1916K, capacity 1984K, committed 2048K, reserved 1048576K
}

Deoptimization events (10 events):
Event: 2.363 Thread 0x00007faefb9aa000 Uncommon trap: reason=unstable_if action=reinterpret pc=0x00000001051792fc method=jogamp.opengl.glu.tessellator.GLUtessellatorImpl.gluTessVertex([DILjava/lang/Object;)V @ 17
Event: 2.715 Thread 0x00007faefbb09800 Uncommon trap: reason=unstable_if action=reinterpret pc=0x000000010506d4d4 method=java.lang.String.regionMatches(ZILjava/lang/String;II)Z @ 123
Event: 24.192 Thread 0x00007faefb9aa000 Uncommon trap: reason=unstable_if action=reinterpret pc=0x000000010554e4bc method=java.util.Vector.indexOf(Ljava/lang/Object;I)I @ 41
Event: 24.193 Thread 0x00007faefb9aa000 Uncommon trap: reason=unstable_if action=reinterpret pc=0x00000001055a764c method=processing.opengl.PGraphicsOpenGL$TessGeometry.polyIndexCheck(I)V @ 13
Event: 24.291 Thread 0x00007faefb9aa000 Uncommon trap: reason=null_check action=make_not_entrant pc=0x00000001055adbcc method=processing.opengl.PGraphicsOpenGL.initCache(Lprocessing/core/PImage;)Ljava/lang/Object; @ 14
Event: 27.541 Thread 0x00007faefb9aa000 Uncommon trap: reason=unstable_if action=reinterpret pc=0x000000010554c29c method=de.fhpotsdam.unfolding.core.Coordinate.equals(Ljava/lang/Object;)Z @ 14
Event: 27.545 Thread 0x00007faefb9aa000 Uncommon trap: reason=unstable_if action=reinterpret pc=0x00000001055507c0 method=processing.opengl.PGraphicsOpenGL$TessGeometry.polyVertexCheck(I)V @ 15
Event: 41.428 Thread 0x00007faefb9aa000 Uncommon trap: reason=unstable_if action=reinterpret pc=0x0000000104ea28e8 method=com.jogamp.common.util.VersionNumber.compareTo(Lcom/jogamp/common/util/VersionNumber;)I @ 21
Event: 41.477 Thread 0x00007faefc1bd000 Uncommon trap: reason=unstable_if action=reinterpret pc=0x000000010510627c method=java.util.HashMap.putVal(ILjava/lang/Object;Ljava/lang/Object;ZZ)Ljava/lang/Object; @ 81
Event: 41.488 Thread 0x00007faefb9aa000 Uncommon trap: reason=unstable_if action=reinterpret pc=0x0000000105610948 method=java.security.AccessControlContext.optimize()Ljava/security/AccessControlContext; @ 233

Internal exceptions (10 events):
Event: 0.111 Thread 0x00007faefc001800 Exception <a 'java/lang/NoSuchFieldError': method resolution failed> (0x000000076aeeee48) thrown at [/HUDSON3/workspace/8-2-build-macosx-x86_64/jdk8u73/6086/hotspot/src/share/vm/prims/methodHandles.cpp, line 1146]
Event: 0.113 Thread 0x00007faefc001800 Exception <a 'java/lang/NoSuchFieldError': method resolution failed> (0x000000076aefc618) thrown at [/HUDSON3/workspace/8-2-build-macosx-x86_64/jdk8u73/6086/hotspot/src/share/vm/prims/methodHandles.cpp, line 1146]
Event: 0.252 Thread 0x00007faefc001800 Exception <a 'java/io/FileNotFoundException'> (0x000000076af78308) thrown at [/HUDSON3/workspace/8-2-build-macosx-x86_64/jdk8u73/6086/hotspot/src/share/vm/prims/jni.cpp, line 709]
Event: 0.252 Thread 0x00007faefc001800 Exception <a 'java/io/FileNotFoundException'> (0x000000076af78e30) thrown at [/HUDSON3/workspace/8-2-build-macosx-x86_64/jdk8u73/6086/hotspot/src/share/vm/prims/jni.cpp, line 709]
Event: 0.351 Thread 0x00007faefc001800 Exception <a 'java/io/FileNotFoundException'> (0x000000076b00e7a0) thrown at [/HUDSON3/workspace/8-2-build-macosx-x86_64/jdk8u73/6086/hotspot/src/share/vm/prims/jni.cpp, line 709]
Event: 1.366 Thread 0x00007faefa9e6000 Exception <a 'java/lang/UnsatisfiedLinkError': com.jogamp.common.util.JarUtil.fixNativeLibAttribs(Ljava/lang/String;)Z> (0x000000076c7748a0) thrown at [/HUDSON3/workspace/8-2-build-macosx-x86_64/jdk8u73/6086/hotspot/src/share/vm/prims/nativeLookup.cpp, li
Event: 2.042 Thread 0x00007faefb9aa000 Exception <a 'java/io/FileNotFoundException'> (0x000000076d807c80) thrown at [/HUDSON3/workspace/8-2-build-macosx-x86_64/jdk8u73/6086/hotspot/src/share/vm/prims/jni.cpp, line 709]
Event: 2.042 Thread 0x00007faefb9aa000 Exception <a 'java/io/FileNotFoundException'> (0x000000076d80e348) thrown at [/HUDSON3/workspace/8-2-build-macosx-x86_64/jdk8u73/6086/hotspot/src/share/vm/prims/jni.cpp, line 709]
Event: 2.042 Thread 0x00007faefb9aa000 Implicit null exception at 0x0000000104e39875 to 0x0000000104e39bd9
Event: 2.221 Thread 0x00007faefb803800 Exception <a 'java/lang/NullPointerException'> (0x000000076b053288) thrown at [/HUDSON3/workspace/8-2-build-macosx-x86_64/jdk8u73/6086/hotspot/src/share/vm/interpreter/linkResolver.cpp, line 1178]

Events (10 events):
Event: 41.489 loading class java/awt/LightweightDispatcher$2 done
Event: 41.489 loading class java/awt/event/AWTEventListenerProxy
Event: 41.489 loading class java/awt/event/AWTEventListenerProxy done
Event: 41.489 Executing VM operation: Deoptimize
Event: 41.489 Executing VM operation: Deoptimize done
Event: 41.489 loading class java/awt/Toolkit$ToolkitEventMulticaster
Event: 41.489 loading class java/awt/Toolkit$ToolkitEventMulticaster done
Event: 41.489 Thread 0x00007faefc1bd000 Thread exited: 0x00007faefc1bd000
Event: 41.489 loading class java/awt/Window$1DisposeAction
Event: 41.490 loading class java/awt/Window$1DisposeAction done


Dynamic libraries:
0x000000000b3c4000 	/System/Library/Frameworks/Cocoa.framework/Versions/A/Cocoa
0x000000000b3c4000 	/System/Library/Frameworks/Security.framework/Versions/A/Security
0x000000000b3c4000 	/System/Library/Frameworks/ApplicationServices.framework/Versions/A/ApplicationServices
0x000000000b3c4000 	/usr/lib/libz.1.dylib
0x000000000b3c4000 	/usr/lib/libSystem.B.dylib
0x000000000b3c4000 	/usr/lib/libobjc.A.dylib
0x000000000b3c4000 	/System/Library/Frameworks/CoreFoundation.framework/Versions/A/CoreFoundation
0x000000000b3c4000 	/System/Library/Frameworks/Foundation.framework/Versions/C/Foundation
0x000000000b3c4000 	/System/Library/Frameworks/AppKit.framework/Versions/C/AppKit
0x000000000b3c4000 	/System/Library/Frameworks/CoreData.framework/Versions/A/CoreData
0x000000000b3c4000 	/System/Library/PrivateFrameworks/RemoteViewServices.framework/Versions/A/RemoteViewServices
0x000000000b3c4000 	/System/Library/PrivateFrameworks/UIFoundation.framework/Versions/A/UIFoundation
0x000000000b3c4000 	/System/Library/Frameworks/IOSurface.framework/Versions/A/IOSurface
0x000000000b3c4000 	/System/Library/Frameworks/AudioToolbox.framework/Versions/A/AudioToolbox
0x000000000b3c4000 	/System/Library/Frameworks/AudioUnit.framework/Versions/A/AudioUnit
0x000000000b3c4000 	/System/Library/PrivateFrameworks/DataDetectorsCore.framework/Versions/A/DataDetectorsCore
0x000000000b3c4000 	/System/Library/PrivateFrameworks/DesktopServicesPriv.framework/Versions/A/DesktopServicesPriv
0x000000000b3c4000 	/System/Library/Frameworks/Carbon.framework/Versions/A/Frameworks/HIToolbox.framework/Versions/A/HIToolbox
0x000000000b3c4000 	/System/Library/Frameworks/QuartzCore.framework/Versions/A/QuartzCore
0x000000000b3c4000 	/System/Library/Frameworks/Carbon.framework/Versions/A/Frameworks/SpeechRecognition.framework/Versions/A/SpeechRecognition
0x000000000b3c4000 	/usr/lib/libauto.dylib
0x000000000b3c4000 	/usr/lib/libicucore.A.dylib
0x000000000b3c4000 	/usr/lib/libxml2.2.dylib
0x000000000b3c4000 	/System/Library/PrivateFrameworks/CoreUI.framework/Versions/A/CoreUI
0x000000000b3c4000 	/System/Library/Frameworks/CoreAudio.framework/Versions/A/CoreAudio
0x000000000b3c4000 	/System/Library/Frameworks/DiskArbitration.framework/Versions/A/DiskArbitration
0x000000000b3c4000 	/usr/lib/liblangid.dylib
0x000000000b3c4000 	/System/Library/PrivateFrameworks/MultitouchSupport.framework/Versions/A/MultitouchSupport
0x000000000b3c4000 	/System/Library/Frameworks/IOKit.framework/Versions/A/IOKit
0x000000000b3c4000 	/usr/lib/libDiagnosticMessagesClient.dylib
0x000000000b3c4000 	/System/Library/Frameworks/CoreServices.framework/Versions/A/CoreServices
0x000000000b3c4000 	/System/Library/PrivateFrameworks/PerformanceAnalysis.framework/Versions/A/PerformanceAnalysis
0x000000000b3c4000 	/System/Library/PrivateFrameworks/GenerationalStorage.framework/Versions/A/GenerationalStorage
0x000000000b3c4000 	/System/Library/Frameworks/OpenGL.framework/Versions/A/OpenGL
0x000000000b3c4000 	/System/Library/PrivateFrameworks/Sharing.framework/Versions/A/Sharing
0x000000000b3c4000 	/System/Library/Frameworks/CoreGraphics.framework/Versions/A/CoreGraphics
0x000000000b3c4000 	/System/Library/Frameworks/CoreText.framework/Versions/A/CoreText
0x000000000b3c4000 	/System/Library/Frameworks/ImageIO.framework/Versions/A/ImageIO
0x000000000b3c4000 	/usr/lib/libextension.dylib
0x000000000b3c4000 	/System/Library/PrivateFrameworks/Backup.framework/Versions/A/Backup
0x000000000b3c4000 	/usr/lib/libarchive.2.dylib
0x000000000b3c4000 	/System/Library/Frameworks/CFNetwork.framework/Versions/A/CFNetwork
0x000000000b3c4000 	/System/Library/Frameworks/SystemConfiguration.framework/Versions/A/SystemConfiguration
0x000000000b3c4000 	/usr/lib/libCRFSuite.dylib
0x000000000b3c4000 	/usr/lib/libc++.1.dylib
0x000000000b3c4000 	/usr/lib/libc++abi.dylib
0x000000000b3c4000 	/usr/lib/system/libcache.dylib
0x000000000b3c4000 	/usr/lib/system/libcommonCrypto.dylib
0x000000000b3c4000 	/usr/lib/system/libcompiler_rt.dylib
0x000000000b3c4000 	/usr/lib/system/libcopyfile.dylib
0x000000000b3c4000 	/usr/lib/system/libcorecrypto.dylib
0x000000000b3c4000 	/usr/lib/system/libdispatch.dylib
0x000000000b3c4000 	/usr/lib/system/libdyld.dylib
0x000000000b3c4000 	/usr/lib/system/libkeymgr.dylib
0x000000000b3c4000 	/usr/lib/system/liblaunch.dylib
0x000000000b3c4000 	/usr/lib/system/libmacho.dylib
0x000000000b3c4000 	/usr/lib/system/libquarantine.dylib
0x000000000b3c4000 	/usr/lib/system/libremovefile.dylib
0x000000000b3c4000 	/usr/lib/system/libsystem_asl.dylib
0x000000000b3c4000 	/usr/lib/system/libsystem_blocks.dylib
0x000000000b3c4000 	/usr/lib/system/libsystem_c.dylib
0x000000000b3c4000 	/usr/lib/system/libsystem_configuration.dylib
0x000000000b3c4000 	/usr/lib/system/libsystem_coreservices.dylib
0x000000000b3c4000 	/usr/lib/system/libsystem_coretls.dylib
0x000000000b3c4000 	/usr/lib/system/libsystem_dnssd.dylib
0x000000000b3c4000 	/usr/lib/system/libsystem_info.dylib
0x000000000b3c4000 	/usr/lib/system/libsystem_kernel.dylib
0x000000000b3c4000 	/usr/lib/system/libsystem_m.dylib
0x000000000b3c4000 	/usr/lib/system/libsystem_malloc.dylib
0x000000000b3c4000 	/usr/lib/system/libsystem_network.dylib
0x000000000b3c4000 	/usr/lib/system/libsystem_networkextension.dylib
0x000000000b3c4000 	/usr/lib/system/libsystem_notify.dylib
0x000000000b3c4000 	/usr/lib/system/libsystem_platform.dylib
0x000000000b3c4000 	/usr/lib/system/libsystem_pthread.dylib
0x000000000b3c4000 	/usr/lib/system/libsystem_sandbox.dylib
0x000000000b3c4000 	/usr/lib/system/libsystem_secinit.dylib
0x000000000b3c4000 	/usr/lib/system/libsystem_stats.dylib
0x000000000b3c4000 	/usr/lib/system/libsystem_trace.dylib
0x000000000b3c4000 	/usr/lib/system/libunc.dylib
0x000000000b3c4000 	/usr/lib/system/libunwind.dylib
0x000000000b3c4000 	/usr/lib/system/libxpc.dylib
0x000000000b3c4000 	/usr/lib/libbz2.1.0.dylib
0x000000000b3c4000 	/usr/lib/liblzma.5.dylib
0x000000000b3c4000 	/usr/lib/libbsm.0.dylib
0x000000000b3c4000 	/usr/lib/libsqlite3.dylib
0x000000000b3c4000 	/usr/lib/system/libkxld.dylib
0x000000000b3c4000 	/usr/lib/libxar.1.dylib
0x000000000b3c4000 	/usr/lib/libpam.2.dylib
0x000000000b3c4000 	/usr/lib/libOpenScriptingUtil.dylib
0x000000000b3c4000 	/System/Library/Frameworks/CoreServices.framework/Versions/A/Frameworks/FSEvents.framework/Versions/A/FSEvents
0x000000000b3c4000 	/System/Library/Frameworks/CoreServices.framework/Versions/A/Frameworks/CarbonCore.framework/Versions/A/CarbonCore
0x000000000b3c4000 	/System/Library/Frameworks/CoreServices.framework/Versions/A/Frameworks/Metadata.framework/Versions/A/Metadata
0x000000000b3c4000 	/System/Library/Frameworks/CoreServices.framework/Versions/A/Frameworks/OSServices.framework/Versions/A/OSServices
0x000000000b3c4000 	/System/Library/Frameworks/CoreServices.framework/Versions/A/Frameworks/SearchKit.framework/Versions/A/SearchKit
0x000000000b3c4000 	/System/Library/Frameworks/CoreServices.framework/Versions/A/Frameworks/AE.framework/Versions/A/AE
0x000000000b3c4000 	/System/Library/Frameworks/CoreServices.framework/Versions/A/Frameworks/LaunchServices.framework/Versions/A/LaunchServices
0x000000000b3c4000 	/System/Library/Frameworks/CoreServices.framework/Versions/A/Frameworks/DictionaryServices.framework/Versions/A/DictionaryServices
0x000000000b3c4000 	/System/Library/Frameworks/NetFS.framework/Versions/A/NetFS
0x000000000b3c4000 	/System/Library/PrivateFrameworks/NetAuth.framework/Versions/A/NetAuth
0x000000000b3c4000 	/System/Library/PrivateFrameworks/login.framework/Versions/A/Frameworks/loginsupport.framework/Versions/A/loginsupport
0x000000000b3c4000 	/System/Library/PrivateFrameworks/TCC.framework/Versions/A/TCC
0x000000000b3c4000 	/usr/lib/libmecabra.dylib
0x000000000b3c4000 	/System/Library/Frameworks/ApplicationServices.framework/Versions/A/Frameworks/ATS.framework/Versions/A/ATS
0x000000000b3c4000 	/System/Library/Frameworks/ApplicationServices.framework/Versions/A/Frameworks/ColorSync.framework/Versions/A/ColorSync
0x000000000b3c4000 	/System/Library/Frameworks/ApplicationServices.framework/Versions/A/Frameworks/HIServices.framework/Versions/A/HIServices
0x000000000b3c4000 	/System/Library/Frameworks/ApplicationServices.framework/Versions/A/Frameworks/LangAnalysis.framework/Versions/A/LangAnalysis
0x000000000b3c4000 	/System/Library/Frameworks/ApplicationServices.framework/Versions/A/Frameworks/PrintCore.framework/Versions/A/PrintCore
0x000000000b3c4000 	/System/Library/Frameworks/ApplicationServices.framework/Versions/A/Frameworks/QD.framework/Versions/A/QD
0x000000000b3c4000 	/System/Library/Frameworks/ApplicationServices.framework/Versions/A/Frameworks/SpeechSynthesis.framework/Versions/A/SpeechSynthesis
0x000000000b3c4000 	/System/Library/Frameworks/Accelerate.framework/Versions/A/Accelerate
0x000000000b3c4000 	/System/Library/Frameworks/Accelerate.framework/Versions/A/Frameworks/vImage.framework/Versions/A/vImage
0x000000000b3c4000 	/System/Library/Frameworks/Accelerate.framework/Versions/A/Frameworks/vecLib.framework/Versions/A/vecLib
0x000000000b3c4000 	/System/Library/Frameworks/Accelerate.framework/Versions/A/Frameworks/vecLib.framework/Versions/A/libvDSP.dylib
0x000000000b3c4000 	/System/Library/Frameworks/Accelerate.framework/Versions/A/Frameworks/vecLib.framework/Versions/A/libvMisc.dylib
0x000000000b3c4000 	/System/Library/Frameworks/Accelerate.framework/Versions/A/Frameworks/vecLib.framework/Versions/A/libLAPACK.dylib
0x000000000b3c4000 	/System/Library/Frameworks/Accelerate.framework/Versions/A/Frameworks/vecLib.framework/Versions/A/libBLAS.dylib
0x000000000b3c4000 	/System/Library/Frameworks/Accelerate.framework/Versions/A/Frameworks/vecLib.framework/Versions/A/libLinearAlgebra.dylib
0x000000000b3c4000 	/System/Library/Frameworks/ApplicationServices.framework/Versions/A/Frameworks/ATS.framework/Versions/A/Resources/libFontParser.dylib
0x000000000b3c4000 	/System/Library/Frameworks/ApplicationServices.framework/Versions/A/Frameworks/ATS.framework/Versions/A/Resources/libFontRegistry.dylib
0x000000000b3c4000 	/System/Library/PrivateFrameworks/AppleVPA.framework/Versions/A/AppleVPA
0x000000000b3c4000 	/System/Library/PrivateFrameworks/AppleJPEG.framework/Versions/A/AppleJPEG
0x000000000b3c4000 	/System/Library/Frameworks/ImageIO.framework/Versions/A/Resources/libJPEG.dylib
0x000000000b3c4000 	/System/Library/Frameworks/ImageIO.framework/Versions/A/Resources/libTIFF.dylib
0x000000000b3c4000 	/System/Library/Frameworks/ImageIO.framework/Versions/A/Resources/libPng.dylib
0x000000000b3c4000 	/System/Library/Frameworks/ImageIO.framework/Versions/A/Resources/libGIF.dylib
0x000000000b3c4000 	/System/Library/Frameworks/ImageIO.framework/Versions/A/Resources/libJP2.dylib
0x000000000b3c4000 	/System/Library/Frameworks/ImageIO.framework/Versions/A/Resources/libRadiance.dylib
0x000000000b3c4000 	/System/Library/Frameworks/CoreVideo.framework/Versions/A/CoreVideo
0x000000000b3c4000 	/System/Library/Frameworks/OpenGL.framework/Versions/A/Libraries/libGLU.dylib
0x000000000b3c4000 	/System/Library/Frameworks/OpenGL.framework/Versions/A/Libraries/libGFXShared.dylib
0x000000000b3c4000 	/System/Library/Frameworks/OpenGL.framework/Versions/A/Libraries/libGL.dylib
0x000000000b3c4000 	/System/Library/Frameworks/OpenGL.framework/Versions/A/Libraries/libGLImage.dylib
0x000000000b3c4000 	/System/Library/Frameworks/OpenGL.framework/Versions/A/Libraries/libCVMSPluginSupport.dylib
0x000000000b3c4000 	/System/Library/Frameworks/OpenGL.framework/Versions/A/Libraries/libCoreVMClient.dylib
0x000000000b3c4000 	/usr/lib/libcups.2.dylib
0x000000000b3c4000 	/System/Library/Frameworks/Kerberos.framework/Versions/A/Kerberos
0x000000000b3c4000 	/System/Library/Frameworks/GSS.framework/Versions/A/GSS
0x000000000b3c4000 	/usr/lib/libresolv.9.dylib
0x000000000b3c4000 	/usr/lib/libiconv.2.dylib
0x000000000b3c4000 	/System/Library/PrivateFrameworks/Heimdal.framework/Versions/A/Heimdal
0x000000000b3c4000 	/usr/lib/libheimdal-asn1.dylib
0x000000000b3c4000 	/System/Library/Frameworks/OpenDirectory.framework/Versions/A/OpenDirectory
0x000000000b3c4000 	/System/Library/PrivateFrameworks/CommonAuth.framework/Versions/A/CommonAuth
0x000000000b3c4000 	/System/Library/Frameworks/OpenDirectory.framework/Versions/A/Frameworks/CFOpenDirectory.framework/Versions/A/CFOpenDirectory
0x000000000b3c4000 	/System/Library/Frameworks/SecurityFoundation.framework/Versions/A/SecurityFoundation
0x000000000b3c4000 	/System/Library/PrivateFrameworks/LanguageModeling.framework/Versions/A/LanguageModeling
0x000000000b3c4000 	/usr/lib/libcmph.dylib
0x000000000b3c4000 	/System/Library/Frameworks/ServiceManagement.framework/Versions/A/ServiceManagement
0x000000000b3c4000 	/usr/lib/libxslt.1.dylib
0x000000000b3c4000 	/System/Library/Frameworks/Carbon.framework/Versions/A/Frameworks/Ink.framework/Versions/A/Ink
0x000000000b3c4000 	/System/Library/Frameworks/QuartzCore.framework/Versions/A/Frameworks/CoreImage.framework/Versions/A/CoreImage
0x000000000b3c4000 	/System/Library/PrivateFrameworks/CrashReporterSupport.framework/Versions/A/CrashReporterSupport
0x000000000b3c4000 	/System/Library/Frameworks/OpenCL.framework/Versions/A/OpenCL
0x000000000b3c4000 	/System/Library/PrivateFrameworks/FaceCore.framework/Versions/A/FaceCore
0x000000000b3c4000 	/System/Library/PrivateFrameworks/Ubiquity.framework/Versions/A/Ubiquity
0x000000000b3c4000 	/System/Library/PrivateFrameworks/IconServices.framework/Versions/A/IconServices
0x000000000b3c4000 	/System/Library/PrivateFrameworks/ChunkingLibrary.framework/Versions/A/ChunkingLibrary
0x000000000b3c4000 	/System/Library/PrivateFrameworks/Apple80211.framework/Versions/A/Apple80211
0x000000000b3c4000 	/System/Library/Frameworks/CoreWLAN.framework/Versions/A/CoreWLAN
0x000000000b3c4000 	/System/Library/Frameworks/IOBluetooth.framework/Versions/A/IOBluetooth
0x000000000b3c4000 	/System/Library/PrivateFrameworks/CoreWiFi.framework/Versions/A/CoreWiFi
0x000000000b3c4000 	/System/Library/Frameworks/CoreBluetooth.framework/Versions/A/CoreBluetooth
0x000000000b3c4000 	/System/Library/PrivateFrameworks/DebugSymbols.framework/Versions/A/DebugSymbols
0x000000000b3c4000 	/System/Library/PrivateFrameworks/CoreSymbolication.framework/Versions/A/CoreSymbolication
0x000000000b3c4000 	/System/Library/PrivateFrameworks/Symbolication.framework/Versions/A/Symbolication
0x000000000b3c4000 	/System/Library/PrivateFrameworks/SpeechRecognitionCore.framework/Versions/A/SpeechRecognitionCore
0x0000000103c00000 	/Library/Java/JavaVirtualMachines/jdk1.8.0_73.jdk/Contents/Home/jre/lib/server/libjvm.dylib
0x000000000b3c4000 	/usr/lib/libstdc++.6.dylib
0x0000000102bac000 	/Library/Java/JavaVirtualMachines/jdk1.8.0_73.jdk/Contents/Home/jre/lib/libverify.dylib
0x0000000102bba000 	/Library/Java/JavaVirtualMachines/jdk1.8.0_73.jdk/Contents/Home/jre/lib/libjava.dylib
0x0000000104c90000 	/Library/Java/JavaVirtualMachines/jdk1.8.0_73.jdk/Contents/Home/jre/lib/libzip.dylib
0x000000012086f000 	/System/Library/Frameworks/JavaVM.framework/Frameworks/JavaRuntimeSupport.framework/JavaRuntimeSupport
0x0000000120885000 	/System/Library/Frameworks/JavaVM.framework/Versions/A/Frameworks/JavaNativeFoundation.framework/Versions/A/JavaNativeFoundation
0x0000000120899000 	/System/Library/Frameworks/JavaVM.framework/Versions/A/JavaVM
0x000000000b3c4000 	/System/Library/Frameworks/Carbon.framework/Versions/A/Carbon
0x00000001208a5000 	/System/Library/PrivateFrameworks/JavaLaunching.framework/Versions/A/JavaLaunching
0x000000000b3c4000 	/System/Library/Frameworks/Carbon.framework/Versions/A/Frameworks/CommonPanels.framework/Versions/A/CommonPanels
0x000000000b3c4000 	/System/Library/Frameworks/Carbon.framework/Versions/A/Frameworks/Help.framework/Versions/A/Help
0x000000000b3c4000 	/System/Library/Frameworks/Carbon.framework/Versions/A/Frameworks/ImageCapture.framework/Versions/A/ImageCapture
0x000000000b3c4000 	/System/Library/Frameworks/Carbon.framework/Versions/A/Frameworks/OpenScripting.framework/Versions/A/OpenScripting
0x000000000b3c4000 	/System/Library/Frameworks/Carbon.framework/Versions/A/Frameworks/Print.framework/Versions/A/Print
0x000000000b3c4000 	/System/Library/Frameworks/Carbon.framework/Versions/A/Frameworks/SecurityHI.framework/Versions/A/SecurityHI
0x000000012289d000 	/Library/Java/JavaVirtualMachines/jdk1.8.0_73.jdk/Contents/Home/jre/lib/libawt.dylib
0x0000000122945000 	/Library/Java/JavaVirtualMachines/jdk1.8.0_73.jdk/Contents/Home/jre/lib/./libmlib_image.dylib
0x0000000122a11000 	/Library/Java/JavaVirtualMachines/jdk1.8.0_73.jdk/Contents/Home/jre/lib/libawt_lwawt.dylib
0x0000000122ac6000 	/Library/Java/JavaVirtualMachines/jdk1.8.0_73.jdk/Contents/Home/jre/lib/./libosxapp.dylib
0x000000000b3c4000 	/System/Library/Frameworks/ExceptionHandling.framework/Versions/A/ExceptionHandling
0x000000000b3c4000 	/System/Library/PrivateFrameworks/CoreServicesInternal.framework/Versions/A/CoreServicesInternal
0x000000000b3c4000 	/System/Library/PrivateFrameworks/CloudDocs.framework/Versions/A/CloudDocs
0x000000000b3c4000 	/System/Library/PrivateFrameworks/CoreDuet.framework/Versions/A/CoreDuet
0x000000000b3c4000 	/System/Library/Frameworks/CloudKit.framework/Versions/A/CloudKit
0x000000000b3c4000 	/System/Library/PrivateFrameworks/ProtocolBuffer.framework/Versions/A/ProtocolBuffer
0x000000000b3c4000 	/System/Library/PrivateFrameworks/CoreDuetDaemonProtocol.framework/Versions/A/CoreDuetDaemonProtocol
0x000000000b3c4000 	/System/Library/PrivateFrameworks/CoreDuetDebugLogging.framework/Versions/A/CoreDuetDebugLogging
0x000000000b3c4000 	/System/Library/PrivateFrameworks/MMCS.framework/Versions/A/MMCS
0x000000000b3c4000 	/System/Library/Frameworks/CoreLocation.framework/Versions/A/CoreLocation
0x000000000b3c4000 	/System/Library/PrivateFrameworks/ProtectedCloudStorage.framework/Versions/A/ProtectedCloudStorage
0x000000000b3c4000 	/System/Library/PrivateFrameworks/GeoServices.framework/Versions/A/GeoServices
0x000000000b3c4000 	/System/Library/Frameworks/CoreGraphics.framework/Versions/A/Resources/libCGCMS.A.dylib
0x000000000b3c4000 	/System/Library/Frameworks/CoreGraphics.framework/Versions/A/Resources/libRIP.A.dylib
0x000000000b3c4000 	/System/Library/Frameworks/CoreGraphics.framework/Versions/A/Resources/libCGXType.A.dylib
0x000000000b3c4000 	/System/Library/Frameworks/OpenCL.framework/Versions/A/Libraries/libcldcpuengine.dylib
0x000000000b3c4000 	/System/Library/PrivateFrameworks/DiskImages.framework/Versions/A/DiskImages
0x000000000b3c4000 	/System/Library/Frameworks/DiscRecording.framework/Versions/A/DiscRecording
0x000000000b3c4000 	/usr/lib/libcsfde.dylib
0x000000000b3c4000 	/usr/lib/libcurl.4.dylib
0x000000000b3c4000 	/System/Library/PrivateFrameworks/MediaKit.framework/Versions/A/MediaKit
0x000000000b3c4000 	/usr/lib/libCoreStorage.dylib
0x000000000b3c4000 	/System/Library/PrivateFrameworks/EFILogin.framework/Versions/A/EFILogin
0x000000000b3c4000 	/usr/lib/libutil.dylib
0x000000000b3c4000 	/System/Library/PrivateFrameworks/FindMyDevice.framework/Versions/A/FindMyDevice
0x000000000b3c4000 	/System/Library/Frameworks/LDAP.framework/Versions/A/LDAP
0x000000000b3c4000 	/usr/lib/libsasl2.2.dylib
0x000000000b3c4000 	/System/Library/PrivateFrameworks/CoreDaemon.framework/Versions/B/CoreDaemon
0x000000000b3c4000 	/usr/lib/libcrypto.0.9.8.dylib
0x000000000b3c4000 	/System/Library/PrivateFrameworks/AppleSRP.framework/Versions/A/AppleSRP
0x000000000b3c4000 	/System/Library/PrivateFrameworks/TrustEvaluationAgent.framework/Versions/A/TrustEvaluationAgent
0x0000000125c20000 	cl_kernels
0x0000000125c22000 	/System/Library/Frameworks/OpenCL.framework/Versions/A/Libraries/ImageFormats/unorm8_bgra.dylib
0x0000000125c12000 	cl_kernels
0x000000000b3c4000 	/System/Library/PrivateFrameworks/FamilyControls.framework/Versions/A/FamilyControls
0x000000000b3c4000 	/System/Library/PrivateFrameworks/CommerceKit.framework/Versions/A/Frameworks/CommerceCore.framework/Versions/A/CommerceCore
0x000000000b3c4000 	/System/Library/PrivateFrameworks/SystemAdministration.framework/Versions/A/SystemAdministration
0x000000000b3c4000 	/System/Library/PrivateFrameworks/AppContainer.framework/Versions/A/AppContainer
0x000000000b3c4000 	/System/Library/PrivateFrameworks/SecCodeWrapper.framework/Versions/A/SecCodeWrapper
0x000000000b3c4000 	/System/Library/Frameworks/DirectoryService.framework/Versions/A/DirectoryService
0x000000000b3c4000 	/System/Library/PrivateFrameworks/LoginUIKit.framework/Versions/A/Frameworks/LoginUICore.framework/Versions/A/LoginUICore
0x000000000b3c4000 	/usr/lib/libodfde.dylib
0x000000000b3c4000 	/System/Library/Frameworks/OpenGL.framework/Versions/A/Resources/GLEngine.bundle/GLEngine
0x000000000b3c4000 	/System/Library/Frameworks/OpenGL.framework/Versions/A/Libraries/libGLProgrammability.dylib
0x000000012715a000 	/System/Library/Extensions/AppleIntelHD5000GraphicsGLDriver.bundle/Contents/MacOS/AppleIntelHD5000GraphicsGLDriver
0x000000000b3c4000 	/System/Library/PrivateFrameworks/IOAccelerator.framework/Versions/A/IOAccelerator
0x000000000b3c4000 	/System/Library/PrivateFrameworks/GPUSupport.framework/Versions/A/Libraries/libGPUSupportMercury.dylib
0x000000000b3c4000 	/System/Library/Frameworks/OpenGL.framework/Versions/A/Resources/GLRendererFloat.bundle/GLRendererFloat
0x000000012819c000 	/Library/Java/JavaVirtualMachines/jdk1.8.0_73.jdk/Contents/Home/jre/lib/libfontmanager.dylib
0x0000000129527000 	/Library/Java/JavaVirtualMachines/jdk1.8.0_73.jdk/Contents/Home/jre/lib/libosxui.dylib
0x00000001297bb000 	/Library/Java/JavaVirtualMachines/jdk1.8.0_73.jdk/Contents/Home/jre/lib/libnet.dylib
0x0000000129567000 	/Library/Java/JavaVirtualMachines/jdk1.8.0_73.jdk/Contents/Home/jre/lib/libnio.dylib
0x000000000b3c4000 	/System/Library/Frameworks/ApplicationServices.framework/Versions/A/Frameworks/ATS.framework/Versions/A/Resources/libTrueTypeScaler.dylib
0x0000000174f16000 	/private/var/folders/88/rn0nzmd518s0659qz29bsj6m0000gn/T/jogamp_0000/file_cache/jln1492798321492661580/jln4115581217967171733/libgluegen-rt.jnilib
0x0000000174f1a000 	/private/var/folders/88/rn0nzmd518s0659qz29bsj6m0000gn/T/jogamp_0000/file_cache/jln1492798321492661580/jln4115581217967171733/libnativewindow_awt.jnilib
0x0000000174f1d000 	/Library/Java/JavaVirtualMachines/jdk1.8.0_73.jdk/Contents/Home/jre/lib/libjawt.dylib
0x0000000174f20000 	/private/var/folders/88/rn0nzmd518s0659qz29bsj6m0000gn/T/jogamp_0000/file_cache/jln1492798321492661580/jln4115581217967171733/libnativewindow_macosx.jnilib
0x0000000178a88000 	/private/var/folders/88/rn0nzmd518s0659qz29bsj6m0000gn/T/jogamp_0000/file_cache/jln1492798321492661580/jln4115581217967171733/libjogl_desktop.jnilib

VM Arguments:
jvm_args: -Djava.security.policy=java.policy.applet -Dfile.encoding=UTF-8 
java_command: sun.applet.AppletViewer demos.LifeExpectancy1457924038839.html
java_class_path (initial): /Users/jb/Documents/GitHub/Java_Programming/UCSDUnfoldingMaps/build:/Users/jb/Documents/GitHub/Java_Programming/UCSDUnfoldingMaps/lib/core.jar:/Users/jb/Documents/GitHub/Java_Programming/UCSDUnfoldingMaps/lib/gluegen-rt.jar:/Users/jb/Documents/GitHub/Java_Programming/UCSDUnfoldingMaps/lib/jogl-all.jar:/Users/jb/Documents/GitHub/Java_Programming/UCSDUnfoldingMaps/lib/log4j-1.2.15.jar:/Users/jb/Documents/GitHub/Java_Programming/UCSDUnfoldingMaps/lib/sqlite-jdbc-3.7.2.jar:/Users/jb/Documents/GitHub/Java_Programming/UCSDUnfoldingMaps/lib/json4processing.jar:/Users/jb/Documents/GitHub/Java_Programming/UCSDUnfoldingMaps/lib/libTUIO.jar:/Users/jb/Documents/GitHub/Java_Programming/UCSDUnfoldingMaps/lib/unfolding.0.9.7-uscd.jar
Launcher Type: SUN_STANDARD

Environment Variables:
PATH=/usr/bin:/bin:/usr/sbin:/sbin
SHELL=/bin/bash

Signal Handlers:
SIGSEGV: [libjvm.dylib+0x5a71a5], sa_mask[0]=11111111011111110111111111111111, sa_flags=SA_ONSTACK|SA_RESTART|SA_SIGINFO
SIGBUS: [libjvm.dylib+0x5a71a5], sa_mask[0]=11111111011111110111111111111111, sa_flags=SA_RESTART|SA_SIGINFO
SIGFPE: [libjvm.dylib+0x480eb4], sa_mask[0]=11111111011111110111111111111111, sa_flags=SA_RESTART|SA_SIGINFO
SIGPIPE: [libjvm.dylib+0x480eb4], sa_mask[0]=11111111011111110111111111111111, sa_flags=SA_RESTART|SA_SIGINFO
SIGXFSZ: [libjvm.dylib+0x480eb4], sa_mask[0]=11111111011111110111111111111111, sa_flags=SA_RESTART|SA_SIGINFO
SIGILL: [libjvm.dylib+0x480eb4], sa_mask[0]=11111111011111110111111111111111, sa_flags=SA_RESTART|SA_SIGINFO
SIGUSR1: SIG_DFL, sa_mask[0]=00000000000000000000000000000000, sa_flags=none
SIGUSR2: [libjvm.dylib+0x4809d2], sa_mask[0]=00100000000000000000000000000000, sa_flags=SA_RESTART|SA_SIGINFO
SIGHUP: [libjvm.dylib+0x47efa9], sa_mask[0]=11111111011111110111111111111111, sa_flags=SA_RESTART|SA_SIGINFO
SIGINT: [libjvm.dylib+0x47efa9], sa_mask[0]=11111111011111110111111111111111, sa_flags=SA_RESTART|SA_SIGINFO
SIGTERM: [libjvm.dylib+0x47efa9], sa_mask[0]=11111111011111110111111111111111, sa_flags=SA_RESTART|SA_SIGINFO
SIGQUIT: [libjvm.dylib+0x47efa9], sa_mask[0]=11111111011111110111111111111111, sa_flags=SA_RESTART|SA_SIGINFO


---------------  S Y S T E M  ---------------

OS:Bsduname:Darwin 14.5.0 Darwin Kernel Version 14.5.0: Wed Jul 29 02:26:53 PDT 2015; root:xnu-2782.40.9~1/RELEASE_X86_64 x86_64
rlimit: STACK 8192k, CORE 0k, NPROC 709, NOFILE 10240, AS infinity
load average:1.95 1.59 1.45

CPU:total 8 (4 cores per cpu, 2 threads per core) family 6 model 70 stepping 1, cmov, cx8, fxsr, mmx, sse, sse2, sse3, ssse3, sse4.1, sse4.2, popcnt, avx, avx2, aes, clmul, erms, lzcnt, ht, tsc, tscinvbit, bmi1, bmi2

Memory: 4k page, physical 16777216k(1629432k free)

/proc/meminfo:


vm_info: Java HotSpot(TM) 64-Bit Server VM (25.73-b02) for bsd-amd64 JRE (1.8.0_73-b02), built on Jan 29 2016 15:02:00 by "java_re" with gcc 4.2.1 (Based on Apple Inc. build 5658) (LLVM build 2336.11.00)

time: Sun Mar 13 22:54:40 2016
elapsed time: 41 seconds (0d 0h 0m 41s)

