#
# A fatal error has been detected by the Java Runtime Environment:
#
#  SIGSEGV (0xb) at pc=0x00007fff963a50dd, pid=5387, tid=1811
#
# JRE version: Java(TM) SE Runtime Environment (8.0_73-b02) (build 1.8.0_73-b02)
# Java VM: Java HotSpot(TM) 64-Bit Server VM (25.73-b02 mixed mode bsd-amd64 compressed oops)
# Problematic frame:
# C  [libobjc.A.dylib+0x10dd]  objc_msgSend+0x1d
#
# Failed to write core dump. Core dumps have been disabled. To enable core dumping, try "ulimit -c unlimited" before starting Java again
#
# If you would like to submit a bug report, please visit:
#   http://bugreport.java.com/bugreport/crash.jsp
# The crash happened outside the Java Virtual Machine in native code.
# See problematic frame for where to report the bug.
#

---------------  T H R E A D  ---------------

Current thread (0x00007fea91009800):  JavaThread "AWT-AppKit" daemon [_thread_in_native, id=1811, stack(0x00007fff5a5b1000,0x00007fff5adb1000)]

siginfo: si_signo: 11 (SIGSEGV), si_code: 1 (SEGV_MAPERR), si_addr: 0x000007fea97d9248

Registers:
RAX=0x00007fea980613a0, RBX=0x0000000177067450, RCX=0x000000012a648b00, RDX=0x000000012a648920
RSP=0x00007fff5adac598, RBP=0x00007fff5adac650, RSI=0x00007fff915aa40f, RDI=0x00007fea97d86080
R8 =0x0000000000000000, R9 =0x0000000000000f50, R10=0x00007fff915aa40f, R11=0x000007fea97d9230
R12=0x0000000000000000, R13=0x000000017bfc6670, R14=0x0000000177067440, R15=0x00007fea91009800
RIP=0x00007fff963a50dd, EFLAGS=0x0000000000010206, ERR=0x0000000000000004
  TRAPNO=0x000000000000000e

Top of Stack: (sp=0x00007fff5adac598)
0x00007fff5adac598:   0000000177065157 00007fff5adac5f0
0x00007fff5adac5a8:   0000000000000003 00007fff5adac5d0
0x00007fff5adac5b8:   00000001061f1646 000000017bfc6670
0x00007fff5adac5c8:   000000017bfc6670 00007fea980613a0
0x00007fff5adac5d8:   00000001770676a0 0000000177067710
0x00007fff5adac5e8:   00007fff7d026550 00007fff7c012c80
0x00007fff5adac5f8:   0000000177067450 0000000177067690
0x00007fff5adac608:   00007fea980613a0 00007fea97d86080
0x00007fff5adac618:   00007fea90d4fb60 00007fea980613a0
0x00007fff5adac628:   00007fea97d86080 00007fff5adac6d0
0x00007fff5adac638:   00007fea910099f8 000000017bfc6670
0x00007fff5adac648:   00007fff5adac6f8 00007fff5adac6c0
0x00007fff5adac658:   00000001070a5954 00007fff5adac6c0
0x00007fff5adac668:   00000001070a56d9 00000001070b1823
0x00007fff5adac678:   00000001070a56a2 00007fff5adac680
0x00007fff5adac688:   000000017bfc6670 00007fff5adac6f8
0x00007fff5adac698:   000000017bfc92a8 0000000000000000
0x00007fff5adac6a8:   000000017bfc6670 0000000000000000
0x00007fff5adac6b8:   00007fff5adac6e0 00007fff5adac740
0x00007fff5adac6c8:   0000000107097c4d 000000076eb53db8
0x00007fff5adac6d8:   000000010709f578 00007fea980613a0
0x00007fff5adac6e8:   00000001070a0db9 00007fea97d86080
0x00007fff5adac6f8:   00000001070a0d82 00007fff5adac700
0x00007fff5adac708:   000000017bfc683a 00007fff5adac768
0x00007fff5adac718:   000000017bfc92a8 0000000000000000
0x00007fff5adac728:   000000017bfc6848 00007fff5adac6e0
0x00007fff5adac738:   00007fff5adac750 00007fff5adac7b0
0x00007fff5adac748:   0000000107097c4d 00007fea980613a0
0x00007fff5adac758:   000000076ec4a0b0 00007fea97d86080
0x00007fff5adac768:   000000076ec4a0b0 00007fff5adac770
0x00007fff5adac778:   000000017efef0ce 00007fff5adac7c0
0x00007fff5adac788:   000000017efef188 0000000000000000 

Instructions: (pc=0x00007fff963a50dd)
0x00007fff963a50bd:   00 00 00 48 85 ff 2e 74 7a 40 f6 c7 01 2e 75 7e
0x00007fff963a50cd:   49 bb f8 ff ff ff ff 7f 00 00 4c 23 1f 49 89 f2
0x00007fff963a50dd:   45 23 53 18 49 c1 e2 04 4d 03 53 10 49 3b 32 75
0x00007fff963a50ed:   04 41 ff 62 08 49 83 3a 00 74 6a 4d 3b 53 10 74 

Register to memory mapping:

RAX=0x00007fea980613a0 is an unknown value
RBX=0x0000000177067450: Java_jogamp_nativewindow_macosx_OSXUtil_GetScreenRefreshRate0+0x1cf0 in /private/var/folders/88/rn0nzmd518s0659qz29bsj6m0000gn/T/jogamp_0000/file_cache/jln5631192661685270845/jln2597183888849113572/libnativewindow_macosx.jnilib at 0x0000000177060000
RCX=0x000000012a648b00 is an unknown value
RDX=0x000000012a648920 is an unknown value
RSP=0x00007fff5adac598 is pointing into the stack for thread: 0x00007fea91009800
RBP=0x00007fff5adac650 is pointing into the stack for thread: 0x00007fea91009800
RSI=0x00007fff915aa40f is an unknown value
RDI=0x00007fea97d86080 is an unknown value
R8 =0x0000000000000000 is an unknown value
R9 =0x0000000000000f50 is an unknown value
R10=0x00007fff915aa40f is an unknown value
R11=0x000007fea97d9230 is an unknown value
R12=0x0000000000000000 is an unknown value
R13={method} {0x000000017bfc6670} 'UnsetJAWTRootSurfaceLayer0' '(JJ)V' in 'jogamp/nativewindow/jawt/macosx/MacOSXJAWTWindow'
R14=0x0000000177067440: Java_jogamp_nativewindow_macosx_OSXUtil_GetScreenRefreshRate0+0x1ce0 in /private/var/folders/88/rn0nzmd518s0659qz29bsj6m0000gn/T/jogamp_0000/file_cache/jln5631192661685270845/jln2597183888849113572/libnativewindow_macosx.jnilib at 0x0000000177060000
R15=0x00007fea91009800 is a thread


Stack: [0x00007fff5a5b1000,0x00007fff5adb1000],  sp=0x00007fff5adac598,  free space=8173k
Native frames: (J=compiled Java code, j=interpreted, Vv=VM code, C=native code)
C  [libobjc.A.dylib+0x10dd]  objc_msgSend+0x1d
j  jogamp.nativewindow.jawt.macosx.MacOSXJAWTWindow.UnsetJAWTRootSurfaceLayer0(JJ)V+0
j  jogamp.nativewindow.jawt.macosx.MacOSXJAWTWindow.access$200(JJ)V+2
j  jogamp.nativewindow.jawt.macosx.MacOSXJAWTWindow$1.run()V+38
j  com.jogamp.common.util.RunnableTask.run()V+24
v  ~StubRoutines::call_stub
V  [libjvm.dylib+0x2eae7a]  JavaCalls::call_helper(JavaValue*, methodHandle*, JavaCallArguments*, Thread*)+0x6ae
V  [libjvm.dylib+0x321f83]  jni_invoke_nonstatic(JNIEnv_*, JavaValue*, _jobject*, JNICallType, _jmethodID*, JNI_ArgumentPusher*, Thread*)+0x2ec
V  [libjvm.dylib+0x314757]  jni_CallVoidMethod+0x16b
C  [libnativewindow_macosx.jnilib+0x5326]  Java_jogamp_nativewindow_jawt_macosx_MacOSXJAWTWindow_UnsetJAWTRootSurfaceLayer0+0x2b6
C  [Foundation+0x92dd0]  __NSThreadPerformPerform+0x125
C  [CoreFoundation+0x80a01]  __CFRUNLOOP_IS_CALLING_OUT_TO_A_SOURCE0_PERFORM_FUNCTION__+0x11
C  [CoreFoundation+0x72b8d]  __CFRunLoopDoSources0+0x10d
C  [CoreFoundation+0x721bf]  __CFRunLoopRun+0x39f
C  [CoreFoundation+0x71bd8]  CFRunLoopRunSpecific+0x128
C  [HIToolbox+0x3256f]  RunCurrentEventLoopInMode+0xeb
C  [HIToolbox+0x321ee]  ReceiveNextEventCommon+0xb3
C  [HIToolbox+0x3212b]  _BlockUntilNextEventMatchingListInModeWithFilter+0x47
C  [AppKit+0x918ab]  _DPSNextEvent+0x3d2
C  [AppKit+0x90e58]  -[NSApplication nextEventMatchingMask:untilDate:inMode:dequeue:]+0x15a
C  [libosxapp.dylib+0x23aa]  -[NSApplicationAWT nextEventMatchingMask:untilDate:inMode:dequeue:]+0x7c
C  [AppKit+0x86af3]  -[NSApplication run]+0x252
C  [libosxapp.dylib+0x214d]  +[NSApplicationAWT runAWTLoopWithApp:]+0x9c
C  [libawt_lwawt.dylib+0x4455b]  -[AWTStarter starter:]+0x389
C  [Foundation+0x92dd0]  __NSThreadPerformPerform+0x125
C  [CoreFoundation+0x80a01]  __CFRUNLOOP_IS_CALLING_OUT_TO_A_SOURCE0_PERFORM_FUNCTION__+0x11
C  [CoreFoundation+0x72b8d]  __CFRunLoopDoSources0+0x10d
C  [CoreFoundation+0x721bf]  __CFRunLoopRun+0x39f
C  [CoreFoundation+0x71bd8]  CFRunLoopRunSpecific+0x128
C  [java+0x6463]  CreateExecutionEnvironment+0x367
C  [java+0x21ac]  JLI_Launch+0x7a0
C  [java+0x84c0]  main+0x65
C  [java+0x1a04]  start+0x34
C  0x0000000000000007

Java frames: (J=compiled Java code, j=interpreted, Vv=VM code)
j  jogamp.nativewindow.jawt.macosx.MacOSXJAWTWindow.UnsetJAWTRootSurfaceLayer0(JJ)V+0
j  jogamp.nativewindow.jawt.macosx.MacOSXJAWTWindow.access$200(JJ)V+2
j  jogamp.nativewindow.jawt.macosx.MacOSXJAWTWindow$1.run()V+38
j  com.jogamp.common.util.RunnableTask.run()V+24
v  ~StubRoutines::call_stub

---------------  P R O C E S S  ---------------

Java Threads: ( => current thread )
  0x00007fea91044800 JavaThread "Thread-7" [_thread_blocked, id=15155, stack(0x0000000177417000,0x0000000177517000)]
  0x00007fea91a41800 JavaThread "AWT-EventQueue-1" [_thread_in_native, id=60707, stack(0x0000000177ac0000,0x0000000177bc0000)]
  0x00007fea92ae4800 JavaThread "DestroyJavaVM" [_thread_blocked, id=4867, stack(0x0000000106f8e000,0x000000010708e000)]
  0x00007fea920de000 JavaThread "AWT-EventQueue-0" [_thread_blocked, id=58115, stack(0x000000012b704000,0x000000012b804000)]
  0x00007fea911d7000 JavaThread "Java2D Disposer" daemon [_thread_blocked, id=55063, stack(0x000000012a3da000,0x000000012a4da000)]
  0x00007fea91169800 JavaThread "Java2D Queue Flusher" daemon [_thread_blocked, id=53511, stack(0x00000001293a4000,0x00000001294a4000)]
  0x00007fea91161000 JavaThread "AWT-Shutdown" [_thread_blocked, id=30739, stack(0x000000012648f000,0x000000012658f000)]
=>0x00007fea91009800 JavaThread "AWT-AppKit" daemon [_thread_in_native, id=1811, stack(0x00007fff5a5b1000,0x00007fff5adb1000)]
  0x00007fea92002000 JavaThread "Service Thread" daemon [_thread_blocked, id=20483, stack(0x00000001249ce000,0x0000000124ace000)]
  0x00007fea91844800 JavaThread "C1 CompilerThread3" daemon [_thread_blocked, id=19971, stack(0x00000001248cb000,0x00000001249cb000)]
  0x00007fea92001000 JavaThread "C2 CompilerThread2" daemon [_thread_blocked, id=19459, stack(0x00000001247c8000,0x00000001248c8000)]
  0x00007fea9183b800 JavaThread "C2 CompilerThread1" daemon [_thread_blocked, id=18947, stack(0x00000001246c5000,0x00000001247c5000)]
  0x00007fea9285e000 JavaThread "C2 CompilerThread0" daemon [_thread_blocked, id=18435, stack(0x00000001245c2000,0x00000001246c2000)]
  0x00007fea9285c800 JavaThread "Signal Dispatcher" daemon [_thread_blocked, id=14351, stack(0x00000001244bf000,0x00000001245bf000)]
  0x00007fea9101b800 JavaThread "Finalizer" daemon [_thread_blocked, id=13571, stack(0x0000000122b3c000,0x0000000122c3c000)]
  0x00007fea9101b000 JavaThread "Reference Handler" daemon [_thread_blocked, id=13059, stack(0x0000000122a39000,0x0000000122b39000)]

Other Threads:
  0x00007fea92851800 VMThread [stack: 0x0000000122936000,0x0000000122a36000] [id=12547]
  0x00007fea9200d000 WatcherThread [stack: 0x0000000124ad1000,0x0000000124bd1000] [id=20995]

VM state:not at safepoint (normal execution)

VM Mutex/Monitor currently owned by a thread: None

Heap:
 PSYoungGen      total 76288K, used 24939K [0x000000076ab00000, 0x0000000770000000, 0x00000007c0000000)
  eden space 65536K, 21% used [0x000000076ab00000,0x000000076b8e0158,0x000000076eb00000)
  from space 10752K, 99% used [0x000000076eb00000,0x000000076f57ab68,0x000000076f580000)
  to   space 10752K, 0% used [0x000000076f580000,0x000000076f580000,0x0000000770000000)
 ParOldGen       total 175104K, used 197K [0x00000006c0000000, 0x00000006cab00000, 0x000000076ab00000)
  object space 175104K, 0% used [0x00000006c0000000,0x00000006c00314d8,0x00000006cab00000)
 Metaspace       used 20060K, capacity 20287K, committed 20608K, reserved 1067008K
  class space    used 2044K, capacity 2110K, committed 2176K, reserved 1048576K

Card table byte_map: [0x0000000116450000,0x0000000116c51000] byte_map_base: 0x0000000112e50000

Marking Bits: (ParMarkBitMap*) 0x00000001068e3ea0
 Begin Bits: [0x00000001179bf000, 0x000000011b9bf000)
 End Bits:   [0x000000011b9bf000, 0x000000011f9bf000)

Polling page: 0x0000000104fa8000

CodeCache: size=245760Kb used=5755Kb max_used=5768Kb free=240004Kb
 bounds [0x0000000107090000, 0x0000000107640000, 0x0000000116090000]
 total_blobs=2303 nmethods=1418 adapters=798
 compilation: enabled

Compilation events (10 events):
Event: 153.485 Thread 0x00007fea91844800 1413       1       sun.java2d.SurfaceData::isValid (5 bytes)
Event: 153.485 Thread 0x00007fea91844800 nmethod 1413 0x0000000107624c90 code [0x0000000107624de0, 0x0000000107624ef0]
Event: 153.485 Thread 0x00007fea91844800 1414       3       sun.java2d.pipe.RenderBuffer::putFloat (26 bytes)
Event: 153.485 Thread 0x00007fea91844800 nmethod 1414 0x000000010762cad0 code [0x000000010762cc40, 0x000000010762cdd0]
Event: 153.487 Thread 0x00007fea91844800 1416   !   3       java.util.zip.ZipFile::releaseInflater (41 bytes)
Event: 153.488 Thread 0x00007fea91844800 nmethod 1416 0x000000010762ce90 code [0x000000010762d040, 0x000000010762d758]
Event: 153.491 Thread 0x00007fea9285e000 1417  s    4       sun.misc.URLClassPath::getNextLoader (88 bytes)
Event: 153.491 Thread 0x00007fea91844800 1418  s!   2       sun.misc.URLClassPath::getLoader (197 bytes)
Event: 153.493 Thread 0x00007fea91844800 nmethod 1418 0x000000010762da50 code [0x000000010762dd40, 0x000000010762f448]
Event: 153.496 Thread 0x00007fea9285e000 nmethod 1417 0x0000000107633c90 code [0x0000000107633e00, 0x0000000107634578]

GC Heap History (2 events):
Event: 2.238 GC heap before
{Heap before GC invocations=1 (full 0):
 PSYoungGen      total 76288K, used 63440K [0x000000076ab00000, 0x0000000770000000, 0x00000007c0000000)
  eden space 65536K, 96% used [0x000000076ab00000,0x000000076e8f4100,0x000000076eb00000)
  from space 10752K, 0% used [0x000000076f580000,0x000000076f580000,0x0000000770000000)
  to   space 10752K, 0% used [0x000000076eb00000,0x000000076eb00000,0x000000076f580000)
 ParOldGen       total 175104K, used 0K [0x00000006c0000000, 0x00000006cab00000, 0x000000076ab00000)
  object space 175104K, 0% used [0x00000006c0000000,0x00000006c0000000,0x00000006cab00000)
 Metaspace       used 18756K, capacity 18939K, committed 19200K, reserved 1067008K
  class space    used 1909K, capacity 1982K, committed 2048K, reserved 1048576K
Event: 2.247 GC heap after
Heap after GC invocations=1 (full 0):
 PSYoungGen      total 76288K, used 10730K [0x000000076ab00000, 0x0000000770000000, 0x00000007c0000000)
  eden space 65536K, 0% used [0x000000076ab00000,0x000000076ab00000,0x000000076eb00000)
  from space 10752K, 99% used [0x000000076eb00000,0x000000076f57ab68,0x000000076f580000)
  to   space 10752K, 0% used [0x000000076f580000,0x000000076f580000,0x0000000770000000)
 ParOldGen       total 175104K, used 197K [0x00000006c0000000, 0x00000006cab00000, 0x000000076ab00000)
  object space 175104K, 0% used [0x00000006c0000000,0x00000006c00314d8,0x00000006cab00000)
 Metaspace       used 18756K, capacity 18939K, committed 19200K, reserved 1067008K
  class space    used 1909K, capacity 1982K, committed 2048K, reserved 1048576K
}

Deoptimization events (10 events):
Event: 1.185 Thread 0x00007fea91a2a000 Uncommon trap: reason=unstable_if action=reinterpret pc=0x000000010724f600 method=java.lang.String.toLowerCase(Ljava/util/Locale;)Ljava/lang/String; @ 85
Event: 1.347 Thread 0x00007fea921c1800 Uncommon trap: reason=unstable_if action=reinterpret pc=0x0000000107309e54 method=java.lang.String.indexOf([CII[CIII)I @ 3
Event: 1.347 Thread 0x00007fea921c1800 Uncommon trap: reason=unstable_if action=reinterpret pc=0x00000001072cfcd4 method=java.lang.String.indexOf([CII[CIII)I @ 3
Event: 1.347 Thread 0x00007fea921c1800 Uncommon trap: reason=unstable_if action=reinterpret pc=0x00000001072404d8 method=java.lang.String.indexOf([CII[CIII)I @ 3
Event: 2.033 Thread 0x00007fea91a41800 Uncommon trap: reason=unstable_if action=reinterpret pc=0x000000010722e6ac method=java.lang.AbstractStringBuilder.append(Ljava/lang/String;)Ljava/lang/AbstractStringBuilder; @ 1
Event: 2.168 Thread 0x00007fea91a41800 Uncommon trap: reason=unstable_if action=reinterpret pc=0x00000001074587fc method=sun.misc.FloatingDecimal.readJavaFormatString(Ljava/lang/String;)Lsun/misc/FloatingDecimal$ASCIIToBinaryConverter; @ 445
Event: 2.305 Thread 0x00007fea91a41800 Uncommon trap: reason=unstable_if action=reinterpret pc=0x00000001074ad6e4 method=java.util.Arrays.copyOf([Ljava/lang/Object;ILjava/lang/Class;)[Ljava/lang/Object; @ 3
Event: 2.307 Thread 0x00007fea91a41800 Uncommon trap: reason=unstable_if action=reinterpret pc=0x000000010750413c method=com.jogamp.common.util.IntIntHashMap.get(I)I @ 28
Event: 2.338 Thread 0x00007fea91a41800 Uncommon trap: reason=unstable_if action=reinterpret pc=0x00000001074410d0 method=java.lang.String.trim()Ljava/lang/String; @ 23
Event: 2.819 Thread 0x00007fea9302f000 Uncommon trap: reason=unstable_if action=reinterpret pc=0x000000010744e494 method=java.lang.String.regionMatches(ZILjava/lang/String;II)Z @ 123

Internal exceptions (10 events):
Event: 0.244 Thread 0x00007fea91006000 Exception <a 'java/io/FileNotFoundException'> (0x000000076af77cd8) thrown at [/HUDSON3/workspace/8-2-build-macosx-x86_64/jdk8u73/6086/hotspot/src/share/vm/prims/jni.cpp, line 709]
Event: 0.244 Thread 0x00007fea91006000 Exception <a 'java/io/FileNotFoundException'> (0x000000076af78800) thrown at [/HUDSON3/workspace/8-2-build-macosx-x86_64/jdk8u73/6086/hotspot/src/share/vm/prims/jni.cpp, line 709]
Event: 0.340 Thread 0x00007fea91006000 Exception <a 'java/io/FileNotFoundException'> (0x000000076b00e230) thrown at [/HUDSON3/workspace/8-2-build-macosx-x86_64/jdk8u73/6086/hotspot/src/share/vm/prims/jni.cpp, line 709]
Event: 1.362 Thread 0x00007fea921c1800 Exception <a 'java/lang/UnsatisfiedLinkError': com.jogamp.common.util.JarUtil.fixNativeLibAttribs(Ljava/lang/String;)Z> (0x000000076c75fe50) thrown at [/HUDSON3/workspace/8-2-build-macosx-x86_64/jdk8u73/6086/hotspot/src/share/vm/prims/nativeLookup.cpp, li
Event: 2.033 Thread 0x00007fea91a41800 Exception <a 'java/io/FileNotFoundException'> (0x000000076d7f4ef8) thrown at [/HUDSON3/workspace/8-2-build-macosx-x86_64/jdk8u73/6086/hotspot/src/share/vm/prims/jni.cpp, line 709]
Event: 2.033 Thread 0x00007fea91a41800 Exception <a 'java/io/FileNotFoundException'> (0x000000076d7fb5b8) thrown at [/HUDSON3/workspace/8-2-build-macosx-x86_64/jdk8u73/6086/hotspot/src/share/vm/prims/jni.cpp, line 709]
Event: 2.033 Thread 0x00007fea91a41800 Implicit null exception at 0x000000010722e335 to 0x000000010722e699
Event: 2.249 Thread 0x00007fea9101b800 Exception <a 'java/lang/NullPointerException'> (0x000000076aeaef80) thrown at [/HUDSON3/workspace/8-2-build-macosx-x86_64/jdk8u73/6086/hotspot/src/share/vm/interpreter/linkResolver.cpp, line 1178]
Event: 2.311 Thread 0x00007fea91a41800 Exception <a 'java/lang/ClassCastException': java.lang.Float cannot be cast to java.lang.Integer> (0x000000076b0ab688) thrown at [/HUDSON3/workspace/8-2-build-macosx-x86_64/jdk8u73/6086/hotspot/src/share/vm/interpreter/interpreterRuntime.cpp, line 381]
Event: 2.355 Thread 0x00007fea91a41800 Exception <a 'java/lang/ClassCastException': java.lang.Float cannot be cast to java.lang.Integer> (0x000000076b44cef0) thrown at [/HUDSON3/workspace/8-2-build-macosx-x86_64/jdk8u73/6086/hotspot/src/share/vm/interpreter/interpreterRuntime.cpp, line 381]

Events (10 events):
Event: 153.495 loading class jogamp/nativewindow/jawt/macosx/MacOSXJAWTWindow$1 done
Event: 153.496 loading class java/awt/LightweightDispatcher$2
Event: 153.496 loading class java/awt/LightweightDispatcher$2 done
Event: 153.496 loading class java/awt/event/AWTEventListenerProxy
Event: 153.496 loading class java/awt/event/AWTEventListenerProxy done
Event: 153.496 loading class java/awt/Toolkit$ToolkitEventMulticaster
Event: 153.496 loading class java/awt/Toolkit$ToolkitEventMulticaster done
Event: 153.496 Thread 0x00007fea920b6000 Thread exited: 0x00007fea920b6000
Event: 153.496 loading class java/awt/Window$1DisposeAction
Event: 153.496 loading class java/awt/Window$1DisposeAction done


Dynamic libraries:
0x000000000b3c4000 	/System/Library/Frameworks/Cocoa.framework/Versions/A/Cocoa
0x000000000b3c4000 	/System/Library/Frameworks/Security.framework/Versions/A/Security
0x000000000b3c4000 	/System/Library/Frameworks/ApplicationServices.framework/Versions/A/ApplicationServices
0x000000000b3c4000 	/usr/lib/libz.1.dylib
0x000000000b3c4000 	/usr/lib/libSystem.B.dylib
0x000000000b3c4000 	/usr/lib/libobjc.A.dylib
0x000000000b3c4000 	/System/Library/Frameworks/CoreFoundation.framework/Versions/A/CoreFoundation
0x000000000b3c4000 	/System/Library/Frameworks/Foundation.framework/Versions/C/Foundation
0x000000000b3c4000 	/System/Library/Frameworks/AppKit.framework/Versions/C/AppKit
0x000000000b3c4000 	/System/Library/Frameworks/CoreData.framework/Versions/A/CoreData
0x000000000b3c4000 	/System/Library/PrivateFrameworks/RemoteViewServices.framework/Versions/A/RemoteViewServices
0x000000000b3c4000 	/System/Library/PrivateFrameworks/UIFoundation.framework/Versions/A/UIFoundation
0x000000000b3c4000 	/System/Library/Frameworks/IOSurface.framework/Versions/A/IOSurface
0x000000000b3c4000 	/System/Library/Frameworks/AudioToolbox.framework/Versions/A/AudioToolbox
0x000000000b3c4000 	/System/Library/Frameworks/AudioUnit.framework/Versions/A/AudioUnit
0x000000000b3c4000 	/System/Library/PrivateFrameworks/DataDetectorsCore.framework/Versions/A/DataDetectorsCore
0x000000000b3c4000 	/System/Library/PrivateFrameworks/DesktopServicesPriv.framework/Versions/A/DesktopServicesPriv
0x000000000b3c4000 	/System/Library/Frameworks/Carbon.framework/Versions/A/Frameworks/HIToolbox.framework/Versions/A/HIToolbox
0x000000000b3c4000 	/System/Library/Frameworks/QuartzCore.framework/Versions/A/QuartzCore
0x000000000b3c4000 	/System/Library/Frameworks/Carbon.framework/Versions/A/Frameworks/SpeechRecognition.framework/Versions/A/SpeechRecognition
0x000000000b3c4000 	/usr/lib/libauto.dylib
0x000000000b3c4000 	/usr/lib/libicucore.A.dylib
0x000000000b3c4000 	/usr/lib/libxml2.2.dylib
0x000000000b3c4000 	/System/Library/PrivateFrameworks/CoreUI.framework/Versions/A/CoreUI
0x000000000b3c4000 	/System/Library/Frameworks/CoreAudio.framework/Versions/A/CoreAudio
0x000000000b3c4000 	/System/Library/Frameworks/DiskArbitration.framework/Versions/A/DiskArbitration
0x000000000b3c4000 	/usr/lib/liblangid.dylib
0x000000000b3c4000 	/System/Library/PrivateFrameworks/MultitouchSupport.framework/Versions/A/MultitouchSupport
0x000000000b3c4000 	/System/Library/Frameworks/IOKit.framework/Versions/A/IOKit
0x000000000b3c4000 	/usr/lib/libDiagnosticMessagesClient.dylib
0x000000000b3c4000 	/System/Library/Frameworks/CoreServices.framework/Versions/A/CoreServices
0x000000000b3c4000 	/System/Library/PrivateFrameworks/PerformanceAnalysis.framework/Versions/A/PerformanceAnalysis
0x000000000b3c4000 	/System/Library/PrivateFrameworks/GenerationalStorage.framework/Versions/A/GenerationalStorage
0x000000000b3c4000 	/System/Library/Frameworks/OpenGL.framework/Versions/A/OpenGL
0x000000000b3c4000 	/System/Library/PrivateFrameworks/Sharing.framework/Versions/A/Sharing
0x000000000b3c4000 	/System/Library/Frameworks/CoreGraphics.framework/Versions/A/CoreGraphics
0x000000000b3c4000 	/System/Library/Frameworks/CoreText.framework/Versions/A/CoreText
0x000000000b3c4000 	/System/Library/Frameworks/ImageIO.framework/Versions/A/ImageIO
0x000000000b3c4000 	/usr/lib/libextension.dylib
0x000000000b3c4000 	/System/Library/PrivateFrameworks/Backup.framework/Versions/A/Backup
0x000000000b3c4000 	/usr/lib/libarchive.2.dylib
0x000000000b3c4000 	/System/Library/Frameworks/CFNetwork.framework/Versions/A/CFNetwork
0x000000000b3c4000 	/System/Library/Frameworks/SystemConfiguration.framework/Versions/A/SystemConfiguration
0x000000000b3c4000 	/usr/lib/libCRFSuite.dylib
0x000000000b3c4000 	/usr/lib/libc++.1.dylib
0x000000000b3c4000 	/usr/lib/libc++abi.dylib
0x000000000b3c4000 	/usr/lib/system/libcache.dylib
0x000000000b3c4000 	/usr/lib/system/libcommonCrypto.dylib
0x000000000b3c4000 	/usr/lib/system/libcompiler_rt.dylib
0x000000000b3c4000 	/usr/lib/system/libcopyfile.dylib
0x000000000b3c4000 	/usr/lib/system/libcorecrypto.dylib
0x000000000b3c4000 	/usr/lib/system/libdispatch.dylib
0x000000000b3c4000 	/usr/lib/system/libdyld.dylib
0x000000000b3c4000 	/usr/lib/system/libkeymgr.dylib
0x000000000b3c4000 	/usr/lib/system/liblaunch.dylib
0x000000000b3c4000 	/usr/lib/system/libmacho.dylib
0x000000000b3c4000 	/usr/lib/system/libquarantine.dylib
0x000000000b3c4000 	/usr/lib/system/libremovefile.dylib
0x000000000b3c4000 	/usr/lib/system/libsystem_asl.dylib
0x000000000b3c4000 	/usr/lib/system/libsystem_blocks.dylib
0x000000000b3c4000 	/usr/lib/system/libsystem_c.dylib
0x000000000b3c4000 	/usr/lib/system/libsystem_configuration.dylib
0x000000000b3c4000 	/usr/lib/system/libsystem_coreservices.dylib
0x000000000b3c4000 	/usr/lib/system/libsystem_coretls.dylib
0x000000000b3c4000 	/usr/lib/system/libsystem_dnssd.dylib
0x000000000b3c4000 	/usr/lib/system/libsystem_info.dylib
0x000000000b3c4000 	/usr/lib/system/libsystem_kernel.dylib
0x000000000b3c4000 	/usr/lib/system/libsystem_m.dylib
0x000000000b3c4000 	/usr/lib/system/libsystem_malloc.dylib
0x000000000b3c4000 	/usr/lib/system/libsystem_network.dylib
0x000000000b3c4000 	/usr/lib/system/libsystem_networkextension.dylib
0x000000000b3c4000 	/usr/lib/system/libsystem_notify.dylib
0x000000000b3c4000 	/usr/lib/system/libsystem_platform.dylib
0x000000000b3c4000 	/usr/lib/system/libsystem_pthread.dylib
0x000000000b3c4000 	/usr/lib/system/libsystem_sandbox.dylib
0x000000000b3c4000 	/usr/lib/system/libsystem_secinit.dylib
0x000000000b3c4000 	/usr/lib/system/libsystem_stats.dylib
0x000000000b3c4000 	/usr/lib/system/libsystem_trace.dylib
0x000000000b3c4000 	/usr/lib/system/libunc.dylib
0x000000000b3c4000 	/usr/lib/system/libunwind.dylib
0x000000000b3c4000 	/usr/lib/system/libxpc.dylib
0x000000000b3c4000 	/usr/lib/libbz2.1.0.dylib
0x000000000b3c4000 	/usr/lib/liblzma.5.dylib
0x000000000b3c4000 	/usr/lib/libbsm.0.dylib
0x000000000b3c4000 	/usr/lib/libsqlite3.dylib
0x000000000b3c4000 	/usr/lib/system/libkxld.dylib
0x000000000b3c4000 	/usr/lib/libxar.1.dylib
0x000000000b3c4000 	/usr/lib/libpam.2.dylib
0x000000000b3c4000 	/usr/lib/libOpenScriptingUtil.dylib
0x000000000b3c4000 	/System/Library/Frameworks/CoreServices.framework/Versions/A/Frameworks/FSEvents.framework/Versions/A/FSEvents
0x000000000b3c4000 	/System/Library/Frameworks/CoreServices.framework/Versions/A/Frameworks/CarbonCore.framework/Versions/A/CarbonCore
0x000000000b3c4000 	/System/Library/Frameworks/CoreServices.framework/Versions/A/Frameworks/Metadata.framework/Versions/A/Metadata
0x000000000b3c4000 	/System/Library/Frameworks/CoreServices.framework/Versions/A/Frameworks/OSServices.framework/Versions/A/OSServices
0x000000000b3c4000 	/System/Library/Frameworks/CoreServices.framework/Versions/A/Frameworks/SearchKit.framework/Versions/A/SearchKit
0x000000000b3c4000 	/System/Library/Frameworks/CoreServices.framework/Versions/A/Frameworks/AE.framework/Versions/A/AE
0x000000000b3c4000 	/System/Library/Frameworks/CoreServices.framework/Versions/A/Frameworks/LaunchServices.framework/Versions/A/LaunchServices
0x000000000b3c4000 	/System/Library/Frameworks/CoreServices.framework/Versions/A/Frameworks/DictionaryServices.framework/Versions/A/DictionaryServices
0x000000000b3c4000 	/System/Library/Frameworks/NetFS.framework/Versions/A/NetFS
0x000000000b3c4000 	/System/Library/PrivateFrameworks/NetAuth.framework/Versions/A/NetAuth
0x000000000b3c4000 	/System/Library/PrivateFrameworks/login.framework/Versions/A/Frameworks/loginsupport.framework/Versions/A/loginsupport
0x000000000b3c4000 	/System/Library/PrivateFrameworks/TCC.framework/Versions/A/TCC
0x000000000b3c4000 	/usr/lib/libmecabra.dylib
0x000000000b3c4000 	/System/Library/Frameworks/ApplicationServices.framework/Versions/A/Frameworks/ATS.framework/Versions/A/ATS
0x000000000b3c4000 	/System/Library/Frameworks/ApplicationServices.framework/Versions/A/Frameworks/ColorSync.framework/Versions/A/ColorSync
0x000000000b3c4000 	/System/Library/Frameworks/ApplicationServices.framework/Versions/A/Frameworks/HIServices.framework/Versions/A/HIServices
0x000000000b3c4000 	/System/Library/Frameworks/ApplicationServices.framework/Versions/A/Frameworks/LangAnalysis.framework/Versions/A/LangAnalysis
0x000000000b3c4000 	/System/Library/Frameworks/ApplicationServices.framework/Versions/A/Frameworks/PrintCore.framework/Versions/A/PrintCore
0x000000000b3c4000 	/System/Library/Frameworks/ApplicationServices.framework/Versions/A/Frameworks/QD.framework/Versions/A/QD
0x000000000b3c4000 	/System/Library/Frameworks/ApplicationServices.framework/Versions/A/Frameworks/SpeechSynthesis.framework/Versions/A/SpeechSynthesis
0x000000000b3c4000 	/System/Library/Frameworks/Accelerate.framework/Versions/A/Accelerate
0x000000000b3c4000 	/System/Library/Frameworks/Accelerate.framework/Versions/A/Frameworks/vImage.framework/Versions/A/vImage
0x000000000b3c4000 	/System/Library/Frameworks/Accelerate.framework/Versions/A/Frameworks/vecLib.framework/Versions/A/vecLib
0x000000000b3c4000 	/System/Library/Frameworks/Accelerate.framework/Versions/A/Frameworks/vecLib.framework/Versions/A/libvDSP.dylib
0x000000000b3c4000 	/System/Library/Frameworks/Accelerate.framework/Versions/A/Frameworks/vecLib.framework/Versions/A/libvMisc.dylib
0x000000000b3c4000 	/System/Library/Frameworks/Accelerate.framework/Versions/A/Frameworks/vecLib.framework/Versions/A/libLAPACK.dylib
0x000000000b3c4000 	/System/Library/Frameworks/Accelerate.framework/Versions/A/Frameworks/vecLib.framework/Versions/A/libBLAS.dylib
0x000000000b3c4000 	/System/Library/Frameworks/Accelerate.framework/Versions/A/Frameworks/vecLib.framework/Versions/A/libLinearAlgebra.dylib
0x000000000b3c4000 	/System/Library/Frameworks/ApplicationServices.framework/Versions/A/Frameworks/ATS.framework/Versions/A/Resources/libFontParser.dylib
0x000000000b3c4000 	/System/Library/Frameworks/ApplicationServices.framework/Versions/A/Frameworks/ATS.framework/Versions/A/Resources/libFontRegistry.dylib
0x000000000b3c4000 	/System/Library/PrivateFrameworks/AppleVPA.framework/Versions/A/AppleVPA
0x000000000b3c4000 	/System/Library/PrivateFrameworks/AppleJPEG.framework/Versions/A/AppleJPEG
0x000000000b3c4000 	/System/Library/Frameworks/ImageIO.framework/Versions/A/Resources/libJPEG.dylib
0x000000000b3c4000 	/System/Library/Frameworks/ImageIO.framework/Versions/A/Resources/libTIFF.dylib
0x000000000b3c4000 	/System/Library/Frameworks/ImageIO.framework/Versions/A/Resources/libPng.dylib
0x000000000b3c4000 	/System/Library/Frameworks/ImageIO.framework/Versions/A/Resources/libGIF.dylib
0x000000000b3c4000 	/System/Library/Frameworks/ImageIO.framework/Versions/A/Resources/libJP2.dylib
0x000000000b3c4000 	/System/Library/Frameworks/ImageIO.framework/Versions/A/Resources/libRadiance.dylib
0x000000000b3c4000 	/System/Library/Frameworks/CoreVideo.framework/Versions/A/CoreVideo
0x000000000b3c4000 	/System/Library/Frameworks/OpenGL.framework/Versions/A/Libraries/libGLU.dylib
0x000000000b3c4000 	/System/Library/Frameworks/OpenGL.framework/Versions/A/Libraries/libGFXShared.dylib
0x000000000b3c4000 	/System/Library/Frameworks/OpenGL.framework/Versions/A/Libraries/libGL.dylib
0x000000000b3c4000 	/System/Library/Frameworks/OpenGL.framework/Versions/A/Libraries/libGLImage.dylib
0x000000000b3c4000 	/System/Library/Frameworks/OpenGL.framework/Versions/A/Libraries/libCVMSPluginSupport.dylib
0x000000000b3c4000 	/System/Library/Frameworks/OpenGL.framework/Versions/A/Libraries/libCoreVMClient.dylib
0x000000000b3c4000 	/usr/lib/libcups.2.dylib
0x000000000b3c4000 	/System/Library/Frameworks/Kerberos.framework/Versions/A/Kerberos
0x000000000b3c4000 	/System/Library/Frameworks/GSS.framework/Versions/A/GSS
0x000000000b3c4000 	/usr/lib/libresolv.9.dylib
0x000000000b3c4000 	/usr/lib/libiconv.2.dylib
0x000000000b3c4000 	/System/Library/PrivateFrameworks/Heimdal.framework/Versions/A/Heimdal
0x000000000b3c4000 	/usr/lib/libheimdal-asn1.dylib
0x000000000b3c4000 	/System/Library/Frameworks/OpenDirectory.framework/Versions/A/OpenDirectory
0x000000000b3c4000 	/System/Library/PrivateFrameworks/CommonAuth.framework/Versions/A/CommonAuth
0x000000000b3c4000 	/System/Library/Frameworks/OpenDirectory.framework/Versions/A/Frameworks/CFOpenDirectory.framework/Versions/A/CFOpenDirectory
0x000000000b3c4000 	/System/Library/Frameworks/SecurityFoundation.framework/Versions/A/SecurityFoundation
0x000000000b3c4000 	/System/Library/PrivateFrameworks/LanguageModeling.framework/Versions/A/LanguageModeling
0x000000000b3c4000 	/usr/lib/libcmph.dylib
0x000000000b3c4000 	/System/Library/Frameworks/ServiceManagement.framework/Versions/A/ServiceManagement
0x000000000b3c4000 	/usr/lib/libxslt.1.dylib
0x000000000b3c4000 	/System/Library/Frameworks/Carbon.framework/Versions/A/Frameworks/Ink.framework/Versions/A/Ink
0x000000000b3c4000 	/System/Library/Frameworks/QuartzCore.framework/Versions/A/Frameworks/CoreImage.framework/Versions/A/CoreImage
0x000000000b3c4000 	/System/Library/PrivateFrameworks/CrashReporterSupport.framework/Versions/A/CrashReporterSupport
0x000000000b3c4000 	/System/Library/Frameworks/OpenCL.framework/Versions/A/OpenCL
0x000000000b3c4000 	/System/Library/PrivateFrameworks/FaceCore.framework/Versions/A/FaceCore
0x000000000b3c4000 	/System/Library/PrivateFrameworks/Ubiquity.framework/Versions/A/Ubiquity
0x000000000b3c4000 	/System/Library/PrivateFrameworks/IconServices.framework/Versions/A/IconServices
0x000000000b3c4000 	/System/Library/PrivateFrameworks/ChunkingLibrary.framework/Versions/A/ChunkingLibrary
0x000000000b3c4000 	/System/Library/PrivateFrameworks/Apple80211.framework/Versions/A/Apple80211
0x000000000b3c4000 	/System/Library/Frameworks/CoreWLAN.framework/Versions/A/CoreWLAN
0x000000000b3c4000 	/System/Library/Frameworks/IOBluetooth.framework/Versions/A/IOBluetooth
0x000000000b3c4000 	/System/Library/PrivateFrameworks/CoreWiFi.framework/Versions/A/CoreWiFi
0x000000000b3c4000 	/System/Library/Frameworks/CoreBluetooth.framework/Versions/A/CoreBluetooth
0x000000000b3c4000 	/System/Library/PrivateFrameworks/DebugSymbols.framework/Versions/A/DebugSymbols
0x000000000b3c4000 	/System/Library/PrivateFrameworks/CoreSymbolication.framework/Versions/A/CoreSymbolication
0x000000000b3c4000 	/System/Library/PrivateFrameworks/Symbolication.framework/Versions/A/Symbolication
0x000000000b3c4000 	/System/Library/PrivateFrameworks/SpeechRecognitionCore.framework/Versions/A/SpeechRecognitionCore
0x0000000106000000 	/Library/Java/JavaVirtualMachines/jdk1.8.0_73.jdk/Contents/Home/jre/lib/server/libjvm.dylib
0x000000000b3c4000 	/usr/lib/libstdc++.6.dylib
0x0000000104f65000 	/Library/Java/JavaVirtualMachines/jdk1.8.0_73.jdk/Contents/Home/jre/lib/libverify.dylib
0x0000000104f73000 	/Library/Java/JavaVirtualMachines/jdk1.8.0_73.jdk/Contents/Home/jre/lib/libjava.dylib
0x0000000104fb2000 	/Library/Java/JavaVirtualMachines/jdk1.8.0_73.jdk/Contents/Home/jre/lib/libzip.dylib
0x0000000104fe4000 	/System/Library/Frameworks/JavaVM.framework/Frameworks/JavaRuntimeSupport.framework/JavaRuntimeSupport
0x0000000122c3e000 	/System/Library/Frameworks/JavaVM.framework/Versions/A/Frameworks/JavaNativeFoundation.framework/Versions/A/JavaNativeFoundation
0x0000000122c52000 	/System/Library/Frameworks/JavaVM.framework/Versions/A/JavaVM
0x000000000b3c4000 	/System/Library/Frameworks/Carbon.framework/Versions/A/Carbon
0x0000000122c5e000 	/System/Library/PrivateFrameworks/JavaLaunching.framework/Versions/A/JavaLaunching
0x000000000b3c4000 	/System/Library/Frameworks/Carbon.framework/Versions/A/Frameworks/CommonPanels.framework/Versions/A/CommonPanels
0x000000000b3c4000 	/System/Library/Frameworks/Carbon.framework/Versions/A/Frameworks/Help.framework/Versions/A/Help
0x000000000b3c4000 	/System/Library/Frameworks/Carbon.framework/Versions/A/Frameworks/ImageCapture.framework/Versions/A/ImageCapture
0x000000000b3c4000 	/System/Library/Frameworks/Carbon.framework/Versions/A/Frameworks/OpenScripting.framework/Versions/A/OpenScripting
0x000000000b3c4000 	/System/Library/Frameworks/Carbon.framework/Versions/A/Frameworks/Print.framework/Versions/A/Print
0x000000000b3c4000 	/System/Library/Frameworks/Carbon.framework/Versions/A/Frameworks/SecurityHI.framework/Versions/A/SecurityHI
0x0000000124bd3000 	/Library/Java/JavaVirtualMachines/jdk1.8.0_73.jdk/Contents/Home/jre/lib/libawt.dylib
0x0000000124c7b000 	/Library/Java/JavaVirtualMachines/jdk1.8.0_73.jdk/Contents/Home/jre/lib/./libmlib_image.dylib
0x0000000124d47000 	/Library/Java/JavaVirtualMachines/jdk1.8.0_73.jdk/Contents/Home/jre/lib/libawt_lwawt.dylib
0x0000000124dfc000 	/Library/Java/JavaVirtualMachines/jdk1.8.0_73.jdk/Contents/Home/jre/lib/./libosxapp.dylib
0x000000000b3c4000 	/System/Library/Frameworks/ExceptionHandling.framework/Versions/A/ExceptionHandling
0x000000000b3c4000 	/System/Library/PrivateFrameworks/CoreServicesInternal.framework/Versions/A/CoreServicesInternal
0x000000000b3c4000 	/System/Library/PrivateFrameworks/CloudDocs.framework/Versions/A/CloudDocs
0x000000000b3c4000 	/System/Library/PrivateFrameworks/CoreDuet.framework/Versions/A/CoreDuet
0x000000000b3c4000 	/System/Library/Frameworks/CloudKit.framework/Versions/A/CloudKit
0x000000000b3c4000 	/System/Library/PrivateFrameworks/ProtocolBuffer.framework/Versions/A/ProtocolBuffer
0x000000000b3c4000 	/System/Library/PrivateFrameworks/CoreDuetDaemonProtocol.framework/Versions/A/CoreDuetDaemonProtocol
0x000000000b3c4000 	/System/Library/PrivateFrameworks/CoreDuetDebugLogging.framework/Versions/A/CoreDuetDebugLogging
0x000000000b3c4000 	/System/Library/PrivateFrameworks/MMCS.framework/Versions/A/MMCS
0x000000000b3c4000 	/System/Library/Frameworks/CoreLocation.framework/Versions/A/CoreLocation
0x000000000b3c4000 	/System/Library/PrivateFrameworks/ProtectedCloudStorage.framework/Versions/A/ProtectedCloudStorage
0x000000000b3c4000 	/System/Library/PrivateFrameworks/GeoServices.framework/Versions/A/GeoServices
0x000000000b3c4000 	/System/Library/Frameworks/CoreGraphics.framework/Versions/A/Resources/libCGCMS.A.dylib
0x000000000b3c4000 	/System/Library/Frameworks/CoreGraphics.framework/Versions/A/Resources/libRIP.A.dylib
0x000000000b3c4000 	/System/Library/Frameworks/CoreGraphics.framework/Versions/A/Resources/libCGXType.A.dylib
0x000000000b3c4000 	/System/Library/Frameworks/OpenCL.framework/Versions/A/Libraries/libcldcpuengine.dylib
0x000000000b3c4000 	/System/Library/PrivateFrameworks/DiskImages.framework/Versions/A/DiskImages
0x000000000b3c4000 	/System/Library/Frameworks/DiscRecording.framework/Versions/A/DiscRecording
0x000000000b3c4000 	/usr/lib/libcsfde.dylib
0x000000000b3c4000 	/usr/lib/libcurl.4.dylib
0x000000000b3c4000 	/System/Library/PrivateFrameworks/MediaKit.framework/Versions/A/MediaKit
0x000000000b3c4000 	/usr/lib/libCoreStorage.dylib
0x000000000b3c4000 	/System/Library/PrivateFrameworks/EFILogin.framework/Versions/A/EFILogin
0x000000000b3c4000 	/usr/lib/libutil.dylib
0x000000000b3c4000 	/System/Library/PrivateFrameworks/FindMyDevice.framework/Versions/A/FindMyDevice
0x000000000b3c4000 	/System/Library/Frameworks/LDAP.framework/Versions/A/LDAP
0x000000000b3c4000 	/usr/lib/libsasl2.2.dylib
0x000000000b3c4000 	/System/Library/PrivateFrameworks/CoreDaemon.framework/Versions/B/CoreDaemon
0x000000000b3c4000 	/usr/lib/libcrypto.0.9.8.dylib
0x000000000b3c4000 	/System/Library/PrivateFrameworks/AppleSRP.framework/Versions/A/AppleSRP
0x000000000b3c4000 	/System/Library/PrivateFrameworks/TrustEvaluationAgent.framework/Versions/A/TrustEvaluationAgent
0x0000000127fd9000 	cl_kernels
0x0000000127fdb000 	/System/Library/Frameworks/OpenCL.framework/Versions/A/Libraries/ImageFormats/unorm8_bgra.dylib
0x0000000127fcb000 	cl_kernels
0x000000000b3c4000 	/System/Library/PrivateFrameworks/FamilyControls.framework/Versions/A/FamilyControls
0x000000000b3c4000 	/System/Library/PrivateFrameworks/CommerceKit.framework/Versions/A/Frameworks/CommerceCore.framework/Versions/A/CommerceCore
0x000000000b3c4000 	/System/Library/PrivateFrameworks/SystemAdministration.framework/Versions/A/SystemAdministration
0x000000000b3c4000 	/System/Library/PrivateFrameworks/AppContainer.framework/Versions/A/AppContainer
0x000000000b3c4000 	/System/Library/PrivateFrameworks/SecCodeWrapper.framework/Versions/A/SecCodeWrapper
0x000000000b3c4000 	/System/Library/Frameworks/DirectoryService.framework/Versions/A/DirectoryService
0x000000000b3c4000 	/System/Library/PrivateFrameworks/LoginUIKit.framework/Versions/A/Frameworks/LoginUICore.framework/Versions/A/LoginUICore
0x000000000b3c4000 	/usr/lib/libodfde.dylib
0x000000000b3c4000 	/System/Library/Frameworks/OpenGL.framework/Versions/A/Resources/GLEngine.bundle/GLEngine
0x000000000b3c4000 	/System/Library/Frameworks/OpenGL.framework/Versions/A/Libraries/libGLProgrammability.dylib
0x00000001294a6000 	/System/Library/Extensions/AppleIntelHD5000GraphicsGLDriver.bundle/Contents/MacOS/AppleIntelHD5000GraphicsGLDriver
0x000000000b3c4000 	/System/Library/PrivateFrameworks/IOAccelerator.framework/Versions/A/IOAccelerator
0x000000000b3c4000 	/System/Library/PrivateFrameworks/GPUSupport.framework/Versions/A/Libraries/libGPUSupportMercury.dylib
0x000000000b3c4000 	/System/Library/Frameworks/OpenGL.framework/Versions/A/Resources/GLRendererFloat.bundle/GLRendererFloat
0x000000012a4dc000 	/Library/Java/JavaVirtualMachines/jdk1.8.0_73.jdk/Contents/Home/jre/lib/libfontmanager.dylib
0x000000012b866000 	/Library/Java/JavaVirtualMachines/jdk1.8.0_73.jdk/Contents/Home/jre/lib/libosxui.dylib
0x000000012bafa000 	/Library/Java/JavaVirtualMachines/jdk1.8.0_73.jdk/Contents/Home/jre/lib/libnet.dylib
0x000000012b8a6000 	/Library/Java/JavaVirtualMachines/jdk1.8.0_73.jdk/Contents/Home/jre/lib/libnio.dylib
0x000000000b3c4000 	/System/Library/Frameworks/ApplicationServices.framework/Versions/A/Frameworks/ATS.framework/Versions/A/Resources/libTrueTypeScaler.dylib
0x0000000177055000 	/private/var/folders/88/rn0nzmd518s0659qz29bsj6m0000gn/T/jogamp_0000/file_cache/jln5631192661685270845/jln2597183888849113572/libgluegen-rt.jnilib
0x000000017705a000 	/private/var/folders/88/rn0nzmd518s0659qz29bsj6m0000gn/T/jogamp_0000/file_cache/jln5631192661685270845/jln2597183888849113572/libnativewindow_awt.jnilib
0x000000017705d000 	/Library/Java/JavaVirtualMachines/jdk1.8.0_73.jdk/Contents/Home/jre/lib/libjawt.dylib
0x0000000177060000 	/private/var/folders/88/rn0nzmd518s0659qz29bsj6m0000gn/T/jogamp_0000/file_cache/jln5631192661685270845/jln2597183888849113572/libnativewindow_macosx.jnilib
0x000000017718c000 	/private/var/folders/88/rn0nzmd518s0659qz29bsj6m0000gn/T/jogamp_0000/file_cache/jln5631192661685270845/jln2597183888849113572/libjogl_desktop.jnilib

VM Arguments:
jvm_args: -Djava.security.policy=java.policy.applet -Dfile.encoding=UTF-8 
java_command: sun.applet.AppletViewer module4.EarthquakeCityMap1458562617112.html
java_class_path (initial): /Users/jb/Documents/GitHub/Java_Programming/UCSDUnfoldingMaps/build:/Users/jb/Documents/GitHub/Java_Programming/UCSDUnfoldingMaps/lib/core.jar:/Users/jb/Documents/GitHub/Java_Programming/UCSDUnfoldingMaps/lib/gluegen-rt.jar:/Users/jb/Documents/GitHub/Java_Programming/UCSDUnfoldingMaps/lib/jogl-all.jar:/Users/jb/Documents/GitHub/Java_Programming/UCSDUnfoldingMaps/lib/log4j-1.2.15.jar:/Users/jb/Documents/GitHub/Java_Programming/UCSDUnfoldingMaps/lib/sqlite-jdbc-3.7.2.jar:/Users/jb/Documents/GitHub/Java_Programming/UCSDUnfoldingMaps/lib/json4processing.jar:/Users/jb/Documents/GitHub/Java_Programming/UCSDUnfoldingMaps/lib/libTUIO.jar:/Users/jb/Documents/GitHub/Java_Programming/UCSDUnfoldingMaps/lib/unfolding.0.9.7-uscd.jar
Launcher Type: SUN_STANDARD

Environment Variables:
PATH=/usr/bin:/bin:/usr/sbin:/sbin
SHELL=/bin/bash

Signal Handlers:
SIGSEGV: [libjvm.dylib+0x5a71a5], sa_mask[0]=11111111011111110111111111111111, sa_flags=SA_ONSTACK|SA_RESTART|SA_SIGINFO
SIGBUS: [libjvm.dylib+0x5a71a5], sa_mask[0]=11111111011111110111111111111111, sa_flags=SA_RESTART|SA_SIGINFO
SIGFPE: [libjvm.dylib+0x480eb4], sa_mask[0]=11111111011111110111111111111111, sa_flags=SA_RESTART|SA_SIGINFO
SIGPIPE: [libjvm.dylib+0x480eb4], sa_mask[0]=11111111011111110111111111111111, sa_flags=SA_RESTART|SA_SIGINFO
SIGXFSZ: [libjvm.dylib+0x480eb4], sa_mask[0]=11111111011111110111111111111111, sa_flags=SA_RESTART|SA_SIGINFO
SIGILL: [libjvm.dylib+0x480eb4], sa_mask[0]=11111111011111110111111111111111, sa_flags=SA_RESTART|SA_SIGINFO
SIGUSR1: SIG_DFL, sa_mask[0]=00000000000000000000000000000000, sa_flags=none
SIGUSR2: [libjvm.dylib+0x4809d2], sa_mask[0]=00100000000000000000000000000000, sa_flags=SA_RESTART|SA_SIGINFO
SIGHUP: [libjvm.dylib+0x47efa9], sa_mask[0]=11111111011111110111111111111111, sa_flags=SA_RESTART|SA_SIGINFO
SIGINT: [libjvm.dylib+0x47efa9], sa_mask[0]=11111111011111110111111111111111, sa_flags=SA_RESTART|SA_SIGINFO
SIGTERM: [libjvm.dylib+0x47efa9], sa_mask[0]=11111111011111110111111111111111, sa_flags=SA_RESTART|SA_SIGINFO
SIGQUIT: [libjvm.dylib+0x47efa9], sa_mask[0]=11111111011111110111111111111111, sa_flags=SA_RESTART|SA_SIGINFO


---------------  S Y S T E M  ---------------

OS:Bsduname:Darwin 14.5.0 Darwin Kernel Version 14.5.0: Wed Jul 29 02:26:53 PDT 2015; root:xnu-2782.40.9~1/RELEASE_X86_64 x86_64
rlimit: STACK 8192k, CORE 0k, NPROC 709, NOFILE 10240, AS infinity
load average:2.47 1.78 1.49

CPU:total 8 (4 cores per cpu, 2 threads per core) family 6 model 70 stepping 1, cmov, cx8, fxsr, mmx, sse, sse2, sse3, ssse3, sse4.1, sse4.2, popcnt, avx, avx2, aes, clmul, erms, lzcnt, ht, tsc, tscinvbit, bmi1, bmi2

Memory: 4k page, physical 16777216k(2343348k free)

/proc/meminfo:


vm_info: Java HotSpot(TM) 64-Bit Server VM (25.73-b02) for bsd-amd64 JRE (1.8.0_73-b02), built on Jan 29 2016 15:02:00 by "java_re" with gcc 4.2.1 (Based on Apple Inc. build 5658) (LLVM build 2336.11.00)

time: Mon Mar 21 08:19:30 2016
elapsed time: 153 seconds (0d 0h 2m 33s)

