#
# A fatal error has been detected by the Java Runtime Environment:
#
#  SIGSEGV (0xb) at pc=0x00007fff963a50dd, pid=4159, tid=1811
#
# JRE version: Java(TM) SE Runtime Environment (8.0_73-b02) (build 1.8.0_73-b02)
# Java VM: Java HotSpot(TM) 64-Bit Server VM (25.73-b02 mixed mode bsd-amd64 compressed oops)
# Problematic frame:
# C  [libobjc.A.dylib+0x10dd]  objc_msgSend+0x1d
#
# Failed to write core dump. Core dumps have been disabled. To enable core dumping, try "ulimit -c unlimited" before starting Java again
#
# If you would like to submit a bug report, please visit:
#   http://bugreport.java.com/bugreport/crash.jsp
# The crash happened outside the Java Virtual Machine in native code.
# See problematic frame for where to report the bug.
#

---------------  T H R E A D  ---------------

Current thread (0x00007fa559080800):  JavaThread "AWT-AppKit" daemon [_thread_in_native, id=1811, stack(0x00007fff4f9c6000,0x00007fff501c6000)]

siginfo: si_signo: 11 (SIGSEGV), si_code: 1 (SEGV_MAPERR), si_addr: 0x0000000000000018

Registers:
RAX=0x00007fa558f0b760, RBX=0x0000000181c8d450, RCX=0x00000001363eaa80, RDX=0x00000001363ea060
RSP=0x00007fff501c1498, RBP=0x00007fff501c1550, RSI=0x00007fff915aa40f, RDI=0x00007fa560026e80
R8 =0x0000000000000000, R9 =0x0000000000000f50, R10=0x00007fff915aa40f, R11=0x0000000000000000
R12=0x0000000000000000, R13=0x000000018655f500, R14=0x0000000181c8d440, R15=0x00007fa559080800
RIP=0x00007fff963a50dd, EFLAGS=0x0000000000010246, ERR=0x0000000000000004
  TRAPNO=0x000000000000000e

Top of Stack: (sp=0x00007fff501c1498)
0x00007fff501c1498:   0000000181c8b157 00007fff501c14f0
0x00007fff501c14a8:   0000000000000003 00007fff501c14d0
0x00007fff501c14b8:   0000000110df1646 000000018655f500
0x00007fff501c14c8:   000000018655f500 00007fa558f0b760
0x00007fff501c14d8:   0000000181c8d6a0 0000000181c8d710
0x00007fff501c14e8:   00007fff7d026550 00007fff7c012c80
0x00007fff501c14f8:   0000000181c8d450 0000000181c8d690
0x00007fff501c1508:   00007fa558f0b760 00007fa560026e80
0x00007fff501c1518:   00007fa558c788d0 00007fa558f0b760
0x00007fff501c1528:   00007fa560026e80 00007fff501c15d8
0x00007fff501c1538:   00007fa5590809f8 000000018655f500
0x00007fff501c1548:   00007fff501c1600 00007fff501c15c8
0x00007fff501c1558:   0000000111ca5954 000000018655f500
0x00007fff501c1568:   00007fff501c1600 00007fff501c15c8
0x00007fff501c1578:   0000000111ca56e7 0000000111ca56a2
0x00007fff501c1588:   00007fff501c1588 000000018655f500
0x00007fff501c1598:   00007fff501c1600 0000000186562138
0x00007fff501c15a8:   0000000000000000 000000018655f500
0x00007fff501c15b8:   0000000000000000 00007fff501c15e8
0x00007fff501c15c8:   00007fff501c1648 0000000111c97c4d
0x00007fff501c15d8:   00000006c1264e98 0000000111c9f578
0x00007fff501c15e8:   00007fa558f0b760 00007fff501c1648
0x00007fff501c15f8:   00007fa560026e80 0000000111ca0d82
0x00007fff501c1608:   00007fff501c1608 000000018655f6ca
0x00007fff501c1618:   00007fff501c1670 0000000186562138
0x00007fff501c1628:   0000000000000000 000000018655f6d8
0x00007fff501c1638:   00007fff501c15e8 00007fff501c1658
0x00007fff501c1648:   00007fff501c16b8 0000000111c97c4d
0x00007fff501c1658:   00007fa558f0b760 00000006c12561e8
0x00007fff501c1668:   00007fa560026e80 00000006c12561e8
0x00007fff501c1678:   00007fff501c1678 000000018d491f5e
0x00007fff501c1688:   00007fff501c16c8 000000018d492018 

Instructions: (pc=0x00007fff963a50dd)
0x00007fff963a50bd:   00 00 00 48 85 ff 2e 74 7a 40 f6 c7 01 2e 75 7e
0x00007fff963a50cd:   49 bb f8 ff ff ff ff 7f 00 00 4c 23 1f 49 89 f2
0x00007fff963a50dd:   45 23 53 18 49 c1 e2 04 4d 03 53 10 49 3b 32 75
0x00007fff963a50ed:   04 41 ff 62 08 49 83 3a 00 74 6a 4d 3b 53 10 74 

Register to memory mapping:

RAX=0x00007fa558f0b760 is an unknown value
RBX=0x0000000181c8d450: Java_jogamp_nativewindow_macosx_OSXUtil_GetScreenRefreshRate0+0x1cf0 in /private/var/folders/88/rn0nzmd518s0659qz29bsj6m0000gn/T/jogamp_0000/file_cache/jln7745213076621586064/jln4267656424711153372/libnativewindow_macosx.jnilib at 0x0000000181c86000
RCX=0x00000001363eaa80 is an unknown value
RDX=0x00000001363ea060 is an unknown value
RSP=0x00007fff501c1498 is pointing into the stack for thread: 0x00007fa559080800
RBP=0x00007fff501c1550 is pointing into the stack for thread: 0x00007fa559080800
RSI=0x00007fff915aa40f is an unknown value
RDI=0x00007fa560026e80 is an unknown value
R8 =0x0000000000000000 is an unknown value
R9 =0x0000000000000f50 is an unknown value
R10=0x00007fff915aa40f is an unknown value
R11=0x0000000000000000 is an unknown value
R12=0x0000000000000000 is an unknown value
R13={method} {0x000000018655f500} 'UnsetJAWTRootSurfaceLayer0' '(JJ)V' in 'jogamp/nativewindow/jawt/macosx/MacOSXJAWTWindow'
R14=0x0000000181c8d440: Java_jogamp_nativewindow_macosx_OSXUtil_GetScreenRefreshRate0+0x1ce0 in /private/var/folders/88/rn0nzmd518s0659qz29bsj6m0000gn/T/jogamp_0000/file_cache/jln7745213076621586064/jln4267656424711153372/libnativewindow_macosx.jnilib at 0x0000000181c86000
R15=0x00007fa559080800 is a thread


Stack: [0x00007fff4f9c6000,0x00007fff501c6000],  sp=0x00007fff501c1498,  free space=8173k
Native frames: (J=compiled Java code, j=interpreted, Vv=VM code, C=native code)
C  [libobjc.A.dylib+0x10dd]  objc_msgSend+0x1d
j  jogamp.nativewindow.jawt.macosx.MacOSXJAWTWindow.UnsetJAWTRootSurfaceLayer0(JJ)V+0
j  jogamp.nativewindow.jawt.macosx.MacOSXJAWTWindow.access$200(JJ)V+2
j  jogamp.nativewindow.jawt.macosx.MacOSXJAWTWindow$1.run()V+38
J 2194 C1 com.jogamp.common.util.RunnableTask.run()V (345 bytes) @ 0x0000000112424cd4 [0x0000000112424b40+0x194]
v  ~StubRoutines::call_stub
V  [libjvm.dylib+0x2eae7a]
V  [libjvm.dylib+0x321f83]
V  [libjvm.dylib+0x314757]
C  [libnativewindow_macosx.jnilib+0x5326]  Java_jogamp_nativewindow_jawt_macosx_MacOSXJAWTWindow_UnsetJAWTRootSurfaceLayer0+0x2b6
C  [Foundation+0x92dd0]  __NSThreadPerformPerform+0x125
C  [CoreFoundation+0x80a01]  __CFRUNLOOP_IS_CALLING_OUT_TO_A_SOURCE0_PERFORM_FUNCTION__+0x11
C  [CoreFoundation+0x72c5c]  __CFRunLoopDoSources0+0x1dc
C  [CoreFoundation+0x721bf]  __CFRunLoopRun+0x39f
C  [CoreFoundation+0x71bd8]  CFRunLoopRunSpecific+0x128
C  [HIToolbox+0x3256f]  RunCurrentEventLoopInMode+0xeb
C  [HIToolbox+0x321ee]  ReceiveNextEventCommon+0xb3
C  [HIToolbox+0x3212b]  _BlockUntilNextEventMatchingListInModeWithFilter+0x47
C  [AppKit+0x918ab]  _DPSNextEvent+0x3d2
C  [AppKit+0x90e58]  -[NSApplication nextEventMatchingMask:untilDate:inMode:dequeue:]+0x15a
C  [libosxapp.dylib+0x23aa]  -[NSApplicationAWT nextEventMatchingMask:untilDate:inMode:dequeue:]+0x7c
C  [AppKit+0x86af3]  -[NSApplication run]+0x252
C  [libosxapp.dylib+0x214d]  +[NSApplicationAWT runAWTLoopWithApp:]+0x9c
C  [libawt_lwawt.dylib+0x4455b]  -[AWTStarter starter:]+0x389
C  [Foundation+0x92dd0]  __NSThreadPerformPerform+0x125
C  [CoreFoundation+0x80a01]  __CFRUNLOOP_IS_CALLING_OUT_TO_A_SOURCE0_PERFORM_FUNCTION__+0x11
C  [CoreFoundation+0x72b8d]  __CFRunLoopDoSources0+0x10d
C  [CoreFoundation+0x721bf]  __CFRunLoopRun+0x39f
C  [CoreFoundation+0x71bd8]  CFRunLoopRunSpecific+0x128
C  [java+0x6463]  CreateExecutionEnvironment+0x367
C  [java+0x21ac]  JLI_Launch+0x7a0
C  [java+0x84c0]  main+0x65
C  [java+0x1a04]  start+0x34
C  0x0000000000000007

Java frames: (J=compiled Java code, j=interpreted, Vv=VM code)
j  jogamp.nativewindow.jawt.macosx.MacOSXJAWTWindow.UnsetJAWTRootSurfaceLayer0(JJ)V+0
j  jogamp.nativewindow.jawt.macosx.MacOSXJAWTWindow.access$200(JJ)V+2
j  jogamp.nativewindow.jawt.macosx.MacOSXJAWTWindow$1.run()V+38
J 2194 C1 com.jogamp.common.util.RunnableTask.run()V (345 bytes) @ 0x0000000112424cd4 [0x0000000112424b40+0x194]
v  ~StubRoutines::call_stub

---------------  P R O C E S S  ---------------

Java Threads: ( => current thread )
  0x00007fa56218c800 JavaThread "Thread-104" [_thread_blocked, id=15131, stack(0x000000018a3bb000,0x000000018a4bb000)]
  0x00007fa559d32000 JavaThread "Keep-Alive-Timer" daemon [_thread_blocked, id=66107, stack(0x000000018b685000,0x000000018b785000)]
  0x00007fa55b2eb000 JavaThread "AWT-EventQueue-1" [_thread_in_native, id=60187, stack(0x0000000182620000,0x0000000182720000)]
  0x00007fa559002000 JavaThread "DestroyJavaVM" [_thread_blocked, id=4867, stack(0x0000000111b8e000,0x0000000111c8e000)]
  0x00007fa5599b5000 JavaThread "AWT-EventQueue-0" [_thread_blocked, id=58631, stack(0x00000001362e6000,0x00000001363e6000)]
  0x00007fa55b21b000 JavaThread "Java2D Disposer" daemon [_thread_blocked, id=54807, stack(0x0000000134fbb000,0x00000001350bb000)]
  0x00007fa55990a800 JavaThread "Java2D Queue Flusher" daemon [_thread_blocked, id=53255, stack(0x0000000133f79000,0x0000000134079000)]
  0x00007fa5598dd000 JavaThread "AWT-Shutdown" [_thread_blocked, id=30483, stack(0x0000000131001000,0x0000000131101000)]
=>0x00007fa559080800 JavaThread "AWT-AppKit" daemon [_thread_in_native, id=1811, stack(0x00007fff4f9c6000,0x00007fff501c6000)]
  0x00007fa55b81b800 JavaThread "Service Thread" daemon [_thread_blocked, id=20995, stack(0x000000012f6c2000,0x000000012f7c2000)]
  0x00007fa55b02a800 JavaThread "C1 CompilerThread3" daemon [_thread_blocked, id=20483, stack(0x000000012f5bf000,0x000000012f6bf000)]
  0x00007fa55901a800 JavaThread "C2 CompilerThread2" daemon [_thread_blocked, id=19971, stack(0x000000012f4bc000,0x000000012f5bc000)]
  0x00007fa55b02a000 JavaThread "C2 CompilerThread1" daemon [_thread_blocked, id=19459, stack(0x000000012f3b9000,0x000000012f4b9000)]
  0x00007fa55b80c000 JavaThread "C2 CompilerThread0" daemon [_thread_blocked, id=18947, stack(0x000000012f2b6000,0x000000012f3b6000)]
  0x00007fa55b80a000 JavaThread "Signal Dispatcher" daemon [_thread_blocked, id=18443, stack(0x000000012f1b3000,0x000000012f2b3000)]
  0x00007fa55900b000 JavaThread "Finalizer" daemon [_thread_blocked, id=13571, stack(0x000000012d714000,0x000000012d814000)]
  0x00007fa559009800 JavaThread "Reference Handler" daemon [_thread_blocked, id=13059, stack(0x000000012d611000,0x000000012d711000)]

Other Threads:
  0x00007fa55b052800 VMThread [stack: 0x000000012d50e000,0x000000012d60e000] [id=12547]
  0x00007fa55b80e000 WatcherThread [stack: 0x000000012f7c5000,0x000000012f8c5000] [id=21507]

VM state:not at safepoint (normal execution)

VM Mutex/Monitor currently owned by a thread: None

Heap:
 PSYoungGen      total 76288K, used 49925K [0x000000076ab00000, 0x0000000775480000, 0x00000007c0000000)
  eden space 65536K, 59% used [0x000000076ab00000,0x000000076d161280,0x000000076eb00000)
  from space 10752K, 98% used [0x000000076eb00000,0x000000076f560290,0x000000076f580000)
  to   space 21504K, 0% used [0x0000000773f80000,0x0000000773f80000,0x0000000775480000)
 ParOldGen       total 102912K, used 27610K [0x00000006c0000000, 0x00000006c6480000, 0x000000076ab00000)
  object space 102912K, 26% used [0x00000006c0000000,0x00000006c1af6918,0x00000006c6480000)
 Metaspace       used 21077K, capacity 21247K, committed 21552K, reserved 1069056K
  class space    used 2029K, capacity 2110K, committed 2176K, reserved 1048576K

Card table byte_map: [0x0000000121050000,0x0000000121851000] byte_map_base: 0x000000011da50000

Marking Bits: (ParMarkBitMap*) 0x00000001114e3ea0
 Begin Bits: [0x00000001225bf000, 0x00000001265bf000)
 End Bits:   [0x00000001265bf000, 0x000000012a5bf000)

Polling page: 0x000000010fb93000

CodeCache: size=245760Kb used=8639Kb max_used=9200Kb free=237120Kb
 bounds [0x0000000111c90000, 0x00000001125c0000, 0x0000000120c90000]
 total_blobs=3389 nmethods=2498 adapters=804
 compilation: enabled

Compilation events (10 events):
Event: 25.369 Thread 0x00007fa55b02a800 2880   !   3       sun.lwawt.LWComponentPeer::isShowing (49 bytes)
Event: 25.371 Thread 0x00007fa55b02a800 nmethod 2880 0x0000000112133e10 code [0x0000000112133fc0, 0x00000001121348a8]
Event: 25.374 Thread 0x00007fa55b02a800 2882       3       sun.java2d.pipe.RenderBuffer::putFloat (26 bytes)
Event: 25.375 Thread 0x00007fa55b02a800 nmethod 2882 0x0000000112267ed0 code [0x0000000112268040, 0x00000001122681d0]
Event: 25.375 Thread 0x00007fa55b02a800 2881       1       sun.java2d.SurfaceData::isValid (5 bytes)
Event: 25.375 Thread 0x00007fa55b02a800 nmethod 2881 0x0000000111e6e1d0 code [0x0000000111e6e320, 0x0000000111e6e430]
Event: 25.402 Thread 0x00007fa55b02a800 2883       3       java.util.HashMap::putVal (300 bytes)
Event: 25.404 Thread 0x00007fa55b02a800 nmethod 2883 0x00000001121cf290 code [0x00000001121cf500, 0x00000001121d07b8]
Event: 25.413 Thread 0x00007fa55b02a800 2884       3       java.util.HashMap::put (13 bytes)
Event: 25.414 Thread 0x00007fa55b02a800 nmethod 2884 0x00000001121cec10 code [0x00000001121ceda0, 0x00000001121cf158]

GC Heap History (10 events):
Event: 10.840 GC heap before
{Heap before GC invocations=2 (full 0):
 PSYoungGen      total 76288K, used 76279K [0x000000076ab00000, 0x0000000770000000, 0x00000007c0000000)
  eden space 65536K, 100% used [0x000000076ab00000,0x000000076eb00000,0x000000076eb00000)
  from space 10752K, 99% used [0x000000076eb00000,0x000000076f57dd70,0x000000076f580000)
  to   space 10752K, 0% used [0x000000076f580000,0x000000076f580000,0x0000000770000000)
 ParOldGen       total 175104K, used 3875K [0x00000006c0000000, 0x00000006cab00000, 0x000000076ab00000)
  object space 175104K, 2% used [0x00000006c0000000,0x00000006c03c8dc8,0x00000006cab00000)
 Metaspace       used 20786K, capacity 20991K, committed 21120K, reserved 1069056K
  class space    used 2022K, capacity 2110K, committed 2176K, reserved 1048576K
Event: 10.852 GC heap after
Heap after GC invocations=2 (full 0):
 PSYoungGen      total 76288K, used 10738K [0x000000076ab00000, 0x0000000770000000, 0x00000007c0000000)
  eden space 65536K, 0% used [0x000000076ab00000,0x000000076ab00000,0x000000076eb00000)
  from space 10752K, 99% used [0x000000076f580000,0x000000076fffcbc0,0x0000000770000000)
  to   space 10752K, 0% used [0x000000076eb00000,0x000000076eb00000,0x000000076f580000)
 ParOldGen       total 175104K, used 8707K [0x00000006c0000000, 0x00000006cab00000, 0x000000076ab00000)
  object space 175104K, 4% used [0x00000006c0000000,0x00000006c0880fa8,0x00000006cab00000)
 Metaspace       used 20786K, capacity 20991K, committed 21120K, reserved 1069056K
  class space    used 2022K, capacity 2110K, committed 2176K, reserved 1048576K
}
Event: 15.685 GC heap before
{Heap before GC invocations=3 (full 0):
 PSYoungGen      total 76288K, used 76173K [0x000000076ab00000, 0x0000000770000000, 0x00000007c0000000)
  eden space 65536K, 99% used [0x000000076ab00000,0x000000076eae6888,0x000000076eb00000)
  from space 10752K, 99% used [0x000000076f580000,0x000000076fffcbc0,0x0000000770000000)
  to   space 10752K, 0% used [0x000000076eb00000,0x000000076eb00000,0x000000076f580000)
 ParOldGen       total 175104K, used 8707K [0x00000006c0000000, 0x00000006cab00000, 0x000000076ab00000)
  object space 175104K, 4% used [0x00000006c0000000,0x00000006c0880fa8,0x00000006cab00000)
 Metaspace       used 20931K, capacity 21119K, committed 21296K, reserved 1069056K
  class space    used 2022K, capacity 2110K, committed 2176K, reserved 1048576K
Event: 15.692 GC heap after
Heap after GC invocations=3 (full 0):
 PSYoungGen      total 76288K, used 10723K [0x000000076ab00000, 0x0000000770000000, 0x00000007c0000000)
  eden space 65536K, 0% used [0x000000076ab00000,0x000000076ab00000,0x000000076eb00000)
  from space 10752K, 99% used [0x000000076eb00000,0x000000076f578c10,0x000000076f580000)
  to   space 10752K, 0% used [0x000000076f580000,0x000000076f580000,0x0000000770000000)
 ParOldGen       total 175104K, used 17697K [0x00000006c0000000, 0x00000006cab00000, 0x000000076ab00000)
  object space 175104K, 10% used [0x00000006c0000000,0x00000006c11487d0,0x00000006cab00000)
 Metaspace       used 20931K, capacity 21119K, committed 21296K, reserved 1069056K
  class space    used 2022K, capacity 2110K, committed 2176K, reserved 1048576K
}
Event: 15.693 GC heap before
{Heap before GC invocations=4 (full 0):
 PSYoungGen      total 76288K, used 11838K [0x000000076ab00000, 0x0000000770000000, 0x00000007c0000000)
  eden space 65536K, 1% used [0x000000076ab00000,0x000000076ac16ea8,0x000000076eb00000)
  from space 10752K, 99% used [0x000000076eb00000,0x000000076f578c10,0x000000076f580000)
  to   space 10752K, 0% used [0x000000076f580000,0x000000076f580000,0x0000000770000000)
 ParOldGen       total 175104K, used 17697K [0x00000006c0000000, 0x00000006cab00000, 0x000000076ab00000)
  object space 175104K, 10% used [0x00000006c0000000,0x00000006c11487d0,0x00000006cab00000)
 Metaspace       used 20933K, capacity 21119K, committed 21296K, reserved 1069056K
  class space    used 2022K, capacity 2110K, committed 2176K, reserved 1048576K
Event: 15.697 GC heap after
Heap after GC invocations=4 (full 0):
 PSYoungGen      total 76288K, used 10740K [0x000000076ab00000, 0x0000000774000000, 0x00000007c0000000)
  eden space 65536K, 0% used [0x000000076ab00000,0x000000076ab00000,0x000000076eb00000)
  from space 10752K, 99% used [0x000000076f580000,0x000000076fffd340,0x0000000770000000)
  to   space 10752K, 0% used [0x000000076eb00000,0x000000076eb00000,0x000000076f580000)
 ParOldGen       total 175104K, used 17729K [0x00000006c0000000, 0x00000006cab00000, 0x000000076ab00000)
  object space 175104K, 10% used [0x00000006c0000000,0x00000006c11507d0,0x00000006cab00000)
 Metaspace       used 20933K, capacity 21119K, committed 21296K, reserved 1069056K
  class space    used 2022K, capacity 2110K, committed 2176K, reserved 1048576K
}
Event: 15.697 GC heap before
{Heap before GC invocations=5 (full 1):
 PSYoungGen      total 76288K, used 10740K [0x000000076ab00000, 0x0000000774000000, 0x00000007c0000000)
  eden space 65536K, 0% used [0x000000076ab00000,0x000000076ab00000,0x000000076eb00000)
  from space 10752K, 99% used [0x000000076f580000,0x000000076fffd340,0x0000000770000000)
  to   space 10752K, 0% used [0x000000076eb00000,0x000000076eb00000,0x000000076f580000)
 ParOldGen       total 175104K, used 17729K [0x00000006c0000000, 0x00000006cab00000, 0x000000076ab00000)
  object space 175104K, 10% used [0x00000006c0000000,0x00000006c11507d0,0x00000006cab00000)
 Metaspace       used 20933K, capacity 21119K, committed 21296K, reserved 1069056K
  class space    used 2022K, capacity 2110K, committed 2176K, reserved 1048576K
Event: 15.724 GC heap after
Heap after GC invocations=5 (full 1):
 PSYoungGen      total 76288K, used 0K [0x000000076ab00000, 0x0000000774000000, 0x00000007c0000000)
  eden space 65536K, 0% used [0x000000076ab00000,0x000000076ab00000,0x000000076eb00000)
  from space 10752K, 0% used [0x000000076f580000,0x000000076f580000,0x0000000770000000)
  to   space 10752K, 0% used [0x000000076eb00000,0x000000076eb00000,0x000000076f580000)
 ParOldGen       total 102912K, used 25554K [0x00000006c0000000, 0x00000006c6480000, 0x000000076ab00000)
  object space 102912K, 24% used [0x00000006c0000000,0x00000006c18f4898,0x00000006c6480000)
 Metaspace       used 20933K, capacity 21119K, committed 21296K, reserved 1069056K
  class space    used 2022K, capacity 2110K, committed 2176K, reserved 1048576K
}
Event: 18.435 GC heap before
{Heap before GC invocations=6 (full 1):
 PSYoungGen      total 76288K, used 65476K [0x000000076ab00000, 0x0000000774000000, 0x00000007c0000000)
  eden space 65536K, 99% used [0x000000076ab00000,0x000000076eaf11c0,0x000000076eb00000)
  from space 10752K, 0% used [0x000000076f580000,0x000000076f580000,0x0000000770000000)
  to   space 10752K, 0% used [0x000000076eb00000,0x000000076eb00000,0x000000076f580000)
 ParOldGen       total 102912K, used 25554K [0x00000006c0000000, 0x00000006c6480000, 0x000000076ab00000)
  object space 102912K, 24% used [0x00000006c0000000,0x00000006c18f4898,0x00000006c6480000)
 Metaspace       used 21004K, capacity 21247K, committed 21552K, reserved 1069056K
  class space    used 2022K, capacity 2110K, committed 2176K, reserved 1048576K
Event: 18.437 GC heap after
Heap after GC invocations=6 (full 1):
 PSYoungGen      total 76288K, used 10624K [0x000000076ab00000, 0x0000000775480000, 0x00000007c0000000)
  eden space 65536K, 0% used [0x000000076ab00000,0x000000076ab00000,0x000000076eb00000)
  from space 10752K, 98% used [0x000000076eb00000,0x000000076f560290,0x000000076f580000)
  to   space 21504K, 0% used [0x0000000773f80000,0x0000000773f80000,0x0000000775480000)
 ParOldGen       total 102912K, used 27610K [0x00000006c0000000, 0x00000006c6480000, 0x000000076ab00000)
  object space 102912K, 26% used [0x00000006c0000000,0x00000006c1af6918,0x00000006c6480000)
 Metaspace       used 21004K, capacity 21247K, committed 21552K, reserved 1069056K
  class space    used 2022K, capacity 2110K, committed 2176K, reserved 1048576K
}

Deoptimization events (10 events):
Event: 18.004 Thread 0x00007fa55b2eb000 Uncommon trap: reason=unstable_if action=reinterpret pc=0x000000011227692c method=sun.misc.FloatingDecimal$BinaryToASCIIBuffer.getChars([C)I @ 94
Event: 25.350 Thread 0x00007fa55b2eb000 Uncommon trap: reason=class_check action=maybe_recompile pc=0x00000001121f6558 method=java.awt.EventQueue.coalesceEvent(Ljava/awt/AWTEvent;I)Z @ 32
Event: 25.369 Thread 0x00007fa5592a1800 Uncommon trap: reason=unstable_if action=reinterpret pc=0x00000001121f4964 method=java.awt.EventQueue.getPriority(Ljava/awt/AWTEvent;)I @ 22
Event: 25.369 Thread 0x00007fa55b2eb000 Uncommon trap: reason=unstable_if action=reinterpret pc=0x000000011228f168 method=com.jogamp.common.util.VersionNumber.compareTo(Lcom/jogamp/common/util/VersionNumber;)I @ 21
Event: 25.374 Thread 0x00007fa5599b5000 Uncommon trap: reason=unstable_if action=reinterpret pc=0x00000001124be3cc method=java.awt.font.FontRenderContext.equals(Ljava/awt/font/FontRenderContext;)Z @ 2
Event: 25.374 Thread 0x00007fa5599b5000 Uncommon trap: reason=unstable_if action=reinterpret pc=0x0000000112496f94 method=java.awt.Font.equals(Ljava/lang/Object;)Z @ 2
Event: 25.401 Thread 0x00007fa55b232800 Uncommon trap: reason=unstable_if action=reinterpret pc=0x00000001121696a0 method=java.util.HashMap.putVal(ILjava/lang/Object;Ljava/lang/Object;ZZ)Ljava/lang/Object; @ 81
Event: 25.401 Thread 0x00007fa55b232800 Uncommon trap: reason=unstable_if action=reinterpret pc=0x00000001121399bc method=java.util.HashMap.putVal(ILjava/lang/Object;Ljava/lang/Object;ZZ)Ljava/lang/Object; @ 81
Event: 25.402 Thread 0x00007fa5599b5000 Uncommon trap: reason=unstable_if action=reinterpret pc=0x000000011247d9f8 method=java.awt.font.FontRenderContext.equals(Ljava/awt/font/FontRenderContext;)Z @ 2
Event: 25.414 Thread 0x00007fa55b2eb000 Uncommon trap: reason=unstable_if action=reinterpret pc=0x000000011248f65c method=java.security.AccessControlContext.optimize()Ljava/security/AccessControlContext; @ 233

Internal exceptions (10 events):
Event: 0.110 Thread 0x00007fa55a801800 Exception <a 'java/lang/NoSuchFieldError': method resolution failed> (0x000000076aeeee48) thrown at [/HUDSON3/workspace/8-2-build-macosx-x86_64/jdk8u73/6086/hotspot/src/share/vm/prims/methodHandles.cpp, line 1146]
Event: 0.111 Thread 0x00007fa55a801800 Exception <a 'java/lang/NoSuchFieldError': method resolution failed> (0x000000076aefc618) thrown at [/HUDSON3/workspace/8-2-build-macosx-x86_64/jdk8u73/6086/hotspot/src/share/vm/prims/methodHandles.cpp, line 1146]
Event: 0.235 Thread 0x00007fa55a801800 Exception <a 'java/io/FileNotFoundException'> (0x000000076af78308) thrown at [/HUDSON3/workspace/8-2-build-macosx-x86_64/jdk8u73/6086/hotspot/src/share/vm/prims/jni.cpp, line 709]
Event: 0.235 Thread 0x00007fa55a801800 Exception <a 'java/io/FileNotFoundException'> (0x000000076af78e30) thrown at [/HUDSON3/workspace/8-2-build-macosx-x86_64/jdk8u73/6086/hotspot/src/share/vm/prims/jni.cpp, line 709]
Event: 0.324 Thread 0x00007fa55a801800 Exception <a 'java/io/FileNotFoundException'> (0x000000076b00e860) thrown at [/HUDSON3/workspace/8-2-build-macosx-x86_64/jdk8u73/6086/hotspot/src/share/vm/prims/jni.cpp, line 709]
Event: 1.343 Thread 0x00007fa5592a1800 Exception <a 'java/lang/UnsatisfiedLinkError': com.jogamp.common.util.JarUtil.fixNativeLibAttribs(Ljava/lang/String;)Z> (0x000000076c8b1e20) thrown at [/HUDSON3/workspace/8-2-build-macosx-x86_64/jdk8u73/6086/hotspot/src/share/vm/prims/nativeLookup.cpp, li
Event: 2.022 Thread 0x00007fa55b2eb000 Exception <a 'java/io/FileNotFoundException'> (0x000000076d93e0a8) thrown at [/HUDSON3/workspace/8-2-build-macosx-x86_64/jdk8u73/6086/hotspot/src/share/vm/prims/jni.cpp, line 709]
Event: 2.022 Thread 0x00007fa55b2eb000 Exception <a 'java/io/FileNotFoundException'> (0x000000076d944778) thrown at [/HUDSON3/workspace/8-2-build-macosx-x86_64/jdk8u73/6086/hotspot/src/share/vm/prims/jni.cpp, line 709]
Event: 2.022 Thread 0x00007fa55b2eb000 Implicit null exception at 0x0000000111e2ebb3 to 0x0000000111e2ef6d
Event: 2.326 Thread 0x00007fa55900b000 Exception <a 'java/lang/NullPointerException'> (0x000000076ad942a0) thrown at [/HUDSON3/workspace/8-2-build-macosx-x86_64/jdk8u73/6086/hotspot/src/share/vm/interpreter/linkResolver.cpp, line 1178]

Events (10 events):
Event: 25.414 Thread 0x00007fa55b2eb000 DEOPT UNPACKING pc=0x0000000111c95229 sp=0x000000018271d880 mode 2
Event: 25.414 loading class java/awt/LightweightDispatcher$2
Event: 25.414 loading class java/awt/LightweightDispatcher$2 done
Event: 25.414 loading class java/awt/event/AWTEventListenerProxy
Event: 25.414 loading class java/awt/event/AWTEventListenerProxy done
Event: 25.414 loading class java/awt/Toolkit$ToolkitEventMulticaster
Event: 25.414 loading class java/awt/Toolkit$ToolkitEventMulticaster done
Event: 25.414 Thread 0x00007fa55b232800 Thread exited: 0x00007fa55b232800
Event: 25.415 loading class java/awt/Window$1DisposeAction
Event: 25.415 loading class java/awt/Window$1DisposeAction done


Dynamic libraries:
0x000000000b3c4000 	/System/Library/Frameworks/Cocoa.framework/Versions/A/Cocoa
0x000000000b3c4000 	/System/Library/Frameworks/Security.framework/Versions/A/Security
0x000000000b3c4000 	/System/Library/Frameworks/ApplicationServices.framework/Versions/A/ApplicationServices
0x000000000b3c4000 	/usr/lib/libz.1.dylib
0x000000000b3c4000 	/usr/lib/libSystem.B.dylib
0x000000000b3c4000 	/usr/lib/libobjc.A.dylib
0x000000000b3c4000 	/System/Library/Frameworks/CoreFoundation.framework/Versions/A/CoreFoundation
0x000000000b3c4000 	/System/Library/Frameworks/Foundation.framework/Versions/C/Foundation
0x000000000b3c4000 	/System/Library/Frameworks/AppKit.framework/Versions/C/AppKit
0x000000000b3c4000 	/System/Library/Frameworks/CoreData.framework/Versions/A/CoreData
0x000000000b3c4000 	/System/Library/PrivateFrameworks/RemoteViewServices.framework/Versions/A/RemoteViewServices
0x000000000b3c4000 	/System/Library/PrivateFrameworks/UIFoundation.framework/Versions/A/UIFoundation
0x000000000b3c4000 	/System/Library/Frameworks/IOSurface.framework/Versions/A/IOSurface
0x000000000b3c4000 	/System/Library/Frameworks/AudioToolbox.framework/Versions/A/AudioToolbox
0x000000000b3c4000 	/System/Library/Frameworks/AudioUnit.framework/Versions/A/AudioUnit
0x000000000b3c4000 	/System/Library/PrivateFrameworks/DataDetectorsCore.framework/Versions/A/DataDetectorsCore
0x000000000b3c4000 	/System/Library/PrivateFrameworks/DesktopServicesPriv.framework/Versions/A/DesktopServicesPriv
0x000000000b3c4000 	/System/Library/Frameworks/Carbon.framework/Versions/A/Frameworks/HIToolbox.framework/Versions/A/HIToolbox
0x000000000b3c4000 	/System/Library/Frameworks/QuartzCore.framework/Versions/A/QuartzCore
0x000000000b3c4000 	/System/Library/Frameworks/Carbon.framework/Versions/A/Frameworks/SpeechRecognition.framework/Versions/A/SpeechRecognition
0x000000000b3c4000 	/usr/lib/libauto.dylib
0x000000000b3c4000 	/usr/lib/libicucore.A.dylib
0x000000000b3c4000 	/usr/lib/libxml2.2.dylib
0x000000000b3c4000 	/System/Library/PrivateFrameworks/CoreUI.framework/Versions/A/CoreUI
0x000000000b3c4000 	/System/Library/Frameworks/CoreAudio.framework/Versions/A/CoreAudio
0x000000000b3c4000 	/System/Library/Frameworks/DiskArbitration.framework/Versions/A/DiskArbitration
0x000000000b3c4000 	/usr/lib/liblangid.dylib
0x000000000b3c4000 	/System/Library/PrivateFrameworks/MultitouchSupport.framework/Versions/A/MultitouchSupport
0x000000000b3c4000 	/System/Library/Frameworks/IOKit.framework/Versions/A/IOKit
0x000000000b3c4000 	/usr/lib/libDiagnosticMessagesClient.dylib
0x000000000b3c4000 	/System/Library/Frameworks/CoreServices.framework/Versions/A/CoreServices
0x000000000b3c4000 	/System/Library/PrivateFrameworks/PerformanceAnalysis.framework/Versions/A/PerformanceAnalysis
0x000000000b3c4000 	/System/Library/PrivateFrameworks/GenerationalStorage.framework/Versions/A/GenerationalStorage
0x000000000b3c4000 	/System/Library/Frameworks/OpenGL.framework/Versions/A/OpenGL
0x000000000b3c4000 	/System/Library/PrivateFrameworks/Sharing.framework/Versions/A/Sharing
0x000000000b3c4000 	/System/Library/Frameworks/CoreGraphics.framework/Versions/A/CoreGraphics
0x000000000b3c4000 	/System/Library/Frameworks/CoreText.framework/Versions/A/CoreText
0x000000000b3c4000 	/System/Library/Frameworks/ImageIO.framework/Versions/A/ImageIO
0x000000000b3c4000 	/usr/lib/libextension.dylib
0x000000000b3c4000 	/System/Library/PrivateFrameworks/Backup.framework/Versions/A/Backup
0x000000000b3c4000 	/usr/lib/libarchive.2.dylib
0x000000000b3c4000 	/System/Library/Frameworks/CFNetwork.framework/Versions/A/CFNetwork
0x000000000b3c4000 	/System/Library/Frameworks/SystemConfiguration.framework/Versions/A/SystemConfiguration
0x000000000b3c4000 	/usr/lib/libCRFSuite.dylib
0x000000000b3c4000 	/usr/lib/libc++.1.dylib
0x000000000b3c4000 	/usr/lib/libc++abi.dylib
0x000000000b3c4000 	/usr/lib/system/libcache.dylib
0x000000000b3c4000 	/usr/lib/system/libcommonCrypto.dylib
0x000000000b3c4000 	/usr/lib/system/libcompiler_rt.dylib
0x000000000b3c4000 	/usr/lib/system/libcopyfile.dylib
0x000000000b3c4000 	/usr/lib/system/libcorecrypto.dylib
0x000000000b3c4000 	/usr/lib/system/libdispatch.dylib
0x000000000b3c4000 	/usr/lib/system/libdyld.dylib
0x000000000b3c4000 	/usr/lib/system/libkeymgr.dylib
0x000000000b3c4000 	/usr/lib/system/liblaunch.dylib
0x000000000b3c4000 	/usr/lib/system/libmacho.dylib
0x000000000b3c4000 	/usr/lib/system/libquarantine.dylib
0x000000000b3c4000 	/usr/lib/system/libremovefile.dylib
0x000000000b3c4000 	/usr/lib/system/libsystem_asl.dylib
0x000000000b3c4000 	/usr/lib/system/libsystem_blocks.dylib
0x000000000b3c4000 	/usr/lib/system/libsystem_c.dylib
0x000000000b3c4000 	/usr/lib/system/libsystem_configuration.dylib
0x000000000b3c4000 	/usr/lib/system/libsystem_coreservices.dylib
0x000000000b3c4000 	/usr/lib/system/libsystem_coretls.dylib
0x000000000b3c4000 	/usr/lib/system/libsystem_dnssd.dylib
0x000000000b3c4000 	/usr/lib/system/libsystem_info.dylib
0x000000000b3c4000 	/usr/lib/system/libsystem_kernel.dylib
0x000000000b3c4000 	/usr/lib/system/libsystem_m.dylib
0x000000000b3c4000 	/usr/lib/system/libsystem_malloc.dylib
0x000000000b3c4000 	/usr/lib/system/libsystem_network.dylib
0x000000000b3c4000 	/usr/lib/system/libsystem_networkextension.dylib
0x000000000b3c4000 	/usr/lib/system/libsystem_notify.dylib
0x000000000b3c4000 	/usr/lib/system/libsystem_platform.dylib
0x000000000b3c4000 	/usr/lib/system/libsystem_pthread.dylib
0x000000000b3c4000 	/usr/lib/system/libsystem_sandbox.dylib
0x000000000b3c4000 	/usr/lib/system/libsystem_secinit.dylib
0x000000000b3c4000 	/usr/lib/system/libsystem_stats.dylib
0x000000000b3c4000 	/usr/lib/system/libsystem_trace.dylib
0x000000000b3c4000 	/usr/lib/system/libunc.dylib
0x000000000b3c4000 	/usr/lib/system/libunwind.dylib
0x000000000b3c4000 	/usr/lib/system/libxpc.dylib
0x000000000b3c4000 	/usr/lib/libbz2.1.0.dylib
0x000000000b3c4000 	/usr/lib/liblzma.5.dylib
0x000000000b3c4000 	/usr/lib/libbsm.0.dylib
0x000000000b3c4000 	/usr/lib/libsqlite3.dylib
0x000000000b3c4000 	/usr/lib/system/libkxld.dylib
0x000000000b3c4000 	/usr/lib/libxar.1.dylib
0x000000000b3c4000 	/usr/lib/libpam.2.dylib
0x000000000b3c4000 	/usr/lib/libOpenScriptingUtil.dylib
0x000000000b3c4000 	/System/Library/Frameworks/CoreServices.framework/Versions/A/Frameworks/FSEvents.framework/Versions/A/FSEvents
0x000000000b3c4000 	/System/Library/Frameworks/CoreServices.framework/Versions/A/Frameworks/CarbonCore.framework/Versions/A/CarbonCore
0x000000000b3c4000 	/System/Library/Frameworks/CoreServices.framework/Versions/A/Frameworks/Metadata.framework/Versions/A/Metadata
0x000000000b3c4000 	/System/Library/Frameworks/CoreServices.framework/Versions/A/Frameworks/OSServices.framework/Versions/A/OSServices
0x000000000b3c4000 	/System/Library/Frameworks/CoreServices.framework/Versions/A/Frameworks/SearchKit.framework/Versions/A/SearchKit
0x000000000b3c4000 	/System/Library/Frameworks/CoreServices.framework/Versions/A/Frameworks/AE.framework/Versions/A/AE
0x000000000b3c4000 	/System/Library/Frameworks/CoreServices.framework/Versions/A/Frameworks/LaunchServices.framework/Versions/A/LaunchServices
0x000000000b3c4000 	/System/Library/Frameworks/CoreServices.framework/Versions/A/Frameworks/DictionaryServices.framework/Versions/A/DictionaryServices
0x000000000b3c4000 	/System/Library/Frameworks/NetFS.framework/Versions/A/NetFS
0x000000000b3c4000 	/System/Library/PrivateFrameworks/NetAuth.framework/Versions/A/NetAuth
0x000000000b3c4000 	/System/Library/PrivateFrameworks/login.framework/Versions/A/Frameworks/loginsupport.framework/Versions/A/loginsupport
0x000000000b3c4000 	/System/Library/PrivateFrameworks/TCC.framework/Versions/A/TCC
0x000000000b3c4000 	/usr/lib/libmecabra.dylib
0x000000000b3c4000 	/System/Library/Frameworks/ApplicationServices.framework/Versions/A/Frameworks/ATS.framework/Versions/A/ATS
0x000000000b3c4000 	/System/Library/Frameworks/ApplicationServices.framework/Versions/A/Frameworks/ColorSync.framework/Versions/A/ColorSync
0x000000000b3c4000 	/System/Library/Frameworks/ApplicationServices.framework/Versions/A/Frameworks/HIServices.framework/Versions/A/HIServices
0x000000000b3c4000 	/System/Library/Frameworks/ApplicationServices.framework/Versions/A/Frameworks/LangAnalysis.framework/Versions/A/LangAnalysis
0x000000000b3c4000 	/System/Library/Frameworks/ApplicationServices.framework/Versions/A/Frameworks/PrintCore.framework/Versions/A/PrintCore
0x000000000b3c4000 	/System/Library/Frameworks/ApplicationServices.framework/Versions/A/Frameworks/QD.framework/Versions/A/QD
0x000000000b3c4000 	/System/Library/Frameworks/ApplicationServices.framework/Versions/A/Frameworks/SpeechSynthesis.framework/Versions/A/SpeechSynthesis
0x000000000b3c4000 	/System/Library/Frameworks/Accelerate.framework/Versions/A/Accelerate
0x000000000b3c4000 	/System/Library/Frameworks/Accelerate.framework/Versions/A/Frameworks/vImage.framework/Versions/A/vImage
0x000000000b3c4000 	/System/Library/Frameworks/Accelerate.framework/Versions/A/Frameworks/vecLib.framework/Versions/A/vecLib
0x000000000b3c4000 	/System/Library/Frameworks/Accelerate.framework/Versions/A/Frameworks/vecLib.framework/Versions/A/libvDSP.dylib
0x000000000b3c4000 	/System/Library/Frameworks/Accelerate.framework/Versions/A/Frameworks/vecLib.framework/Versions/A/libvMisc.dylib
0x000000000b3c4000 	/System/Library/Frameworks/Accelerate.framework/Versions/A/Frameworks/vecLib.framework/Versions/A/libLAPACK.dylib
0x000000000b3c4000 	/System/Library/Frameworks/Accelerate.framework/Versions/A/Frameworks/vecLib.framework/Versions/A/libBLAS.dylib
0x000000000b3c4000 	/System/Library/Frameworks/Accelerate.framework/Versions/A/Frameworks/vecLib.framework/Versions/A/libLinearAlgebra.dylib
0x000000000b3c4000 	/System/Library/Frameworks/ApplicationServices.framework/Versions/A/Frameworks/ATS.framework/Versions/A/Resources/libFontParser.dylib
0x000000000b3c4000 	/System/Library/Frameworks/ApplicationServices.framework/Versions/A/Frameworks/ATS.framework/Versions/A/Resources/libFontRegistry.dylib
0x000000000b3c4000 	/System/Library/PrivateFrameworks/AppleVPA.framework/Versions/A/AppleVPA
0x000000000b3c4000 	/System/Library/PrivateFrameworks/AppleJPEG.framework/Versions/A/AppleJPEG
0x000000000b3c4000 	/System/Library/Frameworks/ImageIO.framework/Versions/A/Resources/libJPEG.dylib
0x000000000b3c4000 	/System/Library/Frameworks/ImageIO.framework/Versions/A/Resources/libTIFF.dylib
0x000000000b3c4000 	/System/Library/Frameworks/ImageIO.framework/Versions/A/Resources/libPng.dylib
0x000000000b3c4000 	/System/Library/Frameworks/ImageIO.framework/Versions/A/Resources/libGIF.dylib
0x000000000b3c4000 	/System/Library/Frameworks/ImageIO.framework/Versions/A/Resources/libJP2.dylib
0x000000000b3c4000 	/System/Library/Frameworks/ImageIO.framework/Versions/A/Resources/libRadiance.dylib
0x000000000b3c4000 	/System/Library/Frameworks/CoreVideo.framework/Versions/A/CoreVideo
0x000000000b3c4000 	/System/Library/Frameworks/OpenGL.framework/Versions/A/Libraries/libGLU.dylib
0x000000000b3c4000 	/System/Library/Frameworks/OpenGL.framework/Versions/A/Libraries/libGFXShared.dylib
0x000000000b3c4000 	/System/Library/Frameworks/OpenGL.framework/Versions/A/Libraries/libGL.dylib
0x000000000b3c4000 	/System/Library/Frameworks/OpenGL.framework/Versions/A/Libraries/libGLImage.dylib
0x000000000b3c4000 	/System/Library/Frameworks/OpenGL.framework/Versions/A/Libraries/libCVMSPluginSupport.dylib
0x000000000b3c4000 	/System/Library/Frameworks/OpenGL.framework/Versions/A/Libraries/libCoreVMClient.dylib
0x000000000b3c4000 	/usr/lib/libcups.2.dylib
0x000000000b3c4000 	/System/Library/Frameworks/Kerberos.framework/Versions/A/Kerberos
0x000000000b3c4000 	/System/Library/Frameworks/GSS.framework/Versions/A/GSS
0x000000000b3c4000 	/usr/lib/libresolv.9.dylib
0x000000000b3c4000 	/usr/lib/libiconv.2.dylib
0x000000000b3c4000 	/System/Library/PrivateFrameworks/Heimdal.framework/Versions/A/Heimdal
0x000000000b3c4000 	/usr/lib/libheimdal-asn1.dylib
0x000000000b3c4000 	/System/Library/Frameworks/OpenDirectory.framework/Versions/A/OpenDirectory
0x000000000b3c4000 	/System/Library/PrivateFrameworks/CommonAuth.framework/Versions/A/CommonAuth
0x000000000b3c4000 	/System/Library/Frameworks/OpenDirectory.framework/Versions/A/Frameworks/CFOpenDirectory.framework/Versions/A/CFOpenDirectory
0x000000000b3c4000 	/System/Library/Frameworks/SecurityFoundation.framework/Versions/A/SecurityFoundation
0x000000000b3c4000 	/System/Library/PrivateFrameworks/LanguageModeling.framework/Versions/A/LanguageModeling
0x000000000b3c4000 	/usr/lib/libcmph.dylib
0x000000000b3c4000 	/System/Library/Frameworks/ServiceManagement.framework/Versions/A/ServiceManagement
0x000000000b3c4000 	/usr/lib/libxslt.1.dylib
0x000000000b3c4000 	/System/Library/Frameworks/Carbon.framework/Versions/A/Frameworks/Ink.framework/Versions/A/Ink
0x000000000b3c4000 	/System/Library/Frameworks/QuartzCore.framework/Versions/A/Frameworks/CoreImage.framework/Versions/A/CoreImage
0x000000000b3c4000 	/System/Library/PrivateFrameworks/CrashReporterSupport.framework/Versions/A/CrashReporterSupport
0x000000000b3c4000 	/System/Library/Frameworks/OpenCL.framework/Versions/A/OpenCL
0x000000000b3c4000 	/System/Library/PrivateFrameworks/FaceCore.framework/Versions/A/FaceCore
0x000000000b3c4000 	/System/Library/PrivateFrameworks/Ubiquity.framework/Versions/A/Ubiquity
0x000000000b3c4000 	/System/Library/PrivateFrameworks/IconServices.framework/Versions/A/IconServices
0x000000000b3c4000 	/System/Library/PrivateFrameworks/ChunkingLibrary.framework/Versions/A/ChunkingLibrary
0x000000000b3c4000 	/System/Library/PrivateFrameworks/Apple80211.framework/Versions/A/Apple80211
0x000000000b3c4000 	/System/Library/Frameworks/CoreWLAN.framework/Versions/A/CoreWLAN
0x000000000b3c4000 	/System/Library/Frameworks/IOBluetooth.framework/Versions/A/IOBluetooth
0x000000000b3c4000 	/System/Library/PrivateFrameworks/CoreWiFi.framework/Versions/A/CoreWiFi
0x000000000b3c4000 	/System/Library/Frameworks/CoreBluetooth.framework/Versions/A/CoreBluetooth
0x000000000b3c4000 	/System/Library/PrivateFrameworks/DebugSymbols.framework/Versions/A/DebugSymbols
0x000000000b3c4000 	/System/Library/PrivateFrameworks/CoreSymbolication.framework/Versions/A/CoreSymbolication
0x000000000b3c4000 	/System/Library/PrivateFrameworks/Symbolication.framework/Versions/A/Symbolication
0x000000000b3c4000 	/System/Library/PrivateFrameworks/SpeechRecognitionCore.framework/Versions/A/SpeechRecognitionCore
0x0000000110c00000 	/Library/Java/JavaVirtualMachines/jdk1.8.0_73.jdk/Contents/Home/jre/lib/server/libjvm.dylib
0x000000000b3c4000 	/usr/lib/libstdc++.6.dylib
0x000000010fb50000 	/Library/Java/JavaVirtualMachines/jdk1.8.0_73.jdk/Contents/Home/jre/lib/libverify.dylib
0x000000010fb5e000 	/Library/Java/JavaVirtualMachines/jdk1.8.0_73.jdk/Contents/Home/jre/lib/libjava.dylib
0x000000010fb9d000 	/Library/Java/JavaVirtualMachines/jdk1.8.0_73.jdk/Contents/Home/jre/lib/libzip.dylib
0x000000012d816000 	/System/Library/Frameworks/JavaVM.framework/Frameworks/JavaRuntimeSupport.framework/JavaRuntimeSupport
0x000000012d82c000 	/System/Library/Frameworks/JavaVM.framework/Versions/A/Frameworks/JavaNativeFoundation.framework/Versions/A/JavaNativeFoundation
0x000000012d840000 	/System/Library/Frameworks/JavaVM.framework/Versions/A/JavaVM
0x000000000b3c4000 	/System/Library/Frameworks/Carbon.framework/Versions/A/Carbon
0x000000012d84c000 	/System/Library/PrivateFrameworks/JavaLaunching.framework/Versions/A/JavaLaunching
0x000000000b3c4000 	/System/Library/Frameworks/Carbon.framework/Versions/A/Frameworks/CommonPanels.framework/Versions/A/CommonPanels
0x000000000b3c4000 	/System/Library/Frameworks/Carbon.framework/Versions/A/Frameworks/Help.framework/Versions/A/Help
0x000000000b3c4000 	/System/Library/Frameworks/Carbon.framework/Versions/A/Frameworks/ImageCapture.framework/Versions/A/ImageCapture
0x000000000b3c4000 	/System/Library/Frameworks/Carbon.framework/Versions/A/Frameworks/OpenScripting.framework/Versions/A/OpenScripting
0x000000000b3c4000 	/System/Library/Frameworks/Carbon.framework/Versions/A/Frameworks/Print.framework/Versions/A/Print
0x000000000b3c4000 	/System/Library/Frameworks/Carbon.framework/Versions/A/Frameworks/SecurityHI.framework/Versions/A/SecurityHI
0x000000012f8c7000 	/Library/Java/JavaVirtualMachines/jdk1.8.0_73.jdk/Contents/Home/jre/lib/libawt.dylib
0x000000012f96f000 	/Library/Java/JavaVirtualMachines/jdk1.8.0_73.jdk/Contents/Home/jre/lib/./libmlib_image.dylib
0x000000012fa3b000 	/Library/Java/JavaVirtualMachines/jdk1.8.0_73.jdk/Contents/Home/jre/lib/libawt_lwawt.dylib
0x000000012faf0000 	/Library/Java/JavaVirtualMachines/jdk1.8.0_73.jdk/Contents/Home/jre/lib/./libosxapp.dylib
0x000000000b3c4000 	/System/Library/Frameworks/ExceptionHandling.framework/Versions/A/ExceptionHandling
0x000000000b3c4000 	/System/Library/PrivateFrameworks/CoreServicesInternal.framework/Versions/A/CoreServicesInternal
0x000000000b3c4000 	/System/Library/PrivateFrameworks/CloudDocs.framework/Versions/A/CloudDocs
0x000000000b3c4000 	/System/Library/PrivateFrameworks/CoreDuet.framework/Versions/A/CoreDuet
0x000000000b3c4000 	/System/Library/Frameworks/CloudKit.framework/Versions/A/CloudKit
0x000000000b3c4000 	/System/Library/PrivateFrameworks/ProtocolBuffer.framework/Versions/A/ProtocolBuffer
0x000000000b3c4000 	/System/Library/PrivateFrameworks/CoreDuetDaemonProtocol.framework/Versions/A/CoreDuetDaemonProtocol
0x000000000b3c4000 	/System/Library/PrivateFrameworks/CoreDuetDebugLogging.framework/Versions/A/CoreDuetDebugLogging
0x000000000b3c4000 	/System/Library/PrivateFrameworks/MMCS.framework/Versions/A/MMCS
0x000000000b3c4000 	/System/Library/Frameworks/CoreLocation.framework/Versions/A/CoreLocation
0x000000000b3c4000 	/System/Library/PrivateFrameworks/ProtectedCloudStorage.framework/Versions/A/ProtectedCloudStorage
0x000000000b3c4000 	/System/Library/PrivateFrameworks/GeoServices.framework/Versions/A/GeoServices
0x000000000b3c4000 	/System/Library/Frameworks/CoreGraphics.framework/Versions/A/Resources/libCGCMS.A.dylib
0x000000000b3c4000 	/System/Library/Frameworks/CoreGraphics.framework/Versions/A/Resources/libRIP.A.dylib
0x000000000b3c4000 	/System/Library/Frameworks/CoreGraphics.framework/Versions/A/Resources/libCGXType.A.dylib
0x000000000b3c4000 	/System/Library/Frameworks/OpenCL.framework/Versions/A/Libraries/libcldcpuengine.dylib
0x000000000b3c4000 	/System/Library/PrivateFrameworks/DiskImages.framework/Versions/A/DiskImages
0x000000000b3c4000 	/System/Library/Frameworks/DiscRecording.framework/Versions/A/DiscRecording
0x000000000b3c4000 	/usr/lib/libcsfde.dylib
0x000000000b3c4000 	/usr/lib/libcurl.4.dylib
0x000000000b3c4000 	/System/Library/PrivateFrameworks/MediaKit.framework/Versions/A/MediaKit
0x000000000b3c4000 	/usr/lib/libCoreStorage.dylib
0x000000000b3c4000 	/System/Library/PrivateFrameworks/EFILogin.framework/Versions/A/EFILogin
0x000000000b3c4000 	/usr/lib/libutil.dylib
0x000000000b3c4000 	/System/Library/PrivateFrameworks/FindMyDevice.framework/Versions/A/FindMyDevice
0x000000000b3c4000 	/System/Library/Frameworks/LDAP.framework/Versions/A/LDAP
0x000000000b3c4000 	/usr/lib/libsasl2.2.dylib
0x000000000b3c4000 	/System/Library/PrivateFrameworks/CoreDaemon.framework/Versions/B/CoreDaemon
0x000000000b3c4000 	/usr/lib/libcrypto.0.9.8.dylib
0x000000000b3c4000 	/System/Library/PrivateFrameworks/AppleSRP.framework/Versions/A/AppleSRP
0x000000000b3c4000 	/System/Library/PrivateFrameworks/TrustEvaluationAgent.framework/Versions/A/TrustEvaluationAgent
0x0000000132b41000 	cl_kernels
0x0000000132b43000 	/System/Library/Frameworks/OpenCL.framework/Versions/A/Libraries/ImageFormats/unorm8_bgra.dylib
0x0000000132b33000 	cl_kernels
0x000000000b3c4000 	/System/Library/PrivateFrameworks/FamilyControls.framework/Versions/A/FamilyControls
0x000000000b3c4000 	/System/Library/PrivateFrameworks/CommerceKit.framework/Versions/A/Frameworks/CommerceCore.framework/Versions/A/CommerceCore
0x000000000b3c4000 	/System/Library/PrivateFrameworks/SystemAdministration.framework/Versions/A/SystemAdministration
0x000000000b3c4000 	/System/Library/PrivateFrameworks/AppContainer.framework/Versions/A/AppContainer
0x000000000b3c4000 	/System/Library/PrivateFrameworks/SecCodeWrapper.framework/Versions/A/SecCodeWrapper
0x000000000b3c4000 	/System/Library/Frameworks/DirectoryService.framework/Versions/A/DirectoryService
0x000000000b3c4000 	/System/Library/PrivateFrameworks/LoginUIKit.framework/Versions/A/Frameworks/LoginUICore.framework/Versions/A/LoginUICore
0x000000000b3c4000 	/usr/lib/libodfde.dylib
0x000000000b3c4000 	/System/Library/Frameworks/OpenGL.framework/Versions/A/Resources/GLEngine.bundle/GLEngine
0x000000000b3c4000 	/System/Library/Frameworks/OpenGL.framework/Versions/A/Libraries/libGLProgrammability.dylib
0x000000013407b000 	/System/Library/Extensions/AppleIntelHD5000GraphicsGLDriver.bundle/Contents/MacOS/AppleIntelHD5000GraphicsGLDriver
0x000000000b3c4000 	/System/Library/PrivateFrameworks/IOAccelerator.framework/Versions/A/IOAccelerator
0x000000000b3c4000 	/System/Library/PrivateFrameworks/GPUSupport.framework/Versions/A/Libraries/libGPUSupportMercury.dylib
0x000000000b3c4000 	/System/Library/Frameworks/OpenGL.framework/Versions/A/Resources/GLRendererFloat.bundle/GLRendererFloat
0x00000001350bd000 	/Library/Java/JavaVirtualMachines/jdk1.8.0_73.jdk/Contents/Home/jre/lib/libfontmanager.dylib
0x0000000136448000 	/Library/Java/JavaVirtualMachines/jdk1.8.0_73.jdk/Contents/Home/jre/lib/libosxui.dylib
0x00000001366dc000 	/Library/Java/JavaVirtualMachines/jdk1.8.0_73.jdk/Contents/Home/jre/lib/libnet.dylib
0x0000000136488000 	/Library/Java/JavaVirtualMachines/jdk1.8.0_73.jdk/Contents/Home/jre/lib/libnio.dylib
0x000000000b3c4000 	/System/Library/Frameworks/ApplicationServices.framework/Versions/A/Frameworks/ATS.framework/Versions/A/Resources/libTrueTypeScaler.dylib
0x0000000136441000 	/private/var/folders/88/rn0nzmd518s0659qz29bsj6m0000gn/T/jogamp_0000/file_cache/jln7745213076621586064/jln4267656424711153372/libgluegen-rt.jnilib
0x0000000136445000 	/private/var/folders/88/rn0nzmd518s0659qz29bsj6m0000gn/T/jogamp_0000/file_cache/jln7745213076621586064/jln4267656424711153372/libnativewindow_awt.jnilib
0x0000000181c83000 	/Library/Java/JavaVirtualMachines/jdk1.8.0_73.jdk/Contents/Home/jre/lib/libjawt.dylib
0x0000000181c86000 	/private/var/folders/88/rn0nzmd518s0659qz29bsj6m0000gn/T/jogamp_0000/file_cache/jln7745213076621586064/jln4267656424711153372/libnativewindow_macosx.jnilib
0x0000000181d80000 	/private/var/folders/88/rn0nzmd518s0659qz29bsj6m0000gn/T/jogamp_0000/file_cache/jln7745213076621586064/jln4267656424711153372/libjogl_desktop.jnilib
0x000000018b537000 	/Library/Java/JavaVirtualMachines/jdk1.8.0_73.jdk/Contents/Home/jre/lib/libt2k.dylib

VM Arguments:
jvm_args: -Djava.security.policy=java.policy.applet -Dfile.encoding=UTF-8 
java_command: sun.applet.AppletViewer module3.EarthquakeCityMap1457959374096.html
java_class_path (initial): /Users/jb/Documents/GitHub/Java_Programming/UCSDUnfoldingMaps/build:/Users/jb/Documents/GitHub/Java_Programming/UCSDUnfoldingMaps/lib/core.jar:/Users/jb/Documents/GitHub/Java_Programming/UCSDUnfoldingMaps/lib/gluegen-rt.jar:/Users/jb/Documents/GitHub/Java_Programming/UCSDUnfoldingMaps/lib/jogl-all.jar:/Users/jb/Documents/GitHub/Java_Programming/UCSDUnfoldingMaps/lib/log4j-1.2.15.jar:/Users/jb/Documents/GitHub/Java_Programming/UCSDUnfoldingMaps/lib/sqlite-jdbc-3.7.2.jar:/Users/jb/Documents/GitHub/Java_Programming/UCSDUnfoldingMaps/lib/json4processing.jar:/Users/jb/Documents/GitHub/Java_Programming/UCSDUnfoldingMaps/lib/libTUIO.jar:/Users/jb/Documents/GitHub/Java_Programming/UCSDUnfoldingMaps/lib/unfolding.0.9.7-uscd.jar
Launcher Type: SUN_STANDARD

Environment Variables:
PATH=/usr/bin:/bin:/usr/sbin:/sbin
SHELL=/bin/bash

Signal Handlers:
SIGSEGV: [libjvm.dylib+0x5a71a5], sa_mask[0]=11111111011111110111111111111111, sa_flags=SA_ONSTACK|SA_RESTART|SA_SIGINFO
SIGBUS: [libjvm.dylib+0x5a71a5], sa_mask[0]=11111111011111110111111111111111, sa_flags=SA_RESTART|SA_SIGINFO
SIGFPE: [libjvm.dylib+0x480eb4], sa_mask[0]=11111111011111110111111111111111, sa_flags=SA_RESTART|SA_SIGINFO
SIGPIPE: [libjvm.dylib+0x480eb4], sa_mask[0]=11111111011111110111111111111111, sa_flags=SA_RESTART|SA_SIGINFO
SIGXFSZ: [libjvm.dylib+0x480eb4], sa_mask[0]=11111111011111110111111111111111, sa_flags=SA_RESTART|SA_SIGINFO
SIGILL: [libjvm.dylib+0x480eb4], sa_mask[0]=11111111011111110111111111111111, sa_flags=SA_RESTART|SA_SIGINFO
SIGUSR1: SIG_DFL, sa_mask[0]=00000000000000000000000000000000, sa_flags=none
SIGUSR2: [libjvm.dylib+0x4809d2], sa_mask[0]=00100000000000000000000000000000, sa_flags=SA_RESTART|SA_SIGINFO
SIGHUP: [libjvm.dylib+0x47efa9], sa_mask[0]=11111111011111110111111111111111, sa_flags=SA_RESTART|SA_SIGINFO
SIGINT: [libjvm.dylib+0x47efa9], sa_mask[0]=11111111011111110111111111111111, sa_flags=SA_RESTART|SA_SIGINFO
SIGTERM: [libjvm.dylib+0x47efa9], sa_mask[0]=11111111011111110111111111111111, sa_flags=SA_RESTART|SA_SIGINFO
SIGQUIT: [libjvm.dylib+0x47efa9], sa_mask[0]=11111111011111110111111111111111, sa_flags=SA_RESTART|SA_SIGINFO


---------------  S Y S T E M  ---------------

OS:Bsduname:Darwin 14.5.0 Darwin Kernel Version 14.5.0: Wed Jul 29 02:26:53 PDT 2015; root:xnu-2782.40.9~1/RELEASE_X86_64 x86_64
rlimit: STACK 8192k, CORE 0k, NPROC 709, NOFILE 10240, AS infinity
load average:1.44 1.47 1.38

CPU:total 8 (4 cores per cpu, 2 threads per core) family 6 model 70 stepping 1, cmov, cx8, fxsr, mmx, sse, sse2, sse3, ssse3, sse4.1, sse4.2, popcnt, avx, avx2, aes, clmul, erms, lzcnt, ht, tsc, tscinvbit, bmi1, bmi2

Memory: 4k page, physical 16777216k(828308k free)

/proc/meminfo:


vm_info: Java HotSpot(TM) 64-Bit Server VM (25.73-b02) for bsd-amd64 JRE (1.8.0_73-b02), built on Jan 29 2016 15:02:00 by "java_re" with gcc 4.2.1 (Based on Apple Inc. build 5658) (LLVM build 2336.11.00)

time: Mon Mar 14 08:43:19 2016
elapsed time: 25 seconds (0d 0h 0m 25s)

