#
# A fatal error has been detected by the Java Runtime Environment:
#
#  SIGSEGV (0xb) at pc=0x00007fff963a50dd, pid=5817, tid=1811
#
# JRE version: Java(TM) SE Runtime Environment (8.0_73-b02) (build 1.8.0_73-b02)
# Java VM: Java HotSpot(TM) 64-Bit Server VM (25.73-b02 mixed mode bsd-amd64 compressed oops)
# Problematic frame:
# C  [libobjc.A.dylib+0x10dd]  objc_msgSend+0x1d
#
# Failed to write core dump. Core dumps have been disabled. To enable core dumping, try "ulimit -c unlimited" before starting Java again
#
# If you would like to submit a bug report, please visit:
#   http://bugreport.java.com/bugreport/crash.jsp
# The crash happened outside the Java Virtual Machine in native code.
# See problematic frame for where to report the bug.
#

---------------  T H R E A D  ---------------

Current thread (0x00007fa49a8b3800):  JavaThread "AWT-AppKit" daemon [_thread_in_native, id=1811, stack(0x00007fff51bcc000,0x00007fff523cc000)]

siginfo: si_signo: 11 (SIGSEGV), si_code: 1 (SEGV_MAPERR), si_addr: 0x0000000000000018

Registers:
RAX=0x00007fa49f8a3420, RBX=0x000000017fadf450, RCX=0x000000013431f1a0, RDX=0x000000013431f340
RSP=0x00007fff523c7588, RBP=0x00007fff523c7640, RSI=0x00007fff915aa40f, RDI=0x00007fa4a00930d0
R8 =0x0000000000000000, R9 =0x0000000000000f50, R10=0x00007fff915aa40f, R11=0x0000000000000000
R12=0x0000000000000000, R13=0x00000001854369b0, R14=0x000000017fadf440, R15=0x00007fa49a8b3800
RIP=0x00007fff963a50dd, EFLAGS=0x0000000000010246, ERR=0x0000000000000004
  TRAPNO=0x000000000000000e

Top of Stack: (sp=0x00007fff523c7588)
0x00007fff523c7588:   000000017fadd157 00007fff523c75e0
0x00007fff523c7598:   0000000000000003 00007fff523c75c0
0x00007fff523c75a8:   000000010ebf1646 00000001854369b0
0x00007fff523c75b8:   00000001854369b0 00007fa49f8a3420
0x00007fff523c75c8:   000000017fadf6a0 000000017fadf710
0x00007fff523c75d8:   00007fff7d026550 00007fff7c012c80
0x00007fff523c75e8:   000000017fadf450 000000017fadf690
0x00007fff523c75f8:   00007fa49f8a3420 00007fa4a00930d0
0x00007fff523c7608:   00007fa4997400d0 00007fa49f8a3420
0x00007fff523c7618:   00007fa4a00930d0 00007fff523c76c8
0x00007fff523c7628:   00007fa49a8b39f8 00000001854369b0
0x00007fff523c7638:   00007fff523c76f0 00007fff523c76b8
0x00007fff523c7648:   000000010faa5954 00000001854369b0
0x00007fff523c7658:   00007fff523c76f0 00007fff523c76b8
0x00007fff523c7668:   000000010faa56e7 000000010faa56a2
0x00007fff523c7678:   00007fff523c7678 00000001854369b0
0x00007fff523c7688:   00007fff523c76f0 00000001854395e8
0x00007fff523c7698:   0000000000000000 00000001854369b0
0x00007fff523c76a8:   0000000000000000 00007fff523c76d8
0x00007fff523c76b8:   00007fff523c7738 000000010fa97c4d
0x00007fff523c76c8:   00000006c07da450 000000010fa9f578
0x00007fff523c76d8:   00007fa49f8a3420 00007fff523c7738
0x00007fff523c76e8:   00007fa4a00930d0 000000010faa0d82
0x00007fff523c76f8:   00007fff523c76f8 0000000185436b7a
0x00007fff523c7708:   00007fff523c7760 00000001854395e8
0x00007fff523c7718:   0000000000000000 0000000185436b88
0x00007fff523c7728:   00007fff523c76d8 00007fff523c7748
0x00007fff523c7738:   00007fff523c77a8 000000010fa97c4d
0x00007fff523c7748:   00007fa49f8a3420 00000006c0871188
0x00007fff523c7758:   00007fa4a00930d0 00000006c0871188
0x00007fff523c7768:   00007fff523c7768 000000018998f246
0x00007fff523c7778:   00007fff523c77b8 000000018998f300 

Instructions: (pc=0x00007fff963a50dd)
0x00007fff963a50bd:   00 00 00 48 85 ff 2e 74 7a 40 f6 c7 01 2e 75 7e
0x00007fff963a50cd:   49 bb f8 ff ff ff ff 7f 00 00 4c 23 1f 49 89 f2
0x00007fff963a50dd:   45 23 53 18 49 c1 e2 04 4d 03 53 10 49 3b 32 75
0x00007fff963a50ed:   04 41 ff 62 08 49 83 3a 00 74 6a 4d 3b 53 10 74 

Register to memory mapping:

RAX=0x00007fa49f8a3420 is an unknown value
RBX=0x000000017fadf450: Java_jogamp_nativewindow_macosx_OSXUtil_GetScreenRefreshRate0+0x1cf0 in /private/var/folders/88/rn0nzmd518s0659qz29bsj6m0000gn/T/jogamp_0000/file_cache/jln579528722767426161/jln1964674173637580916/libnativewindow_macosx.jnilib at 0x000000017fad8000
RCX=0x000000013431f1a0 is an unknown value
RDX=0x000000013431f340 is an unknown value
RSP=0x00007fff523c7588 is pointing into the stack for thread: 0x00007fa49a8b3800
RBP=0x00007fff523c7640 is pointing into the stack for thread: 0x00007fa49a8b3800
RSI=0x00007fff915aa40f is an unknown value
RDI=0x00007fa4a00930d0 is an unknown value
R8 =0x0000000000000000 is an unknown value
R9 =0x0000000000000f50 is an unknown value
R10=0x00007fff915aa40f is an unknown value
R11=0x0000000000000000 is an unknown value
R12=0x0000000000000000 is an unknown value
R13={method} {0x00000001854369b0} 'UnsetJAWTRootSurfaceLayer0' '(JJ)V' in 'jogamp/nativewindow/jawt/macosx/MacOSXJAWTWindow'
R14=0x000000017fadf440: Java_jogamp_nativewindow_macosx_OSXUtil_GetScreenRefreshRate0+0x1ce0 in /private/var/folders/88/rn0nzmd518s0659qz29bsj6m0000gn/T/jogamp_0000/file_cache/jln579528722767426161/jln1964674173637580916/libnativewindow_macosx.jnilib at 0x000000017fad8000
R15=0x00007fa49a8b3800 is a thread


Stack: [0x00007fff51bcc000,0x00007fff523cc000],  sp=0x00007fff523c7588,  free space=8173k
Native frames: (J=compiled Java code, j=interpreted, Vv=VM code, C=native code)
C  [libobjc.A.dylib+0x10dd]  objc_msgSend+0x1d
j  jogamp.nativewindow.jawt.macosx.MacOSXJAWTWindow.UnsetJAWTRootSurfaceLayer0(JJ)V+0
j  jogamp.nativewindow.jawt.macosx.MacOSXJAWTWindow.access$200(JJ)V+2
j  jogamp.nativewindow.jawt.macosx.MacOSXJAWTWindow$1.run()V+38
j  com.jogamp.common.util.RunnableTask.run()V+24
v  ~StubRoutines::call_stub
V  [libjvm.dylib+0x2eae7a]
V  [libjvm.dylib+0x321f83]
V  [libjvm.dylib+0x314757]
C  [libnativewindow_macosx.jnilib+0x5326]  Java_jogamp_nativewindow_jawt_macosx_MacOSXJAWTWindow_UnsetJAWTRootSurfaceLayer0+0x2b6
C  [Foundation+0x92dd0]  __NSThreadPerformPerform+0x125
C  [CoreFoundation+0x80a01]  __CFRUNLOOP_IS_CALLING_OUT_TO_A_SOURCE0_PERFORM_FUNCTION__+0x11
C  [CoreFoundation+0x72c5c]  __CFRunLoopDoSources0+0x1dc
C  [CoreFoundation+0x721bf]  __CFRunLoopRun+0x39f
C  [CoreFoundation+0x71bd8]  CFRunLoopRunSpecific+0x128
C  [HIToolbox+0x3256f]  RunCurrentEventLoopInMode+0xeb
C  [HIToolbox+0x321ee]  ReceiveNextEventCommon+0xb3
C  [HIToolbox+0x3212b]  _BlockUntilNextEventMatchingListInModeWithFilter+0x47
C  [AppKit+0x918ab]  _DPSNextEvent+0x3d2
C  [AppKit+0x90e58]  -[NSApplication nextEventMatchingMask:untilDate:inMode:dequeue:]+0x15a
C  [libosxapp.dylib+0x23aa]  -[NSApplicationAWT nextEventMatchingMask:untilDate:inMode:dequeue:]+0x7c
C  [AppKit+0x86af3]  -[NSApplication run]+0x252
C  [libosxapp.dylib+0x214d]  +[NSApplicationAWT runAWTLoopWithApp:]+0x9c
C  [libawt_lwawt.dylib+0x4455b]  -[AWTStarter starter:]+0x389
C  [Foundation+0x92dd0]  __NSThreadPerformPerform+0x125
C  [CoreFoundation+0x80a01]  __CFRUNLOOP_IS_CALLING_OUT_TO_A_SOURCE0_PERFORM_FUNCTION__+0x11
C  [CoreFoundation+0x72b8d]  __CFRunLoopDoSources0+0x10d
C  [CoreFoundation+0x721bf]  __CFRunLoopRun+0x39f
C  [CoreFoundation+0x71bd8]  CFRunLoopRunSpecific+0x128
C  [java+0x6463]  CreateExecutionEnvironment+0x367
C  [java+0x21ac]  JLI_Launch+0x7a0
C  [java+0x84c0]  main+0x65
C  [java+0x1a04]  start+0x34
C  0x0000000000000007

Java frames: (J=compiled Java code, j=interpreted, Vv=VM code)
j  jogamp.nativewindow.jawt.macosx.MacOSXJAWTWindow.UnsetJAWTRootSurfaceLayer0(JJ)V+0
j  jogamp.nativewindow.jawt.macosx.MacOSXJAWTWindow.access$200(JJ)V+2
j  jogamp.nativewindow.jawt.macosx.MacOSXJAWTWindow$1.run()V+38
j  com.jogamp.common.util.RunnableTask.run()V+24
v  ~StubRoutines::call_stub

---------------  P R O C E S S  ---------------

Java Threads: ( => current thread )
  0x00007fa4a2247800 JavaThread "Thread-55" [_thread_blocked, id=40495, stack(0x000000018cfaf000,0x000000018d0af000)]
  0x00007fa49b284000 JavaThread "AWT-EventQueue-1" [_thread_in_native, id=60979, stack(0x00000001803fd000,0x00000001804fd000)]
  0x00007fa49b254000 JavaThread "DestroyJavaVM" [_thread_blocked, id=4867, stack(0x000000010f98e000,0x000000010fa8e000)]
  0x00007fa49b130000 JavaThread "AWT-EventQueue-0" [_thread_blocked, id=58627, stack(0x000000013416c000,0x000000013426c000)]
  0x00007fa49b11a000 JavaThread "Java2D Disposer" daemon [_thread_blocked, id=55067, stack(0x0000000132e42000,0x0000000132f42000)]
  0x00007fa49a8e6800 JavaThread "Java2D Queue Flusher" daemon [_thread_blocked, id=53767, stack(0x0000000131e0c000,0x0000000131f0c000)]
  0x00007fa49a12f800 JavaThread "AWT-Shutdown" [_thread_blocked, id=30483, stack(0x000000012edec000,0x000000012eeec000)]
=>0x00007fa49a8b3800 JavaThread "AWT-AppKit" daemon [_thread_in_native, id=1811, stack(0x00007fff51bcc000,0x00007fff523cc000)]
  0x00007fa49a049800 JavaThread "Service Thread" daemon [_thread_blocked, id=20739, stack(0x000000012d435000,0x000000012d535000)]
  0x00007fa49a027000 JavaThread "C1 CompilerThread3" daemon [_thread_blocked, id=20227, stack(0x000000012d332000,0x000000012d432000)]
  0x00007fa499837000 JavaThread "C2 CompilerThread2" daemon [_thread_blocked, id=19715, stack(0x000000012d22f000,0x000000012d32f000)]
  0x00007fa49b008800 JavaThread "C2 CompilerThread1" daemon [_thread_blocked, id=19203, stack(0x000000012d12c000,0x000000012d22c000)]
  0x00007fa49a82e800 JavaThread "C2 CompilerThread0" daemon [_thread_blocked, id=18691, stack(0x000000012d029000,0x000000012d129000)]
  0x00007fa49a844800 JavaThread "Signal Dispatcher" daemon [_thread_blocked, id=15883, stack(0x000000012cf26000,0x000000012d026000)]
  0x00007fa499845000 JavaThread "Finalizer" daemon [_thread_blocked, id=13571, stack(0x000000012b514000,0x000000012b614000)]
  0x00007fa499844000 JavaThread "Reference Handler" daemon [_thread_blocked, id=13059, stack(0x000000012b411000,0x000000012b511000)]

Other Threads:
  0x00007fa49a81c800 VMThread [stack: 0x000000012b30e000,0x000000012b40e000] [id=12547]
  0x00007fa49a052800 WatcherThread [stack: 0x000000012d538000,0x000000012d638000] [id=21251]

VM state:not at safepoint (normal execution)

VM Mutex/Monitor currently owned by a thread: None

Heap:
 PSYoungGen      total 59904K, used 35785K [0x000000076ab00000, 0x000000076f580000, 0x00000007c0000000)
  eden space 46080K, 77% used [0x000000076ab00000,0x000000076cdba7a8,0x000000076d800000)
  from space 13824K, 1% used [0x000000076e680000,0x000000076e6b8000,0x000000076f400000)
  to   space 14848K, 0% used [0x000000076d800000,0x000000076d800000,0x000000076e680000)
 ParOldGen       total 88064K, used 25551K [0x00000006c0000000, 0x00000006c5600000, 0x000000076ab00000)
  object space 88064K, 29% used [0x00000006c0000000,0x00000006c18f3e50,0x00000006c5600000)
 Metaspace       used 21219K, capacity 21451K, committed 21808K, reserved 1069056K
  class space    used 2050K, capacity 2112K, committed 2176K, reserved 1048576K

Card table byte_map: [0x000000011ee50000,0x000000011f651000] byte_map_base: 0x000000011b850000

Marking Bits: (ParMarkBitMap*) 0x000000010f2e3ea0
 Begin Bits: [0x00000001203bf000, 0x00000001243bf000)
 End Bits:   [0x00000001243bf000, 0x00000001283bf000)

Polling page: 0x000000010d98d000

CodeCache: size=245760Kb used=9646Kb max_used=10541Kb free=236113Kb
 bounds [0x000000010fa90000, 0x0000000110510000, 0x000000011ea90000]
 total_blobs=3530 nmethods=2638 adapters=805
 compilation: enabled

Compilation events (10 events):
Event: 143.052 Thread 0x00007fa49a027000 3136       3       sun.java2d.pipe.RenderBuffer::putFloat (26 bytes)
Event: 143.052 Thread 0x00007fa49a027000 nmethod 3136 0x00000001101bb410 code [0x00000001101bb580, 0x00000001101bb710]
Event: 143.061 Thread 0x00007fa49a027000 3138       3       sun.net.www.protocol.jar.Handler::parseContextSpec (154 bytes)
Event: 143.063 Thread 0x00007fa49a027000 nmethod 3138 0x0000000110052a10 code [0x0000000110052e00, 0x00000001100554e8]
Event: 143.063 Thread 0x00007fa49a027000 3139       3       sun.net.www.ParseUtil::canonizeString (195 bytes)
Event: 143.064 Thread 0x00007fa49a027000 nmethod 3139 0x000000010fe442d0 code [0x000000010fe446a0, 0x000000010fe46ae8]
Event: 143.064 Thread 0x00007fa49a027000 3140       3       sun.awt.PeerEvent::<init> (10 bytes)
Event: 143.064 Thread 0x00007fa49a027000 nmethod 3140 0x00000001100e6090 code [0x00000001100e6220, 0x00000001100e64c8]
Event: 143.064 Thread 0x00007fa49a027000 3141       3       sun.awt.PeerEvent::<init> (16 bytes)
Event: 143.064 Thread 0x00007fa49a027000 nmethod 3141 0x0000000110052510 code [0x0000000110052680, 0x00000001100528c8]

GC Heap History (10 events):
Event: 114.548 GC heap before
{Heap before GC invocations=19 (full 1):
 PSYoungGen      total 60928K, used 60736K [0x000000076ab00000, 0x000000076f500000, 0x00000007c0000000)
  eden space 51200K, 100% used [0x000000076ab00000,0x000000076dd00000,0x000000076dd00000)
  from space 9728K, 98% used [0x000000076de00000,0x000000076e750240,0x000000076e780000)
  to   space 12288K, 0% used [0x000000076e900000,0x000000076e900000,0x000000076f500000)
 ParOldGen       total 88064K, used 16131K [0x00000006c0000000, 0x00000006c5600000, 0x000000076ab00000)
  object space 88064K, 18% used [0x00000006c0000000,0x00000006c0fc0c00,0x00000006c5600000)
 Metaspace       used 21172K, capacity 21323K, committed 21552K, reserved 1069056K
  class space    used 2042K, capacity 2112K, committed 2176K, reserved 1048576K
Event: 114.550 GC heap after
Heap after GC invocations=19 (full 1):
 PSYoungGen      total 60416K, used 9536K [0x000000076ab00000, 0x000000076f300000, 0x00000007c0000000)
  eden space 50176K, 0% used [0x000000076ab00000,0x000000076ab00000,0x000000076dc00000)
  from space 10240K, 93% used [0x000000076e900000,0x000000076f250240,0x000000076f300000)
  to   space 11776K, 0% used [0x000000076dc00000,0x000000076dc00000,0x000000076e780000)
 ParOldGen       total 88064K, used 16131K [0x00000006c0000000, 0x00000006c5600000, 0x000000076ab00000)
  object space 88064K, 18% used [0x00000006c0000000,0x00000006c0fc0c00,0x00000006c5600000)
 Metaspace       used 21172K, capacity 21323K, committed 21552K, reserved 1069056K
  class space    used 2042K, capacity 2112K, committed 2176K, reserved 1048576K
}
Event: 120.716 GC heap before
{Heap before GC invocations=20 (full 1):
 PSYoungGen      total 60416K, used 59712K [0x000000076ab00000, 0x000000076f300000, 0x00000007c0000000)
  eden space 50176K, 100% used [0x000000076ab00000,0x000000076dc00000,0x000000076dc00000)
  from space 10240K, 93% used [0x000000076e900000,0x000000076f250240,0x000000076f300000)
  to   space 11776K, 0% used [0x000000076dc00000,0x000000076dc00000,0x000000076e780000)
 ParOldGen       total 88064K, used 16131K [0x00000006c0000000, 0x00000006c5600000, 0x000000076ab00000)
  object space 88064K, 18% used [0x00000006c0000000,0x00000006c0fc0c00,0x00000006c5600000)
 Metaspace       used 21172K, capacity 21323K, committed 21552K, reserved 1069056K
  class space    used 2042K, capacity 2112K, committed 2176K, reserved 1048576K
Event: 120.718 GC heap after
Heap after GC invocations=20 (full 1):
 PSYoungGen      total 58880K, used 9376K [0x000000076ab00000, 0x000000076f200000, 0x00000007c0000000)
  eden space 49152K, 0% used [0x000000076ab00000,0x000000076ab00000,0x000000076db00000)
  from space 9728K, 96% used [0x000000076dc00000,0x000000076e528240,0x000000076e580000)
  to   space 11776K, 0% used [0x000000076e680000,0x000000076e680000,0x000000076f200000)
 ParOldGen       total 88064K, used 16171K [0x00000006c0000000, 0x00000006c5600000, 0x000000076ab00000)
  object space 88064K, 18% used [0x00000006c0000000,0x00000006c0fcac00,0x00000006c5600000)
 Metaspace       used 21172K, capacity 21323K, committed 21552K, reserved 1069056K
  class space    used 2042K, capacity 2112K, committed 2176K, reserved 1048576K
}
Event: 127.100 GC heap before
{Heap before GC invocations=21 (full 1):
 PSYoungGen      total 58880K, used 58528K [0x000000076ab00000, 0x000000076f200000, 0x00000007c0000000)
  eden space 49152K, 100% used [0x000000076ab00000,0x000000076db00000,0x000000076db00000)
  from space 9728K, 96% used [0x000000076dc00000,0x000000076e528240,0x000000076e580000)
  to   space 11776K, 0% used [0x000000076e680000,0x000000076e680000,0x000000076f200000)
 ParOldGen       total 88064K, used 16171K [0x00000006c0000000, 0x00000006c5600000, 0x000000076ab00000)
  object space 88064K, 18% used [0x00000006c0000000,0x00000006c0fcac00,0x00000006c5600000)
 Metaspace       used 21172K, capacity 21323K, committed 21552K, reserved 1069056K
  class space    used 2042K, capacity 2112K, committed 2176K, reserved 1048576K
Event: 127.107 GC heap after
Heap after GC invocations=21 (full 1):
 PSYoungGen      total 59392K, used 288K [0x000000076ab00000, 0x000000076f400000, 0x00000007c0000000)
  eden space 47616K, 0% used [0x000000076ab00000,0x000000076ab00000,0x000000076d980000)
  from space 11776K, 2% used [0x000000076e680000,0x000000076e6c8000,0x000000076f200000)
  to   space 13312K, 0% used [0x000000076d980000,0x000000076d980000,0x000000076e680000)
 ParOldGen       total 88064K, used 25479K [0x00000006c0000000, 0x00000006c5600000, 0x000000076ab00000)
  object space 88064K, 28% used [0x00000006c0000000,0x00000006c18e1e50,0x00000006c5600000)
 Metaspace       used 21172K, capacity 21323K, committed 21552K, reserved 1069056K
  class space    used 2042K, capacity 2112K, committed 2176K, reserved 1048576K
}
Event: 133.284 GC heap before
{Heap before GC invocations=22 (full 1):
 PSYoungGen      total 59392K, used 47904K [0x000000076ab00000, 0x000000076f400000, 0x00000007c0000000)
  eden space 47616K, 100% used [0x000000076ab00000,0x000000076d980000,0x000000076d980000)
  from space 11776K, 2% used [0x000000076e680000,0x000000076e6c8000,0x000000076f200000)
  to   space 13312K, 0% used [0x000000076d980000,0x000000076d980000,0x000000076e680000)
 ParOldGen       total 88064K, used 25479K [0x00000006c0000000, 0x00000006c5600000, 0x000000076ab00000)
  object space 88064K, 28% used [0x00000006c0000000,0x00000006c18e1e50,0x00000006c5600000)
 Metaspace       used 21172K, capacity 21323K, committed 21552K, reserved 1069056K
  class space    used 2042K, capacity 2112K, committed 2176K, reserved 1048576K
Event: 133.288 GC heap after
Heap after GC invocations=22 (full 1):
 PSYoungGen      total 60416K, used 224K [0x000000076ab00000, 0x000000076f400000, 0x00000007c0000000)
  eden space 47104K, 0% used [0x000000076ab00000,0x000000076ab00000,0x000000076d900000)
  from space 13312K, 1% used [0x000000076d980000,0x000000076d9b8000,0x000000076e680000)
  to   space 13824K, 0% used [0x000000076e680000,0x000000076e680000,0x000000076f400000)
 ParOldGen       total 88064K, used 25519K [0x00000006c0000000, 0x00000006c5600000, 0x000000076ab00000)
  object space 88064K, 28% used [0x00000006c0000000,0x00000006c18ebe50,0x00000006c5600000)
 Metaspace       used 21172K, capacity 21323K, committed 21552K, reserved 1069056K
  class space    used 2042K, capacity 2112K, committed 2176K, reserved 1048576K
}
Event: 139.469 GC heap before
{Heap before GC invocations=23 (full 1):
 PSYoungGen      total 60416K, used 47328K [0x000000076ab00000, 0x000000076f400000, 0x00000007c0000000)
  eden space 47104K, 100% used [0x000000076ab00000,0x000000076d900000,0x000000076d900000)
  from space 13312K, 1% used [0x000000076d980000,0x000000076d9b8000,0x000000076e680000)
  to   space 13824K, 0% used [0x000000076e680000,0x000000076e680000,0x000000076f400000)
 ParOldGen       total 88064K, used 25519K [0x00000006c0000000, 0x00000006c5600000, 0x000000076ab00000)
  object space 88064K, 28% used [0x00000006c0000000,0x00000006c18ebe50,0x00000006c5600000)
 Metaspace       used 21172K, capacity 21323K, committed 21552K, reserved 1069056K
  class space    used 2042K, capacity 2112K, committed 2176K, reserved 1048576K
Event: 139.471 GC heap after
Heap after GC invocations=23 (full 1):
 PSYoungGen      total 59904K, used 224K [0x000000076ab00000, 0x000000076f580000, 0x00000007c0000000)
  eden space 46080K, 0% used [0x000000076ab00000,0x000000076ab00000,0x000000076d800000)
  from space 13824K, 1% used [0x000000076e680000,0x000000076e6b8000,0x000000076f400000)
  to   space 14848K, 0% used [0x000000076d800000,0x000000076d800000,0x000000076e680000)
 ParOldGen       total 88064K, used 25551K [0x00000006c0000000, 0x00000006c5600000, 0x000000076ab00000)
  object space 88064K, 29% used [0x00000006c0000000,0x00000006c18f3e50,0x00000006c5600000)
 Metaspace       used 21172K, capacity 21323K, committed 21552K, reserved 1069056K
  class space    used 2042K, capacity 2112K, committed 2176K, reserved 1048576K
}

Deoptimization events (10 events):
Event: 143.051 Thread 0x00007fa49b11e800 Uncommon trap: reason=unstable_if action=reinterpret pc=0x000000010ff347e8 method=java.util.HashMap.putVal(ILjava/lang/Object;Ljava/lang/Object;ZZ)Ljava/lang/Object; @ 81
Event: 143.051 Thread 0x00007fa49b11e800 Uncommon trap: reason=unstable_if action=reinterpret pc=0x000000010ff29540 method=java.util.HashMap.putVal(ILjava/lang/Object;Ljava/lang/Object;ZZ)Ljava/lang/Object; @ 81
Event: 143.052 Thread 0x00007fa49b130000 Uncommon trap: reason=class_check action=maybe_recompile pc=0x000000010ffb9970 method=java.awt.Component.getGraphics()Ljava/awt/Graphics; @ 114
Event: 143.052 Thread 0x00007fa49b284000 Uncommon trap: reason=class_check action=maybe_recompile pc=0x00000001102425d0 method=java.awt.event.InvocationEvent.dispatch()V @ 11
Event: 143.053 Thread 0x00007fa49a8b3800 Uncommon trap: reason=class_check action=maybe_recompile pc=0x00000001104c0e80 method=com.jogamp.common.util.RunnableTask.run()V @ 24
Event: 143.055 Thread 0x00007fa49a8b3800 Uncommon trap: reason=unstable_if action=reinterpret pc=0x000000010ff1997c method=jogamp.nativewindow.macosx.OSXUtil.RunOnMainThread(ZZLjava/lang/Runnable;)V @ 3
Event: 143.061 Thread 0x00007fa49b284000 Uncommon trap: reason=unstable_if action=reinterpret pc=0x000000011022af18 method=jogamp.opengl.GLContextImpl.release(Z)V @ 161
Event: 143.063 Thread 0x00007fa49b284000 Uncommon trap: reason=unstable_if action=reinterpret pc=0x000000011046cef8 method=java.security.AccessControlContext.optimize()Ljava/security/AccessControlContext; @ 233
Event: 143.064 Thread 0x00007fa49b284000 Uncommon trap: reason=class_check action=maybe_recompile pc=0x00000001102425d0 method=java.awt.event.InvocationEvent.dispatch()V @ 11
Event: 143.073 Thread 0x00007fa49a8b3800 Uncommon trap: reason=class_check action=maybe_recompile pc=0x00000001104c0e80 method=com.jogamp.common.util.RunnableTask.run()V @ 24

Internal exceptions (10 events):
Event: 0.109 Thread 0x00007fa49a004000 Exception <a 'java/lang/NoSuchFieldError': method resolution failed> (0x000000076aeee818) thrown at [/HUDSON3/workspace/8-2-build-macosx-x86_64/jdk8u73/6086/hotspot/src/share/vm/prims/methodHandles.cpp, line 1146]
Event: 0.111 Thread 0x00007fa49a004000 Exception <a 'java/lang/NoSuchFieldError': method resolution failed> (0x000000076aefbfe8) thrown at [/HUDSON3/workspace/8-2-build-macosx-x86_64/jdk8u73/6086/hotspot/src/share/vm/prims/methodHandles.cpp, line 1146]
Event: 0.250 Thread 0x00007fa49a004000 Exception <a 'java/io/FileNotFoundException'> (0x000000076af77cd8) thrown at [/HUDSON3/workspace/8-2-build-macosx-x86_64/jdk8u73/6086/hotspot/src/share/vm/prims/jni.cpp, line 709]
Event: 0.250 Thread 0x00007fa49a004000 Exception <a 'java/io/FileNotFoundException'> (0x000000076af78800) thrown at [/HUDSON3/workspace/8-2-build-macosx-x86_64/jdk8u73/6086/hotspot/src/share/vm/prims/jni.cpp, line 709]
Event: 0.360 Thread 0x00007fa49a004000 Exception <a 'java/io/FileNotFoundException'> (0x000000076b00e230) thrown at [/HUDSON3/workspace/8-2-build-macosx-x86_64/jdk8u73/6086/hotspot/src/share/vm/prims/jni.cpp, line 709]
Event: 1.340 Thread 0x00007fa499abb800 Exception <a 'java/lang/UnsatisfiedLinkError': com.jogamp.common.util.JarUtil.fixNativeLibAttribs(Ljava/lang/String;)Z> (0x000000076c8a7998) thrown at [/HUDSON3/workspace/8-2-build-macosx-x86_64/jdk8u73/6086/hotspot/src/share/vm/prims/nativeLookup.cpp, li
Event: 1.973 Thread 0x00007fa49b284000 Exception <a 'java/io/FileNotFoundException'> (0x000000076d9395c0) thrown at [/HUDSON3/workspace/8-2-build-macosx-x86_64/jdk8u73/6086/hotspot/src/share/vm/prims/jni.cpp, line 709]
Event: 1.974 Thread 0x00007fa49b284000 Exception <a 'java/io/FileNotFoundException'> (0x000000076d93fc80) thrown at [/HUDSON3/workspace/8-2-build-macosx-x86_64/jdk8u73/6086/hotspot/src/share/vm/prims/jni.cpp, line 709]
Event: 1.974 Thread 0x00007fa49b284000 Implicit null exception at 0x000000010fc34135 to 0x000000010fc34499
Event: 2.317 Thread 0x00007fa499845000 Exception <a 'java/lang/NullPointerException'> (0x000000076aeaefd0) thrown at [/HUDSON3/workspace/8-2-build-macosx-x86_64/jdk8u73/6086/hotspot/src/share/vm/interpreter/linkResolver.cpp, line 1178]

Events (10 events):
Event: 143.063 loading class java/awt/Toolkit$ToolkitEventMulticaster done
Event: 143.064 Thread 0x00007fa49b11e800 Thread exited: 0x00007fa49b11e800
Event: 143.064 loading class java/awt/Window$1DisposeAction
Event: 143.064 loading class java/awt/Window$1DisposeAction done
Event: 143.064 Thread 0x00007fa49b284000 Uncommon trap: trap_request=0xffffffde fr.pc=0x00000001102425d0
Event: 143.064 Thread 0x00007fa49b284000 DEOPT PACKING pc=0x00000001102425d0 sp=0x00000001804faf70
Event: 143.064 Thread 0x00007fa49b284000 DEOPT UNPACKING pc=0x000000010fa95229 sp=0x00000001804fadf8 mode 2
Event: 143.073 Thread 0x00007fa49a8b3800 Uncommon trap: trap_request=0xffffffde fr.pc=0x00000001104c0e80
Event: 143.073 Thread 0x00007fa49a8b3800 DEOPT PACKING pc=0x00000001104c0e80 sp=0x00007fff523c7800
Event: 143.073 Thread 0x00007fa49a8b3800 DEOPT UNPACKING pc=0x000000010fa95229 sp=0x00007fff523c77a8 mode 2


Dynamic libraries:
0x000000000b3c4000 	/System/Library/Frameworks/Cocoa.framework/Versions/A/Cocoa
0x000000000b3c4000 	/System/Library/Frameworks/Security.framework/Versions/A/Security
0x000000000b3c4000 	/System/Library/Frameworks/ApplicationServices.framework/Versions/A/ApplicationServices
0x000000000b3c4000 	/usr/lib/libz.1.dylib
0x000000000b3c4000 	/usr/lib/libSystem.B.dylib
0x000000000b3c4000 	/usr/lib/libobjc.A.dylib
0x000000000b3c4000 	/System/Library/Frameworks/CoreFoundation.framework/Versions/A/CoreFoundation
0x000000000b3c4000 	/System/Library/Frameworks/Foundation.framework/Versions/C/Foundation
0x000000000b3c4000 	/System/Library/Frameworks/AppKit.framework/Versions/C/AppKit
0x000000000b3c4000 	/System/Library/Frameworks/CoreData.framework/Versions/A/CoreData
0x000000000b3c4000 	/System/Library/PrivateFrameworks/RemoteViewServices.framework/Versions/A/RemoteViewServices
0x000000000b3c4000 	/System/Library/PrivateFrameworks/UIFoundation.framework/Versions/A/UIFoundation
0x000000000b3c4000 	/System/Library/Frameworks/IOSurface.framework/Versions/A/IOSurface
0x000000000b3c4000 	/System/Library/Frameworks/AudioToolbox.framework/Versions/A/AudioToolbox
0x000000000b3c4000 	/System/Library/Frameworks/AudioUnit.framework/Versions/A/AudioUnit
0x000000000b3c4000 	/System/Library/PrivateFrameworks/DataDetectorsCore.framework/Versions/A/DataDetectorsCore
0x000000000b3c4000 	/System/Library/PrivateFrameworks/DesktopServicesPriv.framework/Versions/A/DesktopServicesPriv
0x000000000b3c4000 	/System/Library/Frameworks/Carbon.framework/Versions/A/Frameworks/HIToolbox.framework/Versions/A/HIToolbox
0x000000000b3c4000 	/System/Library/Frameworks/QuartzCore.framework/Versions/A/QuartzCore
0x000000000b3c4000 	/System/Library/Frameworks/Carbon.framework/Versions/A/Frameworks/SpeechRecognition.framework/Versions/A/SpeechRecognition
0x000000000b3c4000 	/usr/lib/libauto.dylib
0x000000000b3c4000 	/usr/lib/libicucore.A.dylib
0x000000000b3c4000 	/usr/lib/libxml2.2.dylib
0x000000000b3c4000 	/System/Library/PrivateFrameworks/CoreUI.framework/Versions/A/CoreUI
0x000000000b3c4000 	/System/Library/Frameworks/CoreAudio.framework/Versions/A/CoreAudio
0x000000000b3c4000 	/System/Library/Frameworks/DiskArbitration.framework/Versions/A/DiskArbitration
0x000000000b3c4000 	/usr/lib/liblangid.dylib
0x000000000b3c4000 	/System/Library/PrivateFrameworks/MultitouchSupport.framework/Versions/A/MultitouchSupport
0x000000000b3c4000 	/System/Library/Frameworks/IOKit.framework/Versions/A/IOKit
0x000000000b3c4000 	/usr/lib/libDiagnosticMessagesClient.dylib
0x000000000b3c4000 	/System/Library/Frameworks/CoreServices.framework/Versions/A/CoreServices
0x000000000b3c4000 	/System/Library/PrivateFrameworks/PerformanceAnalysis.framework/Versions/A/PerformanceAnalysis
0x000000000b3c4000 	/System/Library/PrivateFrameworks/GenerationalStorage.framework/Versions/A/GenerationalStorage
0x000000000b3c4000 	/System/Library/Frameworks/OpenGL.framework/Versions/A/OpenGL
0x000000000b3c4000 	/System/Library/PrivateFrameworks/Sharing.framework/Versions/A/Sharing
0x000000000b3c4000 	/System/Library/Frameworks/CoreGraphics.framework/Versions/A/CoreGraphics
0x000000000b3c4000 	/System/Library/Frameworks/CoreText.framework/Versions/A/CoreText
0x000000000b3c4000 	/System/Library/Frameworks/ImageIO.framework/Versions/A/ImageIO
0x000000000b3c4000 	/usr/lib/libextension.dylib
0x000000000b3c4000 	/System/Library/PrivateFrameworks/Backup.framework/Versions/A/Backup
0x000000000b3c4000 	/usr/lib/libarchive.2.dylib
0x000000000b3c4000 	/System/Library/Frameworks/CFNetwork.framework/Versions/A/CFNetwork
0x000000000b3c4000 	/System/Library/Frameworks/SystemConfiguration.framework/Versions/A/SystemConfiguration
0x000000000b3c4000 	/usr/lib/libCRFSuite.dylib
0x000000000b3c4000 	/usr/lib/libc++.1.dylib
0x000000000b3c4000 	/usr/lib/libc++abi.dylib
0x000000000b3c4000 	/usr/lib/system/libcache.dylib
0x000000000b3c4000 	/usr/lib/system/libcommonCrypto.dylib
0x000000000b3c4000 	/usr/lib/system/libcompiler_rt.dylib
0x000000000b3c4000 	/usr/lib/system/libcopyfile.dylib
0x000000000b3c4000 	/usr/lib/system/libcorecrypto.dylib
0x000000000b3c4000 	/usr/lib/system/libdispatch.dylib
0x000000000b3c4000 	/usr/lib/system/libdyld.dylib
0x000000000b3c4000 	/usr/lib/system/libkeymgr.dylib
0x000000000b3c4000 	/usr/lib/system/liblaunch.dylib
0x000000000b3c4000 	/usr/lib/system/libmacho.dylib
0x000000000b3c4000 	/usr/lib/system/libquarantine.dylib
0x000000000b3c4000 	/usr/lib/system/libremovefile.dylib
0x000000000b3c4000 	/usr/lib/system/libsystem_asl.dylib
0x000000000b3c4000 	/usr/lib/system/libsystem_blocks.dylib
0x000000000b3c4000 	/usr/lib/system/libsystem_c.dylib
0x000000000b3c4000 	/usr/lib/system/libsystem_configuration.dylib
0x000000000b3c4000 	/usr/lib/system/libsystem_coreservices.dylib
0x000000000b3c4000 	/usr/lib/system/libsystem_coretls.dylib
0x000000000b3c4000 	/usr/lib/system/libsystem_dnssd.dylib
0x000000000b3c4000 	/usr/lib/system/libsystem_info.dylib
0x000000000b3c4000 	/usr/lib/system/libsystem_kernel.dylib
0x000000000b3c4000 	/usr/lib/system/libsystem_m.dylib
0x000000000b3c4000 	/usr/lib/system/libsystem_malloc.dylib
0x000000000b3c4000 	/usr/lib/system/libsystem_network.dylib
0x000000000b3c4000 	/usr/lib/system/libsystem_networkextension.dylib
0x000000000b3c4000 	/usr/lib/system/libsystem_notify.dylib
0x000000000b3c4000 	/usr/lib/system/libsystem_platform.dylib
0x000000000b3c4000 	/usr/lib/system/libsystem_pthread.dylib
0x000000000b3c4000 	/usr/lib/system/libsystem_sandbox.dylib
0x000000000b3c4000 	/usr/lib/system/libsystem_secinit.dylib
0x000000000b3c4000 	/usr/lib/system/libsystem_stats.dylib
0x000000000b3c4000 	/usr/lib/system/libsystem_trace.dylib
0x000000000b3c4000 	/usr/lib/system/libunc.dylib
0x000000000b3c4000 	/usr/lib/system/libunwind.dylib
0x000000000b3c4000 	/usr/lib/system/libxpc.dylib
0x000000000b3c4000 	/usr/lib/libbz2.1.0.dylib
0x000000000b3c4000 	/usr/lib/liblzma.5.dylib
0x000000000b3c4000 	/usr/lib/libbsm.0.dylib
0x000000000b3c4000 	/usr/lib/libsqlite3.dylib
0x000000000b3c4000 	/usr/lib/system/libkxld.dylib
0x000000000b3c4000 	/usr/lib/libxar.1.dylib
0x000000000b3c4000 	/usr/lib/libpam.2.dylib
0x000000000b3c4000 	/usr/lib/libOpenScriptingUtil.dylib
0x000000000b3c4000 	/System/Library/Frameworks/CoreServices.framework/Versions/A/Frameworks/FSEvents.framework/Versions/A/FSEvents
0x000000000b3c4000 	/System/Library/Frameworks/CoreServices.framework/Versions/A/Frameworks/CarbonCore.framework/Versions/A/CarbonCore
0x000000000b3c4000 	/System/Library/Frameworks/CoreServices.framework/Versions/A/Frameworks/Metadata.framework/Versions/A/Metadata
0x000000000b3c4000 	/System/Library/Frameworks/CoreServices.framework/Versions/A/Frameworks/OSServices.framework/Versions/A/OSServices
0x000000000b3c4000 	/System/Library/Frameworks/CoreServices.framework/Versions/A/Frameworks/SearchKit.framework/Versions/A/SearchKit
0x000000000b3c4000 	/System/Library/Frameworks/CoreServices.framework/Versions/A/Frameworks/AE.framework/Versions/A/AE
0x000000000b3c4000 	/System/Library/Frameworks/CoreServices.framework/Versions/A/Frameworks/LaunchServices.framework/Versions/A/LaunchServices
0x000000000b3c4000 	/System/Library/Frameworks/CoreServices.framework/Versions/A/Frameworks/DictionaryServices.framework/Versions/A/DictionaryServices
0x000000000b3c4000 	/System/Library/Frameworks/NetFS.framework/Versions/A/NetFS
0x000000000b3c4000 	/System/Library/PrivateFrameworks/NetAuth.framework/Versions/A/NetAuth
0x000000000b3c4000 	/System/Library/PrivateFrameworks/login.framework/Versions/A/Frameworks/loginsupport.framework/Versions/A/loginsupport
0x000000000b3c4000 	/System/Library/PrivateFrameworks/TCC.framework/Versions/A/TCC
0x000000000b3c4000 	/usr/lib/libmecabra.dylib
0x000000000b3c4000 	/System/Library/Frameworks/ApplicationServices.framework/Versions/A/Frameworks/ATS.framework/Versions/A/ATS
0x000000000b3c4000 	/System/Library/Frameworks/ApplicationServices.framework/Versions/A/Frameworks/ColorSync.framework/Versions/A/ColorSync
0x000000000b3c4000 	/System/Library/Frameworks/ApplicationServices.framework/Versions/A/Frameworks/HIServices.framework/Versions/A/HIServices
0x000000000b3c4000 	/System/Library/Frameworks/ApplicationServices.framework/Versions/A/Frameworks/LangAnalysis.framework/Versions/A/LangAnalysis
0x000000000b3c4000 	/System/Library/Frameworks/ApplicationServices.framework/Versions/A/Frameworks/PrintCore.framework/Versions/A/PrintCore
0x000000000b3c4000 	/System/Library/Frameworks/ApplicationServices.framework/Versions/A/Frameworks/QD.framework/Versions/A/QD
0x000000000b3c4000 	/System/Library/Frameworks/ApplicationServices.framework/Versions/A/Frameworks/SpeechSynthesis.framework/Versions/A/SpeechSynthesis
0x000000000b3c4000 	/System/Library/Frameworks/Accelerate.framework/Versions/A/Accelerate
0x000000000b3c4000 	/System/Library/Frameworks/Accelerate.framework/Versions/A/Frameworks/vImage.framework/Versions/A/vImage
0x000000000b3c4000 	/System/Library/Frameworks/Accelerate.framework/Versions/A/Frameworks/vecLib.framework/Versions/A/vecLib
0x000000000b3c4000 	/System/Library/Frameworks/Accelerate.framework/Versions/A/Frameworks/vecLib.framework/Versions/A/libvDSP.dylib
0x000000000b3c4000 	/System/Library/Frameworks/Accelerate.framework/Versions/A/Frameworks/vecLib.framework/Versions/A/libvMisc.dylib
0x000000000b3c4000 	/System/Library/Frameworks/Accelerate.framework/Versions/A/Frameworks/vecLib.framework/Versions/A/libLAPACK.dylib
0x000000000b3c4000 	/System/Library/Frameworks/Accelerate.framework/Versions/A/Frameworks/vecLib.framework/Versions/A/libBLAS.dylib
0x000000000b3c4000 	/System/Library/Frameworks/Accelerate.framework/Versions/A/Frameworks/vecLib.framework/Versions/A/libLinearAlgebra.dylib
0x000000000b3c4000 	/System/Library/Frameworks/ApplicationServices.framework/Versions/A/Frameworks/ATS.framework/Versions/A/Resources/libFontParser.dylib
0x000000000b3c4000 	/System/Library/Frameworks/ApplicationServices.framework/Versions/A/Frameworks/ATS.framework/Versions/A/Resources/libFontRegistry.dylib
0x000000000b3c4000 	/System/Library/PrivateFrameworks/AppleVPA.framework/Versions/A/AppleVPA
0x000000000b3c4000 	/System/Library/PrivateFrameworks/AppleJPEG.framework/Versions/A/AppleJPEG
0x000000000b3c4000 	/System/Library/Frameworks/ImageIO.framework/Versions/A/Resources/libJPEG.dylib
0x000000000b3c4000 	/System/Library/Frameworks/ImageIO.framework/Versions/A/Resources/libTIFF.dylib
0x000000000b3c4000 	/System/Library/Frameworks/ImageIO.framework/Versions/A/Resources/libPng.dylib
0x000000000b3c4000 	/System/Library/Frameworks/ImageIO.framework/Versions/A/Resources/libGIF.dylib
0x000000000b3c4000 	/System/Library/Frameworks/ImageIO.framework/Versions/A/Resources/libJP2.dylib
0x000000000b3c4000 	/System/Library/Frameworks/ImageIO.framework/Versions/A/Resources/libRadiance.dylib
0x000000000b3c4000 	/System/Library/Frameworks/CoreVideo.framework/Versions/A/CoreVideo
0x000000000b3c4000 	/System/Library/Frameworks/OpenGL.framework/Versions/A/Libraries/libGLU.dylib
0x000000000b3c4000 	/System/Library/Frameworks/OpenGL.framework/Versions/A/Libraries/libGFXShared.dylib
0x000000000b3c4000 	/System/Library/Frameworks/OpenGL.framework/Versions/A/Libraries/libGL.dylib
0x000000000b3c4000 	/System/Library/Frameworks/OpenGL.framework/Versions/A/Libraries/libGLImage.dylib
0x000000000b3c4000 	/System/Library/Frameworks/OpenGL.framework/Versions/A/Libraries/libCVMSPluginSupport.dylib
0x000000000b3c4000 	/System/Library/Frameworks/OpenGL.framework/Versions/A/Libraries/libCoreVMClient.dylib
0x000000000b3c4000 	/usr/lib/libcups.2.dylib
0x000000000b3c4000 	/System/Library/Frameworks/Kerberos.framework/Versions/A/Kerberos
0x000000000b3c4000 	/System/Library/Frameworks/GSS.framework/Versions/A/GSS
0x000000000b3c4000 	/usr/lib/libresolv.9.dylib
0x000000000b3c4000 	/usr/lib/libiconv.2.dylib
0x000000000b3c4000 	/System/Library/PrivateFrameworks/Heimdal.framework/Versions/A/Heimdal
0x000000000b3c4000 	/usr/lib/libheimdal-asn1.dylib
0x000000000b3c4000 	/System/Library/Frameworks/OpenDirectory.framework/Versions/A/OpenDirectory
0x000000000b3c4000 	/System/Library/PrivateFrameworks/CommonAuth.framework/Versions/A/CommonAuth
0x000000000b3c4000 	/System/Library/Frameworks/OpenDirectory.framework/Versions/A/Frameworks/CFOpenDirectory.framework/Versions/A/CFOpenDirectory
0x000000000b3c4000 	/System/Library/Frameworks/SecurityFoundation.framework/Versions/A/SecurityFoundation
0x000000000b3c4000 	/System/Library/PrivateFrameworks/LanguageModeling.framework/Versions/A/LanguageModeling
0x000000000b3c4000 	/usr/lib/libcmph.dylib
0x000000000b3c4000 	/System/Library/Frameworks/ServiceManagement.framework/Versions/A/ServiceManagement
0x000000000b3c4000 	/usr/lib/libxslt.1.dylib
0x000000000b3c4000 	/System/Library/Frameworks/Carbon.framework/Versions/A/Frameworks/Ink.framework/Versions/A/Ink
0x000000000b3c4000 	/System/Library/Frameworks/QuartzCore.framework/Versions/A/Frameworks/CoreImage.framework/Versions/A/CoreImage
0x000000000b3c4000 	/System/Library/PrivateFrameworks/CrashReporterSupport.framework/Versions/A/CrashReporterSupport
0x000000000b3c4000 	/System/Library/Frameworks/OpenCL.framework/Versions/A/OpenCL
0x000000000b3c4000 	/System/Library/PrivateFrameworks/FaceCore.framework/Versions/A/FaceCore
0x000000000b3c4000 	/System/Library/PrivateFrameworks/Ubiquity.framework/Versions/A/Ubiquity
0x000000000b3c4000 	/System/Library/PrivateFrameworks/IconServices.framework/Versions/A/IconServices
0x000000000b3c4000 	/System/Library/PrivateFrameworks/ChunkingLibrary.framework/Versions/A/ChunkingLibrary
0x000000000b3c4000 	/System/Library/PrivateFrameworks/Apple80211.framework/Versions/A/Apple80211
0x000000000b3c4000 	/System/Library/Frameworks/CoreWLAN.framework/Versions/A/CoreWLAN
0x000000000b3c4000 	/System/Library/Frameworks/IOBluetooth.framework/Versions/A/IOBluetooth
0x000000000b3c4000 	/System/Library/PrivateFrameworks/CoreWiFi.framework/Versions/A/CoreWiFi
0x000000000b3c4000 	/System/Library/Frameworks/CoreBluetooth.framework/Versions/A/CoreBluetooth
0x000000000b3c4000 	/System/Library/PrivateFrameworks/DebugSymbols.framework/Versions/A/DebugSymbols
0x000000000b3c4000 	/System/Library/PrivateFrameworks/CoreSymbolication.framework/Versions/A/CoreSymbolication
0x000000000b3c4000 	/System/Library/PrivateFrameworks/Symbolication.framework/Versions/A/Symbolication
0x000000000b3c4000 	/System/Library/PrivateFrameworks/SpeechRecognitionCore.framework/Versions/A/SpeechRecognitionCore
0x000000010ea00000 	/Library/Java/JavaVirtualMachines/jdk1.8.0_73.jdk/Contents/Home/jre/lib/server/libjvm.dylib
0x000000000b3c4000 	/usr/lib/libstdc++.6.dylib
0x000000010d94a000 	/Library/Java/JavaVirtualMachines/jdk1.8.0_73.jdk/Contents/Home/jre/lib/libverify.dylib
0x000000010d958000 	/Library/Java/JavaVirtualMachines/jdk1.8.0_73.jdk/Contents/Home/jre/lib/libjava.dylib
0x000000010d997000 	/Library/Java/JavaVirtualMachines/jdk1.8.0_73.jdk/Contents/Home/jre/lib/libzip.dylib
0x000000012b616000 	/System/Library/Frameworks/JavaVM.framework/Frameworks/JavaRuntimeSupport.framework/JavaRuntimeSupport
0x000000012b62c000 	/System/Library/Frameworks/JavaVM.framework/Versions/A/Frameworks/JavaNativeFoundation.framework/Versions/A/JavaNativeFoundation
0x000000010d9f1000 	/System/Library/Frameworks/JavaVM.framework/Versions/A/JavaVM
0x000000000b3c4000 	/System/Library/Frameworks/Carbon.framework/Versions/A/Carbon
0x000000012b640000 	/System/Library/PrivateFrameworks/JavaLaunching.framework/Versions/A/JavaLaunching
0x000000000b3c4000 	/System/Library/Frameworks/Carbon.framework/Versions/A/Frameworks/CommonPanels.framework/Versions/A/CommonPanels
0x000000000b3c4000 	/System/Library/Frameworks/Carbon.framework/Versions/A/Frameworks/Help.framework/Versions/A/Help
0x000000000b3c4000 	/System/Library/Frameworks/Carbon.framework/Versions/A/Frameworks/ImageCapture.framework/Versions/A/ImageCapture
0x000000000b3c4000 	/System/Library/Frameworks/Carbon.framework/Versions/A/Frameworks/OpenScripting.framework/Versions/A/OpenScripting
0x000000000b3c4000 	/System/Library/Frameworks/Carbon.framework/Versions/A/Frameworks/Print.framework/Versions/A/Print
0x000000000b3c4000 	/System/Library/Frameworks/Carbon.framework/Versions/A/Frameworks/SecurityHI.framework/Versions/A/SecurityHI
0x000000012d63c000 	/Library/Java/JavaVirtualMachines/jdk1.8.0_73.jdk/Contents/Home/jre/lib/libawt.dylib
0x000000012d6e4000 	/Library/Java/JavaVirtualMachines/jdk1.8.0_73.jdk/Contents/Home/jre/lib/./libmlib_image.dylib
0x000000012d7b0000 	/Library/Java/JavaVirtualMachines/jdk1.8.0_73.jdk/Contents/Home/jre/lib/libawt_lwawt.dylib
0x000000012d865000 	/Library/Java/JavaVirtualMachines/jdk1.8.0_73.jdk/Contents/Home/jre/lib/./libosxapp.dylib
0x000000000b3c4000 	/System/Library/Frameworks/ExceptionHandling.framework/Versions/A/ExceptionHandling
0x000000000b3c4000 	/System/Library/PrivateFrameworks/CoreServicesInternal.framework/Versions/A/CoreServicesInternal
0x000000000b3c4000 	/System/Library/PrivateFrameworks/CloudDocs.framework/Versions/A/CloudDocs
0x000000000b3c4000 	/System/Library/PrivateFrameworks/CoreDuet.framework/Versions/A/CoreDuet
0x000000000b3c4000 	/System/Library/Frameworks/CloudKit.framework/Versions/A/CloudKit
0x000000000b3c4000 	/System/Library/PrivateFrameworks/ProtocolBuffer.framework/Versions/A/ProtocolBuffer
0x000000000b3c4000 	/System/Library/PrivateFrameworks/CoreDuetDaemonProtocol.framework/Versions/A/CoreDuetDaemonProtocol
0x000000000b3c4000 	/System/Library/PrivateFrameworks/CoreDuetDebugLogging.framework/Versions/A/CoreDuetDebugLogging
0x000000000b3c4000 	/System/Library/PrivateFrameworks/MMCS.framework/Versions/A/MMCS
0x000000000b3c4000 	/System/Library/Frameworks/CoreLocation.framework/Versions/A/CoreLocation
0x000000000b3c4000 	/System/Library/PrivateFrameworks/ProtectedCloudStorage.framework/Versions/A/ProtectedCloudStorage
0x000000000b3c4000 	/System/Library/PrivateFrameworks/GeoServices.framework/Versions/A/GeoServices
0x000000000b3c4000 	/System/Library/Frameworks/CoreGraphics.framework/Versions/A/Resources/libCGCMS.A.dylib
0x000000000b3c4000 	/System/Library/Frameworks/CoreGraphics.framework/Versions/A/Resources/libRIP.A.dylib
0x000000000b3c4000 	/System/Library/Frameworks/CoreGraphics.framework/Versions/A/Resources/libCGXType.A.dylib
0x000000000b3c4000 	/System/Library/Frameworks/OpenCL.framework/Versions/A/Libraries/libcldcpuengine.dylib
0x000000000b3c4000 	/System/Library/PrivateFrameworks/DiskImages.framework/Versions/A/DiskImages
0x000000000b3c4000 	/System/Library/Frameworks/DiscRecording.framework/Versions/A/DiscRecording
0x000000000b3c4000 	/usr/lib/libcsfde.dylib
0x000000000b3c4000 	/usr/lib/libcurl.4.dylib
0x000000000b3c4000 	/System/Library/PrivateFrameworks/MediaKit.framework/Versions/A/MediaKit
0x000000000b3c4000 	/usr/lib/libCoreStorage.dylib
0x000000000b3c4000 	/System/Library/PrivateFrameworks/EFILogin.framework/Versions/A/EFILogin
0x000000000b3c4000 	/usr/lib/libutil.dylib
0x000000000b3c4000 	/System/Library/PrivateFrameworks/FindMyDevice.framework/Versions/A/FindMyDevice
0x000000000b3c4000 	/System/Library/Frameworks/LDAP.framework/Versions/A/LDAP
0x000000000b3c4000 	/usr/lib/libsasl2.2.dylib
0x000000000b3c4000 	/System/Library/PrivateFrameworks/CoreDaemon.framework/Versions/B/CoreDaemon
0x000000000b3c4000 	/usr/lib/libcrypto.0.9.8.dylib
0x000000000b3c4000 	/System/Library/PrivateFrameworks/AppleSRP.framework/Versions/A/AppleSRP
0x000000000b3c4000 	/System/Library/PrivateFrameworks/TrustEvaluationAgent.framework/Versions/A/TrustEvaluationAgent
0x000000013093b000 	cl_kernels
0x000000013093d000 	/System/Library/Frameworks/OpenCL.framework/Versions/A/Libraries/ImageFormats/unorm8_bgra.dylib
0x000000013092d000 	cl_kernels
0x000000000b3c4000 	/System/Library/PrivateFrameworks/FamilyControls.framework/Versions/A/FamilyControls
0x000000000b3c4000 	/System/Library/PrivateFrameworks/CommerceKit.framework/Versions/A/Frameworks/CommerceCore.framework/Versions/A/CommerceCore
0x000000000b3c4000 	/System/Library/PrivateFrameworks/SystemAdministration.framework/Versions/A/SystemAdministration
0x000000000b3c4000 	/System/Library/PrivateFrameworks/AppContainer.framework/Versions/A/AppContainer
0x000000000b3c4000 	/System/Library/PrivateFrameworks/SecCodeWrapper.framework/Versions/A/SecCodeWrapper
0x000000000b3c4000 	/System/Library/Frameworks/DirectoryService.framework/Versions/A/DirectoryService
0x000000000b3c4000 	/System/Library/PrivateFrameworks/LoginUIKit.framework/Versions/A/Frameworks/LoginUICore.framework/Versions/A/LoginUICore
0x000000000b3c4000 	/usr/lib/libodfde.dylib
0x000000000b3c4000 	/System/Library/Frameworks/OpenGL.framework/Versions/A/Resources/GLEngine.bundle/GLEngine
0x000000000b3c4000 	/System/Library/Frameworks/OpenGL.framework/Versions/A/Libraries/libGLProgrammability.dylib
0x0000000131f0e000 	/System/Library/Extensions/AppleIntelHD5000GraphicsGLDriver.bundle/Contents/MacOS/AppleIntelHD5000GraphicsGLDriver
0x000000000b3c4000 	/System/Library/PrivateFrameworks/IOAccelerator.framework/Versions/A/IOAccelerator
0x000000000b3c4000 	/System/Library/PrivateFrameworks/GPUSupport.framework/Versions/A/Libraries/libGPUSupportMercury.dylib
0x000000000b3c4000 	/System/Library/Frameworks/OpenGL.framework/Versions/A/Resources/GLRendererFloat.bundle/GLRendererFloat
0x0000000132f44000 	/Library/Java/JavaVirtualMachines/jdk1.8.0_73.jdk/Contents/Home/jre/lib/libfontmanager.dylib
0x00000001342ce000 	/Library/Java/JavaVirtualMachines/jdk1.8.0_73.jdk/Contents/Home/jre/lib/libosxui.dylib
0x0000000134562000 	/Library/Java/JavaVirtualMachines/jdk1.8.0_73.jdk/Contents/Home/jre/lib/libnet.dylib
0x000000013430e000 	/Library/Java/JavaVirtualMachines/jdk1.8.0_73.jdk/Contents/Home/jre/lib/libnio.dylib
0x000000000b3c4000 	/System/Library/Frameworks/ApplicationServices.framework/Versions/A/Frameworks/ATS.framework/Versions/A/Resources/libTrueTypeScaler.dylib
0x000000017facd000 	/private/var/folders/88/rn0nzmd518s0659qz29bsj6m0000gn/T/jogamp_0000/file_cache/jln579528722767426161/jln1964674173637580916/libgluegen-rt.jnilib
0x000000017fad2000 	/private/var/folders/88/rn0nzmd518s0659qz29bsj6m0000gn/T/jogamp_0000/file_cache/jln579528722767426161/jln1964674173637580916/libnativewindow_awt.jnilib
0x000000017fad5000 	/Library/Java/JavaVirtualMachines/jdk1.8.0_73.jdk/Contents/Home/jre/lib/libjawt.dylib
0x000000017fad8000 	/private/var/folders/88/rn0nzmd518s0659qz29bsj6m0000gn/T/jogamp_0000/file_cache/jln579528722767426161/jln1964674173637580916/libnativewindow_macosx.jnilib
0x000000017fbd2000 	/private/var/folders/88/rn0nzmd518s0659qz29bsj6m0000gn/T/jogamp_0000/file_cache/jln579528722767426161/jln1964674173637580916/libjogl_desktop.jnilib
0x0000000180082000 	/Library/Java/JavaVirtualMachines/jdk1.8.0_73.jdk/Contents/Home/jre/lib/libt2k.dylib

VM Arguments:
jvm_args: -Djava.security.policy=java.policy.applet -Dfile.encoding=UTF-8 
java_command: sun.applet.AppletViewer module5.EarthquakeCityMap1458617357409.html
java_class_path (initial): /Users/jb/Documents/GitHub/Java_Programming/UCSDUnfoldingMaps/build:/Users/jb/Documents/GitHub/Java_Programming/UCSDUnfoldingMaps/lib/core.jar:/Users/jb/Documents/GitHub/Java_Programming/UCSDUnfoldingMaps/lib/gluegen-rt.jar:/Users/jb/Documents/GitHub/Java_Programming/UCSDUnfoldingMaps/lib/jogl-all.jar:/Users/jb/Documents/GitHub/Java_Programming/UCSDUnfoldingMaps/lib/log4j-1.2.15.jar:/Users/jb/Documents/GitHub/Java_Programming/UCSDUnfoldingMaps/lib/sqlite-jdbc-3.7.2.jar:/Users/jb/Documents/GitHub/Java_Programming/UCSDUnfoldingMaps/lib/json4processing.jar:/Users/jb/Documents/GitHub/Java_Programming/UCSDUnfoldingMaps/lib/libTUIO.jar:/Users/jb/Documents/GitHub/Java_Programming/UCSDUnfoldingMaps/lib/unfolding.0.9.7-uscd.jar
Launcher Type: SUN_STANDARD

Environment Variables:
PATH=/usr/bin:/bin:/usr/sbin:/sbin
SHELL=/bin/bash

Signal Handlers:
SIGSEGV: [libjvm.dylib+0x5a71a5], sa_mask[0]=11111111011111110111111111111111, sa_flags=SA_ONSTACK|SA_RESTART|SA_SIGINFO
SIGBUS: [libjvm.dylib+0x5a71a5], sa_mask[0]=11111111011111110111111111111111, sa_flags=SA_RESTART|SA_SIGINFO
SIGFPE: [libjvm.dylib+0x480eb4], sa_mask[0]=11111111011111110111111111111111, sa_flags=SA_RESTART|SA_SIGINFO
SIGPIPE: [libjvm.dylib+0x480eb4], sa_mask[0]=11111111011111110111111111111111, sa_flags=SA_RESTART|SA_SIGINFO
SIGXFSZ: [libjvm.dylib+0x480eb4], sa_mask[0]=11111111011111110111111111111111, sa_flags=SA_RESTART|SA_SIGINFO
SIGILL: [libjvm.dylib+0x480eb4], sa_mask[0]=11111111011111110111111111111111, sa_flags=SA_RESTART|SA_SIGINFO
SIGUSR1: SIG_DFL, sa_mask[0]=00000000000000000000000000000000, sa_flags=none
SIGUSR2: [libjvm.dylib+0x4809d2], sa_mask[0]=00100000000000000000000000000000, sa_flags=SA_RESTART|SA_SIGINFO
SIGHUP: [libjvm.dylib+0x47efa9], sa_mask[0]=11111111011111110111111111111111, sa_flags=SA_RESTART|SA_SIGINFO
SIGINT: [libjvm.dylib+0x47efa9], sa_mask[0]=11111111011111110111111111111111, sa_flags=SA_RESTART|SA_SIGINFO
SIGTERM: [libjvm.dylib+0x47efa9], sa_mask[0]=11111111011111110111111111111111, sa_flags=SA_RESTART|SA_SIGINFO
SIGQUIT: [libjvm.dylib+0x47efa9], sa_mask[0]=11111111011111110111111111111111, sa_flags=SA_RESTART|SA_SIGINFO


---------------  S Y S T E M  ---------------

OS:Bsduname:Darwin 14.5.0 Darwin Kernel Version 14.5.0: Wed Jul 29 02:26:53 PDT 2015; root:xnu-2782.40.9~1/RELEASE_X86_64 x86_64
rlimit: STACK 8192k, CORE 0k, NPROC 709, NOFILE 10240, AS infinity
load average:1.39 1.41 1.47

CPU:total 8 (4 cores per cpu, 2 threads per core) family 6 model 70 stepping 1, cmov, cx8, fxsr, mmx, sse, sse2, sse3, ssse3, sse4.1, sse4.2, popcnt, avx, avx2, aes, clmul, erms, lzcnt, ht, tsc, tscinvbit, bmi1, bmi2

Memory: 4k page, physical 16777216k(92820k free)

/proc/meminfo:


vm_info: Java HotSpot(TM) 64-Bit Server VM (25.73-b02) for bsd-amd64 JRE (1.8.0_73-b02), built on Jan 29 2016 15:02:00 by "java_re" with gcc 4.2.1 (Based on Apple Inc. build 5658) (LLVM build 2336.11.00)

time: Mon Mar 21 23:31:40 2016
elapsed time: 143 seconds (0d 0h 2m 23s)

