#
# A fatal error has been detected by the Java Runtime Environment:
#
#  SIGSEGV (0xb) at pc=0x00007fff963a50e9, pid=4782, tid=1811
#
# JRE version: Java(TM) SE Runtime Environment (8.0_73-b02) (build 1.8.0_73-b02)
# Java VM: Java HotSpot(TM) 64-Bit Server VM (25.73-b02 mixed mode bsd-amd64 compressed oops)
# Problematic frame:
# C  [libobjc.A.dylib+0x10e9]  objc_msgSend+0x29
#
# Failed to write core dump. Core dumps have been disabled. To enable core dumping, try "ulimit -c unlimited" before starting Java again
#
# If you would like to submit a bug report, please visit:
#   http://bugreport.java.com/bugreport/crash.jsp
# The crash happened outside the Java Virtual Machine in native code.
# See problematic frame for where to report the bug.
#

---------------  T H R E A D  ---------------

Current thread (0x00007fe71190b800):  JavaThread "AWT-AppKit" daemon [_thread_in_native, id=1811, stack(0x00007fff57f8e000,0x00007fff5878e000)]

siginfo: si_signo: 11 (SIGSEGV), si_code: 1 (SEGV_MAPERR), si_addr: 0x00000000058a4080

Registers:
RAX=0x00007fe717e3d1b0, RBX=0x000000017972e450, RCX=0x000000012df7e1c0, RDX=0x000000012df7e680
RSP=0x00007fff58789498, RBP=0x00007fff58789550, RSI=0x00007fff915aa40f, RDI=0x00007fe71799c430
R8 =0x0000000000000000, R9 =0x0000000000000f50, R10=0x00000000058a4080, R11=0x0000000122f8a460
R12=0x0000000000000000, R13=0x000000017e04b978, R14=0x000000017972e440, R15=0x00007fe71190b800
RIP=0x00007fff963a50e9, EFLAGS=0x0000000000010202, ERR=0x0000000000000004
  TRAPNO=0x000000000000000e

Top of Stack: (sp=0x00007fff58789498)
0x00007fff58789498:   000000017972c157 00007fff587894f0
0x00007fff587894a8:   0000000000000003 00007fff587894d0
0x00007fff587894b8:   00000001087f1646 000000017e04b978
0x00007fff587894c8:   000000017e04b978 00007fe717e3d1b0
0x00007fff587894d8:   000000017972e6a0 000000017972e710
0x00007fff587894e8:   00007fff7d026550 00007fff7c012c80
0x00007fff587894f8:   000000017972e450 000000017972e690
0x00007fff58789508:   00007fe717e3d1b0 00007fe71799c430
0x00007fff58789518:   00007fe71175a410 00007fe717e3d1b0
0x00007fff58789528:   00007fe71799c430 00007fff587895d8
0x00007fff58789538:   00007fe71190b9f8 000000017e04b978
0x00007fff58789548:   00007fff58789600 00007fff587895c8
0x00007fff58789558:   00000001096a5954 000000017e04b978
0x00007fff58789568:   00007fff58789600 00007fff587895c8
0x00007fff58789578:   00000001096a56e7 00000001096a56a2
0x00007fff58789588:   00007fff58789588 000000017e04b978
0x00007fff58789598:   00007fff58789600 000000017e06f028
0x00007fff587895a8:   0000000000000000 000000017e04b978
0x00007fff587895b8:   0000000000000000 00007fff587895e8
0x00007fff587895c8:   00007fff58789648 0000000109697c4d
0x00007fff587895d8:   00000006c00b0120 000000010969f578
0x00007fff587895e8:   00007fe717e3d1b0 00007fff58789648
0x00007fff587895f8:   00007fe71799c430 00000001096a0d82
0x00007fff58789608:   00007fff58789608 000000017e04bb42
0x00007fff58789618:   00007fff58789670 000000017e06f028
0x00007fff58789628:   0000000000000000 000000017e04bb50
0x00007fff58789638:   00007fff587895e8 00007fff58789658
0x00007fff58789648:   00007fff587896b8 0000000109697c4d
0x00007fff58789658:   00007fe717e3d1b0 00000006c0031a60
0x00007fff58789668:   00007fe71799c430 00000006c0031a60
0x00007fff58789678:   00007fff58789678 0000000183b22776
0x00007fff58789688:   00007fff587896c8 0000000183b22830 

Instructions: (pc=0x00007fff963a50e9)
0x00007fff963a50c9:   01 2e 75 7e 49 bb f8 ff ff ff ff 7f 00 00 4c 23
0x00007fff963a50d9:   1f 49 89 f2 45 23 53 18 49 c1 e2 04 4d 03 53 10
0x00007fff963a50e9:   49 3b 32 75 04 41 ff 62 08 49 83 3a 00 74 6a 4d
0x00007fff963a50f9:   3b 53 10 74 0d 49 83 ea 10 49 3b 32 75 eb 41 ff 

Register to memory mapping:

RAX=0x00007fe717e3d1b0 is an unknown value
RBX=0x000000017972e450: Java_jogamp_nativewindow_macosx_OSXUtil_GetScreenRefreshRate0+0x1cf0 in /private/var/folders/88/rn0nzmd518s0659qz29bsj6m0000gn/T/jogamp_0000/file_cache/jln255668222328585135/jln7493953096054360816/libnativewindow_macosx.jnilib at 0x0000000179727000
RCX=0x000000012df7e1c0 is an unknown value
RDX=0x000000012df7e680 is an unknown value
RSP=0x00007fff58789498 is pointing into the stack for thread: 0x00007fe71190b800
RBP=0x00007fff58789550 is pointing into the stack for thread: 0x00007fe71190b800
RSI=0x00007fff915aa40f is an unknown value
RDI=0x00007fe71799c430 is an unknown value
R8 =0x0000000000000000 is an unknown value
R9 =0x0000000000000f50 is an unknown value
R10=0x00000000058a4080 is an unknown value
R11={method} {0x0000000122f8a460} 'getCodePointAdvance' '(I)F' in 'sun/font/CStrike'
R12=0x0000000000000000 is an unknown value
R13={method} {0x000000017e04b978} 'UnsetJAWTRootSurfaceLayer0' '(JJ)V' in 'jogamp/nativewindow/jawt/macosx/MacOSXJAWTWindow'
R14=0x000000017972e440: Java_jogamp_nativewindow_macosx_OSXUtil_GetScreenRefreshRate0+0x1ce0 in /private/var/folders/88/rn0nzmd518s0659qz29bsj6m0000gn/T/jogamp_0000/file_cache/jln255668222328585135/jln7493953096054360816/libnativewindow_macosx.jnilib at 0x0000000179727000
R15=0x00007fe71190b800 is a thread


Stack: [0x00007fff57f8e000,0x00007fff5878e000],  sp=0x00007fff58789498,  free space=8173k
Native frames: (J=compiled Java code, j=interpreted, Vv=VM code, C=native code)
C  [libobjc.A.dylib+0x10e9]  objc_msgSend+0x29
j  jogamp.nativewindow.jawt.macosx.MacOSXJAWTWindow.UnsetJAWTRootSurfaceLayer0(JJ)V+0
j  jogamp.nativewindow.jawt.macosx.MacOSXJAWTWindow.access$200(JJ)V+2
j  jogamp.nativewindow.jawt.macosx.MacOSXJAWTWindow$1.run()V+38
J 3213 C1 com.jogamp.common.util.RunnableTask.run()V (345 bytes) @ 0x000000010a187bd4 [0x000000010a187a40+0x194]
v  ~StubRoutines::call_stub
V  [libjvm.dylib+0x2eae7a]
V  [libjvm.dylib+0x321f83]
V  [libjvm.dylib+0x314757]
C  [libnativewindow_macosx.jnilib+0x5326]  Java_jogamp_nativewindow_jawt_macosx_MacOSXJAWTWindow_UnsetJAWTRootSurfaceLayer0+0x2b6
C  [Foundation+0x92dd0]  __NSThreadPerformPerform+0x125
C  [CoreFoundation+0x80a01]  __CFRUNLOOP_IS_CALLING_OUT_TO_A_SOURCE0_PERFORM_FUNCTION__+0x11
C  [CoreFoundation+0x72b8d]  __CFRunLoopDoSources0+0x10d
C  [CoreFoundation+0x721bf]  __CFRunLoopRun+0x39f
C  [CoreFoundation+0x71bd8]  CFRunLoopRunSpecific+0x128
C  [HIToolbox+0x3256f]  RunCurrentEventLoopInMode+0xeb
C  [HIToolbox+0x321ee]  ReceiveNextEventCommon+0xb3
C  [HIToolbox+0x3212b]  _BlockUntilNextEventMatchingListInModeWithFilter+0x47
C  [AppKit+0x918ab]  _DPSNextEvent+0x3d2
C  [AppKit+0x90e58]  -[NSApplication nextEventMatchingMask:untilDate:inMode:dequeue:]+0x15a
C  [libosxapp.dylib+0x23aa]  -[NSApplicationAWT nextEventMatchingMask:untilDate:inMode:dequeue:]+0x7c
C  [AppKit+0x86af3]  -[NSApplication run]+0x252
C  [libosxapp.dylib+0x214d]  +[NSApplicationAWT runAWTLoopWithApp:]+0x9c
C  [libawt_lwawt.dylib+0x4455b]  -[AWTStarter starter:]+0x389
C  [Foundation+0x92dd0]  __NSThreadPerformPerform+0x125
C  [CoreFoundation+0x80a01]  __CFRUNLOOP_IS_CALLING_OUT_TO_A_SOURCE0_PERFORM_FUNCTION__+0x11
C  [CoreFoundation+0x72b8d]  __CFRunLoopDoSources0+0x10d
C  [CoreFoundation+0x721bf]  __CFRunLoopRun+0x39f
C  [CoreFoundation+0x71bd8]  CFRunLoopRunSpecific+0x128
C  [java+0x6463]  CreateExecutionEnvironment+0x367
C  [java+0x21ac]  JLI_Launch+0x7a0
C  [java+0x84c0]  main+0x65
C  [java+0x1a04]  start+0x34
C  0x0000000000000007

Java frames: (J=compiled Java code, j=interpreted, Vv=VM code)
j  jogamp.nativewindow.jawt.macosx.MacOSXJAWTWindow.UnsetJAWTRootSurfaceLayer0(JJ)V+0
j  jogamp.nativewindow.jawt.macosx.MacOSXJAWTWindow.access$200(JJ)V+2
j  jogamp.nativewindow.jawt.macosx.MacOSXJAWTWindow$1.run()V+38
J 3213 C1 com.jogamp.common.util.RunnableTask.run()V (345 bytes) @ 0x000000010a187bd4 [0x000000010a187a40+0x194]
v  ~StubRoutines::call_stub

---------------  P R O C E S S  ---------------

Java Threads: ( => current thread )
  0x00007fe71b21d800 JavaThread "Thread-19" [_thread_blocked, id=40255, stack(0x00000001804ed000,0x00000001805ed000)]
  0x00007fe7124db000 JavaThread "Keep-Alive-Timer" daemon [_thread_blocked, id=62755, stack(0x00000001803ea000,0x00000001804ea000)]
  0x00007fe712372800 JavaThread "AWT-EventQueue-1" [_thread_in_native, id=60955, stack(0x000000017a1b5000,0x000000017a2b5000)]
  0x00007fe7129e3800 JavaThread "DestroyJavaVM" [_thread_blocked, id=4867, stack(0x000000010958e000,0x000000010968e000)]
  0x00007fe71297e800 JavaThread "AWT-EventQueue-0" [_thread_blocked, id=58371, stack(0x000000012ddaa000,0x000000012deaa000)]
  0x00007fe712220000 JavaThread "Java2D Disposer" daemon [_thread_blocked, id=55319, stack(0x000000012ca80000,0x000000012cb80000)]
  0x00007fe712912800 JavaThread "Java2D Queue Flusher" daemon [_thread_blocked, id=53767, stack(0x000000012ba4a000,0x000000012bb4a000)]
  0x00007fe711910000 JavaThread "AWT-Shutdown" [_thread_blocked, id=30995, stack(0x0000000128ab2000,0x0000000128bb2000)]
=>0x00007fe71190b800 JavaThread "AWT-AppKit" daemon [_thread_in_native, id=1811, stack(0x00007fff57f8e000,0x00007fff5878e000)]
  0x00007fe712004800 JavaThread "Service Thread" daemon [_thread_blocked, id=20739, stack(0x0000000127073000,0x0000000127173000)]
  0x00007fe712001800 JavaThread "C1 CompilerThread3" daemon [_thread_blocked, id=20227, stack(0x0000000126f70000,0x0000000127070000)]
  0x00007fe711828800 JavaThread "C2 CompilerThread2" daemon [_thread_blocked, id=19715, stack(0x0000000126e6d000,0x0000000126f6d000)]
  0x00007fe711828000 JavaThread "C2 CompilerThread1" daemon [_thread_blocked, id=19203, stack(0x0000000126d6a000,0x0000000126e6a000)]
  0x00007fe712862000 JavaThread "C2 CompilerThread0" daemon [_thread_blocked, id=18691, stack(0x0000000126c67000,0x0000000126d67000)]
  0x00007fe712839800 JavaThread "Signal Dispatcher" daemon [_thread_blocked, id=14859, stack(0x0000000126b64000,0x0000000126c64000)]
  0x00007fe71285e800 JavaThread "Finalizer" daemon [_thread_blocked, id=13571, stack(0x0000000125144000,0x0000000125244000)]
  0x00007fe71285d800 JavaThread "Reference Handler" daemon [_thread_blocked, id=13059, stack(0x0000000125041000,0x0000000125141000)]

Other Threads:
  0x00007fe71285b000 VMThread [stack: 0x0000000124f3e000,0x000000012503e000] [id=12547]
  0x00007fe711841800 WatcherThread [stack: 0x0000000127176000,0x0000000127276000] [id=21251]

VM state:not at safepoint (normal execution)

VM Mutex/Monitor currently owned by a thread: None

Heap:
 PSYoungGen      total 737280K, used 448181K [0x000000076ab00000, 0x00000007a2680000, 0x00000007c0000000)
  eden space 711680K, 62% used [0x000000076ab00000,0x0000000785dfc220,0x0000000796200000)
  from space 25600K, 10% used [0x0000000796200000,0x00000007964b1330,0x0000000797b00000)
  to   space 25088K, 0% used [0x00000007a0e00000,0x00000007a0e00000,0x00000007a2680000)
 ParOldGen       total 90112K, used 39299K [0x00000006c0000000, 0x00000006c5800000, 0x000000076ab00000)
  object space 90112K, 43% used [0x00000006c0000000,0x00000006c2660e30,0x00000006c5800000)
 Metaspace       used 24023K, capacity 24315K, committed 24576K, reserved 1071104K
  class space    used 2377K, capacity 2482K, committed 2560K, reserved 1048576K

Card table byte_map: [0x0000000118a50000,0x0000000119251000] byte_map_base: 0x0000000115450000

Marking Bits: (ParMarkBitMap*) 0x0000000108ee3ea0
 Begin Bits: [0x0000000119fbf000, 0x000000011dfbf000)
 End Bits:   [0x000000011dfbf000, 0x0000000121fbf000)

Polling page: 0x00000001075cb000

CodeCache: size=245760Kb used=11633Kb max_used=11640Kb free=234126Kb
 bounds [0x0000000109690000, 0x000000010a200000, 0x0000000118690000]
 total_blobs=4258 nmethods=3340 adapters=831
 compilation: enabled

Compilation events (10 events):
Event: 11.535 Thread 0x00007fe712001800 3341       3       sun.awt.SunHints$Key::isCompatibleValue (18 bytes)
Event: 11.535 Thread 0x00007fe712001800 nmethod 3341 0x000000010a1f6f50 code [0x000000010a1f70e0, 0x000000010a1f7590]
Event: 11.535 Thread 0x00007fe712001800 3342       3       sun.awt.SunHints$Value::isCompatibleKey (14 bytes)
Event: 11.535 Thread 0x00007fe712001800 nmethod 3342 0x000000010a1e6810 code [0x000000010a1e6980, 0x000000010a1e6b30]
Event: 11.536 Thread 0x00007fe712001800 3343       3       java.awt.geom.AffineTransform::getTranslateX (5 bytes)
Event: 11.536 Thread 0x00007fe712001800 nmethod 3343 0x000000010a1e6510 code [0x000000010a1e6660, 0x000000010a1e67b0]
Event: 11.536 Thread 0x00007fe712001800 3344       3       java.awt.geom.AffineTransform::getTranslateY (5 bytes)
Event: 11.536 Thread 0x00007fe712001800 nmethod 3344 0x000000010a1e6210 code [0x000000010a1e6360, 0x000000010a1e64b0]
Event: 11.536 Thread 0x00007fe712001800 3345       3       sun.java2d.pipe.RenderBuffer::putFloat (26 bytes)
Event: 11.536 Thread 0x00007fe712001800 nmethod 3345 0x000000010a1e5e50 code [0x000000010a1e5fc0, 0x000000010a1e6150]

GC Heap History (10 events):
Event: 6.636 GC heap before
{Heap before GC invocations=12 (full 1):
 PSYoungGen      total 463872K, used 449732K [0x000000076ab00000, 0x0000000789380000, 0x00000007c0000000)
  eden space 446976K, 100% used [0x000000076ab00000,0x0000000785f80000,0x0000000785f80000)
  from space 16896K, 16% used [0x0000000788300000,0x00000007885b1330,0x0000000789380000)
  to   space 26624K, 0% used [0x0000000785f80000,0x0000000785f80000,0x0000000787980000)
 ParOldGen       total 90112K, used 39195K [0x00000006c0000000, 0x00000006c5800000, 0x000000076ab00000)
  object space 90112K, 43% used [0x00000006c0000000,0x00000006c2646e30,0x00000006c5800000)
 Metaspace       used 23806K, capacity 24123K, committed 24320K, reserved 1071104K
  class space    used 2369K, capacity 2482K, committed 2560K, reserved 1048576K
Event: 6.639 GC heap after
Heap after GC invocations=12 (full 1):
 PSYoungGen      total 473600K, used 2692K [0x000000076ab00000, 0x0000000792100000, 0x00000007c0000000)
  eden space 446976K, 0% used [0x000000076ab00000,0x000000076ab00000,0x0000000785f80000)
  from space 26624K, 10% used [0x0000000785f80000,0x0000000786221330,0x0000000787980000)
  to   space 26624K, 0% used [0x0000000790700000,0x0000000790700000,0x0000000792100000)
 ParOldGen       total 90112K, used 39219K [0x00000006c0000000, 0x00000006c5800000, 0x000000076ab00000)
  object space 90112K, 43% used [0x00000006c0000000,0x00000006c264ce30,0x00000006c5800000)
 Metaspace       used 23806K, capacity 24123K, committed 24320K, reserved 1071104K
  class space    used 2369K, capacity 2482K, committed 2560K, reserved 1048576K
}
Event: 7.416 GC heap before
{Heap before GC invocations=13 (full 1):
 PSYoungGen      total 473600K, used 449668K [0x000000076ab00000, 0x0000000792100000, 0x00000007c0000000)
  eden space 446976K, 100% used [0x000000076ab00000,0x0000000785f80000,0x0000000785f80000)
  from space 26624K, 10% used [0x0000000785f80000,0x0000000786221330,0x0000000787980000)
  to   space 26624K, 0% used [0x0000000790700000,0x0000000790700000,0x0000000792100000)
 ParOldGen       total 90112K, used 39219K [0x00000006c0000000, 0x00000006c5800000, 0x000000076ab00000)
  object space 90112K, 43% used [0x00000006c0000000,0x00000006c264ce30,0x00000006c5800000)
 Metaspace       used 23842K, capacity 24123K, committed 24320K, reserved 1071104K
  class space    used 2369K, capacity 2482K, committed 2560K, reserved 1048576K
Event: 7.419 GC heap after
Heap after GC invocations=13 (full 1):
 PSYoungGen      total 590848K, used 2756K [0x000000076ab00000, 0x0000000791380000, 0x00000007c0000000)
  eden space 578048K, 0% used [0x000000076ab00000,0x000000076ab00000,0x000000078df80000)
  from space 12800K, 21% used [0x0000000790700000,0x00000007909b1330,0x0000000791380000)
  to   space 26624K, 0% used [0x000000078df80000,0x000000078df80000,0x000000078f980000)
 ParOldGen       total 90112K, used 39243K [0x00000006c0000000, 0x00000006c5800000, 0x000000076ab00000)
  object space 90112K, 43% used [0x00000006c0000000,0x00000006c2652e30,0x00000006c5800000)
 Metaspace       used 23842K, capacity 24123K, committed 24320K, reserved 1071104K
  class space    used 2369K, capacity 2482K, committed 2560K, reserved 1048576K
}
Event: 8.453 GC heap before
{Heap before GC invocations=14 (full 1):
 PSYoungGen      total 590848K, used 580804K [0x000000076ab00000, 0x0000000791380000, 0x00000007c0000000)
  eden space 578048K, 100% used [0x000000076ab00000,0x000000078df80000,0x000000078df80000)
  from space 12800K, 21% used [0x0000000790700000,0x00000007909b1330,0x0000000791380000)
  to   space 26624K, 0% used [0x000000078df80000,0x000000078df80000,0x000000078f980000)
 ParOldGen       total 90112K, used 39243K [0x00000006c0000000, 0x00000006c5800000, 0x000000076ab00000)
  object space 90112K, 43% used [0x00000006c0000000,0x00000006c2652e30,0x00000006c5800000)
 Metaspace       used 23914K, capacity 24251K, committed 24576K, reserved 1071104K
  class space    used 2369K, capacity 2482K, committed 2560K, reserved 1048576K
Event: 8.456 GC heap after
Heap after GC invocations=14 (full 1):
 PSYoungGen      total 604672K, used 2756K [0x000000076ab00000, 0x000000079a500000, 0x00000007c0000000)
  eden space 578048K, 0% used [0x000000076ab00000,0x000000076ab00000,0x000000078df80000)
  from space 26624K, 10% used [0x000000078df80000,0x000000078e231330,0x000000078f980000)
  to   space 26112K, 0% used [0x0000000798b80000,0x0000000798b80000,0x000000079a500000)
 ParOldGen       total 90112K, used 39283K [0x00000006c0000000, 0x00000006c5800000, 0x000000076ab00000)
  object space 90112K, 43% used [0x00000006c0000000,0x00000006c265ce30,0x00000006c5800000)
 Metaspace       used 23914K, capacity 24251K, committed 24576K, reserved 1071104K
  class space    used 2369K, capacity 2482K, committed 2560K, reserved 1048576K
}
Event: 9.457 GC heap before
{Heap before GC invocations=15 (full 1):
 PSYoungGen      total 604672K, used 580804K [0x000000076ab00000, 0x000000079a500000, 0x00000007c0000000)
  eden space 578048K, 100% used [0x000000076ab00000,0x000000078df80000,0x000000078df80000)
  from space 26624K, 10% used [0x000000078df80000,0x000000078e231330,0x000000078f980000)
  to   space 26112K, 0% used [0x0000000798b80000,0x0000000798b80000,0x000000079a500000)
 ParOldGen       total 90112K, used 39283K [0x00000006c0000000, 0x00000006c5800000, 0x000000076ab00000)
  object space 90112K, 43% used [0x00000006c0000000,0x00000006c265ce30,0x00000006c5800000)
 Metaspace       used 23937K, capacity 24251K, committed 24576K, reserved 1071104K
  class space    used 2369K, capacity 2482K, committed 2560K, reserved 1048576K
Event: 9.460 GC heap after
Heap after GC invocations=15 (full 1):
 PSYoungGen      total 720384K, used 2756K [0x000000076ab00000, 0x0000000799400000, 0x00000007c0000000)
  eden space 711680K, 0% used [0x000000076ab00000,0x000000076ab00000,0x0000000796200000)
  from space 8704K, 31% used [0x0000000798b80000,0x0000000798e31330,0x0000000799400000)
  to   space 25600K, 0% used [0x0000000796200000,0x0000000796200000,0x0000000797b00000)
 ParOldGen       total 90112K, used 39291K [0x00000006c0000000, 0x00000006c5800000, 0x000000076ab00000)
  object space 90112K, 43% used [0x00000006c0000000,0x00000006c265ee30,0x00000006c5800000)
 Metaspace       used 23937K, capacity 24251K, committed 24576K, reserved 1071104K
  class space    used 2369K, capacity 2482K, committed 2560K, reserved 1048576K
}
Event: 10.801 GC heap before
{Heap before GC invocations=16 (full 1):
 PSYoungGen      total 720384K, used 714436K [0x000000076ab00000, 0x0000000799400000, 0x00000007c0000000)
  eden space 711680K, 100% used [0x000000076ab00000,0x0000000796200000,0x0000000796200000)
  from space 8704K, 31% used [0x0000000798b80000,0x0000000798e31330,0x0000000799400000)
  to   space 25600K, 0% used [0x0000000796200000,0x0000000796200000,0x0000000797b00000)
 ParOldGen       total 90112K, used 39291K [0x00000006c0000000, 0x00000006c5800000, 0x000000076ab00000)
  object space 90112K, 43% used [0x00000006c0000000,0x00000006c265ee30,0x00000006c5800000)
 Metaspace       used 23973K, capacity 24251K, committed 24576K, reserved 1071104K
  class space    used 2369K, capacity 2482K, committed 2560K, reserved 1048576K
Event: 10.806 GC heap after
Heap after GC invocations=16 (full 1):
 PSYoungGen      total 737280K, used 2756K [0x000000076ab00000, 0x00000007a2680000, 0x00000007c0000000)
  eden space 711680K, 0% used [0x000000076ab00000,0x000000076ab00000,0x0000000796200000)
  from space 25600K, 10% used [0x0000000796200000,0x00000007964b1330,0x0000000797b00000)
  to   space 25088K, 0% used [0x00000007a0e00000,0x00000007a0e00000,0x00000007a2680000)
 ParOldGen       total 90112K, used 39299K [0x00000006c0000000, 0x00000006c5800000, 0x000000076ab00000)
  object space 90112K, 43% used [0x00000006c0000000,0x00000006c2660e30,0x00000006c5800000)
 Metaspace       used 23973K, capacity 24251K, committed 24576K, reserved 1071104K
  class space    used 2369K, capacity 2482K, committed 2560K, reserved 1048576K
}

Deoptimization events (10 events):
Event: 3.543 Thread 0x00007fe712537000 Uncommon trap: reason=class_check action=maybe_recompile pc=0x0000000109dc0ebc method=processing.core.PImage.<init>(Ljava/awt/Image;)V @ 15
Event: 3.556 Thread 0x00007fe712592800 Uncommon trap: reason=class_check action=maybe_recompile pc=0x0000000109dc0ebc method=processing.core.PImage.<init>(Ljava/awt/Image;)V @ 15
Event: 11.470 Thread 0x00007fe712372800 Uncommon trap: reason=unstable_if action=reinterpret pc=0x000000010a07a228 method=com.jogamp.common.util.VersionNumber.compareTo(Lcom/jogamp/common/util/VersionNumber;)I @ 21
Event: 11.474 Thread 0x00007fe71297e800 Uncommon trap: reason=unstable_if action=reinterpret pc=0x000000010a17f0f0 method=java.awt.font.FontRenderContext.equals(Ljava/awt/font/FontRenderContext;)Z @ 2
Event: 11.517 Thread 0x00007fe711938800 Uncommon trap: reason=class_check action=maybe_recompile pc=0x0000000109adaad8 method=java.util.HashMap.putVal(ILjava/lang/Object;Ljava/lang/Object;ZZ)Ljava/lang/Object; @ 91
Event: 11.517 Thread 0x00007fe711938800 Uncommon trap: reason=class_check action=maybe_recompile pc=0x0000000109adaad8 method=java.util.HashMap.putVal(ILjava/lang/Object;Ljava/lang/Object;ZZ)Ljava/lang/Object; @ 91
Event: 11.517 Thread 0x00007fe711938800 Uncommon trap: reason=class_check action=maybe_recompile pc=0x0000000109adaad8 method=java.util.HashMap.putVal(ILjava/lang/Object;Ljava/lang/Object;ZZ)Ljava/lang/Object; @ 91
Event: 11.517 Thread 0x00007fe711938800 Uncommon trap: reason=class_check action=maybe_recompile pc=0x0000000109adaad8 method=java.util.HashMap.putVal(ILjava/lang/Object;Ljava/lang/Object;ZZ)Ljava/lang/Object; @ 91
Event: 11.517 Thread 0x00007fe711938800 Uncommon trap: reason=class_check action=maybe_recompile pc=0x0000000109a8b3ec method=java.util.HashMap.putVal(ILjava/lang/Object;Ljava/lang/Object;ZZ)Ljava/lang/Object; @ 91
Event: 11.535 Thread 0x00007fe71b21d800 Uncommon trap: reason=predicate action=maybe_recompile pc=0x000000010a18f974 method=java.util.Vector.indexOf(Ljava/lang/Object;I)I @ 44

Internal exceptions (10 events):
Event: 0.114 Thread 0x00007fe712001000 Exception <a 'java/lang/NoSuchFieldError': method resolution failed> (0x000000076aeeee48) thrown at [/HUDSON3/workspace/8-2-build-macosx-x86_64/jdk8u73/6086/hotspot/src/share/vm/prims/methodHandles.cpp, line 1146]
Event: 0.116 Thread 0x00007fe712001000 Exception <a 'java/lang/NoSuchFieldError': method resolution failed> (0x000000076aefc618) thrown at [/HUDSON3/workspace/8-2-build-macosx-x86_64/jdk8u73/6086/hotspot/src/share/vm/prims/methodHandles.cpp, line 1146]
Event: 0.274 Thread 0x00007fe712001000 Exception <a 'java/io/FileNotFoundException'> (0x000000076af78308) thrown at [/HUDSON3/workspace/8-2-build-macosx-x86_64/jdk8u73/6086/hotspot/src/share/vm/prims/jni.cpp, line 709]
Event: 0.274 Thread 0x00007fe712001000 Exception <a 'java/io/FileNotFoundException'> (0x000000076af78e30) thrown at [/HUDSON3/workspace/8-2-build-macosx-x86_64/jdk8u73/6086/hotspot/src/share/vm/prims/jni.cpp, line 709]
Event: 0.390 Thread 0x00007fe712001000 Exception <a 'java/io/FileNotFoundException'> (0x000000076b00e860) thrown at [/HUDSON3/workspace/8-2-build-macosx-x86_64/jdk8u73/6086/hotspot/src/share/vm/prims/jni.cpp, line 709]
Event: 1.468 Thread 0x00007fe7129e4800 Exception <a 'java/lang/UnsatisfiedLinkError': com.jogamp.common.util.JarUtil.fixNativeLibAttribs(Ljava/lang/String;)Z> (0x000000076c8b1218) thrown at [/HUDSON3/workspace/8-2-build-macosx-x86_64/jdk8u73/6086/hotspot/src/share/vm/prims/nativeLookup.cpp, li
Event: 2.547 Thread 0x00007fe71285e800 Exception <a 'java/lang/NullPointerException'> (0x000000076af70390) thrown at [/HUDSON3/workspace/8-2-build-macosx-x86_64/jdk8u73/6086/hotspot/src/share/vm/interpreter/linkResolver.cpp, line 1178]
Event: 2.588 Thread 0x00007fe712372800 Exception <a 'java/io/FileNotFoundException'> (0x000000076b413960) thrown at [/HUDSON3/workspace/8-2-build-macosx-x86_64/jdk8u73/6086/hotspot/src/share/vm/prims/jni.cpp, line 709]
Event: 2.588 Thread 0x00007fe712372800 Exception <a 'java/io/FileNotFoundException'> (0x000000076b41a028) thrown at [/HUDSON3/workspace/8-2-build-macosx-x86_64/jdk8u73/6086/hotspot/src/share/vm/prims/jni.cpp, line 709]
Event: 2.588 Thread 0x00007fe712372800 Implicit null exception at 0x000000010982f473 to 0x000000010982f82d

Events (10 events):
Event: 11.534 loading class java/awt/event/AWTEventListenerProxy
Event: 11.534 loading class java/awt/event/AWTEventListenerProxy done
Event: 11.535 loading class java/awt/Toolkit$ToolkitEventMulticaster
Event: 11.535 loading class java/awt/Toolkit$ToolkitEventMulticaster done
Event: 11.535 Thread 0x00007fe711938800 Thread exited: 0x00007fe711938800
Event: 11.535 Thread 0x00007fe71b21d800 Uncommon trap: trap_request=0xffffff86 fr.pc=0x000000010a18f974
Event: 11.535 Thread 0x00007fe71b21d800 DEOPT PACKING pc=0x000000010a18f974 sp=0x00000001805ec7e0
Event: 11.535 Thread 0x00007fe71b21d800 DEOPT UNPACKING pc=0x0000000109695229 sp=0x00000001805ec7a0 mode 2
Event: 11.535 loading class java/awt/Window$1DisposeAction
Event: 11.535 loading class java/awt/Window$1DisposeAction done


Dynamic libraries:
0x000000000b3c4000 	/System/Library/Frameworks/Cocoa.framework/Versions/A/Cocoa
0x000000000b3c4000 	/System/Library/Frameworks/Security.framework/Versions/A/Security
0x000000000b3c4000 	/System/Library/Frameworks/ApplicationServices.framework/Versions/A/ApplicationServices
0x000000000b3c4000 	/usr/lib/libz.1.dylib
0x000000000b3c4000 	/usr/lib/libSystem.B.dylib
0x000000000b3c4000 	/usr/lib/libobjc.A.dylib
0x000000000b3c4000 	/System/Library/Frameworks/CoreFoundation.framework/Versions/A/CoreFoundation
0x000000000b3c4000 	/System/Library/Frameworks/Foundation.framework/Versions/C/Foundation
0x000000000b3c4000 	/System/Library/Frameworks/AppKit.framework/Versions/C/AppKit
0x000000000b3c4000 	/System/Library/Frameworks/CoreData.framework/Versions/A/CoreData
0x000000000b3c4000 	/System/Library/PrivateFrameworks/RemoteViewServices.framework/Versions/A/RemoteViewServices
0x000000000b3c4000 	/System/Library/PrivateFrameworks/UIFoundation.framework/Versions/A/UIFoundation
0x000000000b3c4000 	/System/Library/Frameworks/IOSurface.framework/Versions/A/IOSurface
0x000000000b3c4000 	/System/Library/Frameworks/AudioToolbox.framework/Versions/A/AudioToolbox
0x000000000b3c4000 	/System/Library/Frameworks/AudioUnit.framework/Versions/A/AudioUnit
0x000000000b3c4000 	/System/Library/PrivateFrameworks/DataDetectorsCore.framework/Versions/A/DataDetectorsCore
0x000000000b3c4000 	/System/Library/PrivateFrameworks/DesktopServicesPriv.framework/Versions/A/DesktopServicesPriv
0x000000000b3c4000 	/System/Library/Frameworks/Carbon.framework/Versions/A/Frameworks/HIToolbox.framework/Versions/A/HIToolbox
0x000000000b3c4000 	/System/Library/Frameworks/QuartzCore.framework/Versions/A/QuartzCore
0x000000000b3c4000 	/System/Library/Frameworks/Carbon.framework/Versions/A/Frameworks/SpeechRecognition.framework/Versions/A/SpeechRecognition
0x000000000b3c4000 	/usr/lib/libauto.dylib
0x000000000b3c4000 	/usr/lib/libicucore.A.dylib
0x000000000b3c4000 	/usr/lib/libxml2.2.dylib
0x000000000b3c4000 	/System/Library/PrivateFrameworks/CoreUI.framework/Versions/A/CoreUI
0x000000000b3c4000 	/System/Library/Frameworks/CoreAudio.framework/Versions/A/CoreAudio
0x000000000b3c4000 	/System/Library/Frameworks/DiskArbitration.framework/Versions/A/DiskArbitration
0x000000000b3c4000 	/usr/lib/liblangid.dylib
0x000000000b3c4000 	/System/Library/PrivateFrameworks/MultitouchSupport.framework/Versions/A/MultitouchSupport
0x000000000b3c4000 	/System/Library/Frameworks/IOKit.framework/Versions/A/IOKit
0x000000000b3c4000 	/usr/lib/libDiagnosticMessagesClient.dylib
0x000000000b3c4000 	/System/Library/Frameworks/CoreServices.framework/Versions/A/CoreServices
0x000000000b3c4000 	/System/Library/PrivateFrameworks/PerformanceAnalysis.framework/Versions/A/PerformanceAnalysis
0x000000000b3c4000 	/System/Library/PrivateFrameworks/GenerationalStorage.framework/Versions/A/GenerationalStorage
0x000000000b3c4000 	/System/Library/Frameworks/OpenGL.framework/Versions/A/OpenGL
0x000000000b3c4000 	/System/Library/PrivateFrameworks/Sharing.framework/Versions/A/Sharing
0x000000000b3c4000 	/System/Library/Frameworks/CoreGraphics.framework/Versions/A/CoreGraphics
0x000000000b3c4000 	/System/Library/Frameworks/CoreText.framework/Versions/A/CoreText
0x000000000b3c4000 	/System/Library/Frameworks/ImageIO.framework/Versions/A/ImageIO
0x000000000b3c4000 	/usr/lib/libextension.dylib
0x000000000b3c4000 	/System/Library/PrivateFrameworks/Backup.framework/Versions/A/Backup
0x000000000b3c4000 	/usr/lib/libarchive.2.dylib
0x000000000b3c4000 	/System/Library/Frameworks/CFNetwork.framework/Versions/A/CFNetwork
0x000000000b3c4000 	/System/Library/Frameworks/SystemConfiguration.framework/Versions/A/SystemConfiguration
0x000000000b3c4000 	/usr/lib/libCRFSuite.dylib
0x000000000b3c4000 	/usr/lib/libc++.1.dylib
0x000000000b3c4000 	/usr/lib/libc++abi.dylib
0x000000000b3c4000 	/usr/lib/system/libcache.dylib
0x000000000b3c4000 	/usr/lib/system/libcommonCrypto.dylib
0x000000000b3c4000 	/usr/lib/system/libcompiler_rt.dylib
0x000000000b3c4000 	/usr/lib/system/libcopyfile.dylib
0x000000000b3c4000 	/usr/lib/system/libcorecrypto.dylib
0x000000000b3c4000 	/usr/lib/system/libdispatch.dylib
0x000000000b3c4000 	/usr/lib/system/libdyld.dylib
0x000000000b3c4000 	/usr/lib/system/libkeymgr.dylib
0x000000000b3c4000 	/usr/lib/system/liblaunch.dylib
0x000000000b3c4000 	/usr/lib/system/libmacho.dylib
0x000000000b3c4000 	/usr/lib/system/libquarantine.dylib
0x000000000b3c4000 	/usr/lib/system/libremovefile.dylib
0x000000000b3c4000 	/usr/lib/system/libsystem_asl.dylib
0x000000000b3c4000 	/usr/lib/system/libsystem_blocks.dylib
0x000000000b3c4000 	/usr/lib/system/libsystem_c.dylib
0x000000000b3c4000 	/usr/lib/system/libsystem_configuration.dylib
0x000000000b3c4000 	/usr/lib/system/libsystem_coreservices.dylib
0x000000000b3c4000 	/usr/lib/system/libsystem_coretls.dylib
0x000000000b3c4000 	/usr/lib/system/libsystem_dnssd.dylib
0x000000000b3c4000 	/usr/lib/system/libsystem_info.dylib
0x000000000b3c4000 	/usr/lib/system/libsystem_kernel.dylib
0x000000000b3c4000 	/usr/lib/system/libsystem_m.dylib
0x000000000b3c4000 	/usr/lib/system/libsystem_malloc.dylib
0x000000000b3c4000 	/usr/lib/system/libsystem_network.dylib
0x000000000b3c4000 	/usr/lib/system/libsystem_networkextension.dylib
0x000000000b3c4000 	/usr/lib/system/libsystem_notify.dylib
0x000000000b3c4000 	/usr/lib/system/libsystem_platform.dylib
0x000000000b3c4000 	/usr/lib/system/libsystem_pthread.dylib
0x000000000b3c4000 	/usr/lib/system/libsystem_sandbox.dylib
0x000000000b3c4000 	/usr/lib/system/libsystem_secinit.dylib
0x000000000b3c4000 	/usr/lib/system/libsystem_stats.dylib
0x000000000b3c4000 	/usr/lib/system/libsystem_trace.dylib
0x000000000b3c4000 	/usr/lib/system/libunc.dylib
0x000000000b3c4000 	/usr/lib/system/libunwind.dylib
0x000000000b3c4000 	/usr/lib/system/libxpc.dylib
0x000000000b3c4000 	/usr/lib/libbz2.1.0.dylib
0x000000000b3c4000 	/usr/lib/liblzma.5.dylib
0x000000000b3c4000 	/usr/lib/libbsm.0.dylib
0x000000000b3c4000 	/usr/lib/libsqlite3.dylib
0x000000000b3c4000 	/usr/lib/system/libkxld.dylib
0x000000000b3c4000 	/usr/lib/libxar.1.dylib
0x000000000b3c4000 	/usr/lib/libpam.2.dylib
0x000000000b3c4000 	/usr/lib/libOpenScriptingUtil.dylib
0x000000000b3c4000 	/System/Library/Frameworks/CoreServices.framework/Versions/A/Frameworks/FSEvents.framework/Versions/A/FSEvents
0x000000000b3c4000 	/System/Library/Frameworks/CoreServices.framework/Versions/A/Frameworks/CarbonCore.framework/Versions/A/CarbonCore
0x000000000b3c4000 	/System/Library/Frameworks/CoreServices.framework/Versions/A/Frameworks/Metadata.framework/Versions/A/Metadata
0x000000000b3c4000 	/System/Library/Frameworks/CoreServices.framework/Versions/A/Frameworks/OSServices.framework/Versions/A/OSServices
0x000000000b3c4000 	/System/Library/Frameworks/CoreServices.framework/Versions/A/Frameworks/SearchKit.framework/Versions/A/SearchKit
0x000000000b3c4000 	/System/Library/Frameworks/CoreServices.framework/Versions/A/Frameworks/AE.framework/Versions/A/AE
0x000000000b3c4000 	/System/Library/Frameworks/CoreServices.framework/Versions/A/Frameworks/LaunchServices.framework/Versions/A/LaunchServices
0x000000000b3c4000 	/System/Library/Frameworks/CoreServices.framework/Versions/A/Frameworks/DictionaryServices.framework/Versions/A/DictionaryServices
0x000000000b3c4000 	/System/Library/Frameworks/NetFS.framework/Versions/A/NetFS
0x000000000b3c4000 	/System/Library/PrivateFrameworks/NetAuth.framework/Versions/A/NetAuth
0x000000000b3c4000 	/System/Library/PrivateFrameworks/login.framework/Versions/A/Frameworks/loginsupport.framework/Versions/A/loginsupport
0x000000000b3c4000 	/System/Library/PrivateFrameworks/TCC.framework/Versions/A/TCC
0x000000000b3c4000 	/usr/lib/libmecabra.dylib
0x000000000b3c4000 	/System/Library/Frameworks/ApplicationServices.framework/Versions/A/Frameworks/ATS.framework/Versions/A/ATS
0x000000000b3c4000 	/System/Library/Frameworks/ApplicationServices.framework/Versions/A/Frameworks/ColorSync.framework/Versions/A/ColorSync
0x000000000b3c4000 	/System/Library/Frameworks/ApplicationServices.framework/Versions/A/Frameworks/HIServices.framework/Versions/A/HIServices
0x000000000b3c4000 	/System/Library/Frameworks/ApplicationServices.framework/Versions/A/Frameworks/LangAnalysis.framework/Versions/A/LangAnalysis
0x000000000b3c4000 	/System/Library/Frameworks/ApplicationServices.framework/Versions/A/Frameworks/PrintCore.framework/Versions/A/PrintCore
0x000000000b3c4000 	/System/Library/Frameworks/ApplicationServices.framework/Versions/A/Frameworks/QD.framework/Versions/A/QD
0x000000000b3c4000 	/System/Library/Frameworks/ApplicationServices.framework/Versions/A/Frameworks/SpeechSynthesis.framework/Versions/A/SpeechSynthesis
0x000000000b3c4000 	/System/Library/Frameworks/Accelerate.framework/Versions/A/Accelerate
0x000000000b3c4000 	/System/Library/Frameworks/Accelerate.framework/Versions/A/Frameworks/vImage.framework/Versions/A/vImage
0x000000000b3c4000 	/System/Library/Frameworks/Accelerate.framework/Versions/A/Frameworks/vecLib.framework/Versions/A/vecLib
0x000000000b3c4000 	/System/Library/Frameworks/Accelerate.framework/Versions/A/Frameworks/vecLib.framework/Versions/A/libvDSP.dylib
0x000000000b3c4000 	/System/Library/Frameworks/Accelerate.framework/Versions/A/Frameworks/vecLib.framework/Versions/A/libvMisc.dylib
0x000000000b3c4000 	/System/Library/Frameworks/Accelerate.framework/Versions/A/Frameworks/vecLib.framework/Versions/A/libLAPACK.dylib
0x000000000b3c4000 	/System/Library/Frameworks/Accelerate.framework/Versions/A/Frameworks/vecLib.framework/Versions/A/libBLAS.dylib
0x000000000b3c4000 	/System/Library/Frameworks/Accelerate.framework/Versions/A/Frameworks/vecLib.framework/Versions/A/libLinearAlgebra.dylib
0x000000000b3c4000 	/System/Library/Frameworks/ApplicationServices.framework/Versions/A/Frameworks/ATS.framework/Versions/A/Resources/libFontParser.dylib
0x000000000b3c4000 	/System/Library/Frameworks/ApplicationServices.framework/Versions/A/Frameworks/ATS.framework/Versions/A/Resources/libFontRegistry.dylib
0x000000000b3c4000 	/System/Library/PrivateFrameworks/AppleVPA.framework/Versions/A/AppleVPA
0x000000000b3c4000 	/System/Library/PrivateFrameworks/AppleJPEG.framework/Versions/A/AppleJPEG
0x000000000b3c4000 	/System/Library/Frameworks/ImageIO.framework/Versions/A/Resources/libJPEG.dylib
0x000000000b3c4000 	/System/Library/Frameworks/ImageIO.framework/Versions/A/Resources/libTIFF.dylib
0x000000000b3c4000 	/System/Library/Frameworks/ImageIO.framework/Versions/A/Resources/libPng.dylib
0x000000000b3c4000 	/System/Library/Frameworks/ImageIO.framework/Versions/A/Resources/libGIF.dylib
0x000000000b3c4000 	/System/Library/Frameworks/ImageIO.framework/Versions/A/Resources/libJP2.dylib
0x000000000b3c4000 	/System/Library/Frameworks/ImageIO.framework/Versions/A/Resources/libRadiance.dylib
0x000000000b3c4000 	/System/Library/Frameworks/CoreVideo.framework/Versions/A/CoreVideo
0x000000000b3c4000 	/System/Library/Frameworks/OpenGL.framework/Versions/A/Libraries/libGLU.dylib
0x000000000b3c4000 	/System/Library/Frameworks/OpenGL.framework/Versions/A/Libraries/libGFXShared.dylib
0x000000000b3c4000 	/System/Library/Frameworks/OpenGL.framework/Versions/A/Libraries/libGL.dylib
0x000000000b3c4000 	/System/Library/Frameworks/OpenGL.framework/Versions/A/Libraries/libGLImage.dylib
0x000000000b3c4000 	/System/Library/Frameworks/OpenGL.framework/Versions/A/Libraries/libCVMSPluginSupport.dylib
0x000000000b3c4000 	/System/Library/Frameworks/OpenGL.framework/Versions/A/Libraries/libCoreVMClient.dylib
0x000000000b3c4000 	/usr/lib/libcups.2.dylib
0x000000000b3c4000 	/System/Library/Frameworks/Kerberos.framework/Versions/A/Kerberos
0x000000000b3c4000 	/System/Library/Frameworks/GSS.framework/Versions/A/GSS
0x000000000b3c4000 	/usr/lib/libresolv.9.dylib
0x000000000b3c4000 	/usr/lib/libiconv.2.dylib
0x000000000b3c4000 	/System/Library/PrivateFrameworks/Heimdal.framework/Versions/A/Heimdal
0x000000000b3c4000 	/usr/lib/libheimdal-asn1.dylib
0x000000000b3c4000 	/System/Library/Frameworks/OpenDirectory.framework/Versions/A/OpenDirectory
0x000000000b3c4000 	/System/Library/PrivateFrameworks/CommonAuth.framework/Versions/A/CommonAuth
0x000000000b3c4000 	/System/Library/Frameworks/OpenDirectory.framework/Versions/A/Frameworks/CFOpenDirectory.framework/Versions/A/CFOpenDirectory
0x000000000b3c4000 	/System/Library/Frameworks/SecurityFoundation.framework/Versions/A/SecurityFoundation
0x000000000b3c4000 	/System/Library/PrivateFrameworks/LanguageModeling.framework/Versions/A/LanguageModeling
0x000000000b3c4000 	/usr/lib/libcmph.dylib
0x000000000b3c4000 	/System/Library/Frameworks/ServiceManagement.framework/Versions/A/ServiceManagement
0x000000000b3c4000 	/usr/lib/libxslt.1.dylib
0x000000000b3c4000 	/System/Library/Frameworks/Carbon.framework/Versions/A/Frameworks/Ink.framework/Versions/A/Ink
0x000000000b3c4000 	/System/Library/Frameworks/QuartzCore.framework/Versions/A/Frameworks/CoreImage.framework/Versions/A/CoreImage
0x000000000b3c4000 	/System/Library/PrivateFrameworks/CrashReporterSupport.framework/Versions/A/CrashReporterSupport
0x000000000b3c4000 	/System/Library/Frameworks/OpenCL.framework/Versions/A/OpenCL
0x000000000b3c4000 	/System/Library/PrivateFrameworks/FaceCore.framework/Versions/A/FaceCore
0x000000000b3c4000 	/System/Library/PrivateFrameworks/Ubiquity.framework/Versions/A/Ubiquity
0x000000000b3c4000 	/System/Library/PrivateFrameworks/IconServices.framework/Versions/A/IconServices
0x000000000b3c4000 	/System/Library/PrivateFrameworks/ChunkingLibrary.framework/Versions/A/ChunkingLibrary
0x000000000b3c4000 	/System/Library/PrivateFrameworks/Apple80211.framework/Versions/A/Apple80211
0x000000000b3c4000 	/System/Library/Frameworks/CoreWLAN.framework/Versions/A/CoreWLAN
0x000000000b3c4000 	/System/Library/Frameworks/IOBluetooth.framework/Versions/A/IOBluetooth
0x000000000b3c4000 	/System/Library/PrivateFrameworks/CoreWiFi.framework/Versions/A/CoreWiFi
0x000000000b3c4000 	/System/Library/Frameworks/CoreBluetooth.framework/Versions/A/CoreBluetooth
0x000000000b3c4000 	/System/Library/PrivateFrameworks/DebugSymbols.framework/Versions/A/DebugSymbols
0x000000000b3c4000 	/System/Library/PrivateFrameworks/CoreSymbolication.framework/Versions/A/CoreSymbolication
0x000000000b3c4000 	/System/Library/PrivateFrameworks/Symbolication.framework/Versions/A/Symbolication
0x000000000b3c4000 	/System/Library/PrivateFrameworks/SpeechRecognitionCore.framework/Versions/A/SpeechRecognitionCore
0x0000000108600000 	/Library/Java/JavaVirtualMachines/jdk1.8.0_73.jdk/Contents/Home/jre/lib/server/libjvm.dylib
0x000000000b3c4000 	/usr/lib/libstdc++.6.dylib
0x0000000107588000 	/Library/Java/JavaVirtualMachines/jdk1.8.0_73.jdk/Contents/Home/jre/lib/libverify.dylib
0x0000000107596000 	/Library/Java/JavaVirtualMachines/jdk1.8.0_73.jdk/Contents/Home/jre/lib/libjava.dylib
0x00000001075d5000 	/Library/Java/JavaVirtualMachines/jdk1.8.0_73.jdk/Contents/Home/jre/lib/libzip.dylib
0x0000000125246000 	/System/Library/Frameworks/JavaVM.framework/Frameworks/JavaRuntimeSupport.framework/JavaRuntimeSupport
0x000000012525c000 	/System/Library/Frameworks/JavaVM.framework/Versions/A/Frameworks/JavaNativeFoundation.framework/Versions/A/JavaNativeFoundation
0x0000000125270000 	/System/Library/Frameworks/JavaVM.framework/Versions/A/JavaVM
0x000000000b3c4000 	/System/Library/Frameworks/Carbon.framework/Versions/A/Carbon
0x000000012527c000 	/System/Library/PrivateFrameworks/JavaLaunching.framework/Versions/A/JavaLaunching
0x000000000b3c4000 	/System/Library/Frameworks/Carbon.framework/Versions/A/Frameworks/CommonPanels.framework/Versions/A/CommonPanels
0x000000000b3c4000 	/System/Library/Frameworks/Carbon.framework/Versions/A/Frameworks/Help.framework/Versions/A/Help
0x000000000b3c4000 	/System/Library/Frameworks/Carbon.framework/Versions/A/Frameworks/ImageCapture.framework/Versions/A/ImageCapture
0x000000000b3c4000 	/System/Library/Frameworks/Carbon.framework/Versions/A/Frameworks/OpenScripting.framework/Versions/A/OpenScripting
0x000000000b3c4000 	/System/Library/Frameworks/Carbon.framework/Versions/A/Frameworks/Print.framework/Versions/A/Print
0x000000000b3c4000 	/System/Library/Frameworks/Carbon.framework/Versions/A/Frameworks/SecurityHI.framework/Versions/A/SecurityHI
0x000000012727a000 	/Library/Java/JavaVirtualMachines/jdk1.8.0_73.jdk/Contents/Home/jre/lib/libawt.dylib
0x0000000127322000 	/Library/Java/JavaVirtualMachines/jdk1.8.0_73.jdk/Contents/Home/jre/lib/./libmlib_image.dylib
0x00000001273ee000 	/Library/Java/JavaVirtualMachines/jdk1.8.0_73.jdk/Contents/Home/jre/lib/libawt_lwawt.dylib
0x00000001274a3000 	/Library/Java/JavaVirtualMachines/jdk1.8.0_73.jdk/Contents/Home/jre/lib/./libosxapp.dylib
0x000000000b3c4000 	/System/Library/Frameworks/ExceptionHandling.framework/Versions/A/ExceptionHandling
0x000000000b3c4000 	/System/Library/PrivateFrameworks/CoreServicesInternal.framework/Versions/A/CoreServicesInternal
0x000000000b3c4000 	/System/Library/PrivateFrameworks/CloudDocs.framework/Versions/A/CloudDocs
0x000000000b3c4000 	/System/Library/PrivateFrameworks/CoreDuet.framework/Versions/A/CoreDuet
0x000000000b3c4000 	/System/Library/Frameworks/CloudKit.framework/Versions/A/CloudKit
0x000000000b3c4000 	/System/Library/PrivateFrameworks/ProtocolBuffer.framework/Versions/A/ProtocolBuffer
0x000000000b3c4000 	/System/Library/PrivateFrameworks/CoreDuetDaemonProtocol.framework/Versions/A/CoreDuetDaemonProtocol
0x000000000b3c4000 	/System/Library/PrivateFrameworks/CoreDuetDebugLogging.framework/Versions/A/CoreDuetDebugLogging
0x000000000b3c4000 	/System/Library/PrivateFrameworks/MMCS.framework/Versions/A/MMCS
0x000000000b3c4000 	/System/Library/Frameworks/CoreLocation.framework/Versions/A/CoreLocation
0x000000000b3c4000 	/System/Library/PrivateFrameworks/ProtectedCloudStorage.framework/Versions/A/ProtectedCloudStorage
0x000000000b3c4000 	/System/Library/PrivateFrameworks/GeoServices.framework/Versions/A/GeoServices
0x000000000b3c4000 	/System/Library/Frameworks/CoreGraphics.framework/Versions/A/Resources/libCGCMS.A.dylib
0x000000000b3c4000 	/System/Library/Frameworks/CoreGraphics.framework/Versions/A/Resources/libRIP.A.dylib
0x000000000b3c4000 	/System/Library/Frameworks/CoreGraphics.framework/Versions/A/Resources/libCGXType.A.dylib
0x000000000b3c4000 	/System/Library/Frameworks/OpenCL.framework/Versions/A/Libraries/libcldcpuengine.dylib
0x000000000b3c4000 	/System/Library/PrivateFrameworks/DiskImages.framework/Versions/A/DiskImages
0x000000000b3c4000 	/System/Library/Frameworks/DiscRecording.framework/Versions/A/DiscRecording
0x000000000b3c4000 	/usr/lib/libcsfde.dylib
0x000000000b3c4000 	/usr/lib/libcurl.4.dylib
0x000000000b3c4000 	/System/Library/PrivateFrameworks/MediaKit.framework/Versions/A/MediaKit
0x000000000b3c4000 	/usr/lib/libCoreStorage.dylib
0x000000000b3c4000 	/System/Library/PrivateFrameworks/EFILogin.framework/Versions/A/EFILogin
0x000000000b3c4000 	/usr/lib/libutil.dylib
0x000000000b3c4000 	/System/Library/PrivateFrameworks/FindMyDevice.framework/Versions/A/FindMyDevice
0x000000000b3c4000 	/System/Library/Frameworks/LDAP.framework/Versions/A/LDAP
0x000000000b3c4000 	/usr/lib/libsasl2.2.dylib
0x000000000b3c4000 	/System/Library/PrivateFrameworks/CoreDaemon.framework/Versions/B/CoreDaemon
0x000000000b3c4000 	/usr/lib/libcrypto.0.9.8.dylib
0x000000000b3c4000 	/System/Library/PrivateFrameworks/AppleSRP.framework/Versions/A/AppleSRP
0x000000000b3c4000 	/System/Library/PrivateFrameworks/TrustEvaluationAgent.framework/Versions/A/TrustEvaluationAgent
0x000000012a5fc000 	cl_kernels
0x000000012a5fe000 	/System/Library/Frameworks/OpenCL.framework/Versions/A/Libraries/ImageFormats/unorm8_bgra.dylib
0x000000012a5ee000 	cl_kernels
0x000000000b3c4000 	/System/Library/PrivateFrameworks/FamilyControls.framework/Versions/A/FamilyControls
0x000000000b3c4000 	/System/Library/PrivateFrameworks/CommerceKit.framework/Versions/A/Frameworks/CommerceCore.framework/Versions/A/CommerceCore
0x000000000b3c4000 	/System/Library/PrivateFrameworks/SystemAdministration.framework/Versions/A/SystemAdministration
0x000000000b3c4000 	/System/Library/PrivateFrameworks/AppContainer.framework/Versions/A/AppContainer
0x000000000b3c4000 	/System/Library/PrivateFrameworks/SecCodeWrapper.framework/Versions/A/SecCodeWrapper
0x000000000b3c4000 	/System/Library/Frameworks/DirectoryService.framework/Versions/A/DirectoryService
0x000000000b3c4000 	/System/Library/PrivateFrameworks/LoginUIKit.framework/Versions/A/Frameworks/LoginUICore.framework/Versions/A/LoginUICore
0x000000000b3c4000 	/usr/lib/libodfde.dylib
0x000000000b3c4000 	/System/Library/Frameworks/OpenGL.framework/Versions/A/Resources/GLEngine.bundle/GLEngine
0x000000000b3c4000 	/System/Library/Frameworks/OpenGL.framework/Versions/A/Libraries/libGLProgrammability.dylib
0x000000012bb4c000 	/System/Library/Extensions/AppleIntelHD5000GraphicsGLDriver.bundle/Contents/MacOS/AppleIntelHD5000GraphicsGLDriver
0x000000000b3c4000 	/System/Library/PrivateFrameworks/IOAccelerator.framework/Versions/A/IOAccelerator
0x000000000b3c4000 	/System/Library/PrivateFrameworks/GPUSupport.framework/Versions/A/Libraries/libGPUSupportMercury.dylib
0x000000000b3c4000 	/System/Library/Frameworks/OpenGL.framework/Versions/A/Resources/GLRendererFloat.bundle/GLRendererFloat
0x000000012cb82000 	/Library/Java/JavaVirtualMachines/jdk1.8.0_73.jdk/Contents/Home/jre/lib/libfontmanager.dylib
0x000000012df2d000 	/Library/Java/JavaVirtualMachines/jdk1.8.0_73.jdk/Contents/Home/jre/lib/libosxui.dylib
0x000000012e1c1000 	/Library/Java/JavaVirtualMachines/jdk1.8.0_73.jdk/Contents/Home/jre/lib/libnet.dylib
0x000000012df6d000 	/Library/Java/JavaVirtualMachines/jdk1.8.0_73.jdk/Contents/Home/jre/lib/libnio.dylib
0x000000000b3c4000 	/System/Library/Frameworks/ApplicationServices.framework/Versions/A/Frameworks/ATS.framework/Versions/A/Resources/libTrueTypeScaler.dylib
0x000000017971c000 	/private/var/folders/88/rn0nzmd518s0659qz29bsj6m0000gn/T/jogamp_0000/file_cache/jln255668222328585135/jln7493953096054360816/libgluegen-rt.jnilib
0x0000000179721000 	/private/var/folders/88/rn0nzmd518s0659qz29bsj6m0000gn/T/jogamp_0000/file_cache/jln255668222328585135/jln7493953096054360816/libnativewindow_awt.jnilib
0x0000000179724000 	/Library/Java/JavaVirtualMachines/jdk1.8.0_73.jdk/Contents/Home/jre/lib/libjawt.dylib
0x0000000179727000 	/private/var/folders/88/rn0nzmd518s0659qz29bsj6m0000gn/T/jogamp_0000/file_cache/jln255668222328585135/jln7493953096054360816/libnativewindow_macosx.jnilib
0x0000000179821000 	/private/var/folders/88/rn0nzmd518s0659qz29bsj6m0000gn/T/jogamp_0000/file_cache/jln255668222328585135/jln7493953096054360816/libjogl_desktop.jnilib
0x0000000179977000 	/Library/Java/JavaVirtualMachines/jdk1.8.0_73.jdk/Contents/Home/jre/lib/libsunec.dylib
0x000000017999f000 	/Library/Java/JavaVirtualMachines/jdk1.8.0_73.jdk/Contents/Home/jre/lib/libjpeg.dylib
0x00000001813d2000 	/Library/Java/JavaVirtualMachines/jdk1.8.0_73.jdk/Contents/Home/jre/lib/libt2k.dylib

VM Arguments:
jvm_args: -Djava.security.policy=java.policy.applet -Dfile.encoding=UTF-8 
java_command: sun.applet.AppletViewer module3.EarthquakeCityMap1458102942858.html
java_class_path (initial): /Users/jb/Documents/GitHub/Java_Programming/UCSDUnfoldingMaps/build:/Users/jb/Documents/GitHub/Java_Programming/UCSDUnfoldingMaps/lib/core.jar:/Users/jb/Documents/GitHub/Java_Programming/UCSDUnfoldingMaps/lib/gluegen-rt.jar:/Users/jb/Documents/GitHub/Java_Programming/UCSDUnfoldingMaps/lib/jogl-all.jar:/Users/jb/Documents/GitHub/Java_Programming/UCSDUnfoldingMaps/lib/log4j-1.2.15.jar:/Users/jb/Documents/GitHub/Java_Programming/UCSDUnfoldingMaps/lib/sqlite-jdbc-3.7.2.jar:/Users/jb/Documents/GitHub/Java_Programming/UCSDUnfoldingMaps/lib/json4processing.jar:/Users/jb/Documents/GitHub/Java_Programming/UCSDUnfoldingMaps/lib/libTUIO.jar:/Users/jb/Documents/GitHub/Java_Programming/UCSDUnfoldingMaps/lib/unfolding.0.9.7-uscd.jar
Launcher Type: SUN_STANDARD

Environment Variables:
PATH=/usr/bin:/bin:/usr/sbin:/sbin
SHELL=/bin/bash

Signal Handlers:
SIGSEGV: [libjvm.dylib+0x5a71a5], sa_mask[0]=11111111011111110111111111111111, sa_flags=SA_ONSTACK|SA_RESTART|SA_SIGINFO
SIGBUS: [libjvm.dylib+0x5a71a5], sa_mask[0]=11111111011111110111111111111111, sa_flags=SA_RESTART|SA_SIGINFO
SIGFPE: [libjvm.dylib+0x480eb4], sa_mask[0]=11111111011111110111111111111111, sa_flags=SA_RESTART|SA_SIGINFO
SIGPIPE: [libjvm.dylib+0x480eb4], sa_mask[0]=11111111011111110111111111111111, sa_flags=SA_RESTART|SA_SIGINFO
SIGXFSZ: [libjvm.dylib+0x480eb4], sa_mask[0]=11111111011111110111111111111111, sa_flags=SA_RESTART|SA_SIGINFO
SIGILL: [libjvm.dylib+0x480eb4], sa_mask[0]=11111111011111110111111111111111, sa_flags=SA_RESTART|SA_SIGINFO
SIGUSR1: SIG_DFL, sa_mask[0]=00000000000000000000000000000000, sa_flags=none
SIGUSR2: [libjvm.dylib+0x4809d2], sa_mask[0]=00100000000000000000000000000000, sa_flags=SA_RESTART|SA_SIGINFO
SIGHUP: [libjvm.dylib+0x47efa9], sa_mask[0]=11111111011111110111111111111111, sa_flags=SA_RESTART|SA_SIGINFO
SIGINT: [libjvm.dylib+0x47efa9], sa_mask[0]=11111111011111110111111111111111, sa_flags=SA_RESTART|SA_SIGINFO
SIGTERM: [libjvm.dylib+0x47efa9], sa_mask[0]=11111111011111110111111111111111, sa_flags=SA_RESTART|SA_SIGINFO
SIGQUIT: [libjvm.dylib+0x47efa9], sa_mask[0]=11111111011111110111111111111111, sa_flags=SA_RESTART|SA_SIGINFO


---------------  S Y S T E M  ---------------

OS:Bsduname:Darwin 14.5.0 Darwin Kernel Version 14.5.0: Wed Jul 29 02:26:53 PDT 2015; root:xnu-2782.40.9~1/RELEASE_X86_64 x86_64
rlimit: STACK 8192k, CORE 0k, NPROC 709, NOFILE 10240, AS infinity
load average:1.93 1.43 1.35

CPU:total 8 (4 cores per cpu, 2 threads per core) family 6 model 70 stepping 1, cmov, cx8, fxsr, mmx, sse, sse2, sse3, ssse3, sse4.1, sse4.2, popcnt, avx, avx2, aes, clmul, erms, lzcnt, ht, tsc, tscinvbit, bmi1, bmi2

Memory: 4k page, physical 16777216k(1191892k free)

/proc/meminfo:


vm_info: Java HotSpot(TM) 64-Bit Server VM (25.73-b02) for bsd-amd64 JRE (1.8.0_73-b02), built on Jan 29 2016 15:02:00 by "java_re" with gcc 4.2.1 (Based on Apple Inc. build 5658) (LLVM build 2336.11.00)

time: Wed Mar 16 00:35:54 2016
elapsed time: 11 seconds (0d 0h 0m 11s)

