#
# A fatal error has been detected by the Java Runtime Environment:
#
#  SIGSEGV (0xb) at pc=0x00007fff963a50e9, pid=4239, tid=1811
#
# JRE version: Java(TM) SE Runtime Environment (8.0_73-b02) (build 1.8.0_73-b02)
# Java VM: Java HotSpot(TM) 64-Bit Server VM (25.73-b02 mixed mode bsd-amd64 compressed oops)
# Problematic frame:
# C  [libobjc.A.dylib+0x10e9]  objc_msgSend+0x29
#
# Failed to write core dump. Core dumps have been disabled. To enable core dumping, try "ulimit -c unlimited" before starting Java again
#
# If you would like to submit a bug report, please visit:
#   http://bugreport.java.com/bugreport/crash.jsp
# The crash happened outside the Java Virtual Machine in native code.
# See problematic frame for where to report the bug.
#

---------------  T H R E A D  ---------------

Current thread (0x00007feb15030800):  JavaThread "AWT-AppKit" daemon [_thread_in_native, id=1811, stack(0x00007fff52f38000,0x00007fff53738000)]

siginfo: si_signo: 11 (SIGSEGV), si_code: 1 (SEGV_MAPERR), si_addr: 0x00000000000000d8

Registers:
RAX=0x00007feb13b07ab0, RBX=0x000000017e728450, RCX=0x0000000132f26a60, RDX=0x0000000132f26e80
RSP=0x00007fff53733498, RBP=0x00007fff53733550, RSI=0x00007fff915aa40f, RDI=0x00007feb19c54600
R8 =0x0000000000000000, R9 =0x0000000000000f50, R10=0x00000000000000d8, R11=0x000000012c4b0000
R12=0x0000000000000000, R13=0x0000000182fd8fe0, R14=0x000000017e728440, R15=0x00007feb15030800
RIP=0x00007fff963a50e9, EFLAGS=0x0000000000010206, ERR=0x0000000000000004
  TRAPNO=0x000000000000000e

Top of Stack: (sp=0x00007fff53733498)
0x00007fff53733498:   000000017e726157 00007fff537334f0
0x00007fff537334a8:   0000000000000003 00007fff537334d0
0x00007fff537334b8:   000000010d7f1646 0000000182fd8fe0
0x00007fff537334c8:   0000000182fd8fe0 00007feb13b07ab0
0x00007fff537334d8:   000000017e7286a0 000000017e728710
0x00007fff537334e8:   00007fff7d026550 00007fff7c012c80
0x00007fff537334f8:   000000017e728450 000000017e728690
0x00007fff53733508:   00007feb13b07ab0 00007feb19c54600
0x00007fff53733518:   00007feb1252a2e0 00007feb13b07ab0
0x00007fff53733528:   00007feb19c54600 00007fff537335d8
0x00007fff53733538:   00007feb150309f8 0000000182fd8fe0
0x00007fff53733548:   00007fff53733600 00007fff537335c8
0x00007fff53733558:   000000010e6da954 0000000182fd8fe0
0x00007fff53733568:   00007fff53733600 00007fff537335c8
0x00007fff53733578:   000000010e6da6e7 000000010e6da6a2
0x00007fff53733588:   00007fff53733588 0000000182fd8fe0
0x00007fff53733598:   00007fff53733600 0000000182fdbc18
0x00007fff537335a8:   0000000000000000 0000000182fd8fe0
0x00007fff537335b8:   0000000000000000 00007fff537335e8
0x00007fff537335c8:   00007fff53733648 000000010e6ccc4d
0x00007fff537335d8:   00000006c005e1f8 000000010e6d4578
0x00007fff537335e8:   00007feb13b07ab0 00007fff53733648
0x00007fff537335f8:   00007feb19c54600 000000010e6d5d82
0x00007fff53733608:   00007fff53733608 0000000182fd91aa
0x00007fff53733618:   00007fff53733670 0000000182fdbc18
0x00007fff53733628:   0000000000000000 0000000182fd91b8
0x00007fff53733638:   00007fff537335e8 00007fff53733658
0x00007fff53733648:   00007fff537336b8 000000010e6ccc4d
0x00007fff53733658:   00007feb13b07ab0 00000006c000afe8
0x00007fff53733668:   00007feb19c54600 00000006c000afe8
0x00007fff53733678:   00007fff53733678 00000001876e211e
0x00007fff53733688:   00007fff537336c8 00000001876e21d8 

Instructions: (pc=0x00007fff963a50e9)
0x00007fff963a50c9:   01 2e 75 7e 49 bb f8 ff ff ff ff 7f 00 00 4c 23
0x00007fff963a50d9:   1f 49 89 f2 45 23 53 18 49 c1 e2 04 4d 03 53 10
0x00007fff963a50e9:   49 3b 32 75 04 41 ff 62 08 49 83 3a 00 74 6a 4d
0x00007fff963a50f9:   3b 53 10 74 0d 49 83 ea 10 49 3b 32 75 eb 41 ff 

Register to memory mapping:

RAX=0x00007feb13b07ab0 is an unknown value
RBX=0x000000017e728450: Java_jogamp_nativewindow_macosx_OSXUtil_GetScreenRefreshRate0+0x1cf0 in /private/var/folders/88/rn0nzmd518s0659qz29bsj6m0000gn/T/jogamp_0000/file_cache/jln6622565494305891308/jln8075161963004642157/libnativewindow_macosx.jnilib at 0x000000017e721000
RCX=0x0000000132f26a60 is an unknown value
RDX=0x0000000132f26e80 is an unknown value
RSP=0x00007fff53733498 is pointing into the stack for thread: 0x00007feb15030800
RBP=0x00007fff53733550 is pointing into the stack for thread: 0x00007feb15030800
RSI=0x00007fff915aa40f is an unknown value
RDI=0x00007feb19c54600 is an unknown value
R8 =0x0000000000000000 is an unknown value
R9 =0x0000000000000f50 is an unknown value
R10=0x00000000000000d8 is an unknown value
R11=0x000000012c4b0000: range.100111+0x11a80 in /Library/Java/JavaVirtualMachines/jdk1.8.0_73.jdk/Contents/Home/jre/lib/libawt_lwawt.dylib at 0x000000012c443000
R12=0x0000000000000000 is an unknown value
R13={method} {0x0000000182fd8fe0} 'UnsetJAWTRootSurfaceLayer0' '(JJ)V' in 'jogamp/nativewindow/jawt/macosx/MacOSXJAWTWindow'
R14=0x000000017e728440: Java_jogamp_nativewindow_macosx_OSXUtil_GetScreenRefreshRate0+0x1ce0 in /private/var/folders/88/rn0nzmd518s0659qz29bsj6m0000gn/T/jogamp_0000/file_cache/jln6622565494305891308/jln8075161963004642157/libnativewindow_macosx.jnilib at 0x000000017e721000
R15=0x00007feb15030800 is a thread


Stack: [0x00007fff52f38000,0x00007fff53738000],  sp=0x00007fff53733498,  free space=8173k
Native frames: (J=compiled Java code, j=interpreted, Vv=VM code, C=native code)
C  [libobjc.A.dylib+0x10e9]  objc_msgSend+0x29
j  jogamp.nativewindow.jawt.macosx.MacOSXJAWTWindow.UnsetJAWTRootSurfaceLayer0(JJ)V+0
j  jogamp.nativewindow.jawt.macosx.MacOSXJAWTWindow.access$200(JJ)V+2
j  jogamp.nativewindow.jawt.macosx.MacOSXJAWTWindow$1.run()V+38
J 2919 C1 com.jogamp.common.util.RunnableTask.run()V (345 bytes) @ 0x000000010f0adb54 [0x000000010f0ad9c0+0x194]
v  ~StubRoutines::call_stub
V  [libjvm.dylib+0x2eae7a]  JavaCalls::call_helper(JavaValue*, methodHandle*, JavaCallArguments*, Thread*)+0x6ae
V  [libjvm.dylib+0x321f83]  jni_invoke_nonstatic(JNIEnv_*, JavaValue*, _jobject*, JNICallType, _jmethodID*, JNI_ArgumentPusher*, Thread*)+0x2ec
V  [libjvm.dylib+0x314757]  jni_CallVoidMethod+0x16b
C  [libnativewindow_macosx.jnilib+0x5326]  Java_jogamp_nativewindow_jawt_macosx_MacOSXJAWTWindow_UnsetJAWTRootSurfaceLayer0+0x2b6
C  [Foundation+0x92dd0]  __NSThreadPerformPerform+0x125
C  [CoreFoundation+0x80a01]  __CFRUNLOOP_IS_CALLING_OUT_TO_A_SOURCE0_PERFORM_FUNCTION__+0x11
C  [CoreFoundation+0x72c5c]  __CFRunLoopDoSources0+0x1dc
C  [CoreFoundation+0x721bf]  __CFRunLoopRun+0x39f
C  [CoreFoundation+0x71bd8]  CFRunLoopRunSpecific+0x128
C  [HIToolbox+0x3256f]  RunCurrentEventLoopInMode+0xeb
C  [HIToolbox+0x321ee]  ReceiveNextEventCommon+0xb3
C  [HIToolbox+0x3212b]  _BlockUntilNextEventMatchingListInModeWithFilter+0x47
C  [AppKit+0x918ab]  _DPSNextEvent+0x3d2
C  [AppKit+0x90e58]  -[NSApplication nextEventMatchingMask:untilDate:inMode:dequeue:]+0x15a
C  [libosxapp.dylib+0x23aa]  -[NSApplicationAWT nextEventMatchingMask:untilDate:inMode:dequeue:]+0x7c
C  [AppKit+0x86af3]  -[NSApplication run]+0x252
C  [libosxapp.dylib+0x214d]  +[NSApplicationAWT runAWTLoopWithApp:]+0x9c
C  [libawt_lwawt.dylib+0x4455b]  -[AWTStarter starter:]+0x389
C  [Foundation+0x92dd0]  __NSThreadPerformPerform+0x125
C  [CoreFoundation+0x80a01]  __CFRUNLOOP_IS_CALLING_OUT_TO_A_SOURCE0_PERFORM_FUNCTION__+0x11
C  [CoreFoundation+0x72b8d]  __CFRunLoopDoSources0+0x10d
C  [CoreFoundation+0x721bf]  __CFRunLoopRun+0x39f
C  [CoreFoundation+0x71bd8]  CFRunLoopRunSpecific+0x128
C  [java+0x6463]  CreateExecutionEnvironment+0x367
C  [java+0x21ac]  JLI_Launch+0x7a0
C  [java+0x84c0]  main+0x65
C  [java+0x1a04]  start+0x34
C  0x0000000000000007

Java frames: (J=compiled Java code, j=interpreted, Vv=VM code)
j  jogamp.nativewindow.jawt.macosx.MacOSXJAWTWindow.UnsetJAWTRootSurfaceLayer0(JJ)V+0
j  jogamp.nativewindow.jawt.macosx.MacOSXJAWTWindow.access$200(JJ)V+2
j  jogamp.nativewindow.jawt.macosx.MacOSXJAWTWindow$1.run()V+38
J 2919 C1 com.jogamp.common.util.RunnableTask.run()V (345 bytes) @ 0x000000010f0adb54 [0x000000010f0ad9c0+0x194]
v  ~StubRoutines::call_stub

---------------  P R O C E S S  ---------------

Java Threads: ( => current thread )
  0x00007feb12e88800 JavaThread "Thread-19" [_thread_blocked, id=67631, stack(0x0000000187ad3000,0x0000000187bd3000)]
  0x00007feb143a4000 JavaThread "Image Fetcher 1" daemon [_thread_blocked, id=67171, stack(0x0000000185ee3000,0x0000000185fe3000)]
  0x00007feb14b39000 JavaThread "Image Fetcher 0" daemon [_thread_blocked, id=63491, stack(0x00000001853bb000,0x00000001854bb000)]
  0x00007feb1602e000 JavaThread "Keep-Alive-Timer" daemon [_thread_blocked, id=63243, stack(0x00000001852b8000,0x00000001853b8000)]
  0x00007feb12b3c000 JavaThread "AWT-EventQueue-1" [_thread_in_native, id=60439, stack(0x000000017f143000,0x000000017f243000)]
  0x00007feb1515e800 JavaThread "DestroyJavaVM" [_thread_blocked, id=4867, stack(0x000000010e58e000,0x000000010e68e000)]
  0x00007feb15089800 JavaThread "AWT-EventQueue-0" [_thread_blocked, id=57859, stack(0x0000000132d74000,0x0000000132e74000)]
  0x00007feb12a46800 JavaThread "Java2D Disposer" daemon [_thread_blocked, id=54807, stack(0x0000000131a49000,0x0000000131b49000)]
  0x00007feb12a1c000 JavaThread "Java2D Queue Flusher" daemon [_thread_blocked, id=52747, stack(0x0000000130a07000,0x0000000130b07000)]
  0x00007feb15035000 JavaThread "AWT-Shutdown" [_thread_blocked, id=30739, stack(0x000000012da80000,0x000000012db80000)]
=>0x00007feb15030800 JavaThread "AWT-AppKit" daemon [_thread_in_native, id=1811, stack(0x00007fff52f38000,0x00007fff53738000)]
  0x00007feb15025000 JavaThread "Service Thread" daemon [_thread_blocked, id=20739, stack(0x000000012c0c8000,0x000000012c1c8000)]
  0x00007feb1500c000 JavaThread "C1 CompilerThread3" daemon [_thread_blocked, id=20227, stack(0x000000012bfc5000,0x000000012c0c5000)]
  0x00007feb15007800 JavaThread "C2 CompilerThread2" daemon [_thread_blocked, id=19715, stack(0x000000012bec2000,0x000000012bfc2000)]
  0x00007feb14812800 JavaThread "C2 CompilerThread1" daemon [_thread_blocked, id=19203, stack(0x000000012bdbf000,0x000000012bebf000)]
  0x00007feb14810800 JavaThread "C2 CompilerThread0" daemon [_thread_blocked, id=18691, stack(0x000000012bcbc000,0x000000012bdbc000)]
  0x00007feb14808000 JavaThread "Signal Dispatcher" daemon [_thread_blocked, id=15379, stack(0x000000012bbb9000,0x000000012bcb9000)]
  0x00007feb14803000 JavaThread "Finalizer" daemon [_thread_blocked, id=13571, stack(0x000000012a199000,0x000000012a299000)]
  0x00007feb14802000 JavaThread "Reference Handler" daemon [_thread_blocked, id=13059, stack(0x000000012a096000,0x000000012a196000)]

Other Threads:
  0x00007feb12864000 VMThread [stack: 0x0000000129f93000,0x000000012a093000] [id=12547]
  0x00007feb1283e000 WatcherThread [stack: 0x000000012c1cb000,0x000000012c2cb000] [id=21251]

VM state:not at safepoint (normal execution)

VM Mutex/Monitor currently owned by a thread: None

Heap:
 PSYoungGen      total 646656K, used 64188K [0x000000076ab00000, 0x0000000793c00000, 0x00000007c0000000)
  eden space 635904K, 8% used [0x000000076ab00000,0x000000076dfaa388,0x0000000791800000)
  from space 10752K, 95% used [0x0000000793180000,0x0000000793b84cc0,0x0000000793c00000)
  to   space 16896K, 0% used [0x0000000791b00000,0x0000000791b00000,0x0000000792b80000)
 ParOldGen       total 91648K, used 41490K [0x00000006c0000000, 0x00000006c5980000, 0x000000076ab00000)
  object space 91648K, 45% used [0x00000006c0000000,0x00000006c2884ac0,0x00000006c5980000)
 Metaspace       used 23736K, capacity 24025K, committed 24320K, reserved 1071104K
  class space    used 2341K, capacity 2449K, committed 2560K, reserved 1048576K

Card table byte_map: [0x000000011da85000,0x000000011e286000] byte_map_base: 0x000000011a485000

Marking Bits: (ParMarkBitMap*) 0x000000010dee3ea0
 Begin Bits: [0x000000011eff4000, 0x0000000122ff4000)
 End Bits:   [0x0000000122ff4000, 0x0000000126ff4000)

Polling page: 0x000000010c5ec000

CodeCache: size=245760Kb used=10228Kb max_used=10240Kb free=235531Kb
 bounds [0x000000010e6c5000, 0x000000010f0d5000, 0x000000011d6c5000]
 total_blobs=3864 nmethods=2947 adapters=830
 compilation: enabled

Compilation events (10 events):
Event: 8.480 Thread 0x00007feb15007800 2942       4       processing.core.PGraphics::image (224 bytes)
Event: 8.480 Thread 0x00007feb14810800 2943       4       processing.opengl.PGraphicsOpenGL::flushPolys (509 bytes)
Event: 8.481 Thread 0x00007feb15007800 nmethod 2942 0x000000010f0befd0 code [0x000000010f0bf140, 0x000000010f0bf408]
Event: 8.506 Thread 0x00007feb14810800 nmethod 2943 0x000000010f0cbfd0 code [0x000000010f0cc360, 0x000000010f0cd850]
Event: 8.533 Thread 0x00007feb14812800 2944 %     4       de.fhpotsdam.unfolding.marker.MarkerManager::draw @ 18 (51 bytes)
Event: 8.536 Thread 0x00007feb14812800 nmethod 2944% 0x000000010f0c89d0 code [0x000000010f0c8b60, 0x000000010f0c8e28]
Event: 8.639 Thread 0x00007feb15007800 2945       4       processing.opengl.PGL::threadIsCurrent (14 bytes)
Event: 8.640 Thread 0x00007feb15007800 nmethod 2945 0x000000010f05f350 code [0x000000010f05f4a0, 0x000000010f05f518]
Event: 8.651 Thread 0x00007feb1500c000 2946       3       sun.java2d.pipe.RenderBuffer::putFloat (26 bytes)
Event: 8.651 Thread 0x00007feb1500c000 nmethod 2946 0x000000010f0c8610 code [0x000000010f0c8780, 0x000000010f0c8910]

GC Heap History (10 events):
Event: 4.926 GC heap before
{Heap before GC invocations=9 (full 1):
 PSYoungGen      total 212480K, used 210602K [0x000000076ab00000, 0x0000000781a80000, 0x00000007c0000000)
  eden space 198144K, 99% used [0x000000076ab00000,0x0000000776aaf090,0x0000000776c80000)
  from space 14336K, 99% used [0x0000000776c80000,0x0000000777a7ba08,0x0000000777a80000)
  to   space 15360K, 0% used [0x0000000780b80000,0x0000000780b80000,0x0000000781a80000)
 ParOldGen       total 91648K, used 32168K [0x00000006c0000000, 0x00000006c5980000, 0x000000076ab00000)
  object space 91648K, 35% used [0x00000006c0000000,0x00000006c1f6a228,0x00000006c5980000)
 Metaspace       used 23383K, capacity 23705K, committed 24064K, reserved 1071104K
  class space    used 2334K, capacity 2449K, committed 2560K, reserved 1048576K
Event: 4.933 GC heap after
Heap after GC invocations=9 (full 1):
 PSYoungGen      total 356864K, used 14515K [0x000000076ab00000, 0x0000000781a00000, 0x00000007c0000000)
  eden space 342016K, 0% used [0x000000076ab00000,0x000000076ab00000,0x000000077f900000)
  from space 14848K, 97% used [0x0000000780b80000,0x00000007819acde0,0x0000000781a00000)
  to   space 16384K, 0% used [0x000000077fa00000,0x000000077fa00000,0x0000000780a00000)
 ParOldGen       total 91648K, used 37034K [0x00000006c0000000, 0x00000006c5980000, 0x000000076ab00000)
  object space 91648K, 40% used [0x00000006c0000000,0x00000006c242a900,0x00000006c5980000)
 Metaspace       used 23383K, capacity 23705K, committed 24064K, reserved 1071104K
  class space    used 2334K, capacity 2449K, committed 2560K, reserved 1048576K
}
Event: 5.690 GC heap before
{Heap before GC invocations=10 (full 1):
 PSYoungGen      total 356864K, used 355544K [0x000000076ab00000, 0x0000000781a00000, 0x00000007c0000000)
  eden space 342016K, 99% used [0x000000076ab00000,0x000000077f809560,0x000000077f900000)
  from space 14848K, 97% used [0x0000000780b80000,0x00000007819acde0,0x0000000781a00000)
  to   space 16384K, 0% used [0x000000077fa00000,0x000000077fa00000,0x0000000780a00000)
 ParOldGen       total 91648K, used 37034K [0x00000006c0000000, 0x00000006c5980000, 0x000000076ab00000)
  object space 91648K, 40% used [0x00000006c0000000,0x00000006c242a900,0x00000006c5980000)
 Metaspace       used 23493K, capacity 23769K, committed 24064K, reserved 1071104K
  class space    used 2334K, capacity 2449K, committed 2560K, reserved 1048576K
Event: 5.695 GC heap after
Heap after GC invocations=10 (full 1):
 PSYoungGen      total 359424K, used 2788K [0x000000076ab00000, 0x000000078a500000, 0x00000007c0000000)
  eden space 343040K, 0% used [0x000000076ab00000,0x000000076ab00000,0x000000077fa00000)
  from space 16384K, 17% used [0x000000077fa00000,0x000000077fcb9330,0x0000000780a00000)
  to   space 17408K, 0% used [0x0000000789400000,0x0000000789400000,0x000000078a500000)
 ParOldGen       total 91648K, used 41330K [0x00000006c0000000, 0x00000006c5980000, 0x000000076ab00000)
  object space 91648K, 45% used [0x00000006c0000000,0x00000006c285cac0,0x00000006c5980000)
 Metaspace       used 23493K, capacity 23769K, committed 24064K, reserved 1071104K
  class space    used 2334K, capacity 2449K, committed 2560K, reserved 1048576K
}
Event: 6.428 GC heap before
{Heap before GC invocations=11 (full 1):
 PSYoungGen      total 359424K, used 343632K [0x000000076ab00000, 0x000000078a500000, 0x00000007c0000000)
  eden space 343040K, 99% used [0x000000076ab00000,0x000000077f7db0a0,0x000000077fa00000)
  from space 16384K, 17% used [0x000000077fa00000,0x000000077fcb9330,0x0000000780a00000)
  to   space 17408K, 0% used [0x0000000789400000,0x0000000789400000,0x000000078a500000)
 ParOldGen       total 91648K, used 41330K [0x00000006c0000000, 0x00000006c5980000, 0x000000076ab00000)
  object space 91648K, 45% used [0x00000006c0000000,0x00000006c285cac0,0x00000006c5980000)
 Metaspace       used 23535K, capacity 23833K, committed 24064K, reserved 1071104K
  class space    used 2334K, capacity 2449K, committed 2560K, reserved 1048576K
Event: 6.432 GC heap after
Heap after GC invocations=11 (full 1):
 PSYoungGen      total 486400K, used 10259K [0x000000076ab00000, 0x0000000789e80000, 0x00000007c0000000)
  eden space 475648K, 0% used [0x000000076ab00000,0x000000076ab00000,0x0000000787b80000)
  from space 10752K, 95% used [0x0000000789400000,0x0000000789e04cc0,0x0000000789e80000)
  to   space 16896K, 0% used [0x0000000787d80000,0x0000000787d80000,0x0000000788e00000)
 ParOldGen       total 91648K, used 41394K [0x00000006c0000000, 0x00000006c5980000, 0x000000076ab00000)
  object space 91648K, 45% used [0x00000006c0000000,0x00000006c286cac0,0x00000006c5980000)
 Metaspace       used 23535K, capacity 23833K, committed 24064K, reserved 1071104K
  class space    used 2334K, capacity 2449K, committed 2560K, reserved 1048576K
}
Event: 7.489 GC heap before
{Heap before GC invocations=12 (full 1):
 PSYoungGen      total 486400K, used 484010K [0x000000076ab00000, 0x0000000789e80000, 0x00000007c0000000)
  eden space 475648K, 99% used [0x000000076ab00000,0x00000007879a5de8,0x0000000787b80000)
  from space 10752K, 95% used [0x0000000789400000,0x0000000789e04cc0,0x0000000789e80000)
  to   space 16896K, 0% used [0x0000000787d80000,0x0000000787d80000,0x0000000788e00000)
 ParOldGen       total 91648K, used 41394K [0x00000006c0000000, 0x00000006c5980000, 0x000000076ab00000)
  object space 91648K, 45% used [0x00000006c0000000,0x00000006c286cac0,0x00000006c5980000)
 Metaspace       used 23583K, capacity 23833K, committed 24064K, reserved 1071104K
  class space    used 2334K, capacity 2449K, committed 2560K, reserved 1048576K
Event: 7.493 GC heap after
Heap after GC invocations=12 (full 1):
 PSYoungGen      total 494592K, used 2692K [0x000000076ab00000, 0x0000000794300000, 0x00000007c0000000)
  eden space 477696K, 0% used [0x000000076ab00000,0x000000076ab00000,0x0000000787d80000)
  from space 16896K, 15% used [0x0000000787d80000,0x0000000788021330,0x0000000788e00000)
  to   space 17920K, 0% used [0x0000000793180000,0x0000000793180000,0x0000000794300000)
 ParOldGen       total 91648K, used 41434K [0x00000006c0000000, 0x00000006c5980000, 0x000000076ab00000)
  object space 91648K, 45% used [0x00000006c0000000,0x00000006c2876ac0,0x00000006c5980000)
 Metaspace       used 23583K, capacity 23833K, committed 24064K, reserved 1071104K
  class space    used 2334K, capacity 2449K, committed 2560K, reserved 1048576K
}
Event: 8.526 GC heap before
{Heap before GC invocations=13 (full 1):
 PSYoungGen      total 494592K, used 478173K [0x000000076ab00000, 0x0000000794300000, 0x00000007c0000000)
  eden space 477696K, 99% used [0x000000076ab00000,0x0000000787b56470,0x0000000787d80000)
  from space 16896K, 15% used [0x0000000787d80000,0x0000000788021330,0x0000000788e00000)
  to   space 17920K, 0% used [0x0000000793180000,0x0000000793180000,0x0000000794300000)
 ParOldGen       total 91648K, used 41434K [0x00000006c0000000, 0x00000006c5980000, 0x000000076ab00000)
  object space 91648K, 45% used [0x00000006c0000000,0x00000006c2876ac0,0x00000006c5980000)
 Metaspace       used 23701K, capacity 23961K, committed 24320K, reserved 1071104K
  class space    used 2334K, capacity 2449K, committed 2560K, reserved 1048576K
Event: 8.532 GC heap after
Heap after GC invocations=13 (full 1):
 PSYoungGen      total 646656K, used 10259K [0x000000076ab00000, 0x0000000793c00000, 0x00000007c0000000)
  eden space 635904K, 0% used [0x000000076ab00000,0x000000076ab00000,0x0000000791800000)
  from space 10752K, 95% used [0x0000000793180000,0x0000000793b84cc0,0x0000000793c00000)
  to   space 16896K, 0% used [0x0000000791b00000,0x0000000791b00000,0x0000000792b80000)
 ParOldGen       total 91648K, used 41490K [0x00000006c0000000, 0x00000006c5980000, 0x000000076ab00000)
  object space 91648K, 45% used [0x00000006c0000000,0x00000006c2884ac0,0x00000006c5980000)
 Metaspace       used 23701K, capacity 23961K, committed 24320K, reserved 1071104K
  class space    used 2334K, capacity 2449K, committed 2560K, reserved 1048576K
}

Deoptimization events (10 events):
Event: 3.800 Thread 0x00007feb16800800 Uncommon trap: reason=class_check action=maybe_recompile pc=0x000000010ed2827c method=processing.core.PImage.<init>(Ljava/awt/Image;)V @ 15
Event: 3.818 Thread 0x00007feb154b5800 Uncommon trap: reason=class_check action=maybe_recompile pc=0x000000010ed2827c method=processing.core.PImage.<init>(Ljava/awt/Image;)V @ 15
Event: 8.607 Thread 0x00007feb12b3c000 Uncommon trap: reason=unstable_if action=reinterpret pc=0x000000010ed0f168 method=com.jogamp.common.util.VersionNumber.compareTo(Lcom/jogamp/common/util/VersionNumber;)I @ 21
Event: 8.612 Thread 0x00007feb15089800 Uncommon trap: reason=unstable_if action=reinterpret pc=0x000000010eee1178 method=java.awt.font.FontRenderContext.equals(Ljava/awt/font/FontRenderContext;)Z @ 2
Event: 8.612 Thread 0x00007feb15089800 Uncommon trap: reason=unstable_if action=reinterpret pc=0x000000010efa7154 method=java.awt.Font.equals(Ljava/lang/Object;)Z @ 2
Event: 8.638 Thread 0x00007feb14130800 Uncommon trap: reason=class_check action=maybe_recompile pc=0x000000010eb09818 method=java.util.HashMap.putVal(ILjava/lang/Object;Ljava/lang/Object;ZZ)Ljava/lang/Object; @ 91
Event: 8.638 Thread 0x00007feb14130800 Uncommon trap: reason=class_check action=maybe_recompile pc=0x000000010eb09818 method=java.util.HashMap.putVal(ILjava/lang/Object;Ljava/lang/Object;ZZ)Ljava/lang/Object; @ 91
Event: 8.638 Thread 0x00007feb14130800 Uncommon trap: reason=class_check action=maybe_recompile pc=0x000000010eb09818 method=java.util.HashMap.putVal(ILjava/lang/Object;Ljava/lang/Object;ZZ)Ljava/lang/Object; @ 91
Event: 8.638 Thread 0x00007feb14130800 Uncommon trap: reason=class_check action=maybe_recompile pc=0x000000010eb09818 method=java.util.HashMap.putVal(ILjava/lang/Object;Ljava/lang/Object;ZZ)Ljava/lang/Object; @ 91
Event: 8.638 Thread 0x00007feb14130800 Uncommon trap: reason=class_check action=maybe_recompile pc=0x000000010eacf46c method=java.util.HashMap.putVal(ILjava/lang/Object;Ljava/lang/Object;ZZ)Ljava/lang/Object; @ 91

Internal exceptions (10 events):
Event: 0.111 Thread 0x00007feb14001800 Exception <a 'java/lang/NoSuchFieldError': method resolution failed> (0x000000076aeeee48) thrown at [/HUDSON3/workspace/8-2-build-macosx-x86_64/jdk8u73/6086/hotspot/src/share/vm/prims/methodHandles.cpp, line 1146]
Event: 0.112 Thread 0x00007feb14001800 Exception <a 'java/lang/NoSuchFieldError': method resolution failed> (0x000000076aefc618) thrown at [/HUDSON3/workspace/8-2-build-macosx-x86_64/jdk8u73/6086/hotspot/src/share/vm/prims/methodHandles.cpp, line 1146]
Event: 0.255 Thread 0x00007feb14001800 Exception <a 'java/io/FileNotFoundException'> (0x000000076af78308) thrown at [/HUDSON3/workspace/8-2-build-macosx-x86_64/jdk8u73/6086/hotspot/src/share/vm/prims/jni.cpp, line 709]
Event: 0.255 Thread 0x00007feb14001800 Exception <a 'java/io/FileNotFoundException'> (0x000000076af78e30) thrown at [/HUDSON3/workspace/8-2-build-macosx-x86_64/jdk8u73/6086/hotspot/src/share/vm/prims/jni.cpp, line 709]
Event: 0.347 Thread 0x00007feb14001800 Exception <a 'java/io/FileNotFoundException'> (0x000000076b00e860) thrown at [/HUDSON3/workspace/8-2-build-macosx-x86_64/jdk8u73/6086/hotspot/src/share/vm/prims/jni.cpp, line 709]
Event: 1.339 Thread 0x00007feb142c1000 Exception <a 'java/lang/UnsatisfiedLinkError': com.jogamp.common.util.JarUtil.fixNativeLibAttribs(Ljava/lang/String;)Z> (0x000000076c8b1d60) thrown at [/HUDSON3/workspace/8-2-build-macosx-x86_64/jdk8u73/6086/hotspot/src/share/vm/prims/nativeLookup.cpp, li
Event: 2.903 Thread 0x00007feb14803000 Exception <a 'java/lang/NullPointerException'> (0x000000076aecc608) thrown at [/HUDSON3/workspace/8-2-build-macosx-x86_64/jdk8u73/6086/hotspot/src/share/vm/interpreter/linkResolver.cpp, line 1178]
Event: 2.943 Thread 0x00007feb12b3c000 Exception <a 'java/io/FileNotFoundException'> (0x000000076b4111b0) thrown at [/HUDSON3/workspace/8-2-build-macosx-x86_64/jdk8u73/6086/hotspot/src/share/vm/prims/jni.cpp, line 709]
Event: 2.943 Thread 0x00007feb12b3c000 Exception <a 'java/io/FileNotFoundException'> (0x000000076b417880) thrown at [/HUDSON3/workspace/8-2-build-macosx-x86_64/jdk8u73/6086/hotspot/src/share/vm/prims/jni.cpp, line 709]
Event: 2.943 Thread 0x00007feb12b3c000 Implicit null exception at 0x000000010e865eb5 to 0x000000010e866241

Events (10 events):
Event: 8.650 loading class jogamp/nativewindow/jawt/macosx/MacOSXJAWTWindow$1 done
Event: 8.651 loading class java/awt/LightweightDispatcher$2
Event: 8.651 loading class java/awt/LightweightDispatcher$2 done
Event: 8.651 loading class java/awt/event/AWTEventListenerProxy
Event: 8.651 loading class java/awt/event/AWTEventListenerProxy done
Event: 8.651 loading class java/awt/Toolkit$ToolkitEventMulticaster
Event: 8.651 loading class java/awt/Toolkit$ToolkitEventMulticaster done
Event: 8.651 Thread 0x00007feb14130800 Thread exited: 0x00007feb14130800
Event: 8.651 loading class java/awt/Window$1DisposeAction
Event: 8.651 loading class java/awt/Window$1DisposeAction done


Dynamic libraries:
0x000000000b3c4000 	/System/Library/Frameworks/Cocoa.framework/Versions/A/Cocoa
0x000000000b3c4000 	/System/Library/Frameworks/Security.framework/Versions/A/Security
0x000000000b3c4000 	/System/Library/Frameworks/ApplicationServices.framework/Versions/A/ApplicationServices
0x000000000b3c4000 	/usr/lib/libz.1.dylib
0x000000000b3c4000 	/usr/lib/libSystem.B.dylib
0x000000000b3c4000 	/usr/lib/libobjc.A.dylib
0x000000000b3c4000 	/System/Library/Frameworks/CoreFoundation.framework/Versions/A/CoreFoundation
0x000000000b3c4000 	/System/Library/Frameworks/Foundation.framework/Versions/C/Foundation
0x000000000b3c4000 	/System/Library/Frameworks/AppKit.framework/Versions/C/AppKit
0x000000000b3c4000 	/System/Library/Frameworks/CoreData.framework/Versions/A/CoreData
0x000000000b3c4000 	/System/Library/PrivateFrameworks/RemoteViewServices.framework/Versions/A/RemoteViewServices
0x000000000b3c4000 	/System/Library/PrivateFrameworks/UIFoundation.framework/Versions/A/UIFoundation
0x000000000b3c4000 	/System/Library/Frameworks/IOSurface.framework/Versions/A/IOSurface
0x000000000b3c4000 	/System/Library/Frameworks/AudioToolbox.framework/Versions/A/AudioToolbox
0x000000000b3c4000 	/System/Library/Frameworks/AudioUnit.framework/Versions/A/AudioUnit
0x000000000b3c4000 	/System/Library/PrivateFrameworks/DataDetectorsCore.framework/Versions/A/DataDetectorsCore
0x000000000b3c4000 	/System/Library/PrivateFrameworks/DesktopServicesPriv.framework/Versions/A/DesktopServicesPriv
0x000000000b3c4000 	/System/Library/Frameworks/Carbon.framework/Versions/A/Frameworks/HIToolbox.framework/Versions/A/HIToolbox
0x000000000b3c4000 	/System/Library/Frameworks/QuartzCore.framework/Versions/A/QuartzCore
0x000000000b3c4000 	/System/Library/Frameworks/Carbon.framework/Versions/A/Frameworks/SpeechRecognition.framework/Versions/A/SpeechRecognition
0x000000000b3c4000 	/usr/lib/libauto.dylib
0x000000000b3c4000 	/usr/lib/libicucore.A.dylib
0x000000000b3c4000 	/usr/lib/libxml2.2.dylib
0x000000000b3c4000 	/System/Library/PrivateFrameworks/CoreUI.framework/Versions/A/CoreUI
0x000000000b3c4000 	/System/Library/Frameworks/CoreAudio.framework/Versions/A/CoreAudio
0x000000000b3c4000 	/System/Library/Frameworks/DiskArbitration.framework/Versions/A/DiskArbitration
0x000000000b3c4000 	/usr/lib/liblangid.dylib
0x000000000b3c4000 	/System/Library/PrivateFrameworks/MultitouchSupport.framework/Versions/A/MultitouchSupport
0x000000000b3c4000 	/System/Library/Frameworks/IOKit.framework/Versions/A/IOKit
0x000000000b3c4000 	/usr/lib/libDiagnosticMessagesClient.dylib
0x000000000b3c4000 	/System/Library/Frameworks/CoreServices.framework/Versions/A/CoreServices
0x000000000b3c4000 	/System/Library/PrivateFrameworks/PerformanceAnalysis.framework/Versions/A/PerformanceAnalysis
0x000000000b3c4000 	/System/Library/PrivateFrameworks/GenerationalStorage.framework/Versions/A/GenerationalStorage
0x000000000b3c4000 	/System/Library/Frameworks/OpenGL.framework/Versions/A/OpenGL
0x000000000b3c4000 	/System/Library/PrivateFrameworks/Sharing.framework/Versions/A/Sharing
0x000000000b3c4000 	/System/Library/Frameworks/CoreGraphics.framework/Versions/A/CoreGraphics
0x000000000b3c4000 	/System/Library/Frameworks/CoreText.framework/Versions/A/CoreText
0x000000000b3c4000 	/System/Library/Frameworks/ImageIO.framework/Versions/A/ImageIO
0x000000000b3c4000 	/usr/lib/libextension.dylib
0x000000000b3c4000 	/System/Library/PrivateFrameworks/Backup.framework/Versions/A/Backup
0x000000000b3c4000 	/usr/lib/libarchive.2.dylib
0x000000000b3c4000 	/System/Library/Frameworks/CFNetwork.framework/Versions/A/CFNetwork
0x000000000b3c4000 	/System/Library/Frameworks/SystemConfiguration.framework/Versions/A/SystemConfiguration
0x000000000b3c4000 	/usr/lib/libCRFSuite.dylib
0x000000000b3c4000 	/usr/lib/libc++.1.dylib
0x000000000b3c4000 	/usr/lib/libc++abi.dylib
0x000000000b3c4000 	/usr/lib/system/libcache.dylib
0x000000000b3c4000 	/usr/lib/system/libcommonCrypto.dylib
0x000000000b3c4000 	/usr/lib/system/libcompiler_rt.dylib
0x000000000b3c4000 	/usr/lib/system/libcopyfile.dylib
0x000000000b3c4000 	/usr/lib/system/libcorecrypto.dylib
0x000000000b3c4000 	/usr/lib/system/libdispatch.dylib
0x000000000b3c4000 	/usr/lib/system/libdyld.dylib
0x000000000b3c4000 	/usr/lib/system/libkeymgr.dylib
0x000000000b3c4000 	/usr/lib/system/liblaunch.dylib
0x000000000b3c4000 	/usr/lib/system/libmacho.dylib
0x000000000b3c4000 	/usr/lib/system/libquarantine.dylib
0x000000000b3c4000 	/usr/lib/system/libremovefile.dylib
0x000000000b3c4000 	/usr/lib/system/libsystem_asl.dylib
0x000000000b3c4000 	/usr/lib/system/libsystem_blocks.dylib
0x000000000b3c4000 	/usr/lib/system/libsystem_c.dylib
0x000000000b3c4000 	/usr/lib/system/libsystem_configuration.dylib
0x000000000b3c4000 	/usr/lib/system/libsystem_coreservices.dylib
0x000000000b3c4000 	/usr/lib/system/libsystem_coretls.dylib
0x000000000b3c4000 	/usr/lib/system/libsystem_dnssd.dylib
0x000000000b3c4000 	/usr/lib/system/libsystem_info.dylib
0x000000000b3c4000 	/usr/lib/system/libsystem_kernel.dylib
0x000000000b3c4000 	/usr/lib/system/libsystem_m.dylib
0x000000000b3c4000 	/usr/lib/system/libsystem_malloc.dylib
0x000000000b3c4000 	/usr/lib/system/libsystem_network.dylib
0x000000000b3c4000 	/usr/lib/system/libsystem_networkextension.dylib
0x000000000b3c4000 	/usr/lib/system/libsystem_notify.dylib
0x000000000b3c4000 	/usr/lib/system/libsystem_platform.dylib
0x000000000b3c4000 	/usr/lib/system/libsystem_pthread.dylib
0x000000000b3c4000 	/usr/lib/system/libsystem_sandbox.dylib
0x000000000b3c4000 	/usr/lib/system/libsystem_secinit.dylib
0x000000000b3c4000 	/usr/lib/system/libsystem_stats.dylib
0x000000000b3c4000 	/usr/lib/system/libsystem_trace.dylib
0x000000000b3c4000 	/usr/lib/system/libunc.dylib
0x000000000b3c4000 	/usr/lib/system/libunwind.dylib
0x000000000b3c4000 	/usr/lib/system/libxpc.dylib
0x000000000b3c4000 	/usr/lib/libbz2.1.0.dylib
0x000000000b3c4000 	/usr/lib/liblzma.5.dylib
0x000000000b3c4000 	/usr/lib/libbsm.0.dylib
0x000000000b3c4000 	/usr/lib/libsqlite3.dylib
0x000000000b3c4000 	/usr/lib/system/libkxld.dylib
0x000000000b3c4000 	/usr/lib/libxar.1.dylib
0x000000000b3c4000 	/usr/lib/libpam.2.dylib
0x000000000b3c4000 	/usr/lib/libOpenScriptingUtil.dylib
0x000000000b3c4000 	/System/Library/Frameworks/CoreServices.framework/Versions/A/Frameworks/FSEvents.framework/Versions/A/FSEvents
0x000000000b3c4000 	/System/Library/Frameworks/CoreServices.framework/Versions/A/Frameworks/CarbonCore.framework/Versions/A/CarbonCore
0x000000000b3c4000 	/System/Library/Frameworks/CoreServices.framework/Versions/A/Frameworks/Metadata.framework/Versions/A/Metadata
0x000000000b3c4000 	/System/Library/Frameworks/CoreServices.framework/Versions/A/Frameworks/OSServices.framework/Versions/A/OSServices
0x000000000b3c4000 	/System/Library/Frameworks/CoreServices.framework/Versions/A/Frameworks/SearchKit.framework/Versions/A/SearchKit
0x000000000b3c4000 	/System/Library/Frameworks/CoreServices.framework/Versions/A/Frameworks/AE.framework/Versions/A/AE
0x000000000b3c4000 	/System/Library/Frameworks/CoreServices.framework/Versions/A/Frameworks/LaunchServices.framework/Versions/A/LaunchServices
0x000000000b3c4000 	/System/Library/Frameworks/CoreServices.framework/Versions/A/Frameworks/DictionaryServices.framework/Versions/A/DictionaryServices
0x000000000b3c4000 	/System/Library/Frameworks/NetFS.framework/Versions/A/NetFS
0x000000000b3c4000 	/System/Library/PrivateFrameworks/NetAuth.framework/Versions/A/NetAuth
0x000000000b3c4000 	/System/Library/PrivateFrameworks/login.framework/Versions/A/Frameworks/loginsupport.framework/Versions/A/loginsupport
0x000000000b3c4000 	/System/Library/PrivateFrameworks/TCC.framework/Versions/A/TCC
0x000000000b3c4000 	/usr/lib/libmecabra.dylib
0x000000000b3c4000 	/System/Library/Frameworks/ApplicationServices.framework/Versions/A/Frameworks/ATS.framework/Versions/A/ATS
0x000000000b3c4000 	/System/Library/Frameworks/ApplicationServices.framework/Versions/A/Frameworks/ColorSync.framework/Versions/A/ColorSync
0x000000000b3c4000 	/System/Library/Frameworks/ApplicationServices.framework/Versions/A/Frameworks/HIServices.framework/Versions/A/HIServices
0x000000000b3c4000 	/System/Library/Frameworks/ApplicationServices.framework/Versions/A/Frameworks/LangAnalysis.framework/Versions/A/LangAnalysis
0x000000000b3c4000 	/System/Library/Frameworks/ApplicationServices.framework/Versions/A/Frameworks/PrintCore.framework/Versions/A/PrintCore
0x000000000b3c4000 	/System/Library/Frameworks/ApplicationServices.framework/Versions/A/Frameworks/QD.framework/Versions/A/QD
0x000000000b3c4000 	/System/Library/Frameworks/ApplicationServices.framework/Versions/A/Frameworks/SpeechSynthesis.framework/Versions/A/SpeechSynthesis
0x000000000b3c4000 	/System/Library/Frameworks/Accelerate.framework/Versions/A/Accelerate
0x000000000b3c4000 	/System/Library/Frameworks/Accelerate.framework/Versions/A/Frameworks/vImage.framework/Versions/A/vImage
0x000000000b3c4000 	/System/Library/Frameworks/Accelerate.framework/Versions/A/Frameworks/vecLib.framework/Versions/A/vecLib
0x000000000b3c4000 	/System/Library/Frameworks/Accelerate.framework/Versions/A/Frameworks/vecLib.framework/Versions/A/libvDSP.dylib
0x000000000b3c4000 	/System/Library/Frameworks/Accelerate.framework/Versions/A/Frameworks/vecLib.framework/Versions/A/libvMisc.dylib
0x000000000b3c4000 	/System/Library/Frameworks/Accelerate.framework/Versions/A/Frameworks/vecLib.framework/Versions/A/libLAPACK.dylib
0x000000000b3c4000 	/System/Library/Frameworks/Accelerate.framework/Versions/A/Frameworks/vecLib.framework/Versions/A/libBLAS.dylib
0x000000000b3c4000 	/System/Library/Frameworks/Accelerate.framework/Versions/A/Frameworks/vecLib.framework/Versions/A/libLinearAlgebra.dylib
0x000000000b3c4000 	/System/Library/Frameworks/ApplicationServices.framework/Versions/A/Frameworks/ATS.framework/Versions/A/Resources/libFontParser.dylib
0x000000000b3c4000 	/System/Library/Frameworks/ApplicationServices.framework/Versions/A/Frameworks/ATS.framework/Versions/A/Resources/libFontRegistry.dylib
0x000000000b3c4000 	/System/Library/PrivateFrameworks/AppleVPA.framework/Versions/A/AppleVPA
0x000000000b3c4000 	/System/Library/PrivateFrameworks/AppleJPEG.framework/Versions/A/AppleJPEG
0x000000000b3c4000 	/System/Library/Frameworks/ImageIO.framework/Versions/A/Resources/libJPEG.dylib
0x000000000b3c4000 	/System/Library/Frameworks/ImageIO.framework/Versions/A/Resources/libTIFF.dylib
0x000000000b3c4000 	/System/Library/Frameworks/ImageIO.framework/Versions/A/Resources/libPng.dylib
0x000000000b3c4000 	/System/Library/Frameworks/ImageIO.framework/Versions/A/Resources/libGIF.dylib
0x000000000b3c4000 	/System/Library/Frameworks/ImageIO.framework/Versions/A/Resources/libJP2.dylib
0x000000000b3c4000 	/System/Library/Frameworks/ImageIO.framework/Versions/A/Resources/libRadiance.dylib
0x000000000b3c4000 	/System/Library/Frameworks/CoreVideo.framework/Versions/A/CoreVideo
0x000000000b3c4000 	/System/Library/Frameworks/OpenGL.framework/Versions/A/Libraries/libGLU.dylib
0x000000000b3c4000 	/System/Library/Frameworks/OpenGL.framework/Versions/A/Libraries/libGFXShared.dylib
0x000000000b3c4000 	/System/Library/Frameworks/OpenGL.framework/Versions/A/Libraries/libGL.dylib
0x000000000b3c4000 	/System/Library/Frameworks/OpenGL.framework/Versions/A/Libraries/libGLImage.dylib
0x000000000b3c4000 	/System/Library/Frameworks/OpenGL.framework/Versions/A/Libraries/libCVMSPluginSupport.dylib
0x000000000b3c4000 	/System/Library/Frameworks/OpenGL.framework/Versions/A/Libraries/libCoreVMClient.dylib
0x000000000b3c4000 	/usr/lib/libcups.2.dylib
0x000000000b3c4000 	/System/Library/Frameworks/Kerberos.framework/Versions/A/Kerberos
0x000000000b3c4000 	/System/Library/Frameworks/GSS.framework/Versions/A/GSS
0x000000000b3c4000 	/usr/lib/libresolv.9.dylib
0x000000000b3c4000 	/usr/lib/libiconv.2.dylib
0x000000000b3c4000 	/System/Library/PrivateFrameworks/Heimdal.framework/Versions/A/Heimdal
0x000000000b3c4000 	/usr/lib/libheimdal-asn1.dylib
0x000000000b3c4000 	/System/Library/Frameworks/OpenDirectory.framework/Versions/A/OpenDirectory
0x000000000b3c4000 	/System/Library/PrivateFrameworks/CommonAuth.framework/Versions/A/CommonAuth
0x000000000b3c4000 	/System/Library/Frameworks/OpenDirectory.framework/Versions/A/Frameworks/CFOpenDirectory.framework/Versions/A/CFOpenDirectory
0x000000000b3c4000 	/System/Library/Frameworks/SecurityFoundation.framework/Versions/A/SecurityFoundation
0x000000000b3c4000 	/System/Library/PrivateFrameworks/LanguageModeling.framework/Versions/A/LanguageModeling
0x000000000b3c4000 	/usr/lib/libcmph.dylib
0x000000000b3c4000 	/System/Library/Frameworks/ServiceManagement.framework/Versions/A/ServiceManagement
0x000000000b3c4000 	/usr/lib/libxslt.1.dylib
0x000000000b3c4000 	/System/Library/Frameworks/Carbon.framework/Versions/A/Frameworks/Ink.framework/Versions/A/Ink
0x000000000b3c4000 	/System/Library/Frameworks/QuartzCore.framework/Versions/A/Frameworks/CoreImage.framework/Versions/A/CoreImage
0x000000000b3c4000 	/System/Library/PrivateFrameworks/CrashReporterSupport.framework/Versions/A/CrashReporterSupport
0x000000000b3c4000 	/System/Library/Frameworks/OpenCL.framework/Versions/A/OpenCL
0x000000000b3c4000 	/System/Library/PrivateFrameworks/FaceCore.framework/Versions/A/FaceCore
0x000000000b3c4000 	/System/Library/PrivateFrameworks/Ubiquity.framework/Versions/A/Ubiquity
0x000000000b3c4000 	/System/Library/PrivateFrameworks/IconServices.framework/Versions/A/IconServices
0x000000000b3c4000 	/System/Library/PrivateFrameworks/ChunkingLibrary.framework/Versions/A/ChunkingLibrary
0x000000000b3c4000 	/System/Library/PrivateFrameworks/Apple80211.framework/Versions/A/Apple80211
0x000000000b3c4000 	/System/Library/Frameworks/CoreWLAN.framework/Versions/A/CoreWLAN
0x000000000b3c4000 	/System/Library/Frameworks/IOBluetooth.framework/Versions/A/IOBluetooth
0x000000000b3c4000 	/System/Library/PrivateFrameworks/CoreWiFi.framework/Versions/A/CoreWiFi
0x000000000b3c4000 	/System/Library/Frameworks/CoreBluetooth.framework/Versions/A/CoreBluetooth
0x000000000b3c4000 	/System/Library/PrivateFrameworks/DebugSymbols.framework/Versions/A/DebugSymbols
0x000000000b3c4000 	/System/Library/PrivateFrameworks/CoreSymbolication.framework/Versions/A/CoreSymbolication
0x000000000b3c4000 	/System/Library/PrivateFrameworks/Symbolication.framework/Versions/A/Symbolication
0x000000000b3c4000 	/System/Library/PrivateFrameworks/SpeechRecognitionCore.framework/Versions/A/SpeechRecognitionCore
0x000000010d600000 	/Library/Java/JavaVirtualMachines/jdk1.8.0_73.jdk/Contents/Home/jre/lib/server/libjvm.dylib
0x000000000b3c4000 	/usr/lib/libstdc++.6.dylib
0x000000010c5de000 	/Library/Java/JavaVirtualMachines/jdk1.8.0_73.jdk/Contents/Home/jre/lib/libverify.dylib
0x000000010e690000 	/Library/Java/JavaVirtualMachines/jdk1.8.0_73.jdk/Contents/Home/jre/lib/libjava.dylib
0x000000010c5f6000 	/Library/Java/JavaVirtualMachines/jdk1.8.0_73.jdk/Contents/Home/jre/lib/libzip.dylib
0x000000012a29b000 	/System/Library/Frameworks/JavaVM.framework/Frameworks/JavaRuntimeSupport.framework/JavaRuntimeSupport
0x000000012a2b1000 	/System/Library/Frameworks/JavaVM.framework/Versions/A/Frameworks/JavaNativeFoundation.framework/Versions/A/JavaNativeFoundation
0x000000012a2c5000 	/System/Library/Frameworks/JavaVM.framework/Versions/A/JavaVM
0x000000000b3c4000 	/System/Library/Frameworks/Carbon.framework/Versions/A/Carbon
0x000000012a2d1000 	/System/Library/PrivateFrameworks/JavaLaunching.framework/Versions/A/JavaLaunching
0x000000000b3c4000 	/System/Library/Frameworks/Carbon.framework/Versions/A/Frameworks/CommonPanels.framework/Versions/A/CommonPanels
0x000000000b3c4000 	/System/Library/Frameworks/Carbon.framework/Versions/A/Frameworks/Help.framework/Versions/A/Help
0x000000000b3c4000 	/System/Library/Frameworks/Carbon.framework/Versions/A/Frameworks/ImageCapture.framework/Versions/A/ImageCapture
0x000000000b3c4000 	/System/Library/Frameworks/Carbon.framework/Versions/A/Frameworks/OpenScripting.framework/Versions/A/OpenScripting
0x000000000b3c4000 	/System/Library/Frameworks/Carbon.framework/Versions/A/Frameworks/Print.framework/Versions/A/Print
0x000000000b3c4000 	/System/Library/Frameworks/Carbon.framework/Versions/A/Frameworks/SecurityHI.framework/Versions/A/SecurityHI
0x000000012c2cf000 	/Library/Java/JavaVirtualMachines/jdk1.8.0_73.jdk/Contents/Home/jre/lib/libawt.dylib
0x000000012c377000 	/Library/Java/JavaVirtualMachines/jdk1.8.0_73.jdk/Contents/Home/jre/lib/./libmlib_image.dylib
0x000000012c443000 	/Library/Java/JavaVirtualMachines/jdk1.8.0_73.jdk/Contents/Home/jre/lib/libawt_lwawt.dylib
0x000000012c4f8000 	/Library/Java/JavaVirtualMachines/jdk1.8.0_73.jdk/Contents/Home/jre/lib/./libosxapp.dylib
0x000000000b3c4000 	/System/Library/Frameworks/ExceptionHandling.framework/Versions/A/ExceptionHandling
0x000000000b3c4000 	/System/Library/PrivateFrameworks/CoreServicesInternal.framework/Versions/A/CoreServicesInternal
0x000000000b3c4000 	/System/Library/PrivateFrameworks/CloudDocs.framework/Versions/A/CloudDocs
0x000000000b3c4000 	/System/Library/PrivateFrameworks/CoreDuet.framework/Versions/A/CoreDuet
0x000000000b3c4000 	/System/Library/Frameworks/CloudKit.framework/Versions/A/CloudKit
0x000000000b3c4000 	/System/Library/PrivateFrameworks/ProtocolBuffer.framework/Versions/A/ProtocolBuffer
0x000000000b3c4000 	/System/Library/PrivateFrameworks/CoreDuetDaemonProtocol.framework/Versions/A/CoreDuetDaemonProtocol
0x000000000b3c4000 	/System/Library/PrivateFrameworks/CoreDuetDebugLogging.framework/Versions/A/CoreDuetDebugLogging
0x000000000b3c4000 	/System/Library/PrivateFrameworks/MMCS.framework/Versions/A/MMCS
0x000000000b3c4000 	/System/Library/Frameworks/CoreLocation.framework/Versions/A/CoreLocation
0x000000000b3c4000 	/System/Library/PrivateFrameworks/ProtectedCloudStorage.framework/Versions/A/ProtectedCloudStorage
0x000000000b3c4000 	/System/Library/PrivateFrameworks/GeoServices.framework/Versions/A/GeoServices
0x000000000b3c4000 	/System/Library/Frameworks/CoreGraphics.framework/Versions/A/Resources/libCGCMS.A.dylib
0x000000000b3c4000 	/System/Library/Frameworks/CoreGraphics.framework/Versions/A/Resources/libRIP.A.dylib
0x000000000b3c4000 	/System/Library/Frameworks/CoreGraphics.framework/Versions/A/Resources/libCGXType.A.dylib
0x000000000b3c4000 	/System/Library/Frameworks/OpenCL.framework/Versions/A/Libraries/libcldcpuengine.dylib
0x000000000b3c4000 	/System/Library/PrivateFrameworks/DiskImages.framework/Versions/A/DiskImages
0x000000000b3c4000 	/System/Library/Frameworks/DiscRecording.framework/Versions/A/DiscRecording
0x000000000b3c4000 	/usr/lib/libcsfde.dylib
0x000000000b3c4000 	/usr/lib/libcurl.4.dylib
0x000000000b3c4000 	/System/Library/PrivateFrameworks/MediaKit.framework/Versions/A/MediaKit
0x000000000b3c4000 	/usr/lib/libCoreStorage.dylib
0x000000000b3c4000 	/System/Library/PrivateFrameworks/EFILogin.framework/Versions/A/EFILogin
0x000000000b3c4000 	/usr/lib/libutil.dylib
0x000000000b3c4000 	/System/Library/PrivateFrameworks/FindMyDevice.framework/Versions/A/FindMyDevice
0x000000000b3c4000 	/System/Library/Frameworks/LDAP.framework/Versions/A/LDAP
0x000000000b3c4000 	/usr/lib/libsasl2.2.dylib
0x000000000b3c4000 	/System/Library/PrivateFrameworks/CoreDaemon.framework/Versions/B/CoreDaemon
0x000000000b3c4000 	/usr/lib/libcrypto.0.9.8.dylib
0x000000000b3c4000 	/System/Library/PrivateFrameworks/AppleSRP.framework/Versions/A/AppleSRP
0x000000000b3c4000 	/System/Library/PrivateFrameworks/TrustEvaluationAgent.framework/Versions/A/TrustEvaluationAgent
0x000000012f5cf000 	cl_kernels
0x000000012f5d1000 	/System/Library/Frameworks/OpenCL.framework/Versions/A/Libraries/ImageFormats/unorm8_bgra.dylib
0x000000012f5c1000 	cl_kernels
0x000000000b3c4000 	/System/Library/PrivateFrameworks/FamilyControls.framework/Versions/A/FamilyControls
0x000000000b3c4000 	/System/Library/PrivateFrameworks/CommerceKit.framework/Versions/A/Frameworks/CommerceCore.framework/Versions/A/CommerceCore
0x000000000b3c4000 	/System/Library/PrivateFrameworks/SystemAdministration.framework/Versions/A/SystemAdministration
0x000000000b3c4000 	/System/Library/PrivateFrameworks/AppContainer.framework/Versions/A/AppContainer
0x000000000b3c4000 	/System/Library/PrivateFrameworks/SecCodeWrapper.framework/Versions/A/SecCodeWrapper
0x000000000b3c4000 	/System/Library/Frameworks/DirectoryService.framework/Versions/A/DirectoryService
0x000000000b3c4000 	/System/Library/PrivateFrameworks/LoginUIKit.framework/Versions/A/Frameworks/LoginUICore.framework/Versions/A/LoginUICore
0x000000000b3c4000 	/usr/lib/libodfde.dylib
0x000000000b3c4000 	/System/Library/Frameworks/OpenGL.framework/Versions/A/Resources/GLEngine.bundle/GLEngine
0x000000000b3c4000 	/System/Library/Frameworks/OpenGL.framework/Versions/A/Libraries/libGLProgrammability.dylib
0x0000000130b09000 	/System/Library/Extensions/AppleIntelHD5000GraphicsGLDriver.bundle/Contents/MacOS/AppleIntelHD5000GraphicsGLDriver
0x000000000b3c4000 	/System/Library/PrivateFrameworks/IOAccelerator.framework/Versions/A/IOAccelerator
0x000000000b3c4000 	/System/Library/PrivateFrameworks/GPUSupport.framework/Versions/A/Libraries/libGPUSupportMercury.dylib
0x000000000b3c4000 	/System/Library/Frameworks/OpenGL.framework/Versions/A/Resources/GLRendererFloat.bundle/GLRendererFloat
0x0000000131b4b000 	/Library/Java/JavaVirtualMachines/jdk1.8.0_73.jdk/Contents/Home/jre/lib/libfontmanager.dylib
0x0000000132ed6000 	/Library/Java/JavaVirtualMachines/jdk1.8.0_73.jdk/Contents/Home/jre/lib/libosxui.dylib
0x000000013316a000 	/Library/Java/JavaVirtualMachines/jdk1.8.0_73.jdk/Contents/Home/jre/lib/libnet.dylib
0x0000000132f16000 	/Library/Java/JavaVirtualMachines/jdk1.8.0_73.jdk/Contents/Home/jre/lib/libnio.dylib
0x000000000b3c4000 	/System/Library/Frameworks/ApplicationServices.framework/Versions/A/Frameworks/ATS.framework/Versions/A/Resources/libTrueTypeScaler.dylib
0x000000017e716000 	/private/var/folders/88/rn0nzmd518s0659qz29bsj6m0000gn/T/jogamp_0000/file_cache/jln6622565494305891308/jln8075161963004642157/libgluegen-rt.jnilib
0x000000017e71b000 	/private/var/folders/88/rn0nzmd518s0659qz29bsj6m0000gn/T/jogamp_0000/file_cache/jln6622565494305891308/jln8075161963004642157/libnativewindow_awt.jnilib
0x000000017e71e000 	/Library/Java/JavaVirtualMachines/jdk1.8.0_73.jdk/Contents/Home/jre/lib/libjawt.dylib
0x000000017e721000 	/private/var/folders/88/rn0nzmd518s0659qz29bsj6m0000gn/T/jogamp_0000/file_cache/jln6622565494305891308/jln8075161963004642157/libnativewindow_macosx.jnilib
0x000000017e81b000 	/private/var/folders/88/rn0nzmd518s0659qz29bsj6m0000gn/T/jogamp_0000/file_cache/jln6622565494305891308/jln8075161963004642157/libjogl_desktop.jnilib
0x000000017eae2000 	/Library/Java/JavaVirtualMachines/jdk1.8.0_73.jdk/Contents/Home/jre/lib/libsunec.dylib
0x000000017f0b0000 	/Library/Java/JavaVirtualMachines/jdk1.8.0_73.jdk/Contents/Home/jre/lib/libjpeg.dylib
0x0000000188c5b000 	/Library/Java/JavaVirtualMachines/jdk1.8.0_73.jdk/Contents/Home/jre/lib/libt2k.dylib

VM Arguments:
jvm_args: -Djava.security.policy=java.policy.applet -Dfile.encoding=UTF-8 
java_command: sun.applet.AppletViewer module3.EarthquakeCityMap1457960250722.html
java_class_path (initial): /Users/jb/Documents/GitHub/Java_Programming/UCSDUnfoldingMaps/build:/Users/jb/Documents/GitHub/Java_Programming/UCSDUnfoldingMaps/lib/core.jar:/Users/jb/Documents/GitHub/Java_Programming/UCSDUnfoldingMaps/lib/gluegen-rt.jar:/Users/jb/Documents/GitHub/Java_Programming/UCSDUnfoldingMaps/lib/jogl-all.jar:/Users/jb/Documents/GitHub/Java_Programming/UCSDUnfoldingMaps/lib/log4j-1.2.15.jar:/Users/jb/Documents/GitHub/Java_Programming/UCSDUnfoldingMaps/lib/sqlite-jdbc-3.7.2.jar:/Users/jb/Documents/GitHub/Java_Programming/UCSDUnfoldingMaps/lib/json4processing.jar:/Users/jb/Documents/GitHub/Java_Programming/UCSDUnfoldingMaps/lib/libTUIO.jar:/Users/jb/Documents/GitHub/Java_Programming/UCSDUnfoldingMaps/lib/unfolding.0.9.7-uscd.jar
Launcher Type: SUN_STANDARD

Environment Variables:
PATH=/usr/bin:/bin:/usr/sbin:/sbin
SHELL=/bin/bash

Signal Handlers:
SIGSEGV: [libjvm.dylib+0x5a71a5], sa_mask[0]=11111111011111110111111111111111, sa_flags=SA_ONSTACK|SA_RESTART|SA_SIGINFO
SIGBUS: [libjvm.dylib+0x5a71a5], sa_mask[0]=11111111011111110111111111111111, sa_flags=SA_RESTART|SA_SIGINFO
SIGFPE: [libjvm.dylib+0x480eb4], sa_mask[0]=11111111011111110111111111111111, sa_flags=SA_RESTART|SA_SIGINFO
SIGPIPE: [libjvm.dylib+0x480eb4], sa_mask[0]=11111111011111110111111111111111, sa_flags=SA_RESTART|SA_SIGINFO
SIGXFSZ: [libjvm.dylib+0x480eb4], sa_mask[0]=11111111011111110111111111111111, sa_flags=SA_RESTART|SA_SIGINFO
SIGILL: [libjvm.dylib+0x480eb4], sa_mask[0]=11111111011111110111111111111111, sa_flags=SA_RESTART|SA_SIGINFO
SIGUSR1: SIG_DFL, sa_mask[0]=00000000000000000000000000000000, sa_flags=none
SIGUSR2: [libjvm.dylib+0x4809d2], sa_mask[0]=00100000000000000000000000000000, sa_flags=SA_RESTART|SA_SIGINFO
SIGHUP: [libjvm.dylib+0x47efa9], sa_mask[0]=11111111011111110111111111111111, sa_flags=SA_RESTART|SA_SIGINFO
SIGINT: [libjvm.dylib+0x47efa9], sa_mask[0]=11111111011111110111111111111111, sa_flags=SA_RESTART|SA_SIGINFO
SIGTERM: [libjvm.dylib+0x47efa9], sa_mask[0]=11111111011111110111111111111111, sa_flags=SA_RESTART|SA_SIGINFO
SIGQUIT: [libjvm.dylib+0x47efa9], sa_mask[0]=11111111011111110111111111111111, sa_flags=SA_RESTART|SA_SIGINFO


---------------  S Y S T E M  ---------------

OS:Bsduname:Darwin 14.5.0 Darwin Kernel Version 14.5.0: Wed Jul 29 02:26:53 PDT 2015; root:xnu-2782.40.9~1/RELEASE_X86_64 x86_64
rlimit: STACK 8192k, CORE 0k, NPROC 709, NOFILE 10240, AS infinity
load average:1.32 1.26 1.29

CPU:total 8 (4 cores per cpu, 2 threads per core) family 6 model 70 stepping 1, cmov, cx8, fxsr, mmx, sse, sse2, sse3, ssse3, sse4.1, sse4.2, popcnt, avx, avx2, aes, clmul, erms, lzcnt, ht, tsc, tscinvbit, bmi1, bmi2

Memory: 4k page, physical 16777216k(105060k free)

/proc/meminfo:


vm_info: Java HotSpot(TM) 64-Bit Server VM (25.73-b02) for bsd-amd64 JRE (1.8.0_73-b02), built on Jan 29 2016 15:02:00 by "java_re" with gcc 4.2.1 (Based on Apple Inc. build 5658) (LLVM build 2336.11.00)

time: Mon Mar 14 08:57:39 2016
elapsed time: 8 seconds (0d 0h 0m 8s)

