#
# A fatal error has been detected by the Java Runtime Environment:
#
#  SIGSEGV (0xb) at pc=0x00007fff963a50dd, pid=4246, tid=1811
#
# JRE version: Java(TM) SE Runtime Environment (8.0_73-b02) (build 1.8.0_73-b02)
# Java VM: Java HotSpot(TM) 64-Bit Server VM (25.73-b02 mixed mode bsd-amd64 compressed oops)
# Problematic frame:
# C  [libobjc.A.dylib+0x10dd]  objc_msgSend+0x1d
#
# Failed to write core dump. Core dumps have been disabled. To enable core dumping, try "ulimit -c unlimited" before starting Java again
#
# If you would like to submit a bug report, please visit:
#   http://bugreport.java.com/bugreport/crash.jsp
# The crash happened outside the Java Virtual Machine in native code.
# See problematic frame for where to report the bug.
#

---------------  T H R E A D  ---------------

Current thread (0x00007fd6c208d000):  JavaThread "AWT-AppKit" daemon [_thread_in_native, id=1811, stack(0x00007fff4fb6f000,0x00007fff5036f000)]

siginfo: si_signo: 11 (SIGSEGV), si_code: 1 (SEGV_MAPERR), si_addr: 0x000007fd6c9b0928

Registers:
RAX=0x00007fd6c8f4f6b0, RBX=0x0000000181a6f450, RCX=0x000000013820b880, RDX=0x000000013820bf80
RSP=0x00007fff5036a498, RBP=0x00007fff5036a550, RSI=0x00007fff915aa40f, RDI=0x00007fd6c8db8ed0
R8 =0x0000000000000000, R9 =0x0000000000000f50, R10=0x00007fff915aa40f, R11=0x000007fd6c9b0910
R12=0x0000000000000000, R13=0x000000018637cca0, R14=0x0000000181a6f440, R15=0x00007fd6c208d000
RIP=0x00007fff963a50dd, EFLAGS=0x0000000000010202, ERR=0x0000000000000004
  TRAPNO=0x000000000000000e

Top of Stack: (sp=0x00007fff5036a498)
0x00007fff5036a498:   0000000181a6d157 00007fff5036a4f0
0x00007fff5036a4a8:   0000000000000003 00007fff5036a4d0
0x00007fff5036a4b8:   0000000110bf1646 000000018637cca0
0x00007fff5036a4c8:   000000018637cca0 00007fd6c8f4f6b0
0x00007fff5036a4d8:   0000000181a6f6a0 0000000181a6f710
0x00007fff5036a4e8:   00007fff7d026550 00007fff7c012c80
0x00007fff5036a4f8:   0000000181a6f450 0000000181a6f690
0x00007fff5036a508:   00007fd6c8f4f6b0 00007fd6c8db8ed0
0x00007fff5036a518:   00007fd6c1c618b0 00007fd6c8f4f6b0
0x00007fff5036a528:   00007fd6c8db8ed0 00007fff5036a5d8
0x00007fff5036a538:   00007fd6c208d1f8 000000018637cca0
0x00007fff5036a548:   00007fff5036a600 00007fff5036a5c8
0x00007fff5036a558:   0000000111aa5954 000000018637cca0
0x00007fff5036a568:   00007fff5036a600 00007fff5036a5c8
0x00007fff5036a578:   0000000111aa56e7 0000000111aa56a2
0x00007fff5036a588:   00007fff5036a588 000000018637cca0
0x00007fff5036a598:   00007fff5036a600 000000018637f8d8
0x00007fff5036a5a8:   0000000000000000 000000018637cca0
0x00007fff5036a5b8:   0000000000000000 00007fff5036a5e8
0x00007fff5036a5c8:   00007fff5036a648 0000000111a97c4d
0x00007fff5036a5d8:   00000006c0066e30 0000000111a9f578
0x00007fff5036a5e8:   00007fd6c8f4f6b0 00007fff5036a648
0x00007fff5036a5f8:   00007fd6c8db8ed0 0000000111aa0d82
0x00007fff5036a608:   00007fff5036a608 000000018637ce6a
0x00007fff5036a618:   00007fff5036a670 000000018637f8d8
0x00007fff5036a628:   0000000000000000 000000018637ce78
0x00007fff5036a638:   00007fff5036a5e8 00007fff5036a658
0x00007fff5036a648:   00007fff5036a6b8 0000000111a97c4d
0x00007fff5036a658:   00007fd6c8f4f6b0 00000006c001a1a8
0x00007fff5036a668:   00007fd6c8db8ed0 00000006c001a1a8
0x00007fff5036a678:   00007fff5036a678 000000018a9abe96
0x00007fff5036a688:   00007fff5036a6c8 000000018a9abf50 

Instructions: (pc=0x00007fff963a50dd)
0x00007fff963a50bd:   00 00 00 48 85 ff 2e 74 7a 40 f6 c7 01 2e 75 7e
0x00007fff963a50cd:   49 bb f8 ff ff ff ff 7f 00 00 4c 23 1f 49 89 f2
0x00007fff963a50dd:   45 23 53 18 49 c1 e2 04 4d 03 53 10 49 3b 32 75
0x00007fff963a50ed:   04 41 ff 62 08 49 83 3a 00 74 6a 4d 3b 53 10 74 

Register to memory mapping:

RAX=0x00007fd6c8f4f6b0 is an unknown value
RBX=0x0000000181a6f450: Java_jogamp_nativewindow_macosx_OSXUtil_GetScreenRefreshRate0+0x1cf0 in /private/var/folders/88/rn0nzmd518s0659qz29bsj6m0000gn/T/jogamp_0000/file_cache/jln6701619690748317623/jln1232331892964511296/libnativewindow_macosx.jnilib at 0x0000000181a68000
RCX=0x000000013820b880 is an unknown value
RDX=0x000000013820bf80 is an unknown value
RSP=0x00007fff5036a498 is pointing into the stack for thread: 0x00007fd6c208d000
RBP=0x00007fff5036a550 is pointing into the stack for thread: 0x00007fd6c208d000
RSI=0x00007fff915aa40f is an unknown value
RDI=0x00007fd6c8db8ed0 is an unknown value
R8 =0x0000000000000000 is an unknown value
R9 =0x0000000000000f50 is an unknown value
R10=0x00007fff915aa40f is an unknown value
R11=0x000007fd6c9b0910 is an unknown value
R12=0x0000000000000000 is an unknown value
R13={method} {0x000000018637cca0} 'UnsetJAWTRootSurfaceLayer0' '(JJ)V' in 'jogamp/nativewindow/jawt/macosx/MacOSXJAWTWindow'
R14=0x0000000181a6f440: Java_jogamp_nativewindow_macosx_OSXUtil_GetScreenRefreshRate0+0x1ce0 in /private/var/folders/88/rn0nzmd518s0659qz29bsj6m0000gn/T/jogamp_0000/file_cache/jln6701619690748317623/jln1232331892964511296/libnativewindow_macosx.jnilib at 0x0000000181a68000
R15=0x00007fd6c208d000 is a thread


Stack: [0x00007fff4fb6f000,0x00007fff5036f000],  sp=0x00007fff5036a498,  free space=8173k
Native frames: (J=compiled Java code, j=interpreted, Vv=VM code, C=native code)
C  [libobjc.A.dylib+0x10dd]  objc_msgSend+0x1d
j  jogamp.nativewindow.jawt.macosx.MacOSXJAWTWindow.UnsetJAWTRootSurfaceLayer0(JJ)V+0
j  jogamp.nativewindow.jawt.macosx.MacOSXJAWTWindow.access$200(JJ)V+2
j  jogamp.nativewindow.jawt.macosx.MacOSXJAWTWindow$1.run()V+38
J 2547 C1 com.jogamp.common.util.RunnableTask.run()V (345 bytes) @ 0x000000011236e214 [0x000000011236e080+0x194]
v  ~StubRoutines::call_stub
V  [libjvm.dylib+0x2eae7a]
V  [libjvm.dylib+0x321f83]
V  [libjvm.dylib+0x314757]
C  [libnativewindow_macosx.jnilib+0x5326]  Java_jogamp_nativewindow_jawt_macosx_MacOSXJAWTWindow_UnsetJAWTRootSurfaceLayer0+0x2b6
C  [Foundation+0x92dd0]  __NSThreadPerformPerform+0x125
C  [CoreFoundation+0x80a01]  __CFRUNLOOP_IS_CALLING_OUT_TO_A_SOURCE0_PERFORM_FUNCTION__+0x11
C  [CoreFoundation+0x72c5c]  __CFRunLoopDoSources0+0x1dc
C  [CoreFoundation+0x721bf]  __CFRunLoopRun+0x39f
C  [CoreFoundation+0x71bd8]  CFRunLoopRunSpecific+0x128
C  [HIToolbox+0x3256f]  RunCurrentEventLoopInMode+0xeb
C  [HIToolbox+0x321ee]  ReceiveNextEventCommon+0xb3
C  [HIToolbox+0x3212b]  _BlockUntilNextEventMatchingListInModeWithFilter+0x47
C  [AppKit+0x918ab]  _DPSNextEvent+0x3d2
C  [AppKit+0x90e58]  -[NSApplication nextEventMatchingMask:untilDate:inMode:dequeue:]+0x15a
C  [libosxapp.dylib+0x23aa]  -[NSApplicationAWT nextEventMatchingMask:untilDate:inMode:dequeue:]+0x7c
C  [AppKit+0x86af3]  -[NSApplication run]+0x252
C  [libosxapp.dylib+0x214d]  +[NSApplicationAWT runAWTLoopWithApp:]+0x9c
C  [libawt_lwawt.dylib+0x4455b]  -[AWTStarter starter:]+0x389
C  [Foundation+0x92dd0]  __NSThreadPerformPerform+0x125
C  [CoreFoundation+0x80a01]  __CFRUNLOOP_IS_CALLING_OUT_TO_A_SOURCE0_PERFORM_FUNCTION__+0x11
C  [CoreFoundation+0x72b8d]  __CFRunLoopDoSources0+0x10d
C  [CoreFoundation+0x721bf]  __CFRunLoopRun+0x39f
C  [CoreFoundation+0x71bd8]  CFRunLoopRunSpecific+0x128
C  [java+0x6463]  CreateExecutionEnvironment+0x367
C  [java+0x21ac]  JLI_Launch+0x7a0
C  [java+0x84c0]  main+0x65
C  [java+0x1a04]  start+0x34
C  0x0000000000000007

Java frames: (J=compiled Java code, j=interpreted, Vv=VM code)
j  jogamp.nativewindow.jawt.macosx.MacOSXJAWTWindow.UnsetJAWTRootSurfaceLayer0(JJ)V+0
j  jogamp.nativewindow.jawt.macosx.MacOSXJAWTWindow.access$200(JJ)V+2
j  jogamp.nativewindow.jawt.macosx.MacOSXJAWTWindow$1.run()V+38
J 2547 C1 com.jogamp.common.util.RunnableTask.run()V (345 bytes) @ 0x000000011236e214 [0x000000011236e080+0x194]
v  ~StubRoutines::call_stub

---------------  P R O C E S S  ---------------

Java Threads: ( => current thread )
  0x00007fd6c26bf800 JavaThread "Thread-19" [_thread_blocked, id=66099, stack(0x00000001887f7000,0x00000001888f7000)]
  0x00007fd6c4c50800 JavaThread "Keep-Alive-Timer" daemon [_thread_blocked, id=61891, stack(0x00000001886f4000,0x00000001887f4000)]
  0x00007fd6c4b38800 JavaThread "AWT-EventQueue-1" [_thread_in_native, id=60187, stack(0x00000001824e7000,0x00000001825e7000)]
  0x00007fd6c4b28800 JavaThread "DestroyJavaVM" [_thread_blocked, id=4867, stack(0x000000011198e000,0x0000000111a8e000)]
  0x00007fd6c3937800 JavaThread "AWT-EventQueue-0" [_thread_blocked, id=57859, stack(0x00000001360bc000,0x00000001361bc000)]
  0x00007fd6c38e3000 JavaThread "Java2D Disposer" daemon [_thread_blocked, id=54299, stack(0x0000000134e12000,0x0000000134f12000)]
  0x00007fd6c2098800 JavaThread "Java2D Queue Flusher" daemon [_thread_blocked, id=48651, stack(0x0000000133dd0000,0x0000000133ed0000)]
  0x00007fd6c38b4000 JavaThread "AWT-Shutdown" [_thread_blocked, id=30227, stack(0x0000000130dd5000,0x0000000130ed5000)]
=>0x00007fd6c208d000 JavaThread "AWT-AppKit" daemon [_thread_in_native, id=1811, stack(0x00007fff4fb6f000,0x00007fff5036f000)]
  0x00007fd6c2031000 JavaThread "Service Thread" daemon [_thread_blocked, id=20739, stack(0x000000012f491000,0x000000012f591000)]
  0x00007fd6c380e800 JavaThread "C1 CompilerThread3" daemon [_thread_blocked, id=20227, stack(0x000000012f38e000,0x000000012f48e000)]
  0x00007fd6c306e800 JavaThread "C2 CompilerThread2" daemon [_thread_in_native, id=19715, stack(0x000000012f28b000,0x000000012f38b000)]
  0x00007fd6c3054000 JavaThread "C2 CompilerThread1" daemon [_thread_blocked, id=19203, stack(0x000000012f188000,0x000000012f288000)]
  0x00007fd6c380a000 JavaThread "C2 CompilerThread0" daemon [_thread_blocked, id=18691, stack(0x000000012f085000,0x000000012f185000)]
  0x00007fd6c380c000 JavaThread "Signal Dispatcher" daemon [_thread_blocked, id=15379, stack(0x000000012ef82000,0x000000012f082000)]
  0x00007fd6c3805000 JavaThread "Finalizer" daemon [_thread_blocked, id=13571, stack(0x000000012d564000,0x000000012d664000)]
  0x00007fd6c3804000 JavaThread "Reference Handler" daemon [_thread_blocked, id=13059, stack(0x000000012d461000,0x000000012d561000)]

Other Threads:
  0x00007fd6c3052800 VMThread [stack: 0x000000012d35e000,0x000000012d45e000] [id=12547]
  0x00007fd6c4802000 WatcherThread [stack: 0x000000012f594000,0x000000012f694000] [id=21251]

VM state:not at safepoint (normal execution)

VM Mutex/Monitor currently owned by a thread: None

Heap:
 PSYoungGen      total 695808K, used 431722K [0x000000076ab00000, 0x0000000797400000, 0x00000007c0000000)
  eden space 685056K, 61% used [0x000000076ab00000,0x0000000784695cd8,0x0000000794800000)
  from space 10752K, 95% used [0x0000000796980000,0x0000000797384cc0,0x0000000797400000)
  to   space 22016K, 0% used [0x0000000794900000,0x0000000794900000,0x0000000795e80000)
 ParOldGen       total 85504K, used 31374K [0x00000006c0000000, 0x00000006c5380000, 0x000000076ab00000)
  object space 85504K, 36% used [0x00000006c0000000,0x00000006c1ea3b78,0x00000006c5380000)
 Metaspace       used 23788K, capacity 24093K, committed 24320K, reserved 1071104K
  class space    used 2341K, capacity 2449K, committed 2560K, reserved 1048576K

Card table byte_map: [0x0000000120e50000,0x0000000121651000] byte_map_base: 0x000000011d850000

Marking Bits: (ParMarkBitMap*) 0x00000001112e3ea0
 Begin Bits: [0x00000001223bf000, 0x00000001263bf000)
 End Bits:   [0x00000001263bf000, 0x000000012a3bf000)

Polling page: 0x000000010f9ea000

CodeCache: size=245760Kb used=10383Kb max_used=10383Kb free=235376Kb
 bounds [0x0000000111a90000, 0x00000001124c0000, 0x0000000120a90000]
 total_blobs=3896 nmethods=2979 adapters=830
 compilation: enabled

Compilation events (10 events):
Event: 10.057 Thread 0x00007fd6c380e800 nmethod 2974 0x00000001124a8110 code [0x00000001124a8280, 0x00000001124a8450]
Event: 10.057 Thread 0x00007fd6c380e800 2975       3       sun.awt.CGraphicsConfig::getDevice (5 bytes)
Event: 10.057 Thread 0x00007fd6c380e800 nmethod 2975 0x00000001124b5bd0 code [0x00000001124b5d40, 0x00000001124b5f30]
Event: 10.085 Thread 0x00007fd6c380e800 2976       3       java.util.concurrent.locks.LockSupport::unpark (12 bytes)
Event: 10.086 Thread 0x00007fd6c380e800 nmethod 2976 0x00000001124b5790 code [0x00000001124b5900, 0x00000001124b5b28]
Event: 10.086 Thread 0x00007fd6c380e800 2977       3       sun.lwawt.LWComponentPeer::getVisibleRegion (9 bytes)
Event: 10.086 Thread 0x00007fd6c380e800 nmethod 2977 0x00000001124b5310 code [0x00000001124b5480, 0x00000001124b56b8]
Event: 10.086 Thread 0x00007fd6c380e800 2978       3       sun.java2d.pipe.RenderBuffer::putFloat (26 bytes)
Event: 10.086 Thread 0x00007fd6c380e800 nmethod 2978 0x00000001124b9150 code [0x00000001124b92c0, 0x00000001124b9450]
Event: 10.104 Thread 0x00007fd6c306e800 2980   !   4       sun.awt.AppContext::get (123 bytes)

GC Heap History (10 events):
Event: 5.353 GC heap before
{Heap before GC invocations=9 (full 1):
 PSYoungGen      total 229888K, used 224387K [0x000000076ab00000, 0x0000000783c80000, 0x00000007c0000000)
  eden space 209408K, 99% used [0x000000076ab00000,0x00000007776ce2f8,0x0000000777780000)
  from space 20480K, 76% used [0x0000000777780000,0x00000007786d2c40,0x0000000778b80000)
  to   space 20480K, 0% used [0x0000000782880000,0x0000000782880000,0x0000000783c80000)
 ParOldGen       total 85504K, used 25592K [0x00000006c0000000, 0x00000006c5380000, 0x000000076ab00000)
  object space 85504K, 29% used [0x00000006c0000000,0x00000006c18fe298,0x00000006c5380000)
 Metaspace       used 23428K, capacity 23709K, committed 24064K, reserved 1071104K
  class space    used 2334K, capacity 2449K, committed 2560K, reserved 1048576K
Event: 5.359 GC heap after
Heap after GC invocations=9 (full 1):
 PSYoungGen      total 382464K, used 3812K [0x000000076ab00000, 0x0000000783980000, 0x00000007c0000000)
  eden space 365056K, 0% used [0x000000076ab00000,0x000000076ab00000,0x0000000780f80000)
  from space 17408K, 21% used [0x0000000782880000,0x0000000782c39370,0x0000000783980000)
  to   space 21504K, 0% used [0x0000000780f80000,0x0000000780f80000,0x0000000782480000)
 ParOldGen       total 85504K, used 30126K [0x00000006c0000000, 0x00000006c5380000, 0x000000076ab00000)
  object space 85504K, 35% used [0x00000006c0000000,0x00000006c1d6bb38,0x00000006c5380000)
 Metaspace       used 23428K, capacity 23709K, committed 24064K, reserved 1071104K
  class space    used 2334K, capacity 2449K, committed 2560K, reserved 1048576K
}
Event: 6.169 GC heap before
{Heap before GC invocations=10 (full 1):
 PSYoungGen      total 382464K, used 368781K [0x000000076ab00000, 0x0000000783980000, 0x00000007c0000000)
  eden space 365056K, 99% used [0x000000076ab00000,0x0000000780f6a2a8,0x0000000780f80000)
  from space 17408K, 21% used [0x0000000782880000,0x0000000782c39370,0x0000000783980000)
  to   space 21504K, 0% used [0x0000000780f80000,0x0000000780f80000,0x0000000782480000)
 ParOldGen       total 85504K, used 30126K [0x00000006c0000000, 0x00000006c5380000, 0x000000076ab00000)
  object space 85504K, 35% used [0x00000006c0000000,0x00000006c1d6bb38,0x00000006c5380000)
 Metaspace       used 23529K, capacity 23837K, committed 24064K, reserved 1071104K
  class space    used 2334K, capacity 2449K, committed 2560K, reserved 1048576K
Event: 6.174 GC heap after
Heap after GC invocations=10 (full 1):
 PSYoungGen      total 386560K, used 2756K [0x000000076ab00000, 0x000000078d180000, 0x00000007c0000000)
  eden space 365056K, 0% used [0x000000076ab00000,0x000000076ab00000,0x0000000780f80000)
  from space 21504K, 12% used [0x0000000780f80000,0x0000000781231330,0x0000000782480000)
  to   space 22528K, 0% used [0x000000078bb80000,0x000000078bb80000,0x000000078d180000)
 ParOldGen       total 85504K, used 31222K [0x00000006c0000000, 0x00000006c5380000, 0x000000076ab00000)
  object space 85504K, 36% used [0x00000006c0000000,0x00000006c1e7db78,0x00000006c5380000)
 Metaspace       used 23529K, capacity 23837K, committed 24064K, reserved 1071104K
  class space    used 2334K, capacity 2449K, committed 2560K, reserved 1048576K
}
Event: 6.969 GC heap before
{Heap before GC invocations=11 (full 1):
 PSYoungGen      total 386560K, used 367388K [0x000000076ab00000, 0x000000078d180000, 0x00000007c0000000)
  eden space 365056K, 99% used [0x000000076ab00000,0x0000000780f15e48,0x0000000780f80000)
  from space 21504K, 12% used [0x0000000780f80000,0x0000000781231330,0x0000000782480000)
  to   space 22528K, 0% used [0x000000078bb80000,0x000000078bb80000,0x000000078d180000)
 ParOldGen       total 85504K, used 31222K [0x00000006c0000000, 0x00000006c5380000, 0x000000076ab00000)
  object space 85504K, 36% used [0x00000006c0000000,0x00000006c1e7db78,0x00000006c5380000)
 Metaspace       used 23564K, capacity 23837K, committed 24064K, reserved 1071104K
  class space    used 2334K, capacity 2449K, committed 2560K, reserved 1048576K
Event: 6.974 GC heap after
Heap after GC invocations=11 (full 1):
 PSYoungGen      total 524800K, used 2692K [0x000000076ab00000, 0x000000078ca00000, 0x00000007c0000000)
  eden space 509952K, 0% used [0x000000076ab00000,0x000000076ab00000,0x0000000789d00000)
  from space 14848K, 18% used [0x000000078bb80000,0x000000078be21330,0x000000078ca00000)
  to   space 23040K, 0% used [0x0000000789d00000,0x0000000789d00000,0x000000078b380000)
 ParOldGen       total 85504K, used 31278K [0x00000006c0000000, 0x00000006c5380000, 0x000000076ab00000)
  object space 85504K, 36% used [0x00000006c0000000,0x00000006c1e8bb78,0x00000006c5380000)
 Metaspace       used 23564K, capacity 23837K, committed 24064K, reserved 1071104K
  class space    used 2334K, capacity 2449K, committed 2560K, reserved 1048576K
}
Event: 8.105 GC heap before
{Heap before GC invocations=12 (full 1):
 PSYoungGen      total 524800K, used 510650K [0x000000076ab00000, 0x000000078ca00000, 0x00000007c0000000)
  eden space 509952K, 99% used [0x000000076ab00000,0x0000000789b0d530,0x0000000789d00000)
  from space 14848K, 18% used [0x000000078bb80000,0x000000078be21330,0x000000078ca00000)
  to   space 23040K, 0% used [0x0000000789d00000,0x0000000789d00000,0x000000078b380000)
 ParOldGen       total 85504K, used 31278K [0x00000006c0000000, 0x00000006c5380000, 0x000000076ab00000)
  object space 85504K, 36% used [0x00000006c0000000,0x00000006c1e8bb78,0x00000006c5380000)
 Metaspace       used 23735K, capacity 24029K, committed 24320K, reserved 1071104K
  class space    used 2334K, capacity 2449K, committed 2560K, reserved 1048576K
Event: 8.109 GC heap after
Heap after GC invocations=12 (full 1):
 PSYoungGen      total 532992K, used 2692K [0x000000076ab00000, 0x0000000798000000, 0x00000007c0000000)
  eden space 509952K, 0% used [0x000000076ab00000,0x000000076ab00000,0x0000000789d00000)
  from space 23040K, 11% used [0x0000000789d00000,0x0000000789fa1330,0x000000078b380000)
  to   space 23040K, 0% used [0x0000000796980000,0x0000000796980000,0x0000000798000000)
 ParOldGen       total 85504K, used 31326K [0x00000006c0000000, 0x00000006c5380000, 0x000000076ab00000)
  object space 85504K, 36% used [0x00000006c0000000,0x00000006c1e97b78,0x00000006c5380000)
 Metaspace       used 23735K, capacity 24029K, committed 24320K, reserved 1071104K
  class space    used 2334K, capacity 2449K, committed 2560K, reserved 1048576K
}
Event: 9.191 GC heap before
{Heap before GC invocations=13 (full 1):
 PSYoungGen      total 532992K, used 510879K [0x000000076ab00000, 0x0000000798000000, 0x00000007c0000000)
  eden space 509952K, 99% used [0x000000076ab00000,0x0000000789b46b48,0x0000000789d00000)
  from space 23040K, 11% used [0x0000000789d00000,0x0000000789fa1330,0x000000078b380000)
  to   space 23040K, 0% used [0x0000000796980000,0x0000000796980000,0x0000000798000000)
 ParOldGen       total 85504K, used 31326K [0x00000006c0000000, 0x00000006c5380000, 0x000000076ab00000)
  object space 85504K, 36% used [0x00000006c0000000,0x00000006c1e97b78,0x00000006c5380000)
 Metaspace       used 23746K, capacity 24029K, committed 24320K, reserved 1071104K
  class space    used 2334K, capacity 2449K, committed 2560K, reserved 1048576K
Event: 9.197 GC heap after
Heap after GC invocations=13 (full 1):
 PSYoungGen      total 695808K, used 10259K [0x000000076ab00000, 0x0000000797400000, 0x00000007c0000000)
  eden space 685056K, 0% used [0x000000076ab00000,0x000000076ab00000,0x0000000794800000)
  from space 10752K, 95% used [0x0000000796980000,0x0000000797384cc0,0x0000000797400000)
  to   space 22016K, 0% used [0x0000000794900000,0x0000000794900000,0x0000000795e80000)
 ParOldGen       total 85504K, used 31374K [0x00000006c0000000, 0x00000006c5380000, 0x000000076ab00000)
  object space 85504K, 36% used [0x00000006c0000000,0x00000006c1ea3b78,0x00000006c5380000)
 Metaspace       used 23746K, capacity 24029K, committed 24320K, reserved 1071104K
  class space    used 2334K, capacity 2449K, committed 2560K, reserved 1048576K
}

Deoptimization events (10 events):
Event: 3.681 Thread 0x00007fd6c4b38800 Uncommon trap: reason=unstable_if action=reinterpret pc=0x0000000112129d34 method=processing.opengl.Texture.convertToRGBA([IIII)V @ 281
Event: 3.703 Thread 0x00007fd6c4b38800 Uncommon trap: reason=unstable_if action=reinterpret pc=0x0000000112071568 method=processing.core.PImage.<init>(Ljava/awt/Image;)V @ 130
Event: 10.054 Thread 0x00007fd6c4b38800 Uncommon trap: reason=unstable_if action=reinterpret pc=0x00000001121265a8 method=com.jogamp.common.util.VersionNumber.compareTo(Lcom/jogamp/common/util/VersionNumber;)I @ 21
Event: 10.056 Thread 0x00007fd6c3937800 Uncommon trap: reason=unstable_if action=reinterpret pc=0x00000001123856f0 method=java.awt.font.FontRenderContext.equals(Ljava/awt/font/FontRenderContext;)Z @ 2
Event: 10.056 Thread 0x00007fd6c3937800 Uncommon trap: reason=unstable_if action=reinterpret pc=0x0000000112382ed4 method=java.awt.Font.equals(Ljava/lang/Object;)Z @ 2
Event: 10.084 Thread 0x00007fd6c321b000 Uncommon trap: reason=class_check action=maybe_recompile pc=0x0000000111edc2e8 method=java.util.HashMap.putVal(ILjava/lang/Object;Ljava/lang/Object;ZZ)Ljava/lang/Object; @ 91
Event: 10.084 Thread 0x00007fd6c321b000 Uncommon trap: reason=class_check action=maybe_recompile pc=0x0000000111edc2e8 method=java.util.HashMap.putVal(ILjava/lang/Object;Ljava/lang/Object;ZZ)Ljava/lang/Object; @ 91
Event: 10.084 Thread 0x00007fd6c321b000 Uncommon trap: reason=class_check action=maybe_recompile pc=0x0000000111edc2e8 method=java.util.HashMap.putVal(ILjava/lang/Object;Ljava/lang/Object;ZZ)Ljava/lang/Object; @ 91
Event: 10.085 Thread 0x00007fd6c321b000 Uncommon trap: reason=class_check action=maybe_recompile pc=0x0000000111edc2e8 method=java.util.HashMap.putVal(ILjava/lang/Object;Ljava/lang/Object;ZZ)Ljava/lang/Object; @ 91
Event: 10.085 Thread 0x00007fd6c321b000 Uncommon trap: reason=class_check action=maybe_recompile pc=0x0000000111ea3684 method=java.util.HashMap.putVal(ILjava/lang/Object;Ljava/lang/Object;ZZ)Ljava/lang/Object; @ 91

Internal exceptions (10 events):
Event: 0.109 Thread 0x00007fd6c2012800 Exception <a 'java/lang/NoSuchFieldError': method resolution failed> (0x000000076aeeee48) thrown at [/HUDSON3/workspace/8-2-build-macosx-x86_64/jdk8u73/6086/hotspot/src/share/vm/prims/methodHandles.cpp, line 1146]
Event: 0.110 Thread 0x00007fd6c2012800 Exception <a 'java/lang/NoSuchFieldError': method resolution failed> (0x000000076aefc618) thrown at [/HUDSON3/workspace/8-2-build-macosx-x86_64/jdk8u73/6086/hotspot/src/share/vm/prims/methodHandles.cpp, line 1146]
Event: 0.228 Thread 0x00007fd6c2012800 Exception <a 'java/io/FileNotFoundException'> (0x000000076af78308) thrown at [/HUDSON3/workspace/8-2-build-macosx-x86_64/jdk8u73/6086/hotspot/src/share/vm/prims/jni.cpp, line 709]
Event: 0.228 Thread 0x00007fd6c2012800 Exception <a 'java/io/FileNotFoundException'> (0x000000076af78e30) thrown at [/HUDSON3/workspace/8-2-build-macosx-x86_64/jdk8u73/6086/hotspot/src/share/vm/prims/jni.cpp, line 709]
Event: 0.326 Thread 0x00007fd6c2012800 Exception <a 'java/io/FileNotFoundException'> (0x000000076b00e860) thrown at [/HUDSON3/workspace/8-2-build-macosx-x86_64/jdk8u73/6086/hotspot/src/share/vm/prims/jni.cpp, line 709]
Event: 1.342 Thread 0x00007fd6c2012800 Exception <a 'java/lang/UnsatisfiedLinkError': com.jogamp.common.util.JarUtil.fixNativeLibAttribs(Ljava/lang/String;)Z> (0x000000076c8a7a00) thrown at [/HUDSON3/workspace/8-2-build-macosx-x86_64/jdk8u73/6086/hotspot/src/share/vm/prims/nativeLookup.cpp, li
Event: 3.184 Thread 0x00007fd6c3805000 Exception <a 'java/lang/NullPointerException'> (0x000000076aecc618) thrown at [/HUDSON3/workspace/8-2-build-macosx-x86_64/jdk8u73/6086/hotspot/src/share/vm/interpreter/linkResolver.cpp, line 1178]
Event: 3.225 Thread 0x00007fd6c4b38800 Exception <a 'java/io/FileNotFoundException'> (0x000000076b4111b0) thrown at [/HUDSON3/workspace/8-2-build-macosx-x86_64/jdk8u73/6086/hotspot/src/share/vm/prims/jni.cpp, line 709]
Event: 3.225 Thread 0x00007fd6c4b38800 Exception <a 'java/io/FileNotFoundException'> (0x000000076b417880) thrown at [/HUDSON3/workspace/8-2-build-macosx-x86_64/jdk8u73/6086/hotspot/src/share/vm/prims/jni.cpp, line 709]
Event: 3.225 Thread 0x00007fd6c4b38800 Implicit null exception at 0x0000000111c37cb5 to 0x0000000111c38019

Events (10 events):
Event: 10.096 loading class jogamp/nativewindow/jawt/macosx/MacOSXJAWTWindow$1 done
Event: 10.097 loading class java/awt/LightweightDispatcher$2
Event: 10.097 loading class java/awt/LightweightDispatcher$2 done
Event: 10.097 loading class java/awt/event/AWTEventListenerProxy
Event: 10.097 loading class java/awt/event/AWTEventListenerProxy done
Event: 10.097 loading class java/awt/Toolkit$ToolkitEventMulticaster
Event: 10.097 loading class java/awt/Toolkit$ToolkitEventMulticaster done
Event: 10.098 Thread 0x00007fd6c321b000 Thread exited: 0x00007fd6c321b000
Event: 10.098 loading class java/awt/Window$1DisposeAction
Event: 10.098 loading class java/awt/Window$1DisposeAction done


Dynamic libraries:
0x000000000b3c4000 	/System/Library/Frameworks/Cocoa.framework/Versions/A/Cocoa
0x000000000b3c4000 	/System/Library/Frameworks/Security.framework/Versions/A/Security
0x000000000b3c4000 	/System/Library/Frameworks/ApplicationServices.framework/Versions/A/ApplicationServices
0x000000000b3c4000 	/usr/lib/libz.1.dylib
0x000000000b3c4000 	/usr/lib/libSystem.B.dylib
0x000000000b3c4000 	/usr/lib/libobjc.A.dylib
0x000000000b3c4000 	/System/Library/Frameworks/CoreFoundation.framework/Versions/A/CoreFoundation
0x000000000b3c4000 	/System/Library/Frameworks/Foundation.framework/Versions/C/Foundation
0x000000000b3c4000 	/System/Library/Frameworks/AppKit.framework/Versions/C/AppKit
0x000000000b3c4000 	/System/Library/Frameworks/CoreData.framework/Versions/A/CoreData
0x000000000b3c4000 	/System/Library/PrivateFrameworks/RemoteViewServices.framework/Versions/A/RemoteViewServices
0x000000000b3c4000 	/System/Library/PrivateFrameworks/UIFoundation.framework/Versions/A/UIFoundation
0x000000000b3c4000 	/System/Library/Frameworks/IOSurface.framework/Versions/A/IOSurface
0x000000000b3c4000 	/System/Library/Frameworks/AudioToolbox.framework/Versions/A/AudioToolbox
0x000000000b3c4000 	/System/Library/Frameworks/AudioUnit.framework/Versions/A/AudioUnit
0x000000000b3c4000 	/System/Library/PrivateFrameworks/DataDetectorsCore.framework/Versions/A/DataDetectorsCore
0x000000000b3c4000 	/System/Library/PrivateFrameworks/DesktopServicesPriv.framework/Versions/A/DesktopServicesPriv
0x000000000b3c4000 	/System/Library/Frameworks/Carbon.framework/Versions/A/Frameworks/HIToolbox.framework/Versions/A/HIToolbox
0x000000000b3c4000 	/System/Library/Frameworks/QuartzCore.framework/Versions/A/QuartzCore
0x000000000b3c4000 	/System/Library/Frameworks/Carbon.framework/Versions/A/Frameworks/SpeechRecognition.framework/Versions/A/SpeechRecognition
0x000000000b3c4000 	/usr/lib/libauto.dylib
0x000000000b3c4000 	/usr/lib/libicucore.A.dylib
0x000000000b3c4000 	/usr/lib/libxml2.2.dylib
0x000000000b3c4000 	/System/Library/PrivateFrameworks/CoreUI.framework/Versions/A/CoreUI
0x000000000b3c4000 	/System/Library/Frameworks/CoreAudio.framework/Versions/A/CoreAudio
0x000000000b3c4000 	/System/Library/Frameworks/DiskArbitration.framework/Versions/A/DiskArbitration
0x000000000b3c4000 	/usr/lib/liblangid.dylib
0x000000000b3c4000 	/System/Library/PrivateFrameworks/MultitouchSupport.framework/Versions/A/MultitouchSupport
0x000000000b3c4000 	/System/Library/Frameworks/IOKit.framework/Versions/A/IOKit
0x000000000b3c4000 	/usr/lib/libDiagnosticMessagesClient.dylib
0x000000000b3c4000 	/System/Library/Frameworks/CoreServices.framework/Versions/A/CoreServices
0x000000000b3c4000 	/System/Library/PrivateFrameworks/PerformanceAnalysis.framework/Versions/A/PerformanceAnalysis
0x000000000b3c4000 	/System/Library/PrivateFrameworks/GenerationalStorage.framework/Versions/A/GenerationalStorage
0x000000000b3c4000 	/System/Library/Frameworks/OpenGL.framework/Versions/A/OpenGL
0x000000000b3c4000 	/System/Library/PrivateFrameworks/Sharing.framework/Versions/A/Sharing
0x000000000b3c4000 	/System/Library/Frameworks/CoreGraphics.framework/Versions/A/CoreGraphics
0x000000000b3c4000 	/System/Library/Frameworks/CoreText.framework/Versions/A/CoreText
0x000000000b3c4000 	/System/Library/Frameworks/ImageIO.framework/Versions/A/ImageIO
0x000000000b3c4000 	/usr/lib/libextension.dylib
0x000000000b3c4000 	/System/Library/PrivateFrameworks/Backup.framework/Versions/A/Backup
0x000000000b3c4000 	/usr/lib/libarchive.2.dylib
0x000000000b3c4000 	/System/Library/Frameworks/CFNetwork.framework/Versions/A/CFNetwork
0x000000000b3c4000 	/System/Library/Frameworks/SystemConfiguration.framework/Versions/A/SystemConfiguration
0x000000000b3c4000 	/usr/lib/libCRFSuite.dylib
0x000000000b3c4000 	/usr/lib/libc++.1.dylib
0x000000000b3c4000 	/usr/lib/libc++abi.dylib
0x000000000b3c4000 	/usr/lib/system/libcache.dylib
0x000000000b3c4000 	/usr/lib/system/libcommonCrypto.dylib
0x000000000b3c4000 	/usr/lib/system/libcompiler_rt.dylib
0x000000000b3c4000 	/usr/lib/system/libcopyfile.dylib
0x000000000b3c4000 	/usr/lib/system/libcorecrypto.dylib
0x000000000b3c4000 	/usr/lib/system/libdispatch.dylib
0x000000000b3c4000 	/usr/lib/system/libdyld.dylib
0x000000000b3c4000 	/usr/lib/system/libkeymgr.dylib
0x000000000b3c4000 	/usr/lib/system/liblaunch.dylib
0x000000000b3c4000 	/usr/lib/system/libmacho.dylib
0x000000000b3c4000 	/usr/lib/system/libquarantine.dylib
0x000000000b3c4000 	/usr/lib/system/libremovefile.dylib
0x000000000b3c4000 	/usr/lib/system/libsystem_asl.dylib
0x000000000b3c4000 	/usr/lib/system/libsystem_blocks.dylib
0x000000000b3c4000 	/usr/lib/system/libsystem_c.dylib
0x000000000b3c4000 	/usr/lib/system/libsystem_configuration.dylib
0x000000000b3c4000 	/usr/lib/system/libsystem_coreservices.dylib
0x000000000b3c4000 	/usr/lib/system/libsystem_coretls.dylib
0x000000000b3c4000 	/usr/lib/system/libsystem_dnssd.dylib
0x000000000b3c4000 	/usr/lib/system/libsystem_info.dylib
0x000000000b3c4000 	/usr/lib/system/libsystem_kernel.dylib
0x000000000b3c4000 	/usr/lib/system/libsystem_m.dylib
0x000000000b3c4000 	/usr/lib/system/libsystem_malloc.dylib
0x000000000b3c4000 	/usr/lib/system/libsystem_network.dylib
0x000000000b3c4000 	/usr/lib/system/libsystem_networkextension.dylib
0x000000000b3c4000 	/usr/lib/system/libsystem_notify.dylib
0x000000000b3c4000 	/usr/lib/system/libsystem_platform.dylib
0x000000000b3c4000 	/usr/lib/system/libsystem_pthread.dylib
0x000000000b3c4000 	/usr/lib/system/libsystem_sandbox.dylib
0x000000000b3c4000 	/usr/lib/system/libsystem_secinit.dylib
0x000000000b3c4000 	/usr/lib/system/libsystem_stats.dylib
0x000000000b3c4000 	/usr/lib/system/libsystem_trace.dylib
0x000000000b3c4000 	/usr/lib/system/libunc.dylib
0x000000000b3c4000 	/usr/lib/system/libunwind.dylib
0x000000000b3c4000 	/usr/lib/system/libxpc.dylib
0x000000000b3c4000 	/usr/lib/libbz2.1.0.dylib
0x000000000b3c4000 	/usr/lib/liblzma.5.dylib
0x000000000b3c4000 	/usr/lib/libbsm.0.dylib
0x000000000b3c4000 	/usr/lib/libsqlite3.dylib
0x000000000b3c4000 	/usr/lib/system/libkxld.dylib
0x000000000b3c4000 	/usr/lib/libxar.1.dylib
0x000000000b3c4000 	/usr/lib/libpam.2.dylib
0x000000000b3c4000 	/usr/lib/libOpenScriptingUtil.dylib
0x000000000b3c4000 	/System/Library/Frameworks/CoreServices.framework/Versions/A/Frameworks/FSEvents.framework/Versions/A/FSEvents
0x000000000b3c4000 	/System/Library/Frameworks/CoreServices.framework/Versions/A/Frameworks/CarbonCore.framework/Versions/A/CarbonCore
0x000000000b3c4000 	/System/Library/Frameworks/CoreServices.framework/Versions/A/Frameworks/Metadata.framework/Versions/A/Metadata
0x000000000b3c4000 	/System/Library/Frameworks/CoreServices.framework/Versions/A/Frameworks/OSServices.framework/Versions/A/OSServices
0x000000000b3c4000 	/System/Library/Frameworks/CoreServices.framework/Versions/A/Frameworks/SearchKit.framework/Versions/A/SearchKit
0x000000000b3c4000 	/System/Library/Frameworks/CoreServices.framework/Versions/A/Frameworks/AE.framework/Versions/A/AE
0x000000000b3c4000 	/System/Library/Frameworks/CoreServices.framework/Versions/A/Frameworks/LaunchServices.framework/Versions/A/LaunchServices
0x000000000b3c4000 	/System/Library/Frameworks/CoreServices.framework/Versions/A/Frameworks/DictionaryServices.framework/Versions/A/DictionaryServices
0x000000000b3c4000 	/System/Library/Frameworks/NetFS.framework/Versions/A/NetFS
0x000000000b3c4000 	/System/Library/PrivateFrameworks/NetAuth.framework/Versions/A/NetAuth
0x000000000b3c4000 	/System/Library/PrivateFrameworks/login.framework/Versions/A/Frameworks/loginsupport.framework/Versions/A/loginsupport
0x000000000b3c4000 	/System/Library/PrivateFrameworks/TCC.framework/Versions/A/TCC
0x000000000b3c4000 	/usr/lib/libmecabra.dylib
0x000000000b3c4000 	/System/Library/Frameworks/ApplicationServices.framework/Versions/A/Frameworks/ATS.framework/Versions/A/ATS
0x000000000b3c4000 	/System/Library/Frameworks/ApplicationServices.framework/Versions/A/Frameworks/ColorSync.framework/Versions/A/ColorSync
0x000000000b3c4000 	/System/Library/Frameworks/ApplicationServices.framework/Versions/A/Frameworks/HIServices.framework/Versions/A/HIServices
0x000000000b3c4000 	/System/Library/Frameworks/ApplicationServices.framework/Versions/A/Frameworks/LangAnalysis.framework/Versions/A/LangAnalysis
0x000000000b3c4000 	/System/Library/Frameworks/ApplicationServices.framework/Versions/A/Frameworks/PrintCore.framework/Versions/A/PrintCore
0x000000000b3c4000 	/System/Library/Frameworks/ApplicationServices.framework/Versions/A/Frameworks/QD.framework/Versions/A/QD
0x000000000b3c4000 	/System/Library/Frameworks/ApplicationServices.framework/Versions/A/Frameworks/SpeechSynthesis.framework/Versions/A/SpeechSynthesis
0x000000000b3c4000 	/System/Library/Frameworks/Accelerate.framework/Versions/A/Accelerate
0x000000000b3c4000 	/System/Library/Frameworks/Accelerate.framework/Versions/A/Frameworks/vImage.framework/Versions/A/vImage
0x000000000b3c4000 	/System/Library/Frameworks/Accelerate.framework/Versions/A/Frameworks/vecLib.framework/Versions/A/vecLib
0x000000000b3c4000 	/System/Library/Frameworks/Accelerate.framework/Versions/A/Frameworks/vecLib.framework/Versions/A/libvDSP.dylib
0x000000000b3c4000 	/System/Library/Frameworks/Accelerate.framework/Versions/A/Frameworks/vecLib.framework/Versions/A/libvMisc.dylib
0x000000000b3c4000 	/System/Library/Frameworks/Accelerate.framework/Versions/A/Frameworks/vecLib.framework/Versions/A/libLAPACK.dylib
0x000000000b3c4000 	/System/Library/Frameworks/Accelerate.framework/Versions/A/Frameworks/vecLib.framework/Versions/A/libBLAS.dylib
0x000000000b3c4000 	/System/Library/Frameworks/Accelerate.framework/Versions/A/Frameworks/vecLib.framework/Versions/A/libLinearAlgebra.dylib
0x000000000b3c4000 	/System/Library/Frameworks/ApplicationServices.framework/Versions/A/Frameworks/ATS.framework/Versions/A/Resources/libFontParser.dylib
0x000000000b3c4000 	/System/Library/Frameworks/ApplicationServices.framework/Versions/A/Frameworks/ATS.framework/Versions/A/Resources/libFontRegistry.dylib
0x000000000b3c4000 	/System/Library/PrivateFrameworks/AppleVPA.framework/Versions/A/AppleVPA
0x000000000b3c4000 	/System/Library/PrivateFrameworks/AppleJPEG.framework/Versions/A/AppleJPEG
0x000000000b3c4000 	/System/Library/Frameworks/ImageIO.framework/Versions/A/Resources/libJPEG.dylib
0x000000000b3c4000 	/System/Library/Frameworks/ImageIO.framework/Versions/A/Resources/libTIFF.dylib
0x000000000b3c4000 	/System/Library/Frameworks/ImageIO.framework/Versions/A/Resources/libPng.dylib
0x000000000b3c4000 	/System/Library/Frameworks/ImageIO.framework/Versions/A/Resources/libGIF.dylib
0x000000000b3c4000 	/System/Library/Frameworks/ImageIO.framework/Versions/A/Resources/libJP2.dylib
0x000000000b3c4000 	/System/Library/Frameworks/ImageIO.framework/Versions/A/Resources/libRadiance.dylib
0x000000000b3c4000 	/System/Library/Frameworks/CoreVideo.framework/Versions/A/CoreVideo
0x000000000b3c4000 	/System/Library/Frameworks/OpenGL.framework/Versions/A/Libraries/libGLU.dylib
0x000000000b3c4000 	/System/Library/Frameworks/OpenGL.framework/Versions/A/Libraries/libGFXShared.dylib
0x000000000b3c4000 	/System/Library/Frameworks/OpenGL.framework/Versions/A/Libraries/libGL.dylib
0x000000000b3c4000 	/System/Library/Frameworks/OpenGL.framework/Versions/A/Libraries/libGLImage.dylib
0x000000000b3c4000 	/System/Library/Frameworks/OpenGL.framework/Versions/A/Libraries/libCVMSPluginSupport.dylib
0x000000000b3c4000 	/System/Library/Frameworks/OpenGL.framework/Versions/A/Libraries/libCoreVMClient.dylib
0x000000000b3c4000 	/usr/lib/libcups.2.dylib
0x000000000b3c4000 	/System/Library/Frameworks/Kerberos.framework/Versions/A/Kerberos
0x000000000b3c4000 	/System/Library/Frameworks/GSS.framework/Versions/A/GSS
0x000000000b3c4000 	/usr/lib/libresolv.9.dylib
0x000000000b3c4000 	/usr/lib/libiconv.2.dylib
0x000000000b3c4000 	/System/Library/PrivateFrameworks/Heimdal.framework/Versions/A/Heimdal
0x000000000b3c4000 	/usr/lib/libheimdal-asn1.dylib
0x000000000b3c4000 	/System/Library/Frameworks/OpenDirectory.framework/Versions/A/OpenDirectory
0x000000000b3c4000 	/System/Library/PrivateFrameworks/CommonAuth.framework/Versions/A/CommonAuth
0x000000000b3c4000 	/System/Library/Frameworks/OpenDirectory.framework/Versions/A/Frameworks/CFOpenDirectory.framework/Versions/A/CFOpenDirectory
0x000000000b3c4000 	/System/Library/Frameworks/SecurityFoundation.framework/Versions/A/SecurityFoundation
0x000000000b3c4000 	/System/Library/PrivateFrameworks/LanguageModeling.framework/Versions/A/LanguageModeling
0x000000000b3c4000 	/usr/lib/libcmph.dylib
0x000000000b3c4000 	/System/Library/Frameworks/ServiceManagement.framework/Versions/A/ServiceManagement
0x000000000b3c4000 	/usr/lib/libxslt.1.dylib
0x000000000b3c4000 	/System/Library/Frameworks/Carbon.framework/Versions/A/Frameworks/Ink.framework/Versions/A/Ink
0x000000000b3c4000 	/System/Library/Frameworks/QuartzCore.framework/Versions/A/Frameworks/CoreImage.framework/Versions/A/CoreImage
0x000000000b3c4000 	/System/Library/PrivateFrameworks/CrashReporterSupport.framework/Versions/A/CrashReporterSupport
0x000000000b3c4000 	/System/Library/Frameworks/OpenCL.framework/Versions/A/OpenCL
0x000000000b3c4000 	/System/Library/PrivateFrameworks/FaceCore.framework/Versions/A/FaceCore
0x000000000b3c4000 	/System/Library/PrivateFrameworks/Ubiquity.framework/Versions/A/Ubiquity
0x000000000b3c4000 	/System/Library/PrivateFrameworks/IconServices.framework/Versions/A/IconServices
0x000000000b3c4000 	/System/Library/PrivateFrameworks/ChunkingLibrary.framework/Versions/A/ChunkingLibrary
0x000000000b3c4000 	/System/Library/PrivateFrameworks/Apple80211.framework/Versions/A/Apple80211
0x000000000b3c4000 	/System/Library/Frameworks/CoreWLAN.framework/Versions/A/CoreWLAN
0x000000000b3c4000 	/System/Library/Frameworks/IOBluetooth.framework/Versions/A/IOBluetooth
0x000000000b3c4000 	/System/Library/PrivateFrameworks/CoreWiFi.framework/Versions/A/CoreWiFi
0x000000000b3c4000 	/System/Library/Frameworks/CoreBluetooth.framework/Versions/A/CoreBluetooth
0x000000000b3c4000 	/System/Library/PrivateFrameworks/DebugSymbols.framework/Versions/A/DebugSymbols
0x000000000b3c4000 	/System/Library/PrivateFrameworks/CoreSymbolication.framework/Versions/A/CoreSymbolication
0x000000000b3c4000 	/System/Library/PrivateFrameworks/Symbolication.framework/Versions/A/Symbolication
0x000000000b3c4000 	/System/Library/PrivateFrameworks/SpeechRecognitionCore.framework/Versions/A/SpeechRecognitionCore
0x0000000110a00000 	/Library/Java/JavaVirtualMachines/jdk1.8.0_73.jdk/Contents/Home/jre/lib/server/libjvm.dylib
0x000000000b3c4000 	/usr/lib/libstdc++.6.dylib
0x000000010f9a7000 	/Library/Java/JavaVirtualMachines/jdk1.8.0_73.jdk/Contents/Home/jre/lib/libverify.dylib
0x000000010f9b5000 	/Library/Java/JavaVirtualMachines/jdk1.8.0_73.jdk/Contents/Home/jre/lib/libjava.dylib
0x000000010f9f4000 	/Library/Java/JavaVirtualMachines/jdk1.8.0_73.jdk/Contents/Home/jre/lib/libzip.dylib
0x000000012d666000 	/System/Library/Frameworks/JavaVM.framework/Frameworks/JavaRuntimeSupport.framework/JavaRuntimeSupport
0x000000012d67c000 	/System/Library/Frameworks/JavaVM.framework/Versions/A/Frameworks/JavaNativeFoundation.framework/Versions/A/JavaNativeFoundation
0x000000012d690000 	/System/Library/Frameworks/JavaVM.framework/Versions/A/JavaVM
0x000000000b3c4000 	/System/Library/Frameworks/Carbon.framework/Versions/A/Carbon
0x000000012d69c000 	/System/Library/PrivateFrameworks/JavaLaunching.framework/Versions/A/JavaLaunching
0x000000000b3c4000 	/System/Library/Frameworks/Carbon.framework/Versions/A/Frameworks/CommonPanels.framework/Versions/A/CommonPanels
0x000000000b3c4000 	/System/Library/Frameworks/Carbon.framework/Versions/A/Frameworks/Help.framework/Versions/A/Help
0x000000000b3c4000 	/System/Library/Frameworks/Carbon.framework/Versions/A/Frameworks/ImageCapture.framework/Versions/A/ImageCapture
0x000000000b3c4000 	/System/Library/Frameworks/Carbon.framework/Versions/A/Frameworks/OpenScripting.framework/Versions/A/OpenScripting
0x000000000b3c4000 	/System/Library/Frameworks/Carbon.framework/Versions/A/Frameworks/Print.framework/Versions/A/Print
0x000000000b3c4000 	/System/Library/Frameworks/Carbon.framework/Versions/A/Frameworks/SecurityHI.framework/Versions/A/SecurityHI
0x000000012f698000 	/Library/Java/JavaVirtualMachines/jdk1.8.0_73.jdk/Contents/Home/jre/lib/libawt.dylib
0x000000012f740000 	/Library/Java/JavaVirtualMachines/jdk1.8.0_73.jdk/Contents/Home/jre/lib/./libmlib_image.dylib
0x000000012f80c000 	/Library/Java/JavaVirtualMachines/jdk1.8.0_73.jdk/Contents/Home/jre/lib/libawt_lwawt.dylib
0x000000012f8c1000 	/Library/Java/JavaVirtualMachines/jdk1.8.0_73.jdk/Contents/Home/jre/lib/./libosxapp.dylib
0x000000000b3c4000 	/System/Library/Frameworks/ExceptionHandling.framework/Versions/A/ExceptionHandling
0x000000000b3c4000 	/System/Library/PrivateFrameworks/CoreServicesInternal.framework/Versions/A/CoreServicesInternal
0x000000000b3c4000 	/System/Library/PrivateFrameworks/CloudDocs.framework/Versions/A/CloudDocs
0x000000000b3c4000 	/System/Library/PrivateFrameworks/CoreDuet.framework/Versions/A/CoreDuet
0x000000000b3c4000 	/System/Library/Frameworks/CloudKit.framework/Versions/A/CloudKit
0x000000000b3c4000 	/System/Library/PrivateFrameworks/ProtocolBuffer.framework/Versions/A/ProtocolBuffer
0x000000000b3c4000 	/System/Library/PrivateFrameworks/CoreDuetDaemonProtocol.framework/Versions/A/CoreDuetDaemonProtocol
0x000000000b3c4000 	/System/Library/PrivateFrameworks/CoreDuetDebugLogging.framework/Versions/A/CoreDuetDebugLogging
0x000000000b3c4000 	/System/Library/PrivateFrameworks/MMCS.framework/Versions/A/MMCS
0x000000000b3c4000 	/System/Library/Frameworks/CoreLocation.framework/Versions/A/CoreLocation
0x000000000b3c4000 	/System/Library/PrivateFrameworks/ProtectedCloudStorage.framework/Versions/A/ProtectedCloudStorage
0x000000000b3c4000 	/System/Library/PrivateFrameworks/GeoServices.framework/Versions/A/GeoServices
0x000000000b3c4000 	/System/Library/Frameworks/CoreGraphics.framework/Versions/A/Resources/libCGCMS.A.dylib
0x000000000b3c4000 	/System/Library/Frameworks/CoreGraphics.framework/Versions/A/Resources/libRIP.A.dylib
0x000000000b3c4000 	/System/Library/Frameworks/CoreGraphics.framework/Versions/A/Resources/libCGXType.A.dylib
0x000000000b3c4000 	/System/Library/Frameworks/OpenCL.framework/Versions/A/Libraries/libcldcpuengine.dylib
0x000000000b3c4000 	/System/Library/PrivateFrameworks/DiskImages.framework/Versions/A/DiskImages
0x000000000b3c4000 	/System/Library/Frameworks/DiscRecording.framework/Versions/A/DiscRecording
0x000000000b3c4000 	/usr/lib/libcsfde.dylib
0x000000000b3c4000 	/usr/lib/libcurl.4.dylib
0x000000000b3c4000 	/System/Library/PrivateFrameworks/MediaKit.framework/Versions/A/MediaKit
0x000000000b3c4000 	/usr/lib/libCoreStorage.dylib
0x000000000b3c4000 	/System/Library/PrivateFrameworks/EFILogin.framework/Versions/A/EFILogin
0x000000000b3c4000 	/usr/lib/libutil.dylib
0x000000000b3c4000 	/System/Library/PrivateFrameworks/FindMyDevice.framework/Versions/A/FindMyDevice
0x000000000b3c4000 	/System/Library/Frameworks/LDAP.framework/Versions/A/LDAP
0x000000000b3c4000 	/usr/lib/libsasl2.2.dylib
0x000000000b3c4000 	/System/Library/PrivateFrameworks/CoreDaemon.framework/Versions/B/CoreDaemon
0x000000000b3c4000 	/usr/lib/libcrypto.0.9.8.dylib
0x000000000b3c4000 	/System/Library/PrivateFrameworks/AppleSRP.framework/Versions/A/AppleSRP
0x000000000b3c4000 	/System/Library/PrivateFrameworks/TrustEvaluationAgent.framework/Versions/A/TrustEvaluationAgent
0x0000000132915000 	cl_kernels
0x0000000132917000 	/System/Library/Frameworks/OpenCL.framework/Versions/A/Libraries/ImageFormats/unorm8_bgra.dylib
0x0000000132907000 	cl_kernels
0x000000000b3c4000 	/System/Library/PrivateFrameworks/FamilyControls.framework/Versions/A/FamilyControls
0x000000000b3c4000 	/System/Library/PrivateFrameworks/CommerceKit.framework/Versions/A/Frameworks/CommerceCore.framework/Versions/A/CommerceCore
0x000000000b3c4000 	/System/Library/PrivateFrameworks/SystemAdministration.framework/Versions/A/SystemAdministration
0x000000000b3c4000 	/System/Library/PrivateFrameworks/AppContainer.framework/Versions/A/AppContainer
0x000000000b3c4000 	/System/Library/PrivateFrameworks/SecCodeWrapper.framework/Versions/A/SecCodeWrapper
0x000000000b3c4000 	/System/Library/Frameworks/DirectoryService.framework/Versions/A/DirectoryService
0x000000000b3c4000 	/System/Library/PrivateFrameworks/LoginUIKit.framework/Versions/A/Frameworks/LoginUICore.framework/Versions/A/LoginUICore
0x000000000b3c4000 	/usr/lib/libodfde.dylib
0x000000000b3c4000 	/System/Library/Frameworks/OpenGL.framework/Versions/A/Resources/GLEngine.bundle/GLEngine
0x000000000b3c4000 	/System/Library/Frameworks/OpenGL.framework/Versions/A/Libraries/libGLProgrammability.dylib
0x0000000133ed2000 	/System/Library/Extensions/AppleIntelHD5000GraphicsGLDriver.bundle/Contents/MacOS/AppleIntelHD5000GraphicsGLDriver
0x000000000b3c4000 	/System/Library/PrivateFrameworks/IOAccelerator.framework/Versions/A/IOAccelerator
0x000000000b3c4000 	/System/Library/PrivateFrameworks/GPUSupport.framework/Versions/A/Libraries/libGPUSupportMercury.dylib
0x000000000b3c4000 	/System/Library/Frameworks/OpenGL.framework/Versions/A/Resources/GLRendererFloat.bundle/GLRendererFloat
0x0000000134f14000 	/Library/Java/JavaVirtualMachines/jdk1.8.0_73.jdk/Contents/Home/jre/lib/libfontmanager.dylib
0x000000013621e000 	/Library/Java/JavaVirtualMachines/jdk1.8.0_73.jdk/Contents/Home/jre/lib/libosxui.dylib
0x00000001364b2000 	/Library/Java/JavaVirtualMachines/jdk1.8.0_73.jdk/Contents/Home/jre/lib/libnet.dylib
0x000000013625e000 	/Library/Java/JavaVirtualMachines/jdk1.8.0_73.jdk/Contents/Home/jre/lib/libnio.dylib
0x000000000b3c4000 	/System/Library/Frameworks/ApplicationServices.framework/Versions/A/Frameworks/ATS.framework/Versions/A/Resources/libTrueTypeScaler.dylib
0x0000000181a5d000 	/private/var/folders/88/rn0nzmd518s0659qz29bsj6m0000gn/T/jogamp_0000/file_cache/jln6701619690748317623/jln1232331892964511296/libgluegen-rt.jnilib
0x0000000181a62000 	/private/var/folders/88/rn0nzmd518s0659qz29bsj6m0000gn/T/jogamp_0000/file_cache/jln6701619690748317623/jln1232331892964511296/libnativewindow_awt.jnilib
0x0000000181a65000 	/Library/Java/JavaVirtualMachines/jdk1.8.0_73.jdk/Contents/Home/jre/lib/libjawt.dylib
0x0000000181a68000 	/private/var/folders/88/rn0nzmd518s0659qz29bsj6m0000gn/T/jogamp_0000/file_cache/jln6701619690748317623/jln1232331892964511296/libnativewindow_macosx.jnilib
0x0000000181b94000 	/private/var/folders/88/rn0nzmd518s0659qz29bsj6m0000gn/T/jogamp_0000/file_cache/jln6701619690748317623/jln1232331892964511296/libjogl_desktop.jnilib
0x000000018204f000 	/Library/Java/JavaVirtualMachines/jdk1.8.0_73.jdk/Contents/Home/jre/lib/libsunec.dylib
0x0000000182454000 	/Library/Java/JavaVirtualMachines/jdk1.8.0_73.jdk/Contents/Home/jre/lib/libjpeg.dylib
0x000000018bbba000 	/Library/Java/JavaVirtualMachines/jdk1.8.0_73.jdk/Contents/Home/jre/lib/libt2k.dylib

VM Arguments:
jvm_args: -Djava.security.policy=java.policy.applet -Dfile.encoding=UTF-8 
java_command: sun.applet.AppletViewer module3.EarthquakeCityMap1457960406295.html
java_class_path (initial): /Users/jb/Documents/GitHub/Java_Programming/UCSDUnfoldingMaps/build:/Users/jb/Documents/GitHub/Java_Programming/UCSDUnfoldingMaps/lib/core.jar:/Users/jb/Documents/GitHub/Java_Programming/UCSDUnfoldingMaps/lib/gluegen-rt.jar:/Users/jb/Documents/GitHub/Java_Programming/UCSDUnfoldingMaps/lib/jogl-all.jar:/Users/jb/Documents/GitHub/Java_Programming/UCSDUnfoldingMaps/lib/log4j-1.2.15.jar:/Users/jb/Documents/GitHub/Java_Programming/UCSDUnfoldingMaps/lib/sqlite-jdbc-3.7.2.jar:/Users/jb/Documents/GitHub/Java_Programming/UCSDUnfoldingMaps/lib/json4processing.jar:/Users/jb/Documents/GitHub/Java_Programming/UCSDUnfoldingMaps/lib/libTUIO.jar:/Users/jb/Documents/GitHub/Java_Programming/UCSDUnfoldingMaps/lib/unfolding.0.9.7-uscd.jar
Launcher Type: SUN_STANDARD

Environment Variables:
PATH=/usr/bin:/bin:/usr/sbin:/sbin
SHELL=/bin/bash

Signal Handlers:
SIGSEGV: [libjvm.dylib+0x5a71a5], sa_mask[0]=11111111011111110111111111111111, sa_flags=SA_ONSTACK|SA_RESTART|SA_SIGINFO
SIGBUS: [libjvm.dylib+0x5a71a5], sa_mask[0]=11111111011111110111111111111111, sa_flags=SA_RESTART|SA_SIGINFO
SIGFPE: [libjvm.dylib+0x480eb4], sa_mask[0]=11111111011111110111111111111111, sa_flags=SA_RESTART|SA_SIGINFO
SIGPIPE: [libjvm.dylib+0x480eb4], sa_mask[0]=11111111011111110111111111111111, sa_flags=SA_RESTART|SA_SIGINFO
SIGXFSZ: [libjvm.dylib+0x480eb4], sa_mask[0]=11111111011111110111111111111111, sa_flags=SA_RESTART|SA_SIGINFO
SIGILL: [libjvm.dylib+0x480eb4], sa_mask[0]=11111111011111110111111111111111, sa_flags=SA_RESTART|SA_SIGINFO
SIGUSR1: SIG_DFL, sa_mask[0]=00000000000000000000000000000000, sa_flags=none
SIGUSR2: [libjvm.dylib+0x4809d2], sa_mask[0]=00100000000000000000000000000000, sa_flags=SA_RESTART|SA_SIGINFO
SIGHUP: [libjvm.dylib+0x47efa9], sa_mask[0]=11111111011111110111111111111111, sa_flags=SA_RESTART|SA_SIGINFO
SIGINT: [libjvm.dylib+0x47efa9], sa_mask[0]=11111111011111110111111111111111, sa_flags=SA_RESTART|SA_SIGINFO
SIGTERM: [libjvm.dylib+0x47efa9], sa_mask[0]=11111111011111110111111111111111, sa_flags=SA_RESTART|SA_SIGINFO
SIGQUIT: [libjvm.dylib+0x47efa9], sa_mask[0]=11111111011111110111111111111111, sa_flags=SA_RESTART|SA_SIGINFO


---------------  S Y S T E M  ---------------

OS:Bsduname:Darwin 14.5.0 Darwin Kernel Version 14.5.0: Wed Jul 29 02:26:53 PDT 2015; root:xnu-2782.40.9~1/RELEASE_X86_64 x86_64
rlimit: STACK 8192k, CORE 0k, NPROC 709, NOFILE 10240, AS infinity
load average:1.60 1.38 1.33

CPU:total 8 (4 cores per cpu, 2 threads per core) family 6 model 70 stepping 1, cmov, cx8, fxsr, mmx, sse, sse2, sse3, ssse3, sse4.1, sse4.2, popcnt, avx, avx2, aes, clmul, erms, lzcnt, ht, tsc, tscinvbit, bmi1, bmi2

Memory: 4k page, physical 16777216k(143120k free)

/proc/meminfo:


vm_info: Java HotSpot(TM) 64-Bit Server VM (25.73-b02) for bsd-amd64 JRE (1.8.0_73-b02), built on Jan 29 2016 15:02:00 by "java_re" with gcc 4.2.1 (Based on Apple Inc. build 5658) (LLVM build 2336.11.00)

time: Mon Mar 14 09:00:16 2016
elapsed time: 10 seconds (0d 0h 0m 10s)

