#
# A fatal error has been detected by the Java Runtime Environment:
#
#  SIGILL (0x4) at pc=0x00007fff963b62ea, pid=4680, tid=1811
#
# JRE version: Java(TM) SE Runtime Environment (8.0_73-b02) (build 1.8.0_73-b02)
# Java VM: Java HotSpot(TM) 64-Bit Server VM (25.73-b02 mixed mode bsd-amd64 compressed oops)
# Problematic frame:
# C  [libobjc.A.dylib+0x122ea]  _objc_trap()+0x0
#
# Failed to write core dump. Core dumps have been disabled. To enable core dumping, try "ulimit -c unlimited" before starting Java again
#
# If you would like to submit a bug report, please visit:
#   http://bugreport.java.com/bugreport/crash.jsp
# The crash happened outside the Java Virtual Machine in native code.
# See problematic frame for where to report the bug.
#

---------------  T H R E A D  ---------------

Current thread (0x00007fdc45014000):  JavaThread "AWT-AppKit" daemon [_thread_in_native, id=1811, stack(0x00007fff513ce000,0x00007fff51bce000)]

siginfo: si_signo: 4 (SIGILL), si_code: 1 (ILL_ILLOPC), si_addr: 0x00007fff963b62ea

Registers:
RAX=0x0000000000000000, RBX=0x00007fff7d040040, RCX=0x0000000000000000, RDX=0x00007fff7cfda1e0
RSP=0x00007fff51bc9448, RBP=0x00007fff51bc9530, RSI=0x0000060000000600, RDI=0x0000050000000603
R8 =0x00007fff51bc93f0, R9 =0x00007fdc48f00000, R10=0x00000000000001e0, R11=0x00007fdc48f00000
R12=0x0000000000000020, R13=0x00000001854aecb8, R14=0x00007fff915aa40f, R15=0x00007fff963c7de7
RIP=0x00007fff963b62ea, EFLAGS=0x0000000000010206, ERR=0x0000000000000000
  TRAPNO=0x0000000000000006

Top of Stack: (sp=0x00007fff51bc9448)
0x00007fff51bc9448:   00007fff963b642a 00000000000af6e0
0x00007fff51bc9458:   000000010e054600 00000000000af6c0
0x00007fff51bc9468:   00000000004ec280 0000000000000007
0x00007fff51bc9478:   00007fdc48e00000 0000000000000000
0x00007fff51bc9488:   000000018b03178e 00007fff51bc94b0
0x00007fff51bc9498:   00007fff90dca8d8 00007fff90f660f9
0x00007fff51bc94a8:   00007fff945b6ece 0000000000000000
0x00007fff51bc94b8:   0000000000000000 00007fff96b4cdc5
0x00007fff51bc94c8:   0000000000000004 00007fff51bc94f0
0x00007fff51bc94d8:   00007fff90e5c6c3 0000000000000003
0x00007fff51bc94e8:   00007fff7cc44640 00007fdc48ef6230
0x00007fff51bc94f8:   00007fdc48f3c3e0 00007fdc48ef6230
0x00007fff51bc9508:   00007fdc48f3c3e0 0000003000000008
0x00007fff51bc9518:   00007fff51bc9540 00007fff51bc9450
0x00007fff51bc9528:   00007fff7d040040 00007fff51bc9580
0x00007fff51bc9538:   00007fff963b53be 00007fff96b4cdc5
0x00007fff51bc9548:   00007fff00000015 00007fff00000000
0x00007fff51bc9558:   00007fff90dca6b6 000000018031d450
0x00007fff51bc9568:   0000000000000000 000000018031d440
0x00007fff51bc9578:   00007fdc45014000 00007fff51bc9590
0x00007fff51bc9588:   00007fff963b52dd 00007fff51bc9650
0x00007fff51bc9598:   000000018031b157 00007fff51bc95f0
0x00007fff51bc95a8:   0000000000000003 00007fff51bc95d0
0x00007fff51bc95b8:   000000010f3f1646 00000001854aecb8
0x00007fff51bc95c8:   00000001854aecb8 00007fdc488c65f0
0x00007fff51bc95d8:   000000018031d6a0 000000018031d710
0x00007fff51bc95e8:   00007fff7d026550 00007fff7c012c80
0x00007fff51bc95f8:   000000018031d450 000000018031d690
0x00007fff51bc9608:   00007fdc488c65f0 00007fdc426759f0
0x00007fff51bc9618:   00007fdc4250e1f0 00007fdc488c65f0
0x00007fff51bc9628:   00007fdc426759f0 00007fff51bc96d0
0x00007fff51bc9638:   00007fdc450141f8 00000001854aecb8 

Instructions: (pc=0x00007fff963b62ea)
0x00007fff963b62ca:   c0 44 89 f2 e8 1f 08 01 00 48 8b 7d e0 e8 30 cc
0x00007fff963b62da:   ff ff 48 8b 7d e0 e8 d3 15 ff ff e8 00 00 00 00
0x00007fff963b62ea:   0f 0b 55 48 89 e5 48 81 ec d0 00 00 00 84 c0 74
0x00007fff963b62fa:   26 0f 29 85 60 ff ff ff 0f 29 8d 70 ff ff ff 0f 

Register to memory mapping:

RAX=0x0000000000000000 is an unknown value
RBX=0x00007fff7d040040: __block_literal_global43+0xeb80 in /System/Library/Frameworks/CoreFoundation.framework/Versions/A/CoreFoundation at 0x00007fff967e1000
RCX=0x0000000000000000 is an unknown value
RDX=0x00007fff7cfda1e0: _ZZL14_objc_crashlogPKcE13crashlog_lock+0x20 in /usr/lib/libobjc.A.dylib at 0x00007fff963a4000
RSP=0x00007fff51bc9448 is pointing into the stack for thread: 0x00007fdc45014000
RBP=0x00007fff51bc9530 is pointing into the stack for thread: 0x00007fdc45014000
RSI=0x0000060000000600 is an unknown value
RDI=0x0000050000000603 is an unknown value
R8 =0x00007fff51bc93f0 is pointing into the stack for thread: 0x00007fdc45014000
R9 =0x00007fdc48f00000 is an unknown value
R10=0x00000000000001e0 is an unknown value
R11=0x00007fdc48f00000 is an unknown value
R12=0x0000000000000020 is an unknown value
R13={method} {0x00000001854aecb8} 'UnsetJAWTRootSurfaceLayer0' '(JJ)V' in 'jogamp/nativewindow/jawt/macosx/MacOSXJAWTWindow'
R14=0x00007fff915aa40f is an unknown value
R15=0x00007fff963c7de7: _ZNK8objc_opt13objc_clsopt_t20getClassesAndHeadersEPKcPPvS4_+0x159d in /usr/lib/libobjc.A.dylib at 0x00007fff963a4000


Stack: [0x00007fff513ce000,0x00007fff51bce000],  sp=0x00007fff51bc9448,  free space=8173k
Native frames: (J=compiled Java code, j=interpreted, Vv=VM code, C=native code)
C  [libobjc.A.dylib+0x122ea]  _objc_trap()+0x0
C  [libobjc.A.dylib+0x113be]  cache_getImp_corrupt_cache_error+0x0
C  [libobjc.A.dylib+0x112dd]  objc_msgSend_corrupt_cache_error+0x9
C  [libnativewindow_macosx.jnilib+0x5157]  Java_jogamp_nativewindow_jawt_macosx_MacOSXJAWTWindow_UnsetJAWTRootSurfaceLayer0+0xe7
j  jogamp.nativewindow.jawt.macosx.MacOSXJAWTWindow.UnsetJAWTRootSurfaceLayer0(JJ)V+0
j  jogamp.nativewindow.jawt.macosx.MacOSXJAWTWindow.access$200(JJ)V+2
j  jogamp.nativewindow.jawt.macosx.MacOSXJAWTWindow$1.run()V+38
j  com.jogamp.common.util.RunnableTask.run()V+24
v  ~StubRoutines::call_stub
V  [libjvm.dylib+0x2eae7a]  JavaCalls::call_helper(JavaValue*, methodHandle*, JavaCallArguments*, Thread*)+0x6ae
V  [libjvm.dylib+0x321f83]  jni_invoke_nonstatic(JNIEnv_*, JavaValue*, _jobject*, JNICallType, _jmethodID*, JNI_ArgumentPusher*, Thread*)+0x2ec
V  [libjvm.dylib+0x314757]  jni_CallVoidMethod+0x16b
C  [libnativewindow_macosx.jnilib+0x5326]  Java_jogamp_nativewindow_jawt_macosx_MacOSXJAWTWindow_UnsetJAWTRootSurfaceLayer0+0x2b6
C  [Foundation+0x92dd0]  __NSThreadPerformPerform+0x125
C  [CoreFoundation+0x80a01]  __CFRUNLOOP_IS_CALLING_OUT_TO_A_SOURCE0_PERFORM_FUNCTION__+0x11
C  [CoreFoundation+0x72c5c]  __CFRunLoopDoSources0+0x1dc
C  [CoreFoundation+0x721bf]  __CFRunLoopRun+0x39f
C  [CoreFoundation+0x71bd8]  CFRunLoopRunSpecific+0x128
C  [HIToolbox+0x3256f]  RunCurrentEventLoopInMode+0xeb
C  [HIToolbox+0x321ee]  ReceiveNextEventCommon+0xb3
C  [HIToolbox+0x3212b]  _BlockUntilNextEventMatchingListInModeWithFilter+0x47
C  [AppKit+0x918ab]  _DPSNextEvent+0x3d2
C  [AppKit+0x90e58]  -[NSApplication nextEventMatchingMask:untilDate:inMode:dequeue:]+0x15a
C  [libosxapp.dylib+0x23aa]  -[NSApplicationAWT nextEventMatchingMask:untilDate:inMode:dequeue:]+0x7c
C  [AppKit+0x86af3]  -[NSApplication run]+0x252
C  [libosxapp.dylib+0x214d]  +[NSApplicationAWT runAWTLoopWithApp:]+0x9c
C  [libawt_lwawt.dylib+0x4455b]  -[AWTStarter starter:]+0x389
C  [Foundation+0x92dd0]  __NSThreadPerformPerform+0x125
C  [CoreFoundation+0x80a01]  __CFRUNLOOP_IS_CALLING_OUT_TO_A_SOURCE0_PERFORM_FUNCTION__+0x11
C  [CoreFoundation+0x72b8d]  __CFRunLoopDoSources0+0x10d
C  [CoreFoundation+0x721bf]  __CFRunLoopRun+0x39f
C  [CoreFoundation+0x71bd8]  CFRunLoopRunSpecific+0x128
C  [java+0x6463]  CreateExecutionEnvironment+0x367
C  [java+0x21ac]  JLI_Launch+0x7a0
C  [java+0x84c0]  main+0x65
C  [java+0x1a04]  start+0x34
C  0x0000000000000007

Java frames: (J=compiled Java code, j=interpreted, Vv=VM code)
j  jogamp.nativewindow.jawt.macosx.MacOSXJAWTWindow.UnsetJAWTRootSurfaceLayer0(JJ)V+0
j  jogamp.nativewindow.jawt.macosx.MacOSXJAWTWindow.access$200(JJ)V+2
j  jogamp.nativewindow.jawt.macosx.MacOSXJAWTWindow$1.run()V+38
j  com.jogamp.common.util.RunnableTask.run()V+24
v  ~StubRoutines::call_stub

---------------  P R O C E S S  ---------------

Java Threads: ( => current thread )
  0x00007fdc4b808000 JavaThread "Thread-19" [_thread_blocked, id=66315, stack(0x00000001893f9000,0x00000001894f9000)]
  0x00007fdc43575000 JavaThread "Image Fetcher 1" daemon [_thread_blocked, id=67331, stack(0x000000018b1ce000,0x000000018b2ce000)]
  0x00007fdc434c0800 JavaThread "Image Fetcher 0" daemon [_thread_blocked, id=63747, stack(0x0000000187868000,0x0000000187968000)]
  0x00007fdc444bb000 JavaThread "Keep-Alive-Timer" daemon [_thread_blocked, id=63499, stack(0x0000000187765000,0x0000000187865000)]
  0x00007fdc429af000 JavaThread "AWT-EventQueue-1" [_thread_in_native, id=60443, stack(0x0000000180bd3000,0x0000000180cd3000)]
  0x00007fdc4328f800 JavaThread "DestroyJavaVM" [_thread_blocked, id=4867, stack(0x000000011018e000,0x000000011028e000)]
  0x00007fdc44160800 JavaThread "AWT-EventQueue-0" [_thread_blocked, id=58115, stack(0x000000013496a000,0x0000000134a6a000)]
  0x00007fdc431fc800 JavaThread "Java2D Disposer" daemon [_thread_blocked, id=55063, stack(0x0000000133640000,0x0000000133740000)]
  0x00007fdc45185800 JavaThread "Java2D Queue Flusher" daemon [_thread_blocked, id=53511, stack(0x000000013260a000,0x000000013270a000)]
  0x00007fdc440c9000 JavaThread "AWT-Shutdown" [_thread_blocked, id=30995, stack(0x000000012f672000,0x000000012f772000)]
=>0x00007fdc45014000 JavaThread "AWT-AppKit" daemon [_thread_in_native, id=1811, stack(0x00007fff513ce000,0x00007fff51bce000)]
  0x00007fdc45000000 JavaThread "Service Thread" daemon [_thread_blocked, id=20739, stack(0x000000012dc33000,0x000000012dd33000)]
  0x00007fdc4403a000 JavaThread "C1 CompilerThread3" daemon [_thread_blocked, id=20227, stack(0x000000012db30000,0x000000012dc30000)]
  0x00007fdc44005000 JavaThread "C2 CompilerThread2" daemon [_thread_blocked, id=19715, stack(0x000000012da2d000,0x000000012db2d000)]
  0x00007fdc45006000 JavaThread "C2 CompilerThread1" daemon [_thread_blocked, id=19203, stack(0x000000012d92a000,0x000000012da2a000)]
  0x00007fdc43026800 JavaThread "C2 CompilerThread0" daemon [_thread_blocked, id=18691, stack(0x000000012d827000,0x000000012d927000)]
  0x00007fdc43029000 JavaThread "Signal Dispatcher" daemon [_thread_blocked, id=14859, stack(0x000000012d724000,0x000000012d824000)]
  0x00007fdc43022800 JavaThread "Finalizer" daemon [_thread_blocked, id=13571, stack(0x000000012bd14000,0x000000012be14000)]
  0x00007fdc43022000 JavaThread "Reference Handler" daemon [_thread_blocked, id=13059, stack(0x000000012bc11000,0x000000012bd11000)]

Other Threads:
  0x00007fdc4301f000 VMThread [stack: 0x000000012bb0e000,0x000000012bc0e000] [id=12547]
  0x00007fdc4403b000 WatcherThread [stack: 0x000000012dd36000,0x000000012de36000] [id=21251]

VM state:not at safepoint (normal execution)

VM Mutex/Monitor currently owned by a thread: None

Heap:
 PSYoungGen      total 474112K, used 220638K [0x000000076ab00000, 0x0000000789000000, 0x00000007c0000000)
  eden space 463360K, 45% used [0x000000076ab00000,0x0000000777872e10,0x0000000786f80000)
  from space 10752K, 95% used [0x0000000788580000,0x0000000788f84cc0,0x0000000789000000)
  to   space 16384K, 0% used [0x0000000787000000,0x0000000787000000,0x0000000788000000)
 ParOldGen       total 90624K, used 26507K [0x00000006c0000000, 0x00000006c5880000, 0x000000076ab00000)
  object space 90624K, 29% used [0x00000006c0000000,0x00000006c19e2f78,0x00000006c5880000)
 Metaspace       used 23844K, capacity 24069K, committed 24320K, reserved 1071104K
  class space    used 2383K, capacity 2483K, committed 2560K, reserved 1048576K

Card table byte_map: [0x000000011f650000,0x000000011fe51000] byte_map_base: 0x000000011c050000

Marking Bits: (ParMarkBitMap*) 0x000000010fae3ea0
 Begin Bits: [0x0000000120bbf000, 0x0000000124bbf000)
 End Bits:   [0x0000000124bbf000, 0x0000000128bbf000)

Polling page: 0x000000010e18b000

CodeCache: size=245760Kb used=10481Kb max_used=10491Kb free=235278Kb
 bounds [0x0000000110290000, 0x0000000110ce0000, 0x000000011f290000]
 total_blobs=3888 nmethods=2970 adapters=831
 compilation: enabled

Compilation events (10 events):
Event: 6.476 Thread 0x00007fdc4403a000 2968       3       processing.opengl.PJOGL::frontFace (11 bytes)
Event: 6.477 Thread 0x00007fdc4403a000 nmethod 2968 0x0000000110cd4050 code [0x0000000110cd41c0, 0x0000000110cd43e8]
Event: 6.477 Thread 0x00007fdc4403a000 2969       3       jogamp.opengl.gl4.GL4bcImpl::glFrontFace (50 bytes)
Event: 6.477 Thread 0x00007fdc4403a000 nmethod 2969 0x0000000110cd44d0 code [0x0000000110cd4720, 0x0000000110cd5608]
Event: 6.477 Thread 0x00007fdc4403a000 2966       3       sun.awt.EventQueueDelegate::getDelegate (13 bytes)
Event: 6.478 Thread 0x00007fdc4403a000 nmethod 2966 0x0000000110cd5ed0 code [0x0000000110cd6060, 0x0000000110cd63b8]
Event: 6.493 Thread 0x00007fdc43026800 2971       4       sun.font.FontDesignMetrics::getDefaultFrc (53 bytes)
Event: 6.493 Thread 0x00007fdc43026800 nmethod 2971 0x0000000110b6fb90 code [0x0000000110b6fce0, 0x0000000110b6fd58]
Event: 6.517 Thread 0x00007fdc4403a000 2972       3       sun.java2d.pipe.RenderBuffer::putFloat (26 bytes)
Event: 6.518 Thread 0x00007fdc4403a000 nmethod 2972 0x0000000110cd8a10 code [0x0000000110cd8b80, 0x0000000110cd8d10]

GC Heap History (10 events):
Event: 4.147 GC heap before
{Heap before GC invocations=7 (full 1):
 PSYoungGen      total 123392K, used 123301K [0x000000076ab00000, 0x0000000778600000, 0x00000007c0000000)
  eden space 112640K, 100% used [0x000000076ab00000,0x0000000771900000,0x0000000771900000)
  from space 10752K, 99% used [0x0000000771900000,0x0000000772369510,0x0000000772380000)
  to   space 14336K, 0% used [0x0000000777800000,0x0000000777800000,0x0000000778600000)
 ParOldGen       total 90624K, used 15885K [0x00000006c0000000, 0x00000006c5880000, 0x000000076ab00000)
  object space 90624K, 17% used [0x00000006c0000000,0x00000006c0f83478,0x00000006c5880000)
 Metaspace       used 23608K, capacity 23871K, committed 24064K, reserved 1071104K
  class space    used 2375K, capacity 2482K, committed 2560K, reserved 1048576K
Event: 4.155 GC heap after
Heap after GC invocations=7 (full 1):
 PSYoungGen      total 209408K, used 13146K [0x000000076ab00000, 0x0000000778980000, 0x00000007c0000000)
  eden space 195072K, 0% used [0x000000076ab00000,0x000000076ab00000,0x0000000776980000)
  from space 14336K, 91% used [0x0000000777800000,0x00000007784d6850,0x0000000778600000)
  to   space 14848K, 0% used [0x0000000776980000,0x0000000776980000,0x0000000777800000)
 ParOldGen       total 90624K, used 15893K [0x00000006c0000000, 0x00000006c5880000, 0x000000076ab00000)
  object space 90624K, 17% used [0x00000006c0000000,0x00000006c0f85478,0x00000006c5880000)
 Metaspace       used 23608K, capacity 23871K, committed 24064K, reserved 1071104K
  class space    used 2375K, capacity 2482K, committed 2560K, reserved 1048576K
}
Event: 4.508 GC heap before
{Heap before GC invocations=8 (full 1):
 PSYoungGen      total 209408K, used 208218K [0x000000076ab00000, 0x0000000778980000, 0x00000007c0000000)
  eden space 195072K, 100% used [0x000000076ab00000,0x0000000776980000,0x0000000776980000)
  from space 14336K, 91% used [0x0000000777800000,0x00000007784d6850,0x0000000778600000)
  to   space 14848K, 0% used [0x0000000776980000,0x0000000776980000,0x0000000777800000)
 ParOldGen       total 90624K, used 15893K [0x00000006c0000000, 0x00000006c5880000, 0x000000076ab00000)
  object space 90624K, 17% used [0x00000006c0000000,0x00000006c0f85478,0x00000006c5880000)
 Metaspace       used 23673K, capacity 23941K, committed 24320K, reserved 1071104K
  class space    used 2376K, capacity 2483K, committed 2560K, reserved 1048576K
Event: 4.514 GC heap after
Heap after GC invocations=8 (full 1):
 PSYoungGen      total 209920K, used 13130K [0x000000076ab00000, 0x0000000781400000, 0x00000007c0000000)
  eden space 195072K, 0% used [0x000000076ab00000,0x000000076ab00000,0x0000000776980000)
  from space 14848K, 88% used [0x0000000776980000,0x0000000777652860,0x0000000777800000)
  to   space 15360K, 0% used [0x0000000780500000,0x0000000780500000,0x0000000781400000)
 ParOldGen       total 90624K, used 15901K [0x00000006c0000000, 0x00000006c5880000, 0x000000076ab00000)
  object space 90624K, 17% used [0x00000006c0000000,0x00000006c0f87478,0x00000006c5880000)
 Metaspace       used 23673K, capacity 23941K, committed 24320K, reserved 1071104K
  class space    used 2376K, capacity 2483K, committed 2560K, reserved 1048576K
}
Event: 4.855 GC heap before
{Heap before GC invocations=9 (full 1):
 PSYoungGen      total 209920K, used 208202K [0x000000076ab00000, 0x0000000781400000, 0x00000007c0000000)
  eden space 195072K, 100% used [0x000000076ab00000,0x0000000776980000,0x0000000776980000)
  from space 14848K, 88% used [0x0000000776980000,0x0000000777652860,0x0000000777800000)
  to   space 15360K, 0% used [0x0000000780500000,0x0000000780500000,0x0000000781400000)
 ParOldGen       total 90624K, used 15901K [0x00000006c0000000, 0x00000006c5880000, 0x000000076ab00000)
  object space 90624K, 17% used [0x00000006c0000000,0x00000006c0f87478,0x00000006c5880000)
 Metaspace       used 23703K, capacity 23941K, committed 24320K, reserved 1071104K
  class space    used 2376K, capacity 2483K, committed 2560K, reserved 1048576K
Event: 4.859 GC heap after
Heap after GC invocations=9 (full 1):
 PSYoungGen      total 346112K, used 7081K [0x000000076ab00000, 0x0000000781080000, 0x00000007c0000000)
  eden space 334336K, 0% used [0x000000076ab00000,0x000000076ab00000,0x000000077f180000)
  from space 11776K, 60% used [0x0000000780500000,0x0000000780bea6d0,0x0000000781080000)
  to   space 15872K, 0% used [0x000000077f180000,0x000000077f180000,0x0000000780100000)
 ParOldGen       total 90624K, used 22094K [0x00000006c0000000, 0x00000006c5880000, 0x000000076ab00000)
  object space 90624K, 24% used [0x00000006c0000000,0x00000006c1593bd8,0x00000006c5880000)
 Metaspace       used 23703K, capacity 23941K, committed 24320K, reserved 1071104K
  class space    used 2376K, capacity 2483K, committed 2560K, reserved 1048576K
}
Event: 5.533 GC heap before
{Heap before GC invocations=10 (full 1):
 PSYoungGen      total 346112K, used 341417K [0x000000076ab00000, 0x0000000781080000, 0x00000007c0000000)
  eden space 334336K, 100% used [0x000000076ab00000,0x000000077f180000,0x000000077f180000)
  from space 11776K, 60% used [0x0000000780500000,0x0000000780bea6d0,0x0000000781080000)
  to   space 15872K, 0% used [0x000000077f180000,0x000000077f180000,0x0000000780100000)
 ParOldGen       total 90624K, used 22094K [0x00000006c0000000, 0x00000006c5880000, 0x000000076ab00000)
  object space 90624K, 24% used [0x00000006c0000000,0x00000006c1593bd8,0x00000006c5880000)
 Metaspace       used 23750K, capacity 24069K, committed 24320K, reserved 1071104K
  class space    used 2376K, capacity 2483K, committed 2560K, reserved 1048576K
Event: 5.537 GC heap after
Heap after GC invocations=10 (full 1):
 PSYoungGen      total 350208K, used 2788K [0x000000076ab00000, 0x0000000789600000, 0x00000007c0000000)
  eden space 334336K, 0% used [0x000000076ab00000,0x000000076ab00000,0x000000077f180000)
  from space 15872K, 17% used [0x000000077f180000,0x000000077f439330,0x0000000780100000)
  to   space 16896K, 0% used [0x0000000788580000,0x0000000788580000,0x0000000789600000)
 ParOldGen       total 90624K, used 26459K [0x00000006c0000000, 0x00000006c5880000, 0x000000076ab00000)
  object space 90624K, 29% used [0x00000006c0000000,0x00000006c19d6f78,0x00000006c5880000)
 Metaspace       used 23750K, capacity 24069K, committed 24320K, reserved 1071104K
  class space    used 2376K, capacity 2483K, committed 2560K, reserved 1048576K
}
Event: 6.154 GC heap before
{Heap before GC invocations=11 (full 1):
 PSYoungGen      total 350208K, used 336315K [0x000000076ab00000, 0x0000000789600000, 0x00000007c0000000)
  eden space 334336K, 99% used [0x000000076ab00000,0x000000077f0b5c90,0x000000077f180000)
  from space 15872K, 17% used [0x000000077f180000,0x000000077f439330,0x0000000780100000)
  to   space 16896K, 0% used [0x0000000788580000,0x0000000788580000,0x0000000789600000)
 ParOldGen       total 90624K, used 26459K [0x00000006c0000000, 0x00000006c5880000, 0x000000076ab00000)
  object space 90624K, 29% used [0x00000006c0000000,0x00000006c19d6f78,0x00000006c5880000)
 Metaspace       used 23789K, capacity 24069K, committed 24320K, reserved 1071104K
  class space    used 2376K, capacity 2483K, committed 2560K, reserved 1048576K
Event: 6.160 GC heap after
Heap after GC invocations=11 (full 1):
 PSYoungGen      total 474112K, used 10259K [0x000000076ab00000, 0x0000000789000000, 0x00000007c0000000)
  eden space 463360K, 0% used [0x000000076ab00000,0x000000076ab00000,0x0000000786f80000)
  from space 10752K, 95% used [0x0000000788580000,0x0000000788f84cc0,0x0000000789000000)
  to   space 16384K, 0% used [0x0000000787000000,0x0000000787000000,0x0000000788000000)
 ParOldGen       total 90624K, used 26507K [0x00000006c0000000, 0x00000006c5880000, 0x000000076ab00000)
  object space 90624K, 29% used [0x00000006c0000000,0x00000006c19e2f78,0x00000006c5880000)
 Metaspace       used 23789K, capacity 24069K, committed 24320K, reserved 1071104K
  class space    used 2376K, capacity 2483K, committed 2560K, reserved 1048576K
}

Deoptimization events (10 events):
Event: 3.386 Thread 0x00007fdc429af000 Uncommon trap: reason=unstable_if action=reinterpret pc=0x000000011090f970 method=jogamp.opengl.glu.tessellator.Geom.EdgeSign(Ljogamp/opengl/glu/tessellator/GLUvertex;Ljogamp/opengl/glu/tessellator/GLUvertex;Ljogamp/opengl/glu/tessellator/GLUvertex;)D @ 5
Event: 3.399 Thread 0x00007fdc4600a800 Uncommon trap: reason=unstable_if action=reinterpret pc=0x0000000110762b78 method=processing.core.PApplet.loadBytes(Ljava/io/InputStream;)[B @ 37
Event: 3.407 Thread 0x00007fdc429af000 Uncommon trap: reason=unstable_if action=reinterpret pc=0x0000000110848080 method=java.lang.String.trim()Ljava/lang/String; @ 15
Event: 3.461 Thread 0x00007fdc429af000 Uncommon trap: reason=unstable_if action=reinterpret pc=0x000000011099373c method=jogamp.opengl.glu.tessellator.GLUtessellatorImpl.gluTessVertex([DILjava/lang/Object;)V @ 17
Event: 3.559 Thread 0x00007fdc429af000 Uncommon trap: reason=unstable_if action=reinterpret pc=0x0000000110894c68 method=processing.core.PImage.<init>(Ljava/awt/Image;)V @ 130
Event: 6.516 Thread 0x00007fdc4518b800 Uncommon trap: reason=class_check action=maybe_recompile pc=0x00000001106cecd8 method=java.util.HashMap.putVal(ILjava/lang/Object;Ljava/lang/Object;ZZ)Ljava/lang/Object; @ 91
Event: 6.516 Thread 0x00007fdc4518b800 Uncommon trap: reason=class_check action=maybe_recompile pc=0x00000001106cecd8 method=java.util.HashMap.putVal(ILjava/lang/Object;Ljava/lang/Object;ZZ)Ljava/lang/Object; @ 91
Event: 6.516 Thread 0x00007fdc4518b800 Uncommon trap: reason=class_check action=maybe_recompile pc=0x00000001106cecd8 method=java.util.HashMap.putVal(ILjava/lang/Object;Ljava/lang/Object;ZZ)Ljava/lang/Object; @ 91
Event: 6.516 Thread 0x00007fdc4518b800 Uncommon trap: reason=class_check action=maybe_recompile pc=0x00000001106cecd8 method=java.util.HashMap.putVal(ILjava/lang/Object;Ljava/lang/Object;ZZ)Ljava/lang/Object; @ 91
Event: 6.516 Thread 0x00007fdc4518b800 Uncommon trap: reason=class_check action=maybe_recompile pc=0x00000001106993a0 method=java.util.HashMap.putVal(ILjava/lang/Object;Ljava/lang/Object;ZZ)Ljava/lang/Object; @ 91

Internal exceptions (10 events):
Event: 0.111 Thread 0x00007fdc44007000 Exception <a 'java/lang/NoSuchFieldError': method resolution failed> (0x000000076aeeee48) thrown at [/HUDSON3/workspace/8-2-build-macosx-x86_64/jdk8u73/6086/hotspot/src/share/vm/prims/methodHandles.cpp, line 1146]
Event: 0.112 Thread 0x00007fdc44007000 Exception <a 'java/lang/NoSuchFieldError': method resolution failed> (0x000000076aefc618) thrown at [/HUDSON3/workspace/8-2-build-macosx-x86_64/jdk8u73/6086/hotspot/src/share/vm/prims/methodHandles.cpp, line 1146]
Event: 0.232 Thread 0x00007fdc44007000 Exception <a 'java/io/FileNotFoundException'> (0x000000076af78308) thrown at [/HUDSON3/workspace/8-2-build-macosx-x86_64/jdk8u73/6086/hotspot/src/share/vm/prims/jni.cpp, line 709]
Event: 0.232 Thread 0x00007fdc44007000 Exception <a 'java/io/FileNotFoundException'> (0x000000076af78e30) thrown at [/HUDSON3/workspace/8-2-build-macosx-x86_64/jdk8u73/6086/hotspot/src/share/vm/prims/jni.cpp, line 709]
Event: 0.329 Thread 0x00007fdc44007000 Exception <a 'java/io/FileNotFoundException'> (0x000000076b00e860) thrown at [/HUDSON3/workspace/8-2-build-macosx-x86_64/jdk8u73/6086/hotspot/src/share/vm/prims/jni.cpp, line 709]
Event: 1.356 Thread 0x00007fdc429af800 Exception <a 'java/lang/UnsatisfiedLinkError': com.jogamp.common.util.JarUtil.fixNativeLibAttribs(Ljava/lang/String;)Z> (0x000000076c8a7aa0) thrown at [/HUDSON3/workspace/8-2-build-macosx-x86_64/jdk8u73/6086/hotspot/src/share/vm/prims/nativeLookup.cpp, li
Event: 2.844 Thread 0x00007fdc43022800 Exception <a 'java/lang/NullPointerException'> (0x000000076aecc608) thrown at [/HUDSON3/workspace/8-2-build-macosx-x86_64/jdk8u73/6086/hotspot/src/share/vm/interpreter/linkResolver.cpp, line 1178]
Event: 2.885 Thread 0x00007fdc429af000 Exception <a 'java/io/FileNotFoundException'> (0x000000076b411170) thrown at [/HUDSON3/workspace/8-2-build-macosx-x86_64/jdk8u73/6086/hotspot/src/share/vm/prims/jni.cpp, line 709]
Event: 2.885 Thread 0x00007fdc429af000 Exception <a 'java/io/FileNotFoundException'> (0x000000076b417840) thrown at [/HUDSON3/workspace/8-2-build-macosx-x86_64/jdk8u73/6086/hotspot/src/share/vm/prims/jni.cpp, line 709]
Event: 2.886 Thread 0x00007fdc429af000 Implicit null exception at 0x000000011042fbb5 to 0x000000011042ff19

Events (10 events):
Event: 6.527 loading class jogamp/nativewindow/jawt/macosx/MacOSXJAWTWindow$1 done
Event: 6.528 loading class java/awt/LightweightDispatcher$2
Event: 6.528 loading class java/awt/LightweightDispatcher$2 done
Event: 6.528 loading class java/awt/event/AWTEventListenerProxy
Event: 6.528 loading class java/awt/event/AWTEventListenerProxy done
Event: 6.528 loading class java/awt/Toolkit$ToolkitEventMulticaster
Event: 6.528 loading class java/awt/Toolkit$ToolkitEventMulticaster done
Event: 6.529 Thread 0x00007fdc4518b800 Thread exited: 0x00007fdc4518b800
Event: 6.529 loading class java/awt/Window$1DisposeAction
Event: 6.529 loading class java/awt/Window$1DisposeAction done


Dynamic libraries:
0x000000000b3c4000 	/System/Library/Frameworks/Cocoa.framework/Versions/A/Cocoa
0x000000000b3c4000 	/System/Library/Frameworks/Security.framework/Versions/A/Security
0x000000000b3c4000 	/System/Library/Frameworks/ApplicationServices.framework/Versions/A/ApplicationServices
0x000000000b3c4000 	/usr/lib/libz.1.dylib
0x000000000b3c4000 	/usr/lib/libSystem.B.dylib
0x000000000b3c4000 	/usr/lib/libobjc.A.dylib
0x000000000b3c4000 	/System/Library/Frameworks/CoreFoundation.framework/Versions/A/CoreFoundation
0x000000000b3c4000 	/System/Library/Frameworks/Foundation.framework/Versions/C/Foundation
0x000000000b3c4000 	/System/Library/Frameworks/AppKit.framework/Versions/C/AppKit
0x000000000b3c4000 	/System/Library/Frameworks/CoreData.framework/Versions/A/CoreData
0x000000000b3c4000 	/System/Library/PrivateFrameworks/RemoteViewServices.framework/Versions/A/RemoteViewServices
0x000000000b3c4000 	/System/Library/PrivateFrameworks/UIFoundation.framework/Versions/A/UIFoundation
0x000000000b3c4000 	/System/Library/Frameworks/IOSurface.framework/Versions/A/IOSurface
0x000000000b3c4000 	/System/Library/Frameworks/AudioToolbox.framework/Versions/A/AudioToolbox
0x000000000b3c4000 	/System/Library/Frameworks/AudioUnit.framework/Versions/A/AudioUnit
0x000000000b3c4000 	/System/Library/PrivateFrameworks/DataDetectorsCore.framework/Versions/A/DataDetectorsCore
0x000000000b3c4000 	/System/Library/PrivateFrameworks/DesktopServicesPriv.framework/Versions/A/DesktopServicesPriv
0x000000000b3c4000 	/System/Library/Frameworks/Carbon.framework/Versions/A/Frameworks/HIToolbox.framework/Versions/A/HIToolbox
0x000000000b3c4000 	/System/Library/Frameworks/QuartzCore.framework/Versions/A/QuartzCore
0x000000000b3c4000 	/System/Library/Frameworks/Carbon.framework/Versions/A/Frameworks/SpeechRecognition.framework/Versions/A/SpeechRecognition
0x000000000b3c4000 	/usr/lib/libauto.dylib
0x000000000b3c4000 	/usr/lib/libicucore.A.dylib
0x000000000b3c4000 	/usr/lib/libxml2.2.dylib
0x000000000b3c4000 	/System/Library/PrivateFrameworks/CoreUI.framework/Versions/A/CoreUI
0x000000000b3c4000 	/System/Library/Frameworks/CoreAudio.framework/Versions/A/CoreAudio
0x000000000b3c4000 	/System/Library/Frameworks/DiskArbitration.framework/Versions/A/DiskArbitration
0x000000000b3c4000 	/usr/lib/liblangid.dylib
0x000000000b3c4000 	/System/Library/PrivateFrameworks/MultitouchSupport.framework/Versions/A/MultitouchSupport
0x000000000b3c4000 	/System/Library/Frameworks/IOKit.framework/Versions/A/IOKit
0x000000000b3c4000 	/usr/lib/libDiagnosticMessagesClient.dylib
0x000000000b3c4000 	/System/Library/Frameworks/CoreServices.framework/Versions/A/CoreServices
0x000000000b3c4000 	/System/Library/PrivateFrameworks/PerformanceAnalysis.framework/Versions/A/PerformanceAnalysis
0x000000000b3c4000 	/System/Library/PrivateFrameworks/GenerationalStorage.framework/Versions/A/GenerationalStorage
0x000000000b3c4000 	/System/Library/Frameworks/OpenGL.framework/Versions/A/OpenGL
0x000000000b3c4000 	/System/Library/PrivateFrameworks/Sharing.framework/Versions/A/Sharing
0x000000000b3c4000 	/System/Library/Frameworks/CoreGraphics.framework/Versions/A/CoreGraphics
0x000000000b3c4000 	/System/Library/Frameworks/CoreText.framework/Versions/A/CoreText
0x000000000b3c4000 	/System/Library/Frameworks/ImageIO.framework/Versions/A/ImageIO
0x000000000b3c4000 	/usr/lib/libextension.dylib
0x000000000b3c4000 	/System/Library/PrivateFrameworks/Backup.framework/Versions/A/Backup
0x000000000b3c4000 	/usr/lib/libarchive.2.dylib
0x000000000b3c4000 	/System/Library/Frameworks/CFNetwork.framework/Versions/A/CFNetwork
0x000000000b3c4000 	/System/Library/Frameworks/SystemConfiguration.framework/Versions/A/SystemConfiguration
0x000000000b3c4000 	/usr/lib/libCRFSuite.dylib
0x000000000b3c4000 	/usr/lib/libc++.1.dylib
0x000000000b3c4000 	/usr/lib/libc++abi.dylib
0x000000000b3c4000 	/usr/lib/system/libcache.dylib
0x000000000b3c4000 	/usr/lib/system/libcommonCrypto.dylib
0x000000000b3c4000 	/usr/lib/system/libcompiler_rt.dylib
0x000000000b3c4000 	/usr/lib/system/libcopyfile.dylib
0x000000000b3c4000 	/usr/lib/system/libcorecrypto.dylib
0x000000000b3c4000 	/usr/lib/system/libdispatch.dylib
0x000000000b3c4000 	/usr/lib/system/libdyld.dylib
0x000000000b3c4000 	/usr/lib/system/libkeymgr.dylib
0x000000000b3c4000 	/usr/lib/system/liblaunch.dylib
0x000000000b3c4000 	/usr/lib/system/libmacho.dylib
0x000000000b3c4000 	/usr/lib/system/libquarantine.dylib
0x000000000b3c4000 	/usr/lib/system/libremovefile.dylib
0x000000000b3c4000 	/usr/lib/system/libsystem_asl.dylib
0x000000000b3c4000 	/usr/lib/system/libsystem_blocks.dylib
0x000000000b3c4000 	/usr/lib/system/libsystem_c.dylib
0x000000000b3c4000 	/usr/lib/system/libsystem_configuration.dylib
0x000000000b3c4000 	/usr/lib/system/libsystem_coreservices.dylib
0x000000000b3c4000 	/usr/lib/system/libsystem_coretls.dylib
0x000000000b3c4000 	/usr/lib/system/libsystem_dnssd.dylib
0x000000000b3c4000 	/usr/lib/system/libsystem_info.dylib
0x000000000b3c4000 	/usr/lib/system/libsystem_kernel.dylib
0x000000000b3c4000 	/usr/lib/system/libsystem_m.dylib
0x000000000b3c4000 	/usr/lib/system/libsystem_malloc.dylib
0x000000000b3c4000 	/usr/lib/system/libsystem_network.dylib
0x000000000b3c4000 	/usr/lib/system/libsystem_networkextension.dylib
0x000000000b3c4000 	/usr/lib/system/libsystem_notify.dylib
0x000000000b3c4000 	/usr/lib/system/libsystem_platform.dylib
0x000000000b3c4000 	/usr/lib/system/libsystem_pthread.dylib
0x000000000b3c4000 	/usr/lib/system/libsystem_sandbox.dylib
0x000000000b3c4000 	/usr/lib/system/libsystem_secinit.dylib
0x000000000b3c4000 	/usr/lib/system/libsystem_stats.dylib
0x000000000b3c4000 	/usr/lib/system/libsystem_trace.dylib
0x000000000b3c4000 	/usr/lib/system/libunc.dylib
0x000000000b3c4000 	/usr/lib/system/libunwind.dylib
0x000000000b3c4000 	/usr/lib/system/libxpc.dylib
0x000000000b3c4000 	/usr/lib/libbz2.1.0.dylib
0x000000000b3c4000 	/usr/lib/liblzma.5.dylib
0x000000000b3c4000 	/usr/lib/libbsm.0.dylib
0x000000000b3c4000 	/usr/lib/libsqlite3.dylib
0x000000000b3c4000 	/usr/lib/system/libkxld.dylib
0x000000000b3c4000 	/usr/lib/libxar.1.dylib
0x000000000b3c4000 	/usr/lib/libpam.2.dylib
0x000000000b3c4000 	/usr/lib/libOpenScriptingUtil.dylib
0x000000000b3c4000 	/System/Library/Frameworks/CoreServices.framework/Versions/A/Frameworks/FSEvents.framework/Versions/A/FSEvents
0x000000000b3c4000 	/System/Library/Frameworks/CoreServices.framework/Versions/A/Frameworks/CarbonCore.framework/Versions/A/CarbonCore
0x000000000b3c4000 	/System/Library/Frameworks/CoreServices.framework/Versions/A/Frameworks/Metadata.framework/Versions/A/Metadata
0x000000000b3c4000 	/System/Library/Frameworks/CoreServices.framework/Versions/A/Frameworks/OSServices.framework/Versions/A/OSServices
0x000000000b3c4000 	/System/Library/Frameworks/CoreServices.framework/Versions/A/Frameworks/SearchKit.framework/Versions/A/SearchKit
0x000000000b3c4000 	/System/Library/Frameworks/CoreServices.framework/Versions/A/Frameworks/AE.framework/Versions/A/AE
0x000000000b3c4000 	/System/Library/Frameworks/CoreServices.framework/Versions/A/Frameworks/LaunchServices.framework/Versions/A/LaunchServices
0x000000000b3c4000 	/System/Library/Frameworks/CoreServices.framework/Versions/A/Frameworks/DictionaryServices.framework/Versions/A/DictionaryServices
0x000000000b3c4000 	/System/Library/Frameworks/NetFS.framework/Versions/A/NetFS
0x000000000b3c4000 	/System/Library/PrivateFrameworks/NetAuth.framework/Versions/A/NetAuth
0x000000000b3c4000 	/System/Library/PrivateFrameworks/login.framework/Versions/A/Frameworks/loginsupport.framework/Versions/A/loginsupport
0x000000000b3c4000 	/System/Library/PrivateFrameworks/TCC.framework/Versions/A/TCC
0x000000000b3c4000 	/usr/lib/libmecabra.dylib
0x000000000b3c4000 	/System/Library/Frameworks/ApplicationServices.framework/Versions/A/Frameworks/ATS.framework/Versions/A/ATS
0x000000000b3c4000 	/System/Library/Frameworks/ApplicationServices.framework/Versions/A/Frameworks/ColorSync.framework/Versions/A/ColorSync
0x000000000b3c4000 	/System/Library/Frameworks/ApplicationServices.framework/Versions/A/Frameworks/HIServices.framework/Versions/A/HIServices
0x000000000b3c4000 	/System/Library/Frameworks/ApplicationServices.framework/Versions/A/Frameworks/LangAnalysis.framework/Versions/A/LangAnalysis
0x000000000b3c4000 	/System/Library/Frameworks/ApplicationServices.framework/Versions/A/Frameworks/PrintCore.framework/Versions/A/PrintCore
0x000000000b3c4000 	/System/Library/Frameworks/ApplicationServices.framework/Versions/A/Frameworks/QD.framework/Versions/A/QD
0x000000000b3c4000 	/System/Library/Frameworks/ApplicationServices.framework/Versions/A/Frameworks/SpeechSynthesis.framework/Versions/A/SpeechSynthesis
0x000000000b3c4000 	/System/Library/Frameworks/Accelerate.framework/Versions/A/Accelerate
0x000000000b3c4000 	/System/Library/Frameworks/Accelerate.framework/Versions/A/Frameworks/vImage.framework/Versions/A/vImage
0x000000000b3c4000 	/System/Library/Frameworks/Accelerate.framework/Versions/A/Frameworks/vecLib.framework/Versions/A/vecLib
0x000000000b3c4000 	/System/Library/Frameworks/Accelerate.framework/Versions/A/Frameworks/vecLib.framework/Versions/A/libvDSP.dylib
0x000000000b3c4000 	/System/Library/Frameworks/Accelerate.framework/Versions/A/Frameworks/vecLib.framework/Versions/A/libvMisc.dylib
0x000000000b3c4000 	/System/Library/Frameworks/Accelerate.framework/Versions/A/Frameworks/vecLib.framework/Versions/A/libLAPACK.dylib
0x000000000b3c4000 	/System/Library/Frameworks/Accelerate.framework/Versions/A/Frameworks/vecLib.framework/Versions/A/libBLAS.dylib
0x000000000b3c4000 	/System/Library/Frameworks/Accelerate.framework/Versions/A/Frameworks/vecLib.framework/Versions/A/libLinearAlgebra.dylib
0x000000000b3c4000 	/System/Library/Frameworks/ApplicationServices.framework/Versions/A/Frameworks/ATS.framework/Versions/A/Resources/libFontParser.dylib
0x000000000b3c4000 	/System/Library/Frameworks/ApplicationServices.framework/Versions/A/Frameworks/ATS.framework/Versions/A/Resources/libFontRegistry.dylib
0x000000000b3c4000 	/System/Library/PrivateFrameworks/AppleVPA.framework/Versions/A/AppleVPA
0x000000000b3c4000 	/System/Library/PrivateFrameworks/AppleJPEG.framework/Versions/A/AppleJPEG
0x000000000b3c4000 	/System/Library/Frameworks/ImageIO.framework/Versions/A/Resources/libJPEG.dylib
0x000000000b3c4000 	/System/Library/Frameworks/ImageIO.framework/Versions/A/Resources/libTIFF.dylib
0x000000000b3c4000 	/System/Library/Frameworks/ImageIO.framework/Versions/A/Resources/libPng.dylib
0x000000000b3c4000 	/System/Library/Frameworks/ImageIO.framework/Versions/A/Resources/libGIF.dylib
0x000000000b3c4000 	/System/Library/Frameworks/ImageIO.framework/Versions/A/Resources/libJP2.dylib
0x000000000b3c4000 	/System/Library/Frameworks/ImageIO.framework/Versions/A/Resources/libRadiance.dylib
0x000000000b3c4000 	/System/Library/Frameworks/CoreVideo.framework/Versions/A/CoreVideo
0x000000000b3c4000 	/System/Library/Frameworks/OpenGL.framework/Versions/A/Libraries/libGLU.dylib
0x000000000b3c4000 	/System/Library/Frameworks/OpenGL.framework/Versions/A/Libraries/libGFXShared.dylib
0x000000000b3c4000 	/System/Library/Frameworks/OpenGL.framework/Versions/A/Libraries/libGL.dylib
0x000000000b3c4000 	/System/Library/Frameworks/OpenGL.framework/Versions/A/Libraries/libGLImage.dylib
0x000000000b3c4000 	/System/Library/Frameworks/OpenGL.framework/Versions/A/Libraries/libCVMSPluginSupport.dylib
0x000000000b3c4000 	/System/Library/Frameworks/OpenGL.framework/Versions/A/Libraries/libCoreVMClient.dylib
0x000000000b3c4000 	/usr/lib/libcups.2.dylib
0x000000000b3c4000 	/System/Library/Frameworks/Kerberos.framework/Versions/A/Kerberos
0x000000000b3c4000 	/System/Library/Frameworks/GSS.framework/Versions/A/GSS
0x000000000b3c4000 	/usr/lib/libresolv.9.dylib
0x000000000b3c4000 	/usr/lib/libiconv.2.dylib
0x000000000b3c4000 	/System/Library/PrivateFrameworks/Heimdal.framework/Versions/A/Heimdal
0x000000000b3c4000 	/usr/lib/libheimdal-asn1.dylib
0x000000000b3c4000 	/System/Library/Frameworks/OpenDirectory.framework/Versions/A/OpenDirectory
0x000000000b3c4000 	/System/Library/PrivateFrameworks/CommonAuth.framework/Versions/A/CommonAuth
0x000000000b3c4000 	/System/Library/Frameworks/OpenDirectory.framework/Versions/A/Frameworks/CFOpenDirectory.framework/Versions/A/CFOpenDirectory
0x000000000b3c4000 	/System/Library/Frameworks/SecurityFoundation.framework/Versions/A/SecurityFoundation
0x000000000b3c4000 	/System/Library/PrivateFrameworks/LanguageModeling.framework/Versions/A/LanguageModeling
0x000000000b3c4000 	/usr/lib/libcmph.dylib
0x000000000b3c4000 	/System/Library/Frameworks/ServiceManagement.framework/Versions/A/ServiceManagement
0x000000000b3c4000 	/usr/lib/libxslt.1.dylib
0x000000000b3c4000 	/System/Library/Frameworks/Carbon.framework/Versions/A/Frameworks/Ink.framework/Versions/A/Ink
0x000000000b3c4000 	/System/Library/Frameworks/QuartzCore.framework/Versions/A/Frameworks/CoreImage.framework/Versions/A/CoreImage
0x000000000b3c4000 	/System/Library/PrivateFrameworks/CrashReporterSupport.framework/Versions/A/CrashReporterSupport
0x000000000b3c4000 	/System/Library/Frameworks/OpenCL.framework/Versions/A/OpenCL
0x000000000b3c4000 	/System/Library/PrivateFrameworks/FaceCore.framework/Versions/A/FaceCore
0x000000000b3c4000 	/System/Library/PrivateFrameworks/Ubiquity.framework/Versions/A/Ubiquity
0x000000000b3c4000 	/System/Library/PrivateFrameworks/IconServices.framework/Versions/A/IconServices
0x000000000b3c4000 	/System/Library/PrivateFrameworks/ChunkingLibrary.framework/Versions/A/ChunkingLibrary
0x000000000b3c4000 	/System/Library/PrivateFrameworks/Apple80211.framework/Versions/A/Apple80211
0x000000000b3c4000 	/System/Library/Frameworks/CoreWLAN.framework/Versions/A/CoreWLAN
0x000000000b3c4000 	/System/Library/Frameworks/IOBluetooth.framework/Versions/A/IOBluetooth
0x000000000b3c4000 	/System/Library/PrivateFrameworks/CoreWiFi.framework/Versions/A/CoreWiFi
0x000000000b3c4000 	/System/Library/Frameworks/CoreBluetooth.framework/Versions/A/CoreBluetooth
0x000000000b3c4000 	/System/Library/PrivateFrameworks/DebugSymbols.framework/Versions/A/DebugSymbols
0x000000000b3c4000 	/System/Library/PrivateFrameworks/CoreSymbolication.framework/Versions/A/CoreSymbolication
0x000000000b3c4000 	/System/Library/PrivateFrameworks/Symbolication.framework/Versions/A/Symbolication
0x000000000b3c4000 	/System/Library/PrivateFrameworks/SpeechRecognitionCore.framework/Versions/A/SpeechRecognitionCore
0x000000010f200000 	/Library/Java/JavaVirtualMachines/jdk1.8.0_73.jdk/Contents/Home/jre/lib/server/libjvm.dylib
0x000000000b3c4000 	/usr/lib/libstdc++.6.dylib
0x000000010e148000 	/Library/Java/JavaVirtualMachines/jdk1.8.0_73.jdk/Contents/Home/jre/lib/libverify.dylib
0x000000010e156000 	/Library/Java/JavaVirtualMachines/jdk1.8.0_73.jdk/Contents/Home/jre/lib/libjava.dylib
0x000000010e195000 	/Library/Java/JavaVirtualMachines/jdk1.8.0_73.jdk/Contents/Home/jre/lib/libzip.dylib
0x000000012be16000 	/System/Library/Frameworks/JavaVM.framework/Frameworks/JavaRuntimeSupport.framework/JavaRuntimeSupport
0x000000012be2c000 	/System/Library/Frameworks/JavaVM.framework/Versions/A/Frameworks/JavaNativeFoundation.framework/Versions/A/JavaNativeFoundation
0x000000010e1ef000 	/System/Library/Frameworks/JavaVM.framework/Versions/A/JavaVM
0x000000000b3c4000 	/System/Library/Frameworks/Carbon.framework/Versions/A/Carbon
0x000000012be40000 	/System/Library/PrivateFrameworks/JavaLaunching.framework/Versions/A/JavaLaunching
0x000000000b3c4000 	/System/Library/Frameworks/Carbon.framework/Versions/A/Frameworks/CommonPanels.framework/Versions/A/CommonPanels
0x000000000b3c4000 	/System/Library/Frameworks/Carbon.framework/Versions/A/Frameworks/Help.framework/Versions/A/Help
0x000000000b3c4000 	/System/Library/Frameworks/Carbon.framework/Versions/A/Frameworks/ImageCapture.framework/Versions/A/ImageCapture
0x000000000b3c4000 	/System/Library/Frameworks/Carbon.framework/Versions/A/Frameworks/OpenScripting.framework/Versions/A/OpenScripting
0x000000000b3c4000 	/System/Library/Frameworks/Carbon.framework/Versions/A/Frameworks/Print.framework/Versions/A/Print
0x000000000b3c4000 	/System/Library/Frameworks/Carbon.framework/Versions/A/Frameworks/SecurityHI.framework/Versions/A/SecurityHI
0x000000012de3a000 	/Library/Java/JavaVirtualMachines/jdk1.8.0_73.jdk/Contents/Home/jre/lib/libawt.dylib
0x000000012dee2000 	/Library/Java/JavaVirtualMachines/jdk1.8.0_73.jdk/Contents/Home/jre/lib/./libmlib_image.dylib
0x000000012dfae000 	/Library/Java/JavaVirtualMachines/jdk1.8.0_73.jdk/Contents/Home/jre/lib/libawt_lwawt.dylib
0x000000012e063000 	/Library/Java/JavaVirtualMachines/jdk1.8.0_73.jdk/Contents/Home/jre/lib/./libosxapp.dylib
0x000000000b3c4000 	/System/Library/Frameworks/ExceptionHandling.framework/Versions/A/ExceptionHandling
0x000000000b3c4000 	/System/Library/PrivateFrameworks/CoreServicesInternal.framework/Versions/A/CoreServicesInternal
0x000000000b3c4000 	/System/Library/PrivateFrameworks/CloudDocs.framework/Versions/A/CloudDocs
0x000000000b3c4000 	/System/Library/PrivateFrameworks/CoreDuet.framework/Versions/A/CoreDuet
0x000000000b3c4000 	/System/Library/Frameworks/CloudKit.framework/Versions/A/CloudKit
0x000000000b3c4000 	/System/Library/PrivateFrameworks/ProtocolBuffer.framework/Versions/A/ProtocolBuffer
0x000000000b3c4000 	/System/Library/PrivateFrameworks/CoreDuetDaemonProtocol.framework/Versions/A/CoreDuetDaemonProtocol
0x000000000b3c4000 	/System/Library/PrivateFrameworks/CoreDuetDebugLogging.framework/Versions/A/CoreDuetDebugLogging
0x000000000b3c4000 	/System/Library/PrivateFrameworks/MMCS.framework/Versions/A/MMCS
0x000000000b3c4000 	/System/Library/Frameworks/CoreLocation.framework/Versions/A/CoreLocation
0x000000000b3c4000 	/System/Library/PrivateFrameworks/ProtectedCloudStorage.framework/Versions/A/ProtectedCloudStorage
0x000000000b3c4000 	/System/Library/PrivateFrameworks/GeoServices.framework/Versions/A/GeoServices
0x000000000b3c4000 	/System/Library/Frameworks/CoreGraphics.framework/Versions/A/Resources/libCGCMS.A.dylib
0x000000000b3c4000 	/System/Library/Frameworks/CoreGraphics.framework/Versions/A/Resources/libRIP.A.dylib
0x000000000b3c4000 	/System/Library/Frameworks/CoreGraphics.framework/Versions/A/Resources/libCGXType.A.dylib
0x000000000b3c4000 	/System/Library/Frameworks/OpenCL.framework/Versions/A/Libraries/libcldcpuengine.dylib
0x000000000b3c4000 	/System/Library/PrivateFrameworks/DiskImages.framework/Versions/A/DiskImages
0x000000000b3c4000 	/System/Library/Frameworks/DiscRecording.framework/Versions/A/DiscRecording
0x000000000b3c4000 	/usr/lib/libcsfde.dylib
0x000000000b3c4000 	/usr/lib/libcurl.4.dylib
0x000000000b3c4000 	/System/Library/PrivateFrameworks/MediaKit.framework/Versions/A/MediaKit
0x000000000b3c4000 	/usr/lib/libCoreStorage.dylib
0x000000000b3c4000 	/System/Library/PrivateFrameworks/EFILogin.framework/Versions/A/EFILogin
0x000000000b3c4000 	/usr/lib/libutil.dylib
0x000000000b3c4000 	/System/Library/PrivateFrameworks/FindMyDevice.framework/Versions/A/FindMyDevice
0x000000000b3c4000 	/System/Library/Frameworks/LDAP.framework/Versions/A/LDAP
0x000000000b3c4000 	/usr/lib/libsasl2.2.dylib
0x000000000b3c4000 	/System/Library/PrivateFrameworks/CoreDaemon.framework/Versions/B/CoreDaemon
0x000000000b3c4000 	/usr/lib/libcrypto.0.9.8.dylib
0x000000000b3c4000 	/System/Library/PrivateFrameworks/AppleSRP.framework/Versions/A/AppleSRP
0x000000000b3c4000 	/System/Library/PrivateFrameworks/TrustEvaluationAgent.framework/Versions/A/TrustEvaluationAgent
0x00000001311bc000 	cl_kernels
0x00000001311be000 	/System/Library/Frameworks/OpenCL.framework/Versions/A/Libraries/ImageFormats/unorm8_bgra.dylib
0x00000001311ae000 	cl_kernels
0x000000000b3c4000 	/System/Library/PrivateFrameworks/FamilyControls.framework/Versions/A/FamilyControls
0x000000000b3c4000 	/System/Library/PrivateFrameworks/CommerceKit.framework/Versions/A/Frameworks/CommerceCore.framework/Versions/A/CommerceCore
0x000000000b3c4000 	/System/Library/PrivateFrameworks/SystemAdministration.framework/Versions/A/SystemAdministration
0x000000000b3c4000 	/System/Library/PrivateFrameworks/AppContainer.framework/Versions/A/AppContainer
0x000000000b3c4000 	/System/Library/PrivateFrameworks/SecCodeWrapper.framework/Versions/A/SecCodeWrapper
0x000000000b3c4000 	/System/Library/Frameworks/DirectoryService.framework/Versions/A/DirectoryService
0x000000000b3c4000 	/System/Library/PrivateFrameworks/LoginUIKit.framework/Versions/A/Frameworks/LoginUICore.framework/Versions/A/LoginUICore
0x000000000b3c4000 	/usr/lib/libodfde.dylib
0x000000000b3c4000 	/System/Library/Frameworks/OpenGL.framework/Versions/A/Resources/GLEngine.bundle/GLEngine
0x000000000b3c4000 	/System/Library/Frameworks/OpenGL.framework/Versions/A/Libraries/libGLProgrammability.dylib
0x000000013270c000 	/System/Library/Extensions/AppleIntelHD5000GraphicsGLDriver.bundle/Contents/MacOS/AppleIntelHD5000GraphicsGLDriver
0x000000000b3c4000 	/System/Library/PrivateFrameworks/IOAccelerator.framework/Versions/A/IOAccelerator
0x000000000b3c4000 	/System/Library/PrivateFrameworks/GPUSupport.framework/Versions/A/Libraries/libGPUSupportMercury.dylib
0x000000000b3c4000 	/System/Library/Frameworks/OpenGL.framework/Versions/A/Resources/GLRendererFloat.bundle/GLRendererFloat
0x0000000133742000 	/Library/Java/JavaVirtualMachines/jdk1.8.0_73.jdk/Contents/Home/jre/lib/libfontmanager.dylib
0x0000000134acc000 	/Library/Java/JavaVirtualMachines/jdk1.8.0_73.jdk/Contents/Home/jre/lib/libosxui.dylib
0x0000000134d60000 	/Library/Java/JavaVirtualMachines/jdk1.8.0_73.jdk/Contents/Home/jre/lib/libnet.dylib
0x0000000134b0c000 	/Library/Java/JavaVirtualMachines/jdk1.8.0_73.jdk/Contents/Home/jre/lib/libnio.dylib
0x000000000b3c4000 	/System/Library/Frameworks/ApplicationServices.framework/Versions/A/Frameworks/ATS.framework/Versions/A/Resources/libTrueTypeScaler.dylib
0x000000018030b000 	/private/var/folders/88/rn0nzmd518s0659qz29bsj6m0000gn/T/jogamp_0000/file_cache/jln6703208119707896332/jln6654913600005871288/libgluegen-rt.jnilib
0x0000000180310000 	/private/var/folders/88/rn0nzmd518s0659qz29bsj6m0000gn/T/jogamp_0000/file_cache/jln6703208119707896332/jln6654913600005871288/libnativewindow_awt.jnilib
0x0000000180313000 	/Library/Java/JavaVirtualMachines/jdk1.8.0_73.jdk/Contents/Home/jre/lib/libjawt.dylib
0x0000000180316000 	/private/var/folders/88/rn0nzmd518s0659qz29bsj6m0000gn/T/jogamp_0000/file_cache/jln6703208119707896332/jln6654913600005871288/libnativewindow_macosx.jnilib
0x0000000180442000 	/private/var/folders/88/rn0nzmd518s0659qz29bsj6m0000gn/T/jogamp_0000/file_cache/jln6703208119707896332/jln6654913600005871288/libjogl_desktop.jnilib
0x0000000180d95000 	/Library/Java/JavaVirtualMachines/jdk1.8.0_73.jdk/Contents/Home/jre/lib/libsunec.dylib
0x0000000180dbd000 	/Library/Java/JavaVirtualMachines/jdk1.8.0_73.jdk/Contents/Home/jre/lib/libjpeg.dylib
0x000000018857f000 	/Library/Java/JavaVirtualMachines/jdk1.8.0_73.jdk/Contents/Home/jre/lib/libt2k.dylib

VM Arguments:
jvm_args: -Djava.security.policy=java.policy.applet -Dfile.encoding=UTF-8 
java_command: sun.applet.AppletViewer module3.EarthquakeCityMap1458102340648.html
java_class_path (initial): /Users/jb/Documents/GitHub/Java_Programming/UCSDUnfoldingMaps/build:/Users/jb/Documents/GitHub/Java_Programming/UCSDUnfoldingMaps/lib/core.jar:/Users/jb/Documents/GitHub/Java_Programming/UCSDUnfoldingMaps/lib/gluegen-rt.jar:/Users/jb/Documents/GitHub/Java_Programming/UCSDUnfoldingMaps/lib/jogl-all.jar:/Users/jb/Documents/GitHub/Java_Programming/UCSDUnfoldingMaps/lib/log4j-1.2.15.jar:/Users/jb/Documents/GitHub/Java_Programming/UCSDUnfoldingMaps/lib/sqlite-jdbc-3.7.2.jar:/Users/jb/Documents/GitHub/Java_Programming/UCSDUnfoldingMaps/lib/json4processing.jar:/Users/jb/Documents/GitHub/Java_Programming/UCSDUnfoldingMaps/lib/libTUIO.jar:/Users/jb/Documents/GitHub/Java_Programming/UCSDUnfoldingMaps/lib/unfolding.0.9.7-uscd.jar
Launcher Type: SUN_STANDARD

Environment Variables:
PATH=/usr/bin:/bin:/usr/sbin:/sbin
SHELL=/bin/bash

Signal Handlers:
SIGSEGV: [libjvm.dylib+0x5a71a5], sa_mask[0]=11111111011111110111111111111111, sa_flags=SA_ONSTACK|SA_RESTART|SA_SIGINFO
SIGBUS: [libjvm.dylib+0x5a71a5], sa_mask[0]=11111111011111110111111111111111, sa_flags=SA_RESTART|SA_SIGINFO
SIGFPE: [libjvm.dylib+0x480eb4], sa_mask[0]=11111111011111110111111111111111, sa_flags=SA_RESTART|SA_SIGINFO
SIGPIPE: [libjvm.dylib+0x480eb4], sa_mask[0]=11111111011111110111111111111111, sa_flags=SA_RESTART|SA_SIGINFO
SIGXFSZ: [libjvm.dylib+0x480eb4], sa_mask[0]=11111111011111110111111111111111, sa_flags=SA_RESTART|SA_SIGINFO
SIGILL: [libjvm.dylib+0x480eb4], sa_mask[0]=11111111011111110111111111111111, sa_flags=SA_RESTART|SA_SIGINFO
SIGUSR1: SIG_DFL, sa_mask[0]=00000000000000000000000000000000, sa_flags=none
SIGUSR2: [libjvm.dylib+0x4809d2], sa_mask[0]=00100000000000000000000000000000, sa_flags=SA_RESTART|SA_SIGINFO
SIGHUP: [libjvm.dylib+0x47efa9], sa_mask[0]=11111111011111110111111111111111, sa_flags=SA_RESTART|SA_SIGINFO
SIGINT: [libjvm.dylib+0x47efa9], sa_mask[0]=11111111011111110111111111111111, sa_flags=SA_RESTART|SA_SIGINFO
SIGTERM: [libjvm.dylib+0x47efa9], sa_mask[0]=11111111011111110111111111111111, sa_flags=SA_RESTART|SA_SIGINFO
SIGQUIT: [libjvm.dylib+0x47efa9], sa_mask[0]=11111111011111110111111111111111, sa_flags=SA_RESTART|SA_SIGINFO


---------------  S Y S T E M  ---------------

OS:Bsduname:Darwin 14.5.0 Darwin Kernel Version 14.5.0: Wed Jul 29 02:26:53 PDT 2015; root:xnu-2782.40.9~1/RELEASE_X86_64 x86_64
rlimit: STACK 8192k, CORE 0k, NPROC 709, NOFILE 10240, AS infinity
load average:1.08 1.29 1.30

CPU:total 8 (4 cores per cpu, 2 threads per core) family 6 model 70 stepping 1, cmov, cx8, fxsr, mmx, sse, sse2, sse3, ssse3, sse4.1, sse4.2, popcnt, avx, avx2, aes, clmul, erms, lzcnt, ht, tsc, tscinvbit, bmi1, bmi2

Memory: 4k page, physical 16777216k(2909888k free)

/proc/meminfo:


vm_info: Java HotSpot(TM) 64-Bit Server VM (25.73-b02) for bsd-amd64 JRE (1.8.0_73-b02), built on Jan 29 2016 15:02:00 by "java_re" with gcc 4.2.1 (Based on Apple Inc. build 5658) (LLVM build 2336.11.00)

time: Wed Mar 16 00:25:47 2016
elapsed time: 6 seconds (0d 0h 0m 6s)

