#
# A fatal error has been detected by the Java Runtime Environment:
#
#  SIGSEGV (0xb) at pc=0x00007fff963ad44c, pid=4264, tid=1811
#
# JRE version: Java(TM) SE Runtime Environment (8.0_73-b02) (build 1.8.0_73-b02)
# Java VM: Java HotSpot(TM) 64-Bit Server VM (25.73-b02 mixed mode bsd-amd64 compressed oops)
# Problematic frame:
# C  [libobjc.A.dylib+0x944c]  objc_release+0xc
#
# Failed to write core dump. Core dumps have been disabled. To enable core dumping, try "ulimit -c unlimited" before starting Java again
#
# If you would like to submit a bug report, please visit:
#   http://bugreport.java.com/bugreport/crash.jsp
# The crash happened outside the Java Virtual Machine in native code.
# See problematic frame for where to report the bug.
#

---------------  T H R E A D  ---------------

Current thread (0x00007f9ea785d000):  JavaThread "AWT-AppKit" daemon [_thread_in_native, id=1811, stack(0x00007fff56754000,0x00007fff56f54000)]

siginfo: si_signo: 11 (SIGSEGV), si_code: 0 (unknown), si_addr: 0x0000000000000000

Registers:
RAX=0x0000000000000008, RBX=0x0000000000000000, RCX=0x0000000000000003, RDX=0x00007f9eab0649e8
RSP=0x00007fff56f4f468, RBP=0x00007fff56f4f490, RSI=0x0000000128ca1f10, RDI=0x900007f9eab092ae
R8 =0x0000000000000001, R9 =0x00007f9eab000000, R10=0x00007f9ea419cfd0, R11=0x000000017b072840
R12=0x0000000000000000, R13=0x000000017f99d5a8, R14=0x00007f9eab062a60, R15=0x00007f9ea785d000
RIP=0x00007fff963ad44c, EFLAGS=0x0000000000010246, ERR=0x0000000000000000
  TRAPNO=0x000000000000000d

Top of Stack: (sp=0x00007fff56f4f468)
0x00007fff56f4f468:   0000000128c2b47b 00007fff56f4f490
0x00007fff56f4f478:   000000017b072450 000000017b072440
0x00007fff56f4f488:   00007f9ea785d000 00007fff56f4f550
0x00007fff56f4f498:   000000017b070215 000000017b072700
0x00007fff56f4f4a8:   000000017b0726e0 000000017b0724b0
0x00007fff56f4f4b8:   0000000000000000 000000017f99d5a8
0x00007fff56f4f4c8:   000000017f99d5a8 00007f9eab0649e0
0x00007fff56f4f4d8:   000000017b0726a0 000000017b072710
0x00007fff56f4f4e8:   00007fff7d026550 00007fff7c012c80
0x00007fff56f4f4f8:   000000017b072450 000000017b072690
0x00007fff56f4f508:   00007f9eab0649e0 00007f9eab062a60
0x00007fff56f4f518:   00007f9ea3d63d60 00007f9eab0649e0
0x00007fff56f4f528:   00007f9eab062a60 00007fff56f4f5d8
0x00007fff56f4f538:   00007f9ea785d1f8 000000017f99d5a8
0x00007fff56f4f548:   00007fff56f4f600 00007fff56f4f5c8
0x00007fff56f4f558:   000000010aeda954 000000017f99d5a8
0x00007fff56f4f568:   00007fff56f4f600 00007fff56f4f5c8
0x00007fff56f4f578:   000000010aeda6e7 000000010aeda6a2
0x00007fff56f4f588:   00007fff56f4f588 000000017f99d5a8
0x00007fff56f4f598:   00007fff56f4f600 000000017f9a01e0
0x00007fff56f4f5a8:   0000000000000000 000000017f99d5a8
0x00007fff56f4f5b8:   0000000000000000 00007fff56f4f5e8
0x00007fff56f4f5c8:   00007fff56f4f648 000000010aeccc4d
0x00007fff56f4f5d8:   00000006c008e788 000000010aed4578
0x00007fff56f4f5e8:   00007f9eab0649e0 00007fff56f4f648
0x00007fff56f4f5f8:   00007f9eab062a60 000000010aed5d82
0x00007fff56f4f608:   00007fff56f4f608 000000017f99d772
0x00007fff56f4f618:   00007fff56f4f670 000000017f9a01e0
0x00007fff56f4f628:   0000000000000000 000000017f99d780
0x00007fff56f4f638:   00007fff56f4f5e8 00007fff56f4f658
0x00007fff56f4f648:   00007fff56f4f6b8 000000010aeccc4d
0x00007fff56f4f658:   00007f9eab0649e0 00000006c0083650 

Instructions: (pc=0x00007fff963ad44c)
0x00007fff963ad42c:   5d c3 31 c0 48 85 ff 74 04 48 8b 47 08 c3 90 90
0x00007fff963ad43c:   90 90 90 90 48 85 ff 74 06 40 f6 c7 01 74 01 c3
0x00007fff963ad44c:   48 8b 07 f6 40 20 02 74 0a be 01 00 00 00 e9 51
0x00007fff963ad45c:   83 01 00 48 8d 05 7a 56 c3 e6 48 8b 30 e9 52 7c 

Register to memory mapping:

RAX=0x0000000000000008 is an unknown value
RBX=0x0000000000000000 is an unknown value
RCX=0x0000000000000003 is an unknown value
RDX=0x00007f9eab0649e8 is an unknown value
RSP=0x00007fff56f4f468 is pointing into the stack for thread: 0x00007f9ea785d000
RBP=0x00007fff56f4f490 is pointing into the stack for thread: 0x00007f9ea785d000
RSI=0x0000000128ca1f10: OBJC_IVAR_$_PrinterView.fCurPeekGraphics+0x1aa8 in /Library/Java/JavaVirtualMachines/jdk1.8.0_73.jdk/Contents/Home/jre/lib/libawt_lwawt.dylib at 0x0000000128c27000
RDI=0x900007f9eab092ae is an unknown value
R8 =0x0000000000000001 is an unknown value
R9 =0x00007f9eab000000 is an unknown value
R10=0x00007f9ea419cfd0 is an unknown value
R11=0x000000017b072840: OBJC_CLASS_$_MyCALayer+0 in /private/var/folders/88/rn0nzmd518s0659qz29bsj6m0000gn/T/jogamp_0000/file_cache/jln4027487233917634614/jln2811981890387886572/libnativewindow_macosx.jnilib at 0x000000017b06b000
R12=0x0000000000000000 is an unknown value
R13={method} {0x000000017f99d5a8} 'UnsetJAWTRootSurfaceLayer0' '(JJ)V' in 'jogamp/nativewindow/jawt/macosx/MacOSXJAWTWindow'
R14=0x00007f9eab062a60 is an unknown value
R15=0x00007f9ea785d000 is a thread


Stack: [0x00007fff56754000,0x00007fff56f54000],  sp=0x00007fff56f4f468,  free space=8173k
Native frames: (J=compiled Java code, j=interpreted, Vv=VM code, C=native code)
C  [libobjc.A.dylib+0x944c]  objc_release+0xc
C  [libnativewindow_macosx.jnilib+0x5215]  Java_jogamp_nativewindow_jawt_macosx_MacOSXJAWTWindow_UnsetJAWTRootSurfaceLayer0+0x1a5
j  jogamp.nativewindow.jawt.macosx.MacOSXJAWTWindow.UnsetJAWTRootSurfaceLayer0(JJ)V+0
j  jogamp.nativewindow.jawt.macosx.MacOSXJAWTWindow.access$200(JJ)V+2
j  jogamp.nativewindow.jawt.macosx.MacOSXJAWTWindow$1.run()V+38
J 2607 C1 com.jogamp.common.util.RunnableTask.run()V (345 bytes) @ 0x000000010b7a6354 [0x000000010b7a61c0+0x194]
v  ~StubRoutines::call_stub
V  [libjvm.dylib+0x2eae7a]  JavaCalls::call_helper(JavaValue*, methodHandle*, JavaCallArguments*, Thread*)+0x6ae
V  [libjvm.dylib+0x321f83]  jni_invoke_nonstatic(JNIEnv_*, JavaValue*, _jobject*, JNICallType, _jmethodID*, JNI_ArgumentPusher*, Thread*)+0x2ec
V  [libjvm.dylib+0x314757]  jni_CallVoidMethod+0x16b
C  [libnativewindow_macosx.jnilib+0x5326]  Java_jogamp_nativewindow_jawt_macosx_MacOSXJAWTWindow_UnsetJAWTRootSurfaceLayer0+0x2b6
C  [Foundation+0x92dd0]  __NSThreadPerformPerform+0x125
C  [CoreFoundation+0x80a01]  __CFRUNLOOP_IS_CALLING_OUT_TO_A_SOURCE0_PERFORM_FUNCTION__+0x11
C  [CoreFoundation+0x72c5c]  __CFRunLoopDoSources0+0x1dc
C  [CoreFoundation+0x721bf]  __CFRunLoopRun+0x39f
C  [CoreFoundation+0x71bd8]  CFRunLoopRunSpecific+0x128
C  [HIToolbox+0x3256f]  RunCurrentEventLoopInMode+0xeb
C  [HIToolbox+0x321ee]  ReceiveNextEventCommon+0xb3
C  [HIToolbox+0x3212b]  _BlockUntilNextEventMatchingListInModeWithFilter+0x47
C  [AppKit+0x918ab]  _DPSNextEvent+0x3d2
C  [AppKit+0x90e58]  -[NSApplication nextEventMatchingMask:untilDate:inMode:dequeue:]+0x15a
C  [libosxapp.dylib+0x23aa]  -[NSApplicationAWT nextEventMatchingMask:untilDate:inMode:dequeue:]+0x7c
C  [AppKit+0x86af3]  -[NSApplication run]+0x252
C  [libosxapp.dylib+0x214d]  +[NSApplicationAWT runAWTLoopWithApp:]+0x9c
C  [libawt_lwawt.dylib+0x4455b]  -[AWTStarter starter:]+0x389
C  [Foundation+0x92dd0]  __NSThreadPerformPerform+0x125
C  [CoreFoundation+0x80a01]  __CFRUNLOOP_IS_CALLING_OUT_TO_A_SOURCE0_PERFORM_FUNCTION__+0x11
C  [CoreFoundation+0x72b8d]  __CFRunLoopDoSources0+0x10d
C  [CoreFoundation+0x721bf]  __CFRunLoopRun+0x39f
C  [CoreFoundation+0x71bd8]  CFRunLoopRunSpecific+0x128
C  [java+0x6463]  CreateExecutionEnvironment+0x367
C  [java+0x21ac]  JLI_Launch+0x7a0
C  [java+0x84c0]  main+0x65
C  [java+0x1a04]  start+0x34
C  0x0000000000000007

Java frames: (J=compiled Java code, j=interpreted, Vv=VM code)
j  jogamp.nativewindow.jawt.macosx.MacOSXJAWTWindow.UnsetJAWTRootSurfaceLayer0(JJ)V+0
j  jogamp.nativewindow.jawt.macosx.MacOSXJAWTWindow.access$200(JJ)V+2
j  jogamp.nativewindow.jawt.macosx.MacOSXJAWTWindow$1.run()V+38
J 2607 C1 com.jogamp.common.util.RunnableTask.run()V (345 bytes) @ 0x000000010b7a6354 [0x000000010b7a61c0+0x194]
v  ~StubRoutines::call_stub

---------------  P R O C E S S  ---------------

Java Threads: ( => current thread )
  0x00007f9ea40b6800 JavaThread "Thread-19" [_thread_blocked, id=67615, stack(0x0000000181cbf000,0x0000000181dbf000)]
  0x00007f9ea44a5000 JavaThread "Keep-Alive-Timer" daemon [_thread_blocked, id=64287, stack(0x0000000181bbc000,0x0000000181cbc000)]
  0x00007f9ea49cd000 JavaThread "AWT-EventQueue-1" [_thread_in_native, id=60183, stack(0x000000017ba5e000,0x000000017bb5e000)]
  0x00007f9ea4001000 JavaThread "DestroyJavaVM" [_thread_blocked, id=4867, stack(0x000000010ad8e000,0x000000010ae8e000)]
  0x00007f9ea4950800 JavaThread "AWT-EventQueue-0" [_thread_blocked, id=57859, stack(0x000000012f65e000,0x000000012f75e000)]
  0x00007f9ea788a000 JavaThread "Java2D Disposer" daemon [_thread_blocked, id=54807, stack(0x000000012e333000,0x000000012e433000)]
  0x00007f9ea51e2000 JavaThread "Java2D Queue Flusher" daemon [_thread_blocked, id=53255, stack(0x000000012d2f5000,0x000000012d3f5000)]
  0x00007f9ea4800000 JavaThread "AWT-Shutdown" [_thread_blocked, id=30483, stack(0x000000012a21a000,0x000000012a31a000)]
=>0x00007f9ea785d000 JavaThread "AWT-AppKit" daemon [_thread_in_native, id=1811, stack(0x00007fff56754000,0x00007fff56f54000)]
  0x00007f9ea4844000 JavaThread "Service Thread" daemon [_thread_blocked, id=20739, stack(0x00000001288ae000,0x00000001289ae000)]
  0x00007f9ea5024000 JavaThread "C1 CompilerThread3" daemon [_thread_blocked, id=20227, stack(0x00000001287ab000,0x00000001288ab000)]
  0x00007f9ea5023000 JavaThread "C2 CompilerThread2" daemon [_thread_blocked, id=19715, stack(0x00000001286a8000,0x00000001287a8000)]
  0x00007f9ea5022800 JavaThread "C2 CompilerThread1" daemon [_thread_blocked, id=19203, stack(0x00000001285a5000,0x00000001286a5000)]
  0x00007f9ea484d000 JavaThread "C2 CompilerThread0" daemon [_thread_blocked, id=18691, stack(0x00000001284a2000,0x00000001285a2000)]
  0x00007f9ea5009000 JavaThread "Signal Dispatcher" daemon [_thread_blocked, id=14863, stack(0x000000012839f000,0x000000012849f000)]
  0x00007f9ea5015000 JavaThread "Finalizer" daemon [_thread_blocked, id=13571, stack(0x0000000126999000,0x0000000126a99000)]
  0x00007f9ea6802000 JavaThread "Reference Handler" daemon [_thread_blocked, id=13059, stack(0x0000000126896000,0x0000000126996000)]

Other Threads:
  0x00007f9ea481c800 VMThread [stack: 0x0000000126793000,0x0000000126893000] [id=12547]
  0x00007f9ea4828800 WatcherThread [stack: 0x00000001289b1000,0x0000000128ab1000] [id=21251]

VM state:not at safepoint (normal execution)

VM Mutex/Monitor currently owned by a thread: None

Heap:
 PSYoungGen      total 674816K, used 366035K [0x000000076ab00000, 0x00000007a1680000, 0x00000007c0000000)
  eden space 652800K, 54% used [0x000000076ab00000,0x00000007806802b8,0x0000000792880000)
  from space 22016K, 46% used [0x0000000792880000,0x0000000793274cc0,0x0000000793e00000)
  to   space 20992K, 0% used [0x00000007a0200000,0x00000007a0200000,0x00000007a1680000)
 ParOldGen       total 89088K, used 31569K [0x00000006c0000000, 0x00000006c5700000, 0x000000076ab00000)
  object space 89088K, 35% used [0x00000006c0000000,0x00000006c1ed4628,0x00000006c5700000)
 Metaspace       used 23824K, capacity 24087K, committed 24320K, reserved 1071104K
  class space    used 2341K, capacity 2448K, committed 2560K, reserved 1048576K

Card table byte_map: [0x000000011a285000,0x000000011aa86000] byte_map_base: 0x0000000116c85000

Marking Bits: (ParMarkBitMap*) 0x000000010a6e3ea0
 Begin Bits: [0x000000011b7f4000, 0x000000011f7f4000)
 End Bits:   [0x000000011f7f4000, 0x00000001237f4000)

Polling page: 0x0000000108dd0000

CodeCache: size=245760Kb used=10409Kb max_used=10419Kb free=235350Kb
 bounds [0x000000010aec5000, 0x000000010b905000, 0x0000000119ec5000]
 total_blobs=3919 nmethods=3002 adapters=830
 compilation: enabled

Compilation events (10 events):
Event: 9.919 Thread 0x00007f9ea5024000 2997       3       java.awt.EventQueue::getAccessControlContextFrom (53 bytes)
Event: 9.920 Thread 0x00007f9ea5024000 nmethod 2997 0x000000010b8f7290 code [0x000000010b8f74a0, 0x000000010b8f8108]
Event: 9.993 Thread 0x00007f9ea484d000 2998       4       processing.opengl.PJOGL::bindFramebufferImpl (12 bytes)
Event: 9.996 Thread 0x00007f9ea484d000 nmethod 2998 0x000000010b8fb390 code [0x000000010b8fb540, 0x000000010b8fb8c8]
Event: 10.592 Thread 0x00007f9ea5023000 2999       4       processing.core.PMatrix3D::preApply (613 bytes)
Event: 10.595 Thread 0x00007f9ea5023000 nmethod 2999 0x000000010b8f98d0 code [0x000000010b8f9a20, 0x000000010b8f9e38]
Event: 10.758 Thread 0x00007f9ea5024000 3000       3       sun.java2d.pipe.RenderBuffer::putFloat (26 bytes)
Event: 10.758 Thread 0x00007f9ea5024000 nmethod 3000 0x000000010b8f91d0 code [0x000000010b8f9340, 0x000000010b8f94d0]
Event: 10.797 Thread 0x00007f9ea5024000 3002       1       java.awt.Component::getTreeLock (4 bytes)
Event: 10.798 Thread 0x00007f9ea5024000 nmethod 3002 0x000000010b8bcf10 code [0x000000010b8bd060, 0x000000010b8bd170]

GC Heap History (10 events):
Event: 5.672 GC heap before
{Heap before GC invocations=10 (full 1):
 PSYoungGen      total 369152K, used 357513K [0x000000076ab00000, 0x0000000782f80000, 0x00000007c0000000)
  eden space 351744K, 100% used [0x000000076ab00000,0x0000000780280000,0x0000000780280000)
  from space 17408K, 33% used [0x0000000781e80000,0x0000000782422680,0x0000000782f80000)
  to   space 23040K, 0% used [0x0000000780280000,0x0000000780280000,0x0000000781900000)
 ParOldGen       total 89088K, used 30801K [0x00000006c0000000, 0x00000006c5700000, 0x000000076ab00000)
  object space 89088K, 34% used [0x00000006c0000000,0x00000006c1e14608,0x00000006c5700000)
 Metaspace       used 23487K, capacity 23767K, committed 24064K, reserved 1071104K
  class space    used 2333K, capacity 2448K, committed 2560K, reserved 1048576K
Event: 5.676 GC heap after
Heap after GC invocations=10 (full 1):
 PSYoungGen      total 374784K, used 10227K [0x000000076ab00000, 0x000000078bd80000, 0x00000007c0000000)
  eden space 351744K, 0% used [0x000000076ab00000,0x000000076ab00000,0x0000000780280000)
  from space 23040K, 44% used [0x0000000780280000,0x0000000780c7ccc0,0x0000000781900000)
  to   space 22016K, 0% used [0x000000078a800000,0x000000078a800000,0x000000078bd80000)
 ParOldGen       total 89088K, used 31377K [0x00000006c0000000, 0x00000006c5700000, 0x000000076ab00000)
  object space 89088K, 35% used [0x00000006c0000000,0x00000006c1ea4628,0x00000006c5700000)
 Metaspace       used 23487K, capacity 23767K, committed 24064K, reserved 1071104K
  class space    used 2333K, capacity 2448K, committed 2560K, reserved 1048576K
}
Event: 6.453 GC heap before
{Heap before GC invocations=11 (full 1):
 PSYoungGen      total 374784K, used 361906K [0x000000076ab00000, 0x000000078bd80000, 0x00000007c0000000)
  eden space 351744K, 99% used [0x000000076ab00000,0x000000078026fcb0,0x0000000780280000)
  from space 23040K, 44% used [0x0000000780280000,0x0000000780c7ccc0,0x0000000781900000)
  to   space 22016K, 0% used [0x000000078a800000,0x000000078a800000,0x000000078bd80000)
 ParOldGen       total 89088K, used 31377K [0x00000006c0000000, 0x00000006c5700000, 0x000000076ab00000)
  object space 89088K, 35% used [0x00000006c0000000,0x00000006c1ea4628,0x00000006c5700000)
 Metaspace       used 23523K, capacity 23831K, committed 24064K, reserved 1071104K
  class space    used 2333K, capacity 2448K, committed 2560K, reserved 1048576K
Event: 6.456 GC heap after
Heap after GC invocations=11 (full 1):
 PSYoungGen      total 501760K, used 2724K [0x000000076ab00000, 0x000000078b500000, 0x00000007c0000000)
  eden space 488448K, 0% used [0x000000076ab00000,0x000000076ab00000,0x0000000788800000)
  from space 13312K, 20% used [0x000000078a800000,0x000000078aaa9330,0x000000078b500000)
  to   space 23040K, 0% used [0x0000000788800000,0x0000000788800000,0x0000000789e80000)
 ParOldGen       total 89088K, used 31425K [0x00000006c0000000, 0x00000006c5700000, 0x000000076ab00000)
  object space 89088K, 35% used [0x00000006c0000000,0x00000006c1eb0628,0x00000006c5700000)
 Metaspace       used 23523K, capacity 23831K, committed 24064K, reserved 1071104K
  class space    used 2333K, capacity 2448K, committed 2560K, reserved 1048576K
}
Event: 7.535 GC heap before
{Heap before GC invocations=12 (full 1):
 PSYoungGen      total 501760K, used 489167K [0x000000076ab00000, 0x000000078b500000, 0x00000007c0000000)
  eden space 488448K, 99% used [0x000000076ab00000,0x000000078860ab98,0x0000000788800000)
  from space 13312K, 20% used [0x000000078a800000,0x000000078aaa9330,0x000000078b500000)
  to   space 23040K, 0% used [0x0000000788800000,0x0000000788800000,0x0000000789e80000)
 ParOldGen       total 89088K, used 31425K [0x00000006c0000000, 0x00000006c5700000, 0x000000076ab00000)
  object space 89088K, 35% used [0x00000006c0000000,0x00000006c1eb0628,0x00000006c5700000)
 Metaspace       used 23595K, capacity 23831K, committed 24064K, reserved 1071104K
  class space    used 2333K, capacity 2448K, committed 2560K, reserved 1048576K
Event: 7.539 GC heap after
Heap after GC invocations=12 (full 1):
 PSYoungGen      total 511488K, used 2724K [0x000000076ab00000, 0x0000000795f00000, 0x00000007c0000000)
  eden space 488448K, 0% used [0x000000076ab00000,0x000000076ab00000,0x0000000788800000)
  from space 23040K, 11% used [0x0000000788800000,0x0000000788aa9330,0x0000000789e80000)
  to   space 23040K, 0% used [0x0000000794880000,0x0000000794880000,0x0000000795f00000)
 ParOldGen       total 89088K, used 31473K [0x00000006c0000000, 0x00000006c5700000, 0x000000076ab00000)
  object space 89088K, 35% used [0x00000006c0000000,0x00000006c1ebc628,0x00000006c5700000)
 Metaspace       used 23595K, capacity 23831K, committed 24064K, reserved 1071104K
  class space    used 2333K, capacity 2448K, committed 2560K, reserved 1048576K
}
Event: 8.571 GC heap before
{Heap before GC invocations=13 (full 1):
 PSYoungGen      total 511488K, used 488854K [0x000000076ab00000, 0x0000000795f00000, 0x00000007c0000000)
  eden space 488448K, 99% used [0x000000076ab00000,0x00000007885bc788,0x0000000788800000)
  from space 23040K, 11% used [0x0000000788800000,0x0000000788aa9330,0x0000000789e80000)
  to   space 23040K, 0% used [0x0000000794880000,0x0000000794880000,0x0000000795f00000)
 ParOldGen       total 89088K, used 31473K [0x00000006c0000000, 0x00000006c5700000, 0x000000076ab00000)
  object space 89088K, 35% used [0x00000006c0000000,0x00000006c1ebc628,0x00000006c5700000)
 Metaspace       used 23711K, capacity 24023K, committed 24320K, reserved 1071104K
  class space    used 2333K, capacity 2448K, committed 2560K, reserved 1048576K
Event: 8.578 GC heap after
Heap after GC invocations=13 (full 1):
 PSYoungGen      total 664064K, used 10227K [0x000000076ab00000, 0x0000000795380000, 0x00000007c0000000)
  eden space 652800K, 0% used [0x000000076ab00000,0x000000076ab00000,0x0000000792880000)
  from space 11264K, 90% used [0x0000000794880000,0x000000079527ccc0,0x0000000795380000)
  to   space 22016K, 0% used [0x0000000792880000,0x0000000792880000,0x0000000793e00000)
 ParOldGen       total 89088K, used 31529K [0x00000006c0000000, 0x00000006c5700000, 0x000000076ab00000)
  object space 89088K, 35% used [0x00000006c0000000,0x00000006c1eca628,0x00000006c5700000)
 Metaspace       used 23711K, capacity 24023K, committed 24320K, reserved 1071104K
  class space    used 2333K, capacity 2448K, committed 2560K, reserved 1048576K
}
Event: 10.024 GC heap before
{Heap before GC invocations=14 (full 1):
 PSYoungGen      total 664064K, used 661932K [0x000000076ab00000, 0x0000000795380000, 0x00000007c0000000)
  eden space 652800K, 99% used [0x000000076ab00000,0x000000079276e540,0x0000000792880000)
  from space 11264K, 90% used [0x0000000794880000,0x000000079527ccc0,0x0000000795380000)
  to   space 22016K, 0% used [0x0000000792880000,0x0000000792880000,0x0000000793e00000)
 ParOldGen       total 89088K, used 31529K [0x00000006c0000000, 0x00000006c5700000, 0x000000076ab00000)
  object space 89088K, 35% used [0x00000006c0000000,0x00000006c1eca628,0x00000006c5700000)
 Metaspace       used 23789K, capacity 24023K, committed 24320K, reserved 1071104K
  class space    used 2333K, capacity 2448K, committed 2560K, reserved 1048576K
Event: 10.030 GC heap after
Heap after GC invocations=14 (full 1):
 PSYoungGen      total 674816K, used 10195K [0x000000076ab00000, 0x00000007a1680000, 0x00000007c0000000)
  eden space 652800K, 0% used [0x000000076ab00000,0x000000076ab00000,0x0000000792880000)
  from space 22016K, 46% used [0x0000000792880000,0x0000000793274cc0,0x0000000793e00000)
  to   space 20992K, 0% used [0x00000007a0200000,0x00000007a0200000,0x00000007a1680000)
 ParOldGen       total 89088K, used 31569K [0x00000006c0000000, 0x00000006c5700000, 0x000000076ab00000)
  object space 89088K, 35% used [0x00000006c0000000,0x00000006c1ed4628,0x00000006c5700000)
 Metaspace       used 23789K, capacity 24023K, committed 24320K, reserved 1071104K
  class space    used 2333K, capacity 2448K, committed 2560K, reserved 1048576K
}

Deoptimization events (10 events):
Event: 3.240 Thread 0x00007f9ea49cd000 Uncommon trap: reason=unstable_if action=reinterpret pc=0x000000010b506f74 method=processing.opengl.Texture.convertToRGBA([IIII)V @ 281
Event: 3.270 Thread 0x00007f9ea49cd000 Uncommon trap: reason=unstable_if action=reinterpret pc=0x000000010b46cba8 method=processing.core.PImage.<init>(Ljava/awt/Image;)V @ 130
Event: 10.753 Thread 0x00007f9ea49cd000 Uncommon trap: reason=unstable_if action=reinterpret pc=0x000000010b50a5a8 method=com.jogamp.common.util.VersionNumber.compareTo(Lcom/jogamp/common/util/VersionNumber;)I @ 21
Event: 10.758 Thread 0x00007f9ea4950800 Uncommon trap: reason=unstable_if action=reinterpret pc=0x000000010b76b330 method=java.awt.font.FontRenderContext.equals(Ljava/awt/font/FontRenderContext;)Z @ 2
Event: 10.758 Thread 0x00007f9ea4950800 Uncommon trap: reason=unstable_if action=reinterpret pc=0x000000010b75fe54 method=java.awt.Font.equals(Ljava/lang/Object;)Z @ 2
Event: 10.784 Thread 0x00007f9ea522b800 Uncommon trap: reason=class_check action=maybe_recompile pc=0x000000010b306d68 method=java.util.HashMap.putVal(ILjava/lang/Object;Ljava/lang/Object;ZZ)Ljava/lang/Object; @ 91
Event: 10.784 Thread 0x00007f9ea522b800 Uncommon trap: reason=class_check action=maybe_recompile pc=0x000000010b306d68 method=java.util.HashMap.putVal(ILjava/lang/Object;Ljava/lang/Object;ZZ)Ljava/lang/Object; @ 91
Event: 10.784 Thread 0x00007f9ea522b800 Uncommon trap: reason=class_check action=maybe_recompile pc=0x000000010b306d68 method=java.util.HashMap.putVal(ILjava/lang/Object;Ljava/lang/Object;ZZ)Ljava/lang/Object; @ 91
Event: 10.784 Thread 0x00007f9ea522b800 Uncommon trap: reason=class_check action=maybe_recompile pc=0x000000010b306d68 method=java.util.HashMap.putVal(ILjava/lang/Object;Ljava/lang/Object;ZZ)Ljava/lang/Object; @ 91
Event: 10.784 Thread 0x00007f9ea522b800 Uncommon trap: reason=class_check action=maybe_recompile pc=0x000000010b2c95c4 method=java.util.HashMap.putVal(ILjava/lang/Object;Ljava/lang/Object;ZZ)Ljava/lang/Object; @ 91

Internal exceptions (10 events):
Event: 0.111 Thread 0x00007f9ea500c800 Exception <a 'java/lang/NoSuchFieldError': method resolution failed> (0x000000076aeeee48) thrown at [/HUDSON3/workspace/8-2-build-macosx-x86_64/jdk8u73/6086/hotspot/src/share/vm/prims/methodHandles.cpp, line 1146]
Event: 0.112 Thread 0x00007f9ea500c800 Exception <a 'java/lang/NoSuchFieldError': method resolution failed> (0x000000076aefc618) thrown at [/HUDSON3/workspace/8-2-build-macosx-x86_64/jdk8u73/6086/hotspot/src/share/vm/prims/methodHandles.cpp, line 1146]
Event: 0.249 Thread 0x00007f9ea500c800 Exception <a 'java/io/FileNotFoundException'> (0x000000076af78308) thrown at [/HUDSON3/workspace/8-2-build-macosx-x86_64/jdk8u73/6086/hotspot/src/share/vm/prims/jni.cpp, line 709]
Event: 0.250 Thread 0x00007f9ea500c800 Exception <a 'java/io/FileNotFoundException'> (0x000000076af78e30) thrown at [/HUDSON3/workspace/8-2-build-macosx-x86_64/jdk8u73/6086/hotspot/src/share/vm/prims/jni.cpp, line 709]
Event: 0.339 Thread 0x00007f9ea500c800 Exception <a 'java/io/FileNotFoundException'> (0x000000076b00e860) thrown at [/HUDSON3/workspace/8-2-build-macosx-x86_64/jdk8u73/6086/hotspot/src/share/vm/prims/jni.cpp, line 709]
Event: 1.369 Thread 0x00007f9ea4333000 Exception <a 'java/lang/UnsatisfiedLinkError': com.jogamp.common.util.JarUtil.fixNativeLibAttribs(Ljava/lang/String;)Z> (0x000000076c8a7a50) thrown at [/HUDSON3/workspace/8-2-build-macosx-x86_64/jdk8u73/6086/hotspot/src/share/vm/prims/nativeLookup.cpp, li
Event: 2.827 Thread 0x00007f9ea5015000 Exception <a 'java/lang/NullPointerException'> (0x000000076aecc608) thrown at [/HUDSON3/workspace/8-2-build-macosx-x86_64/jdk8u73/6086/hotspot/src/share/vm/interpreter/linkResolver.cpp, line 1178]
Event: 2.866 Thread 0x00007f9ea49cd000 Exception <a 'java/io/FileNotFoundException'> (0x000000076b4111a0) thrown at [/HUDSON3/workspace/8-2-build-macosx-x86_64/jdk8u73/6086/hotspot/src/share/vm/prims/jni.cpp, line 709]
Event: 2.866 Thread 0x00007f9ea49cd000 Exception <a 'java/io/FileNotFoundException'> (0x000000076b417870) thrown at [/HUDSON3/workspace/8-2-build-macosx-x86_64/jdk8u73/6086/hotspot/src/share/vm/prims/jni.cpp, line 709]
Event: 2.866 Thread 0x00007f9ea49cd000 Implicit null exception at 0x000000010b06fbb5 to 0x000000010b06ff19

Events (10 events):
Event: 10.796 loading class jogamp/nativewindow/jawt/macosx/MacOSXJAWTWindow$1 done
Event: 10.797 loading class java/awt/LightweightDispatcher$2
Event: 10.797 loading class java/awt/LightweightDispatcher$2 done
Event: 10.797 loading class java/awt/event/AWTEventListenerProxy
Event: 10.797 loading class java/awt/event/AWTEventListenerProxy done
Event: 10.797 loading class java/awt/Toolkit$ToolkitEventMulticaster
Event: 10.797 loading class java/awt/Toolkit$ToolkitEventMulticaster done
Event: 10.798 Thread 0x00007f9ea522b800 Thread exited: 0x00007f9ea522b800
Event: 10.798 loading class java/awt/Window$1DisposeAction
Event: 10.798 loading class java/awt/Window$1DisposeAction done


Dynamic libraries:
0x000000000b3c4000 	/System/Library/Frameworks/Cocoa.framework/Versions/A/Cocoa
0x000000000b3c4000 	/System/Library/Frameworks/Security.framework/Versions/A/Security
0x000000000b3c4000 	/System/Library/Frameworks/ApplicationServices.framework/Versions/A/ApplicationServices
0x000000000b3c4000 	/usr/lib/libz.1.dylib
0x000000000b3c4000 	/usr/lib/libSystem.B.dylib
0x000000000b3c4000 	/usr/lib/libobjc.A.dylib
0x000000000b3c4000 	/System/Library/Frameworks/CoreFoundation.framework/Versions/A/CoreFoundation
0x000000000b3c4000 	/System/Library/Frameworks/Foundation.framework/Versions/C/Foundation
0x000000000b3c4000 	/System/Library/Frameworks/AppKit.framework/Versions/C/AppKit
0x000000000b3c4000 	/System/Library/Frameworks/CoreData.framework/Versions/A/CoreData
0x000000000b3c4000 	/System/Library/PrivateFrameworks/RemoteViewServices.framework/Versions/A/RemoteViewServices
0x000000000b3c4000 	/System/Library/PrivateFrameworks/UIFoundation.framework/Versions/A/UIFoundation
0x000000000b3c4000 	/System/Library/Frameworks/IOSurface.framework/Versions/A/IOSurface
0x000000000b3c4000 	/System/Library/Frameworks/AudioToolbox.framework/Versions/A/AudioToolbox
0x000000000b3c4000 	/System/Library/Frameworks/AudioUnit.framework/Versions/A/AudioUnit
0x000000000b3c4000 	/System/Library/PrivateFrameworks/DataDetectorsCore.framework/Versions/A/DataDetectorsCore
0x000000000b3c4000 	/System/Library/PrivateFrameworks/DesktopServicesPriv.framework/Versions/A/DesktopServicesPriv
0x000000000b3c4000 	/System/Library/Frameworks/Carbon.framework/Versions/A/Frameworks/HIToolbox.framework/Versions/A/HIToolbox
0x000000000b3c4000 	/System/Library/Frameworks/QuartzCore.framework/Versions/A/QuartzCore
0x000000000b3c4000 	/System/Library/Frameworks/Carbon.framework/Versions/A/Frameworks/SpeechRecognition.framework/Versions/A/SpeechRecognition
0x000000000b3c4000 	/usr/lib/libauto.dylib
0x000000000b3c4000 	/usr/lib/libicucore.A.dylib
0x000000000b3c4000 	/usr/lib/libxml2.2.dylib
0x000000000b3c4000 	/System/Library/PrivateFrameworks/CoreUI.framework/Versions/A/CoreUI
0x000000000b3c4000 	/System/Library/Frameworks/CoreAudio.framework/Versions/A/CoreAudio
0x000000000b3c4000 	/System/Library/Frameworks/DiskArbitration.framework/Versions/A/DiskArbitration
0x000000000b3c4000 	/usr/lib/liblangid.dylib
0x000000000b3c4000 	/System/Library/PrivateFrameworks/MultitouchSupport.framework/Versions/A/MultitouchSupport
0x000000000b3c4000 	/System/Library/Frameworks/IOKit.framework/Versions/A/IOKit
0x000000000b3c4000 	/usr/lib/libDiagnosticMessagesClient.dylib
0x000000000b3c4000 	/System/Library/Frameworks/CoreServices.framework/Versions/A/CoreServices
0x000000000b3c4000 	/System/Library/PrivateFrameworks/PerformanceAnalysis.framework/Versions/A/PerformanceAnalysis
0x000000000b3c4000 	/System/Library/PrivateFrameworks/GenerationalStorage.framework/Versions/A/GenerationalStorage
0x000000000b3c4000 	/System/Library/Frameworks/OpenGL.framework/Versions/A/OpenGL
0x000000000b3c4000 	/System/Library/PrivateFrameworks/Sharing.framework/Versions/A/Sharing
0x000000000b3c4000 	/System/Library/Frameworks/CoreGraphics.framework/Versions/A/CoreGraphics
0x000000000b3c4000 	/System/Library/Frameworks/CoreText.framework/Versions/A/CoreText
0x000000000b3c4000 	/System/Library/Frameworks/ImageIO.framework/Versions/A/ImageIO
0x000000000b3c4000 	/usr/lib/libextension.dylib
0x000000000b3c4000 	/System/Library/PrivateFrameworks/Backup.framework/Versions/A/Backup
0x000000000b3c4000 	/usr/lib/libarchive.2.dylib
0x000000000b3c4000 	/System/Library/Frameworks/CFNetwork.framework/Versions/A/CFNetwork
0x000000000b3c4000 	/System/Library/Frameworks/SystemConfiguration.framework/Versions/A/SystemConfiguration
0x000000000b3c4000 	/usr/lib/libCRFSuite.dylib
0x000000000b3c4000 	/usr/lib/libc++.1.dylib
0x000000000b3c4000 	/usr/lib/libc++abi.dylib
0x000000000b3c4000 	/usr/lib/system/libcache.dylib
0x000000000b3c4000 	/usr/lib/system/libcommonCrypto.dylib
0x000000000b3c4000 	/usr/lib/system/libcompiler_rt.dylib
0x000000000b3c4000 	/usr/lib/system/libcopyfile.dylib
0x000000000b3c4000 	/usr/lib/system/libcorecrypto.dylib
0x000000000b3c4000 	/usr/lib/system/libdispatch.dylib
0x000000000b3c4000 	/usr/lib/system/libdyld.dylib
0x000000000b3c4000 	/usr/lib/system/libkeymgr.dylib
0x000000000b3c4000 	/usr/lib/system/liblaunch.dylib
0x000000000b3c4000 	/usr/lib/system/libmacho.dylib
0x000000000b3c4000 	/usr/lib/system/libquarantine.dylib
0x000000000b3c4000 	/usr/lib/system/libremovefile.dylib
0x000000000b3c4000 	/usr/lib/system/libsystem_asl.dylib
0x000000000b3c4000 	/usr/lib/system/libsystem_blocks.dylib
0x000000000b3c4000 	/usr/lib/system/libsystem_c.dylib
0x000000000b3c4000 	/usr/lib/system/libsystem_configuration.dylib
0x000000000b3c4000 	/usr/lib/system/libsystem_coreservices.dylib
0x000000000b3c4000 	/usr/lib/system/libsystem_coretls.dylib
0x000000000b3c4000 	/usr/lib/system/libsystem_dnssd.dylib
0x000000000b3c4000 	/usr/lib/system/libsystem_info.dylib
0x000000000b3c4000 	/usr/lib/system/libsystem_kernel.dylib
0x000000000b3c4000 	/usr/lib/system/libsystem_m.dylib
0x000000000b3c4000 	/usr/lib/system/libsystem_malloc.dylib
0x000000000b3c4000 	/usr/lib/system/libsystem_network.dylib
0x000000000b3c4000 	/usr/lib/system/libsystem_networkextension.dylib
0x000000000b3c4000 	/usr/lib/system/libsystem_notify.dylib
0x000000000b3c4000 	/usr/lib/system/libsystem_platform.dylib
0x000000000b3c4000 	/usr/lib/system/libsystem_pthread.dylib
0x000000000b3c4000 	/usr/lib/system/libsystem_sandbox.dylib
0x000000000b3c4000 	/usr/lib/system/libsystem_secinit.dylib
0x000000000b3c4000 	/usr/lib/system/libsystem_stats.dylib
0x000000000b3c4000 	/usr/lib/system/libsystem_trace.dylib
0x000000000b3c4000 	/usr/lib/system/libunc.dylib
0x000000000b3c4000 	/usr/lib/system/libunwind.dylib
0x000000000b3c4000 	/usr/lib/system/libxpc.dylib
0x000000000b3c4000 	/usr/lib/libbz2.1.0.dylib
0x000000000b3c4000 	/usr/lib/liblzma.5.dylib
0x000000000b3c4000 	/usr/lib/libbsm.0.dylib
0x000000000b3c4000 	/usr/lib/libsqlite3.dylib
0x000000000b3c4000 	/usr/lib/system/libkxld.dylib
0x000000000b3c4000 	/usr/lib/libxar.1.dylib
0x000000000b3c4000 	/usr/lib/libpam.2.dylib
0x000000000b3c4000 	/usr/lib/libOpenScriptingUtil.dylib
0x000000000b3c4000 	/System/Library/Frameworks/CoreServices.framework/Versions/A/Frameworks/FSEvents.framework/Versions/A/FSEvents
0x000000000b3c4000 	/System/Library/Frameworks/CoreServices.framework/Versions/A/Frameworks/CarbonCore.framework/Versions/A/CarbonCore
0x000000000b3c4000 	/System/Library/Frameworks/CoreServices.framework/Versions/A/Frameworks/Metadata.framework/Versions/A/Metadata
0x000000000b3c4000 	/System/Library/Frameworks/CoreServices.framework/Versions/A/Frameworks/OSServices.framework/Versions/A/OSServices
0x000000000b3c4000 	/System/Library/Frameworks/CoreServices.framework/Versions/A/Frameworks/SearchKit.framework/Versions/A/SearchKit
0x000000000b3c4000 	/System/Library/Frameworks/CoreServices.framework/Versions/A/Frameworks/AE.framework/Versions/A/AE
0x000000000b3c4000 	/System/Library/Frameworks/CoreServices.framework/Versions/A/Frameworks/LaunchServices.framework/Versions/A/LaunchServices
0x000000000b3c4000 	/System/Library/Frameworks/CoreServices.framework/Versions/A/Frameworks/DictionaryServices.framework/Versions/A/DictionaryServices
0x000000000b3c4000 	/System/Library/Frameworks/NetFS.framework/Versions/A/NetFS
0x000000000b3c4000 	/System/Library/PrivateFrameworks/NetAuth.framework/Versions/A/NetAuth
0x000000000b3c4000 	/System/Library/PrivateFrameworks/login.framework/Versions/A/Frameworks/loginsupport.framework/Versions/A/loginsupport
0x000000000b3c4000 	/System/Library/PrivateFrameworks/TCC.framework/Versions/A/TCC
0x000000000b3c4000 	/usr/lib/libmecabra.dylib
0x000000000b3c4000 	/System/Library/Frameworks/ApplicationServices.framework/Versions/A/Frameworks/ATS.framework/Versions/A/ATS
0x000000000b3c4000 	/System/Library/Frameworks/ApplicationServices.framework/Versions/A/Frameworks/ColorSync.framework/Versions/A/ColorSync
0x000000000b3c4000 	/System/Library/Frameworks/ApplicationServices.framework/Versions/A/Frameworks/HIServices.framework/Versions/A/HIServices
0x000000000b3c4000 	/System/Library/Frameworks/ApplicationServices.framework/Versions/A/Frameworks/LangAnalysis.framework/Versions/A/LangAnalysis
0x000000000b3c4000 	/System/Library/Frameworks/ApplicationServices.framework/Versions/A/Frameworks/PrintCore.framework/Versions/A/PrintCore
0x000000000b3c4000 	/System/Library/Frameworks/ApplicationServices.framework/Versions/A/Frameworks/QD.framework/Versions/A/QD
0x000000000b3c4000 	/System/Library/Frameworks/ApplicationServices.framework/Versions/A/Frameworks/SpeechSynthesis.framework/Versions/A/SpeechSynthesis
0x000000000b3c4000 	/System/Library/Frameworks/Accelerate.framework/Versions/A/Accelerate
0x000000000b3c4000 	/System/Library/Frameworks/Accelerate.framework/Versions/A/Frameworks/vImage.framework/Versions/A/vImage
0x000000000b3c4000 	/System/Library/Frameworks/Accelerate.framework/Versions/A/Frameworks/vecLib.framework/Versions/A/vecLib
0x000000000b3c4000 	/System/Library/Frameworks/Accelerate.framework/Versions/A/Frameworks/vecLib.framework/Versions/A/libvDSP.dylib
0x000000000b3c4000 	/System/Library/Frameworks/Accelerate.framework/Versions/A/Frameworks/vecLib.framework/Versions/A/libvMisc.dylib
0x000000000b3c4000 	/System/Library/Frameworks/Accelerate.framework/Versions/A/Frameworks/vecLib.framework/Versions/A/libLAPACK.dylib
0x000000000b3c4000 	/System/Library/Frameworks/Accelerate.framework/Versions/A/Frameworks/vecLib.framework/Versions/A/libBLAS.dylib
0x000000000b3c4000 	/System/Library/Frameworks/Accelerate.framework/Versions/A/Frameworks/vecLib.framework/Versions/A/libLinearAlgebra.dylib
0x000000000b3c4000 	/System/Library/Frameworks/ApplicationServices.framework/Versions/A/Frameworks/ATS.framework/Versions/A/Resources/libFontParser.dylib
0x000000000b3c4000 	/System/Library/Frameworks/ApplicationServices.framework/Versions/A/Frameworks/ATS.framework/Versions/A/Resources/libFontRegistry.dylib
0x000000000b3c4000 	/System/Library/PrivateFrameworks/AppleVPA.framework/Versions/A/AppleVPA
0x000000000b3c4000 	/System/Library/PrivateFrameworks/AppleJPEG.framework/Versions/A/AppleJPEG
0x000000000b3c4000 	/System/Library/Frameworks/ImageIO.framework/Versions/A/Resources/libJPEG.dylib
0x000000000b3c4000 	/System/Library/Frameworks/ImageIO.framework/Versions/A/Resources/libTIFF.dylib
0x000000000b3c4000 	/System/Library/Frameworks/ImageIO.framework/Versions/A/Resources/libPng.dylib
0x000000000b3c4000 	/System/Library/Frameworks/ImageIO.framework/Versions/A/Resources/libGIF.dylib
0x000000000b3c4000 	/System/Library/Frameworks/ImageIO.framework/Versions/A/Resources/libJP2.dylib
0x000000000b3c4000 	/System/Library/Frameworks/ImageIO.framework/Versions/A/Resources/libRadiance.dylib
0x000000000b3c4000 	/System/Library/Frameworks/CoreVideo.framework/Versions/A/CoreVideo
0x000000000b3c4000 	/System/Library/Frameworks/OpenGL.framework/Versions/A/Libraries/libGLU.dylib
0x000000000b3c4000 	/System/Library/Frameworks/OpenGL.framework/Versions/A/Libraries/libGFXShared.dylib
0x000000000b3c4000 	/System/Library/Frameworks/OpenGL.framework/Versions/A/Libraries/libGL.dylib
0x000000000b3c4000 	/System/Library/Frameworks/OpenGL.framework/Versions/A/Libraries/libGLImage.dylib
0x000000000b3c4000 	/System/Library/Frameworks/OpenGL.framework/Versions/A/Libraries/libCVMSPluginSupport.dylib
0x000000000b3c4000 	/System/Library/Frameworks/OpenGL.framework/Versions/A/Libraries/libCoreVMClient.dylib
0x000000000b3c4000 	/usr/lib/libcups.2.dylib
0x000000000b3c4000 	/System/Library/Frameworks/Kerberos.framework/Versions/A/Kerberos
0x000000000b3c4000 	/System/Library/Frameworks/GSS.framework/Versions/A/GSS
0x000000000b3c4000 	/usr/lib/libresolv.9.dylib
0x000000000b3c4000 	/usr/lib/libiconv.2.dylib
0x000000000b3c4000 	/System/Library/PrivateFrameworks/Heimdal.framework/Versions/A/Heimdal
0x000000000b3c4000 	/usr/lib/libheimdal-asn1.dylib
0x000000000b3c4000 	/System/Library/Frameworks/OpenDirectory.framework/Versions/A/OpenDirectory
0x000000000b3c4000 	/System/Library/PrivateFrameworks/CommonAuth.framework/Versions/A/CommonAuth
0x000000000b3c4000 	/System/Library/Frameworks/OpenDirectory.framework/Versions/A/Frameworks/CFOpenDirectory.framework/Versions/A/CFOpenDirectory
0x000000000b3c4000 	/System/Library/Frameworks/SecurityFoundation.framework/Versions/A/SecurityFoundation
0x000000000b3c4000 	/System/Library/PrivateFrameworks/LanguageModeling.framework/Versions/A/LanguageModeling
0x000000000b3c4000 	/usr/lib/libcmph.dylib
0x000000000b3c4000 	/System/Library/Frameworks/ServiceManagement.framework/Versions/A/ServiceManagement
0x000000000b3c4000 	/usr/lib/libxslt.1.dylib
0x000000000b3c4000 	/System/Library/Frameworks/Carbon.framework/Versions/A/Frameworks/Ink.framework/Versions/A/Ink
0x000000000b3c4000 	/System/Library/Frameworks/QuartzCore.framework/Versions/A/Frameworks/CoreImage.framework/Versions/A/CoreImage
0x000000000b3c4000 	/System/Library/PrivateFrameworks/CrashReporterSupport.framework/Versions/A/CrashReporterSupport
0x000000000b3c4000 	/System/Library/Frameworks/OpenCL.framework/Versions/A/OpenCL
0x000000000b3c4000 	/System/Library/PrivateFrameworks/FaceCore.framework/Versions/A/FaceCore
0x000000000b3c4000 	/System/Library/PrivateFrameworks/Ubiquity.framework/Versions/A/Ubiquity
0x000000000b3c4000 	/System/Library/PrivateFrameworks/IconServices.framework/Versions/A/IconServices
0x000000000b3c4000 	/System/Library/PrivateFrameworks/ChunkingLibrary.framework/Versions/A/ChunkingLibrary
0x000000000b3c4000 	/System/Library/PrivateFrameworks/Apple80211.framework/Versions/A/Apple80211
0x000000000b3c4000 	/System/Library/Frameworks/CoreWLAN.framework/Versions/A/CoreWLAN
0x000000000b3c4000 	/System/Library/Frameworks/IOBluetooth.framework/Versions/A/IOBluetooth
0x000000000b3c4000 	/System/Library/PrivateFrameworks/CoreWiFi.framework/Versions/A/CoreWiFi
0x000000000b3c4000 	/System/Library/Frameworks/CoreBluetooth.framework/Versions/A/CoreBluetooth
0x000000000b3c4000 	/System/Library/PrivateFrameworks/DebugSymbols.framework/Versions/A/DebugSymbols
0x000000000b3c4000 	/System/Library/PrivateFrameworks/CoreSymbolication.framework/Versions/A/CoreSymbolication
0x000000000b3c4000 	/System/Library/PrivateFrameworks/Symbolication.framework/Versions/A/Symbolication
0x000000000b3c4000 	/System/Library/PrivateFrameworks/SpeechRecognitionCore.framework/Versions/A/SpeechRecognitionCore
0x0000000109e00000 	/Library/Java/JavaVirtualMachines/jdk1.8.0_73.jdk/Contents/Home/jre/lib/server/libjvm.dylib
0x000000000b3c4000 	/usr/lib/libstdc++.6.dylib
0x0000000108dc2000 	/Library/Java/JavaVirtualMachines/jdk1.8.0_73.jdk/Contents/Home/jre/lib/libverify.dylib
0x000000010ae90000 	/Library/Java/JavaVirtualMachines/jdk1.8.0_73.jdk/Contents/Home/jre/lib/libjava.dylib
0x0000000108dda000 	/Library/Java/JavaVirtualMachines/jdk1.8.0_73.jdk/Contents/Home/jre/lib/libzip.dylib
0x0000000108de4000 	/System/Library/Frameworks/JavaVM.framework/Frameworks/JavaRuntimeSupport.framework/JavaRuntimeSupport
0x0000000126a9b000 	/System/Library/Frameworks/JavaVM.framework/Versions/A/Frameworks/JavaNativeFoundation.framework/Versions/A/JavaNativeFoundation
0x0000000126aaf000 	/System/Library/Frameworks/JavaVM.framework/Versions/A/JavaVM
0x000000000b3c4000 	/System/Library/Frameworks/Carbon.framework/Versions/A/Carbon
0x0000000126abb000 	/System/Library/PrivateFrameworks/JavaLaunching.framework/Versions/A/JavaLaunching
0x000000000b3c4000 	/System/Library/Frameworks/Carbon.framework/Versions/A/Frameworks/CommonPanels.framework/Versions/A/CommonPanels
0x000000000b3c4000 	/System/Library/Frameworks/Carbon.framework/Versions/A/Frameworks/Help.framework/Versions/A/Help
0x000000000b3c4000 	/System/Library/Frameworks/Carbon.framework/Versions/A/Frameworks/ImageCapture.framework/Versions/A/ImageCapture
0x000000000b3c4000 	/System/Library/Frameworks/Carbon.framework/Versions/A/Frameworks/OpenScripting.framework/Versions/A/OpenScripting
0x000000000b3c4000 	/System/Library/Frameworks/Carbon.framework/Versions/A/Frameworks/Print.framework/Versions/A/Print
0x000000000b3c4000 	/System/Library/Frameworks/Carbon.framework/Versions/A/Frameworks/SecurityHI.framework/Versions/A/SecurityHI
0x0000000128ab3000 	/Library/Java/JavaVirtualMachines/jdk1.8.0_73.jdk/Contents/Home/jre/lib/libawt.dylib
0x0000000128b5b000 	/Library/Java/JavaVirtualMachines/jdk1.8.0_73.jdk/Contents/Home/jre/lib/./libmlib_image.dylib
0x0000000128c27000 	/Library/Java/JavaVirtualMachines/jdk1.8.0_73.jdk/Contents/Home/jre/lib/libawt_lwawt.dylib
0x0000000128cdc000 	/Library/Java/JavaVirtualMachines/jdk1.8.0_73.jdk/Contents/Home/jre/lib/./libosxapp.dylib
0x000000000b3c4000 	/System/Library/Frameworks/ExceptionHandling.framework/Versions/A/ExceptionHandling
0x000000000b3c4000 	/System/Library/PrivateFrameworks/CoreServicesInternal.framework/Versions/A/CoreServicesInternal
0x000000000b3c4000 	/System/Library/PrivateFrameworks/CloudDocs.framework/Versions/A/CloudDocs
0x000000000b3c4000 	/System/Library/PrivateFrameworks/CoreDuet.framework/Versions/A/CoreDuet
0x000000000b3c4000 	/System/Library/Frameworks/CloudKit.framework/Versions/A/CloudKit
0x000000000b3c4000 	/System/Library/PrivateFrameworks/ProtocolBuffer.framework/Versions/A/ProtocolBuffer
0x000000000b3c4000 	/System/Library/PrivateFrameworks/CoreDuetDaemonProtocol.framework/Versions/A/CoreDuetDaemonProtocol
0x000000000b3c4000 	/System/Library/PrivateFrameworks/CoreDuetDebugLogging.framework/Versions/A/CoreDuetDebugLogging
0x000000000b3c4000 	/System/Library/PrivateFrameworks/MMCS.framework/Versions/A/MMCS
0x000000000b3c4000 	/System/Library/Frameworks/CoreLocation.framework/Versions/A/CoreLocation
0x000000000b3c4000 	/System/Library/PrivateFrameworks/ProtectedCloudStorage.framework/Versions/A/ProtectedCloudStorage
0x000000000b3c4000 	/System/Library/PrivateFrameworks/GeoServices.framework/Versions/A/GeoServices
0x000000000b3c4000 	/System/Library/Frameworks/CoreGraphics.framework/Versions/A/Resources/libCGCMS.A.dylib
0x000000000b3c4000 	/System/Library/Frameworks/CoreGraphics.framework/Versions/A/Resources/libRIP.A.dylib
0x000000000b3c4000 	/System/Library/Frameworks/CoreGraphics.framework/Versions/A/Resources/libCGXType.A.dylib
0x000000000b3c4000 	/System/Library/Frameworks/OpenCL.framework/Versions/A/Libraries/libcldcpuengine.dylib
0x000000000b3c4000 	/System/Library/PrivateFrameworks/DiskImages.framework/Versions/A/DiskImages
0x000000000b3c4000 	/System/Library/Frameworks/DiscRecording.framework/Versions/A/DiscRecording
0x000000000b3c4000 	/usr/lib/libcsfde.dylib
0x000000000b3c4000 	/usr/lib/libcurl.4.dylib
0x000000000b3c4000 	/System/Library/PrivateFrameworks/MediaKit.framework/Versions/A/MediaKit
0x000000000b3c4000 	/usr/lib/libCoreStorage.dylib
0x000000000b3c4000 	/System/Library/PrivateFrameworks/EFILogin.framework/Versions/A/EFILogin
0x000000000b3c4000 	/usr/lib/libutil.dylib
0x000000000b3c4000 	/System/Library/PrivateFrameworks/FindMyDevice.framework/Versions/A/FindMyDevice
0x000000000b3c4000 	/System/Library/Frameworks/LDAP.framework/Versions/A/LDAP
0x000000000b3c4000 	/usr/lib/libsasl2.2.dylib
0x000000000b3c4000 	/System/Library/PrivateFrameworks/CoreDaemon.framework/Versions/B/CoreDaemon
0x000000000b3c4000 	/usr/lib/libcrypto.0.9.8.dylib
0x000000000b3c4000 	/System/Library/PrivateFrameworks/AppleSRP.framework/Versions/A/AppleSRP
0x000000000b3c4000 	/System/Library/PrivateFrameworks/TrustEvaluationAgent.framework/Versions/A/TrustEvaluationAgent
0x0000000128f72000 	cl_kernels
0x000000012bd3d000 	/System/Library/Frameworks/OpenCL.framework/Versions/A/Libraries/ImageFormats/unorm8_bgra.dylib
0x0000000128f64000 	cl_kernels
0x000000000b3c4000 	/System/Library/PrivateFrameworks/FamilyControls.framework/Versions/A/FamilyControls
0x000000000b3c4000 	/System/Library/PrivateFrameworks/CommerceKit.framework/Versions/A/Frameworks/CommerceCore.framework/Versions/A/CommerceCore
0x000000000b3c4000 	/System/Library/PrivateFrameworks/SystemAdministration.framework/Versions/A/SystemAdministration
0x000000000b3c4000 	/System/Library/PrivateFrameworks/AppContainer.framework/Versions/A/AppContainer
0x000000000b3c4000 	/System/Library/PrivateFrameworks/SecCodeWrapper.framework/Versions/A/SecCodeWrapper
0x000000000b3c4000 	/System/Library/Frameworks/DirectoryService.framework/Versions/A/DirectoryService
0x000000000b3c4000 	/System/Library/PrivateFrameworks/LoginUIKit.framework/Versions/A/Frameworks/LoginUICore.framework/Versions/A/LoginUICore
0x000000000b3c4000 	/usr/lib/libodfde.dylib
0x000000000b3c4000 	/System/Library/Frameworks/OpenGL.framework/Versions/A/Resources/GLEngine.bundle/GLEngine
0x000000000b3c4000 	/System/Library/Frameworks/OpenGL.framework/Versions/A/Libraries/libGLProgrammability.dylib
0x000000012d3f7000 	/System/Library/Extensions/AppleIntelHD5000GraphicsGLDriver.bundle/Contents/MacOS/AppleIntelHD5000GraphicsGLDriver
0x000000000b3c4000 	/System/Library/PrivateFrameworks/IOAccelerator.framework/Versions/A/IOAccelerator
0x000000000b3c4000 	/System/Library/PrivateFrameworks/GPUSupport.framework/Versions/A/Libraries/libGPUSupportMercury.dylib
0x000000000b3c4000 	/System/Library/Frameworks/OpenGL.framework/Versions/A/Resources/GLRendererFloat.bundle/GLRendererFloat
0x000000012e435000 	/Library/Java/JavaVirtualMachines/jdk1.8.0_73.jdk/Contents/Home/jre/lib/libfontmanager.dylib
0x000000012f7e1000 	/Library/Java/JavaVirtualMachines/jdk1.8.0_73.jdk/Contents/Home/jre/lib/libosxui.dylib
0x000000012fa75000 	/Library/Java/JavaVirtualMachines/jdk1.8.0_73.jdk/Contents/Home/jre/lib/libnet.dylib
0x000000012f821000 	/Library/Java/JavaVirtualMachines/jdk1.8.0_73.jdk/Contents/Home/jre/lib/libnio.dylib
0x000000000b3c4000 	/System/Library/Frameworks/ApplicationServices.framework/Versions/A/Frameworks/ATS.framework/Versions/A/Resources/libTrueTypeScaler.dylib
0x000000017b060000 	/private/var/folders/88/rn0nzmd518s0659qz29bsj6m0000gn/T/jogamp_0000/file_cache/jln4027487233917634614/jln2811981890387886572/libgluegen-rt.jnilib
0x000000017b065000 	/private/var/folders/88/rn0nzmd518s0659qz29bsj6m0000gn/T/jogamp_0000/file_cache/jln4027487233917634614/jln2811981890387886572/libnativewindow_awt.jnilib
0x000000017b068000 	/Library/Java/JavaVirtualMachines/jdk1.8.0_73.jdk/Contents/Home/jre/lib/libjawt.dylib
0x000000017b06b000 	/private/var/folders/88/rn0nzmd518s0659qz29bsj6m0000gn/T/jogamp_0000/file_cache/jln4027487233917634614/jln2811981890387886572/libnativewindow_macosx.jnilib
0x000000017b165000 	/private/var/folders/88/rn0nzmd518s0659qz29bsj6m0000gn/T/jogamp_0000/file_cache/jln4027487233917634614/jln2811981890387886572/libjogl_desktop.jnilib
0x000000017b3ec000 	/Library/Java/JavaVirtualMachines/jdk1.8.0_73.jdk/Contents/Home/jre/lib/libsunec.dylib
0x000000017ba22000 	/Library/Java/JavaVirtualMachines/jdk1.8.0_73.jdk/Contents/Home/jre/lib/libjpeg.dylib
0x0000000185012000 	/Library/Java/JavaVirtualMachines/jdk1.8.0_73.jdk/Contents/Home/jre/lib/libt2k.dylib

VM Arguments:
jvm_args: -Djava.security.policy=java.policy.applet -Dfile.encoding=UTF-8 
java_command: sun.applet.AppletViewer module3.EarthquakeCityMap1457960977202.html
java_class_path (initial): /Users/jb/Documents/GitHub/Java_Programming/UCSDUnfoldingMaps/build:/Users/jb/Documents/GitHub/Java_Programming/UCSDUnfoldingMaps/lib/core.jar:/Users/jb/Documents/GitHub/Java_Programming/UCSDUnfoldingMaps/lib/gluegen-rt.jar:/Users/jb/Documents/GitHub/Java_Programming/UCSDUnfoldingMaps/lib/jogl-all.jar:/Users/jb/Documents/GitHub/Java_Programming/UCSDUnfoldingMaps/lib/log4j-1.2.15.jar:/Users/jb/Documents/GitHub/Java_Programming/UCSDUnfoldingMaps/lib/sqlite-jdbc-3.7.2.jar:/Users/jb/Documents/GitHub/Java_Programming/UCSDUnfoldingMaps/lib/json4processing.jar:/Users/jb/Documents/GitHub/Java_Programming/UCSDUnfoldingMaps/lib/libTUIO.jar:/Users/jb/Documents/GitHub/Java_Programming/UCSDUnfoldingMaps/lib/unfolding.0.9.7-uscd.jar
Launcher Type: SUN_STANDARD

Environment Variables:
PATH=/usr/bin:/bin:/usr/sbin:/sbin
SHELL=/bin/bash

Signal Handlers:
SIGSEGV: [libjvm.dylib+0x5a71a5], sa_mask[0]=11111111011111110111111111111111, sa_flags=SA_ONSTACK|SA_RESTART|SA_SIGINFO
SIGBUS: [libjvm.dylib+0x5a71a5], sa_mask[0]=11111111011111110111111111111111, sa_flags=SA_RESTART|SA_SIGINFO
SIGFPE: [libjvm.dylib+0x480eb4], sa_mask[0]=11111111011111110111111111111111, sa_flags=SA_RESTART|SA_SIGINFO
SIGPIPE: [libjvm.dylib+0x480eb4], sa_mask[0]=11111111011111110111111111111111, sa_flags=SA_RESTART|SA_SIGINFO
SIGXFSZ: [libjvm.dylib+0x480eb4], sa_mask[0]=11111111011111110111111111111111, sa_flags=SA_RESTART|SA_SIGINFO
SIGILL: [libjvm.dylib+0x480eb4], sa_mask[0]=11111111011111110111111111111111, sa_flags=SA_RESTART|SA_SIGINFO
SIGUSR1: SIG_DFL, sa_mask[0]=00000000000000000000000000000000, sa_flags=none
SIGUSR2: [libjvm.dylib+0x4809d2], sa_mask[0]=00100000000000000000000000000000, sa_flags=SA_RESTART|SA_SIGINFO
SIGHUP: [libjvm.dylib+0x47efa9], sa_mask[0]=11111111011111110111111111111111, sa_flags=SA_RESTART|SA_SIGINFO
SIGINT: [libjvm.dylib+0x47efa9], sa_mask[0]=11111111011111110111111111111111, sa_flags=SA_RESTART|SA_SIGINFO
SIGTERM: [libjvm.dylib+0x47efa9], sa_mask[0]=11111111011111110111111111111111, sa_flags=SA_RESTART|SA_SIGINFO
SIGQUIT: [libjvm.dylib+0x47efa9], sa_mask[0]=11111111011111110111111111111111, sa_flags=SA_RESTART|SA_SIGINFO


---------------  S Y S T E M  ---------------

OS:Bsduname:Darwin 14.5.0 Darwin Kernel Version 14.5.0: Wed Jul 29 02:26:53 PDT 2015; root:xnu-2782.40.9~1/RELEASE_X86_64 x86_64
rlimit: STACK 8192k, CORE 0k, NPROC 709, NOFILE 10240, AS infinity
load average:1.30 1.29 1.27

CPU:total 8 (4 cores per cpu, 2 threads per core) family 6 model 70 stepping 1, cmov, cx8, fxsr, mmx, sse, sse2, sse3, ssse3, sse4.1, sse4.2, popcnt, avx, avx2, aes, clmul, erms, lzcnt, ht, tsc, tscinvbit, bmi1, bmi2

Memory: 4k page, physical 16777216k(4126448k free)

/proc/meminfo:


vm_info: Java HotSpot(TM) 64-Bit Server VM (25.73-b02) for bsd-amd64 JRE (1.8.0_73-b02), built on Jan 29 2016 15:02:00 by "java_re" with gcc 4.2.1 (Based on Apple Inc. build 5658) (LLVM build 2336.11.00)

time: Mon Mar 14 09:09:48 2016
elapsed time: 10 seconds (0d 0h 0m 10s)

