#
# A fatal error has been detected by the Java Runtime Environment:
#
#  SIGSEGV (0xb) at pc=0x00007fff963a50dd, pid=5418, tid=1811
#
# JRE version: Java(TM) SE Runtime Environment (8.0_73-b02) (build 1.8.0_73-b02)
# Java VM: Java HotSpot(TM) 64-Bit Server VM (25.73-b02 mixed mode bsd-amd64 compressed oops)
# Problematic frame:
# C  [libobjc.A.dylib+0x10dd]  objc_msgSend+0x1d
#
# Failed to write core dump. Core dumps have been disabled. To enable core dumping, try "ulimit -c unlimited" before starting Java again
#
# If you would like to submit a bug report, please visit:
#   http://bugreport.java.com/bugreport/crash.jsp
# The crash happened outside the Java Virtual Machine in native code.
# See problematic frame for where to report the bug.
#

---------------  T H R E A D  ---------------

Current thread (0x00007ff72b87f000):  JavaThread "AWT-AppKit" daemon [_thread_in_native, id=1811, stack(0x00007fff5031c000,0x00007fff50b1c000)]

siginfo: si_signo: 11 (SIGSEGV), si_code: 1 (SEGV_MAPERR), si_addr: 0x0000000000000018

Registers:
RAX=0x00007ff72f5c70c0, RBX=0x0000000181414450, RCX=0x0000000135b21bc0, RDX=0x0000000135b21c40
RSP=0x00007fff50b17498, RBP=0x00007fff50b17550, RSI=0x00007fff915aa40f, RDI=0x00007ff728485ce0
R8 =0x0000000000000000, R9 =0x0000000000000f50, R10=0x00007fff915aa40f, R11=0x0000000000000000
R12=0x0000000000000000, R13=0x00000001862ee7c0, R14=0x0000000181414440, R15=0x00007ff72b87f000
RIP=0x00007fff963a50dd, EFLAGS=0x0000000000010246, ERR=0x0000000000000004
  TRAPNO=0x000000000000000e

Top of Stack: (sp=0x00007fff50b17498)
0x00007fff50b17498:   0000000181412157 00007fff50b174f0
0x00007fff50b174a8:   0000000000000003 00007fff50b174d0
0x00007fff50b174b8:   00000001103f1646 00000001862ee7c0
0x00007fff50b174c8:   00000001862ee7c0 00007ff72f5c70c0
0x00007fff50b174d8:   00000001814146a0 0000000181414710
0x00007fff50b174e8:   00007fff7d026550 00007fff7c012c80
0x00007fff50b174f8:   0000000181414450 0000000181414690
0x00007fff50b17508:   00007ff72f5c70c0 00007ff728485ce0
0x00007fff50b17518:   00007ff728753b50 00007ff72f5c70c0
0x00007fff50b17528:   00007ff728485ce0 00007fff50b175d8
0x00007fff50b17538:   00007ff72b87f1f8 00000001862ee7c0
0x00007fff50b17548:   00007fff50b17600 00007fff50b175c8
0x00007fff50b17558:   00000001112f9954 00000001862ee7c0
0x00007fff50b17568:   00007fff50b17600 00007fff50b175c8
0x00007fff50b17578:   00000001112f96e7 00000001112f96a2
0x00007fff50b17588:   00007fff50b17588 00000001862ee7c0
0x00007fff50b17598:   00007fff50b17600 00000001862f13f8
0x00007fff50b175a8:   0000000000000000 00000001862ee7c0
0x00007fff50b175b8:   0000000000000000 00007fff50b175e8
0x00007fff50b175c8:   00007fff50b17648 00000001112ebc4d
0x00007fff50b175d8:   00000006c05d85a0 00000001112f3578
0x00007fff50b175e8:   00007ff72f5c70c0 00007fff50b17648
0x00007fff50b175f8:   00007ff728485ce0 00000001112f4d82
0x00007fff50b17608:   00007fff50b17608 00000001862ee98a
0x00007fff50b17618:   00007fff50b17670 00000001862f13f8
0x00007fff50b17628:   0000000000000000 00000001862ee998
0x00007fff50b17638:   00007fff50b175e8 00007fff50b17658
0x00007fff50b17648:   00007fff50b176b8 00000001112ebc4d
0x00007fff50b17658:   00007ff72f5c70c0 00000006c0a18c18
0x00007fff50b17668:   00007ff728485ce0 00000006c0a18c18
0x00007fff50b17678:   00007fff50b17678 000000018bb8371e
0x00007fff50b17688:   00007fff50b176c8 000000018bb837d8 

Instructions: (pc=0x00007fff963a50dd)
0x00007fff963a50bd:   00 00 00 48 85 ff 2e 74 7a 40 f6 c7 01 2e 75 7e
0x00007fff963a50cd:   49 bb f8 ff ff ff ff 7f 00 00 4c 23 1f 49 89 f2
0x00007fff963a50dd:   45 23 53 18 49 c1 e2 04 4d 03 53 10 49 3b 32 75
0x00007fff963a50ed:   04 41 ff 62 08 49 83 3a 00 74 6a 4d 3b 53 10 74 

Register to memory mapping:

RAX=0x00007ff72f5c70c0 is an unknown value
RBX=0x0000000181414450: Java_jogamp_nativewindow_macosx_OSXUtil_GetScreenRefreshRate0+0x1cf0 in /private/var/folders/88/rn0nzmd518s0659qz29bsj6m0000gn/T/jogamp_0000/file_cache/jln150692817808857214/jln2313525952410695575/libnativewindow_macosx.jnilib at 0x000000018140d000
RCX=0x0000000135b21bc0 is an unknown value
RDX=0x0000000135b21c40 is an unknown value
RSP=0x00007fff50b17498 is pointing into the stack for thread: 0x00007ff72b87f000
RBP=0x00007fff50b17550 is pointing into the stack for thread: 0x00007ff72b87f000
RSI=0x00007fff915aa40f is an unknown value
RDI=0x00007ff728485ce0 is an unknown value
R8 =0x0000000000000000 is an unknown value
R9 =0x0000000000000f50 is an unknown value
R10=0x00007fff915aa40f is an unknown value
R11=0x0000000000000000 is an unknown value
R12=0x0000000000000000 is an unknown value
R13={method} {0x00000001862ee7c0} 'UnsetJAWTRootSurfaceLayer0' '(JJ)V' in 'jogamp/nativewindow/jawt/macosx/MacOSXJAWTWindow'
R14=0x0000000181414440: Java_jogamp_nativewindow_macosx_OSXUtil_GetScreenRefreshRate0+0x1ce0 in /private/var/folders/88/rn0nzmd518s0659qz29bsj6m0000gn/T/jogamp_0000/file_cache/jln150692817808857214/jln2313525952410695575/libnativewindow_macosx.jnilib at 0x000000018140d000
R15=0x00007ff72b87f000 is a thread


Stack: [0x00007fff5031c000,0x00007fff50b1c000],  sp=0x00007fff50b17498,  free space=8173k
Native frames: (J=compiled Java code, j=interpreted, Vv=VM code, C=native code)
C  [libobjc.A.dylib+0x10dd]  objc_msgSend+0x1d
j  jogamp.nativewindow.jawt.macosx.MacOSXJAWTWindow.UnsetJAWTRootSurfaceLayer0(JJ)V+0
j  jogamp.nativewindow.jawt.macosx.MacOSXJAWTWindow.access$200(JJ)V+2
j  jogamp.nativewindow.jawt.macosx.MacOSXJAWTWindow$1.run()V+38
J 2238 C1 com.jogamp.common.util.RunnableTask.run()V (345 bytes) @ 0x0000000111afaa54 [0x0000000111afa8c0+0x194]
v  ~StubRoutines::call_stub
V  [libjvm.dylib+0x2eae7a]
V  [libjvm.dylib+0x321f83]
V  [libjvm.dylib+0x314757]
C  [libnativewindow_macosx.jnilib+0x5326]  Java_jogamp_nativewindow_jawt_macosx_MacOSXJAWTWindow_UnsetJAWTRootSurfaceLayer0+0x2b6
C  [Foundation+0x92dd0]  __NSThreadPerformPerform+0x125
C  [CoreFoundation+0x80a01]  __CFRUNLOOP_IS_CALLING_OUT_TO_A_SOURCE0_PERFORM_FUNCTION__+0x11
C  [CoreFoundation+0x72c5c]  __CFRunLoopDoSources0+0x1dc
C  [CoreFoundation+0x721bf]  __CFRunLoopRun+0x39f
C  [CoreFoundation+0x71bd8]  CFRunLoopRunSpecific+0x128
C  [HIToolbox+0x3256f]  RunCurrentEventLoopInMode+0xeb
C  [HIToolbox+0x321ee]  ReceiveNextEventCommon+0xb3
C  [HIToolbox+0x3212b]  _BlockUntilNextEventMatchingListInModeWithFilter+0x47
C  [AppKit+0x918ab]  _DPSNextEvent+0x3d2
C  [AppKit+0x90e58]  -[NSApplication nextEventMatchingMask:untilDate:inMode:dequeue:]+0x15a
C  [libosxapp.dylib+0x23aa]  -[NSApplicationAWT nextEventMatchingMask:untilDate:inMode:dequeue:]+0x7c
C  [AppKit+0x86af3]  -[NSApplication run]+0x252
C  [libosxapp.dylib+0x214d]  +[NSApplicationAWT runAWTLoopWithApp:]+0x9c
C  [libawt_lwawt.dylib+0x4455b]  -[AWTStarter starter:]+0x389
C  [Foundation+0x92dd0]  __NSThreadPerformPerform+0x125
C  [CoreFoundation+0x80a01]  __CFRUNLOOP_IS_CALLING_OUT_TO_A_SOURCE0_PERFORM_FUNCTION__+0x11
C  [CoreFoundation+0x72b8d]  __CFRunLoopDoSources0+0x10d
C  [CoreFoundation+0x721bf]  __CFRunLoopRun+0x39f
C  [CoreFoundation+0x71bd8]  CFRunLoopRunSpecific+0x128
C  [java+0x6463]  CreateExecutionEnvironment+0x367
C  [java+0x21ac]  JLI_Launch+0x7a0
C  [java+0x84c0]  main+0x65
C  [java+0x1a04]  start+0x34
C  0x0000000000000007

Java frames: (J=compiled Java code, j=interpreted, Vv=VM code)
j  jogamp.nativewindow.jawt.macosx.MacOSXJAWTWindow.UnsetJAWTRootSurfaceLayer0(JJ)V+0
j  jogamp.nativewindow.jawt.macosx.MacOSXJAWTWindow.access$200(JJ)V+2
j  jogamp.nativewindow.jawt.macosx.MacOSXJAWTWindow$1.run()V+38
J 2238 C1 com.jogamp.common.util.RunnableTask.run()V (345 bytes) @ 0x0000000111afaa54 [0x0000000111afa8c0+0x194]
v  ~StubRoutines::call_stub

---------------  P R O C E S S  ---------------

Java Threads: ( => current thread )
  0x00007ff73315e800 JavaThread "Thread-235" [_thread_blocked, id=41311, stack(0x000000019299b000,0x0000000192a9b000)]
  0x00007ff72a9f1800 JavaThread "AWT-EventQueue-1" [_thread_in_native, id=60699, stack(0x0000000181df8000,0x0000000181ef8000)]
  0x00007ff729007000 JavaThread "DestroyJavaVM" [_thread_blocked, id=4867, stack(0x000000011118e000,0x000000011128e000)]
  0x00007ff728a0e000 JavaThread "AWT-EventQueue-0" [_thread_blocked, id=59143, stack(0x0000000135a1d000,0x0000000135b1d000)]
  0x00007ff7289f9000 JavaThread "Java2D Disposer" daemon [_thread_blocked, id=55319, stack(0x00000001346f2000,0x00000001347f2000)]
  0x00007ff72b8ab800 JavaThread "Java2D Queue Flusher" daemon [_thread_blocked, id=53511, stack(0x00000001336bc000,0x00000001337bc000)]
  0x00007ff72b886000 JavaThread "AWT-Shutdown" [_thread_blocked, id=30995, stack(0x000000013071f000,0x000000013081f000)]
=>0x00007ff72b87f000 JavaThread "AWT-AppKit" daemon [_thread_in_native, id=1811, stack(0x00007fff5031c000,0x00007fff50b1c000)]
  0x00007ff72905b000 JavaThread "Service Thread" daemon [_thread_blocked, id=20995, stack(0x000000012ed68000,0x000000012ee68000)]
  0x00007ff72883b000 JavaThread "C1 CompilerThread3" daemon [_thread_blocked, id=20483, stack(0x000000012ec65000,0x000000012ed65000)]
  0x00007ff728868800 JavaThread "C2 CompilerThread2" daemon [_thread_blocked, id=19971, stack(0x000000012eb62000,0x000000012ec62000)]
  0x00007ff729030000 JavaThread "C2 CompilerThread1" daemon [_thread_blocked, id=19459, stack(0x000000012ea5f000,0x000000012eb5f000)]
  0x00007ff729041800 JavaThread "C2 CompilerThread0" daemon [_thread_blocked, id=18947, stack(0x000000012e95c000,0x000000012ea5c000)]
  0x00007ff729040800 JavaThread "Signal Dispatcher" daemon [_thread_blocked, id=18443, stack(0x000000012e859000,0x000000012e959000)]
  0x00007ff72a801000 JavaThread "Finalizer" daemon [_thread_blocked, id=13571, stack(0x000000012cdb8000,0x000000012ceb8000)]
  0x00007ff72b002000 JavaThread "Reference Handler" daemon [_thread_blocked, id=13059, stack(0x000000012ccb5000,0x000000012cdb5000)]

Other Threads:
  0x00007ff728860000 VMThread [stack: 0x000000012cbb2000,0x000000012ccb2000] [id=12547]
  0x00007ff72901c000 WatcherThread [stack: 0x000000012ee6b000,0x000000012ef6b000] [id=21507]

VM state:not at safepoint (normal execution)

VM Mutex/Monitor currently owned by a thread: None

Heap:
 PSYoungGen      total 80384K, used 47886K [0x000000076ab00000, 0x0000000771a00000, 0x00000007c0000000)
  eden space 52224K, 43% used [0x000000076ab00000,0x000000076c0fb440,0x000000076de00000)
  from space 28160K, 90% used [0x000000076df00000,0x000000076f7c8610,0x000000076fa80000)
  to   space 30720K, 0% used [0x000000076fc00000,0x000000076fc00000,0x0000000771a00000)
 ParOldGen       total 87552K, used 45848K [0x00000006c0000000, 0x00000006c5580000, 0x000000076ab00000)
  object space 87552K, 52% used [0x00000006c0000000,0x00000006c2cc62d8,0x00000006c5580000)
 Metaspace       used 21448K, capacity 21643K, committed 21808K, reserved 1069056K
  class space    used 2064K, capacity 2112K, committed 2176K, reserved 1048576K

Card table byte_map: [0x00000001206a4000,0x0000000120ea5000] byte_map_base: 0x000000011d0a4000

Marking Bits: (ParMarkBitMap*) 0x0000000110ae3ea0
 Begin Bits: [0x0000000121c13000, 0x0000000125c13000)
 End Bits:   [0x0000000125c13000, 0x0000000129c13000)

Polling page: 0x000000010f1fa000

CodeCache: size=245760Kb used=9875Kb max_used=9911Kb free=235884Kb
 bounds [0x00000001112e4000, 0x0000000111cd4000, 0x00000001202e4000]
 total_blobs=3639 nmethods=2743 adapters=809
 compilation: enabled

Compilation events (10 events):
Event: 86.973 Thread 0x00007ff72883b000 3247       1       sun.java2d.SurfaceData::isValid (5 bytes)
Event: 86.973 Thread 0x00007ff72883b000 nmethod 3247 0x0000000111a95690 code [0x0000000111a957e0, 0x0000000111a958f0]
Event: 87.000 Thread 0x00007ff728868800 3249  s    4       sun.misc.URLClassPath::getNextLoader (88 bytes)
Event: 87.000 Thread 0x00007ff72883b000 3250  s!   2       sun.misc.URLClassPath::getLoader (197 bytes)
Event: 87.005 Thread 0x00007ff72883b000 nmethod 3250 0x0000000111a8e190 code [0x0000000111a8e480, 0x0000000111a8fb88]
Event: 87.009 Thread 0x00007ff728868800 nmethod 3249 0x00000001117f6b50 code [0x00000001117f6cc0, 0x00000001117f7438]
Event: 87.010 Thread 0x00007ff72883b000 3251       3       sun.net.www.protocol.jar.Handler::parseContextSpec (154 bytes)
Event: 87.011 Thread 0x00007ff72883b000 nmethod 3251 0x000000011190df10 code [0x000000011190e300, 0x00000001119109e8]
Event: 87.011 Thread 0x00007ff72883b000 3252       3       sun.net.www.ParseUtil::canonizeString (195 bytes)
Event: 87.012 Thread 0x00007ff72883b000 nmethod 3252 0x0000000111666650 code [0x0000000111666a20, 0x0000000111668e68]

GC Heap History (10 events):
Event: 43.657 GC heap before
{Heap before GC invocations=8 (full 1):
 PSYoungGen      total 78336K, used 78209K [0x000000076ab00000, 0x0000000770a00000, 0x00000007c0000000)
  eden space 62464K, 100% used [0x000000076ab00000,0x000000076e800000,0x000000076e800000)
  from space 15872K, 99% used [0x000000076f900000,0x0000000770860400,0x0000000770880000)
  to   space 17408K, 0% used [0x000000076e800000,0x000000076e800000,0x000000076f900000)
 ParOldGen       total 87552K, used 29407K [0x00000006c0000000, 0x00000006c5580000, 0x000000076ab00000)
  object space 87552K, 33% used [0x00000006c0000000,0x00000006c1cb7ed8,0x00000006c5580000)
 Metaspace       used 21314K, capacity 21515K, committed 21808K, reserved 1069056K
  class space    used 2041K, capacity 2112K, committed 2176K, reserved 1048576K
Event: 43.667 GC heap after
Heap after GC invocations=8 (full 1):
 PSYoungGen      total 78848K, used 17265K [0x000000076ab00000, 0x0000000770c00000, 0x00000007c0000000)
  eden space 61440K, 0% used [0x000000076ab00000,0x000000076ab00000,0x000000076e700000)
  from space 17408K, 99% used [0x000000076e800000,0x000000076f8dc440,0x000000076f900000)
  to   space 18944K, 0% used [0x000000076f980000,0x000000076f980000,0x0000000770c00000)
 ParOldGen       total 87552K, used 36832K [0x00000006c0000000, 0x00000006c5580000, 0x000000076ab00000)
  object space 87552K, 42% used [0x00000006c0000000,0x00000006c23f80a8,0x00000006c5580000)
 Metaspace       used 21314K, capacity 21515K, committed 21808K, reserved 1069056K
  class space    used 2041K, capacity 2112K, committed 2176K, reserved 1048576K
}
Event: 53.213 GC heap before
{Heap before GC invocations=9 (full 1):
 PSYoungGen      total 78848K, used 78705K [0x000000076ab00000, 0x0000000770c00000, 0x00000007c0000000)
  eden space 61440K, 100% used [0x000000076ab00000,0x000000076e700000,0x000000076e700000)
  from space 17408K, 99% used [0x000000076e800000,0x000000076f8dc440,0x000000076f900000)
  to   space 18944K, 0% used [0x000000076f980000,0x000000076f980000,0x0000000770c00000)
 ParOldGen       total 87552K, used 36832K [0x00000006c0000000, 0x00000006c5580000, 0x000000076ab00000)
  object space 87552K, 42% used [0x00000006c0000000,0x00000006c23f80a8,0x00000006c5580000)
 Metaspace       used 21337K, capacity 21515K, committed 21808K, reserved 1069056K
  class space    used 2041K, capacity 2112K, committed 2176K, reserved 1048576K
Event: 53.221 GC heap after
Heap after GC invocations=9 (full 1):
 PSYoungGen      total 75776K, used 18929K [0x000000076ab00000, 0x0000000771400000, 0x00000007c0000000)
  eden space 56832K, 0% used [0x000000076ab00000,0x000000076ab00000,0x000000076e280000)
  from space 18944K, 99% used [0x000000076f980000,0x0000000770bfc4b0,0x0000000770c00000)
  to   space 23552K, 0% used [0x000000076e280000,0x000000076e280000,0x000000076f980000)
 ParOldGen       total 87552K, used 43024K [0x00000006c0000000, 0x00000006c5580000, 0x000000076ab00000)
  object space 87552K, 49% used [0x00000006c0000000,0x00000006c2a04228,0x00000006c5580000)
 Metaspace       used 21337K, capacity 21515K, committed 21808K, reserved 1069056K
  class space    used 2041K, capacity 2112K, committed 2176K, reserved 1048576K
}
Event: 65.241 GC heap before
{Heap before GC invocations=10 (full 1):
 PSYoungGen      total 75776K, used 75696K [0x000000076ab00000, 0x0000000771400000, 0x00000007c0000000)
  eden space 56832K, 99% used [0x000000076ab00000,0x000000076e26fd08,0x000000076e280000)
  from space 18944K, 99% used [0x000000076f980000,0x0000000770bfc4b0,0x0000000770c00000)
  to   space 23552K, 0% used [0x000000076e280000,0x000000076e280000,0x000000076f980000)
 ParOldGen       total 87552K, used 43024K [0x00000006c0000000, 0x00000006c5580000, 0x000000076ab00000)
  object space 87552K, 49% used [0x00000006c0000000,0x00000006c2a04228,0x00000006c5580000)
 Metaspace       used 21389K, capacity 21579K, committed 21808K, reserved 1069056K
  class space    used 2055K, capacity 2112K, committed 2176K, reserved 1048576K
Event: 65.245 GC heap after
Heap after GC invocations=10 (full 1):
 PSYoungGen      total 79360K, used 22225K [0x000000076ab00000, 0x0000000771380000, 0x00000007c0000000)
  eden space 55808K, 0% used [0x000000076ab00000,0x000000076ab00000,0x000000076e180000)
  from space 23552K, 94% used [0x000000076e280000,0x000000076f834580,0x000000076f980000)
  to   space 25600K, 0% used [0x000000076fa80000,0x000000076fa80000,0x0000000771380000)
 ParOldGen       total 87552K, used 43032K [0x00000006c0000000, 0x00000006c5580000, 0x000000076ab00000)
  object space 87552K, 49% used [0x00000006c0000000,0x00000006c2a06228,0x00000006c5580000)
 Metaspace       used 21389K, capacity 21579K, committed 21808K, reserved 1069056K
  class space    used 2055K, capacity 2112K, committed 2176K, reserved 1048576K
}
Event: 71.365 GC heap before
{Heap before GC invocations=11 (full 1):
 PSYoungGen      total 79360K, used 78033K [0x000000076ab00000, 0x0000000771380000, 0x00000007c0000000)
  eden space 55808K, 100% used [0x000000076ab00000,0x000000076e180000,0x000000076e180000)
  from space 23552K, 94% used [0x000000076e280000,0x000000076f834580,0x000000076f980000)
  to   space 25600K, 0% used [0x000000076fa80000,0x000000076fa80000,0x0000000771380000)
 ParOldGen       total 87552K, used 43032K [0x00000006c0000000, 0x00000006c5580000, 0x000000076ab00000)
  object space 87552K, 49% used [0x00000006c0000000,0x00000006c2a06228,0x00000006c5580000)
 Metaspace       used 21410K, capacity 21579K, committed 21808K, reserved 1069056K
  class space    used 2055K, capacity 2112K, committed 2176K, reserved 1048576K
Event: 71.373 GC heap after
Heap after GC invocations=11 (full 1):
 PSYoungGen      total 78848K, used 25553K [0x000000076ab00000, 0x0000000771780000, 0x00000007c0000000)
  eden space 53248K, 0% used [0x000000076ab00000,0x000000076ab00000,0x000000076df00000)
  from space 25600K, 99% used [0x000000076fa80000,0x0000000771374640,0x0000000771380000)
  to   space 28160K, 0% used [0x000000076df00000,0x000000076df00000,0x000000076fa80000)
 ParOldGen       total 87552K, used 45848K [0x00000006c0000000, 0x00000006c5580000, 0x000000076ab00000)
  object space 87552K, 52% used [0x00000006c0000000,0x00000006c2cc62d8,0x00000006c5580000)
 Metaspace       used 21410K, capacity 21579K, committed 21808K, reserved 1069056K
  class space    used 2055K, capacity 2112K, committed 2176K, reserved 1048576K
}
Event: 82.899 GC heap before
{Heap before GC invocations=12 (full 1):
 PSYoungGen      total 78848K, used 78801K [0x000000076ab00000, 0x0000000771780000, 0x00000007c0000000)
  eden space 53248K, 100% used [0x000000076ab00000,0x000000076df00000,0x000000076df00000)
  from space 25600K, 99% used [0x000000076fa80000,0x0000000771374640,0x0000000771380000)
  to   space 28160K, 0% used [0x000000076df00000,0x000000076df00000,0x000000076fa80000)
 ParOldGen       total 87552K, used 45848K [0x00000006c0000000, 0x00000006c5580000, 0x000000076ab00000)
  object space 87552K, 52% used [0x00000006c0000000,0x00000006c2cc62d8,0x00000006c5580000)
 Metaspace       used 21411K, capacity 21579K, committed 21808K, reserved 1069056K
  class space    used 2055K, capacity 2112K, committed 2176K, reserved 1048576K
Event: 82.904 GC heap after
Heap after GC invocations=12 (full 1):
 PSYoungGen      total 80384K, used 25377K [0x000000076ab00000, 0x0000000771a00000, 0x00000007c0000000)
  eden space 52224K, 0% used [0x000000076ab00000,0x000000076ab00000,0x000000076de00000)
  from space 28160K, 90% used [0x000000076df00000,0x000000076f7c8610,0x000000076fa80000)
  to   space 30720K, 0% used [0x000000076fc00000,0x000000076fc00000,0x0000000771a00000)
 ParOldGen       total 87552K, used 45848K [0x00000006c0000000, 0x00000006c5580000, 0x000000076ab00000)
  object space 87552K, 52% used [0x00000006c0000000,0x00000006c2cc62d8,0x00000006c5580000)
 Metaspace       used 21411K, capacity 21579K, committed 21808K, reserved 1069056K
  class space    used 2055K, capacity 2112K, committed 2176K, reserved 1048576K
}

Deoptimization events (10 events):
Event: 86.967 Thread 0x00007ff728a0e000 Uncommon trap: reason=unstable_if action=reinterpret pc=0x00000001118f44cc method=java.lang.Math.round(D)J @ 31
Event: 86.968 Thread 0x00007ff728a0e000 Uncommon trap: reason=unstable_if action=reinterpret pc=0x000000011152c2ac method=sun.java2d.SunGraphics2D.validateCompClip()V @ 9
Event: 86.969 Thread 0x00007ff72a9f1800 Uncommon trap: reason=unstable_if action=reinterpret pc=0x0000000111c8f114 method=java.awt.EventQueue.uncacheEQItem(Lsun/awt/EventQueueItem;)V @ 23
Event: 86.972 Thread 0x00007ff728a0e000 Uncommon trap: reason=unstable_if action=reinterpret pc=0x0000000111c4fa08 method=sun.java2d.pipe.Region.intersectsQuickCheck(Lsun/java2d/pipe/Region;)Z @ 41
Event: 86.972 Thread 0x00007ff728a0e000 Uncommon trap: reason=unstable_if action=reinterpret pc=0x0000000111a21938 method=java.awt.font.FontRenderContext.equals(Ljava/awt/font/FontRenderContext;)Z @ 2
Event: 86.973 Thread 0x00007ff728a0e000 Uncommon trap: reason=unstable_if action=reinterpret pc=0x0000000111a50f14 method=java.awt.Font.equals(Ljava/lang/Object;)Z @ 2
Event: 86.998 Thread 0x00007ff7291a8800 Uncommon trap: reason=unstable_if action=reinterpret pc=0x0000000111735d28 method=java.util.HashMap.putVal(ILjava/lang/Object;Ljava/lang/Object;ZZ)Ljava/lang/Object; @ 81
Event: 86.998 Thread 0x00007ff7291a8800 Uncommon trap: reason=unstable_if action=reinterpret pc=0x000000011172ae3c method=java.util.HashMap.putVal(ILjava/lang/Object;Ljava/lang/Object;ZZ)Ljava/lang/Object; @ 81
Event: 87.010 Thread 0x00007ff72a9f1800 Uncommon trap: reason=unstable_if action=reinterpret pc=0x0000000111749a18 method=java.util.LinkedList$ListItr.<init>(Ljava/util/LinkedList;I)V @ 26
Event: 87.011 Thread 0x00007ff72a9f1800 Uncommon trap: reason=unstable_if action=reinterpret pc=0x0000000111bdcf20 method=java.security.AccessControlContext.optimize()Ljava/security/AccessControlContext; @ 233

Internal exceptions (10 events):
Event: 0.111 Thread 0x00007ff729007000 Exception <a 'java/lang/NoSuchFieldError': method resolution failed> (0x000000076aeeee48) thrown at [/HUDSON3/workspace/8-2-build-macosx-x86_64/jdk8u73/6086/hotspot/src/share/vm/prims/methodHandles.cpp, line 1146]
Event: 0.112 Thread 0x00007ff729007000 Exception <a 'java/lang/NoSuchFieldError': method resolution failed> (0x000000076aefc618) thrown at [/HUDSON3/workspace/8-2-build-macosx-x86_64/jdk8u73/6086/hotspot/src/share/vm/prims/methodHandles.cpp, line 1146]
Event: 0.266 Thread 0x00007ff729007000 Exception <a 'java/io/FileNotFoundException'> (0x000000076af78308) thrown at [/HUDSON3/workspace/8-2-build-macosx-x86_64/jdk8u73/6086/hotspot/src/share/vm/prims/jni.cpp, line 709]
Event: 0.266 Thread 0x00007ff729007000 Exception <a 'java/io/FileNotFoundException'> (0x000000076af78e30) thrown at [/HUDSON3/workspace/8-2-build-macosx-x86_64/jdk8u73/6086/hotspot/src/share/vm/prims/jni.cpp, line 709]
Event: 0.365 Thread 0x00007ff729007000 Exception <a 'java/io/FileNotFoundException'> (0x000000076b00e860) thrown at [/HUDSON3/workspace/8-2-build-macosx-x86_64/jdk8u73/6086/hotspot/src/share/vm/prims/jni.cpp, line 709]
Event: 1.384 Thread 0x00007ff7292ed000 Exception <a 'java/lang/UnsatisfiedLinkError': com.jogamp.common.util.JarUtil.fixNativeLibAttribs(Ljava/lang/String;)Z> (0x000000076c75fee8) thrown at [/HUDSON3/workspace/8-2-build-macosx-x86_64/jdk8u73/6086/hotspot/src/share/vm/prims/nativeLookup.cpp, li
Event: 2.081 Thread 0x00007ff72a9f1800 Exception <a 'java/io/FileNotFoundException'> (0x000000076d7e9d30) thrown at [/HUDSON3/workspace/8-2-build-macosx-x86_64/jdk8u73/6086/hotspot/src/share/vm/prims/jni.cpp, line 709]
Event: 2.081 Thread 0x00007ff72a9f1800 Exception <a 'java/io/FileNotFoundException'> (0x000000076d7f0400) thrown at [/HUDSON3/workspace/8-2-build-macosx-x86_64/jdk8u73/6086/hotspot/src/share/vm/prims/jni.cpp, line 709]
Event: 2.081 Thread 0x00007ff72a9f1800 Implicit null exception at 0x0000000111484d35 to 0x0000000111485099
Event: 2.294 Thread 0x00007ff72a801000 Exception <a 'java/lang/NullPointerException'> (0x000000076aeaef90) thrown at [/HUDSON3/workspace/8-2-build-macosx-x86_64/jdk8u73/6086/hotspot/src/share/vm/interpreter/linkResolver.cpp, line 1178]

Events (10 events):
Event: 87.011 loading class java/awt/LightweightDispatcher$2 done
Event: 87.011 loading class java/awt/event/AWTEventListenerProxy
Event: 87.011 loading class java/awt/event/AWTEventListenerProxy done
Event: 87.011 Executing VM operation: Deoptimize
Event: 87.012 Executing VM operation: Deoptimize done
Event: 87.012 loading class java/awt/Toolkit$ToolkitEventMulticaster
Event: 87.012 loading class java/awt/Toolkit$ToolkitEventMulticaster done
Event: 87.012 Thread 0x00007ff7291a8800 Thread exited: 0x00007ff7291a8800
Event: 87.012 loading class java/awt/Window$1DisposeAction
Event: 87.012 loading class java/awt/Window$1DisposeAction done


Dynamic libraries:
0x000000000b3c4000 	/System/Library/Frameworks/Cocoa.framework/Versions/A/Cocoa
0x000000000b3c4000 	/System/Library/Frameworks/Security.framework/Versions/A/Security
0x000000000b3c4000 	/System/Library/Frameworks/ApplicationServices.framework/Versions/A/ApplicationServices
0x000000000b3c4000 	/usr/lib/libz.1.dylib
0x000000000b3c4000 	/usr/lib/libSystem.B.dylib
0x000000000b3c4000 	/usr/lib/libobjc.A.dylib
0x000000000b3c4000 	/System/Library/Frameworks/CoreFoundation.framework/Versions/A/CoreFoundation
0x000000000b3c4000 	/System/Library/Frameworks/Foundation.framework/Versions/C/Foundation
0x000000000b3c4000 	/System/Library/Frameworks/AppKit.framework/Versions/C/AppKit
0x000000000b3c4000 	/System/Library/Frameworks/CoreData.framework/Versions/A/CoreData
0x000000000b3c4000 	/System/Library/PrivateFrameworks/RemoteViewServices.framework/Versions/A/RemoteViewServices
0x000000000b3c4000 	/System/Library/PrivateFrameworks/UIFoundation.framework/Versions/A/UIFoundation
0x000000000b3c4000 	/System/Library/Frameworks/IOSurface.framework/Versions/A/IOSurface
0x000000000b3c4000 	/System/Library/Frameworks/AudioToolbox.framework/Versions/A/AudioToolbox
0x000000000b3c4000 	/System/Library/Frameworks/AudioUnit.framework/Versions/A/AudioUnit
0x000000000b3c4000 	/System/Library/PrivateFrameworks/DataDetectorsCore.framework/Versions/A/DataDetectorsCore
0x000000000b3c4000 	/System/Library/PrivateFrameworks/DesktopServicesPriv.framework/Versions/A/DesktopServicesPriv
0x000000000b3c4000 	/System/Library/Frameworks/Carbon.framework/Versions/A/Frameworks/HIToolbox.framework/Versions/A/HIToolbox
0x000000000b3c4000 	/System/Library/Frameworks/QuartzCore.framework/Versions/A/QuartzCore
0x000000000b3c4000 	/System/Library/Frameworks/Carbon.framework/Versions/A/Frameworks/SpeechRecognition.framework/Versions/A/SpeechRecognition
0x000000000b3c4000 	/usr/lib/libauto.dylib
0x000000000b3c4000 	/usr/lib/libicucore.A.dylib
0x000000000b3c4000 	/usr/lib/libxml2.2.dylib
0x000000000b3c4000 	/System/Library/PrivateFrameworks/CoreUI.framework/Versions/A/CoreUI
0x000000000b3c4000 	/System/Library/Frameworks/CoreAudio.framework/Versions/A/CoreAudio
0x000000000b3c4000 	/System/Library/Frameworks/DiskArbitration.framework/Versions/A/DiskArbitration
0x000000000b3c4000 	/usr/lib/liblangid.dylib
0x000000000b3c4000 	/System/Library/PrivateFrameworks/MultitouchSupport.framework/Versions/A/MultitouchSupport
0x000000000b3c4000 	/System/Library/Frameworks/IOKit.framework/Versions/A/IOKit
0x000000000b3c4000 	/usr/lib/libDiagnosticMessagesClient.dylib
0x000000000b3c4000 	/System/Library/Frameworks/CoreServices.framework/Versions/A/CoreServices
0x000000000b3c4000 	/System/Library/PrivateFrameworks/PerformanceAnalysis.framework/Versions/A/PerformanceAnalysis
0x000000000b3c4000 	/System/Library/PrivateFrameworks/GenerationalStorage.framework/Versions/A/GenerationalStorage
0x000000000b3c4000 	/System/Library/Frameworks/OpenGL.framework/Versions/A/OpenGL
0x000000000b3c4000 	/System/Library/PrivateFrameworks/Sharing.framework/Versions/A/Sharing
0x000000000b3c4000 	/System/Library/Frameworks/CoreGraphics.framework/Versions/A/CoreGraphics
0x000000000b3c4000 	/System/Library/Frameworks/CoreText.framework/Versions/A/CoreText
0x000000000b3c4000 	/System/Library/Frameworks/ImageIO.framework/Versions/A/ImageIO
0x000000000b3c4000 	/usr/lib/libextension.dylib
0x000000000b3c4000 	/System/Library/PrivateFrameworks/Backup.framework/Versions/A/Backup
0x000000000b3c4000 	/usr/lib/libarchive.2.dylib
0x000000000b3c4000 	/System/Library/Frameworks/CFNetwork.framework/Versions/A/CFNetwork
0x000000000b3c4000 	/System/Library/Frameworks/SystemConfiguration.framework/Versions/A/SystemConfiguration
0x000000000b3c4000 	/usr/lib/libCRFSuite.dylib
0x000000000b3c4000 	/usr/lib/libc++.1.dylib
0x000000000b3c4000 	/usr/lib/libc++abi.dylib
0x000000000b3c4000 	/usr/lib/system/libcache.dylib
0x000000000b3c4000 	/usr/lib/system/libcommonCrypto.dylib
0x000000000b3c4000 	/usr/lib/system/libcompiler_rt.dylib
0x000000000b3c4000 	/usr/lib/system/libcopyfile.dylib
0x000000000b3c4000 	/usr/lib/system/libcorecrypto.dylib
0x000000000b3c4000 	/usr/lib/system/libdispatch.dylib
0x000000000b3c4000 	/usr/lib/system/libdyld.dylib
0x000000000b3c4000 	/usr/lib/system/libkeymgr.dylib
0x000000000b3c4000 	/usr/lib/system/liblaunch.dylib
0x000000000b3c4000 	/usr/lib/system/libmacho.dylib
0x000000000b3c4000 	/usr/lib/system/libquarantine.dylib
0x000000000b3c4000 	/usr/lib/system/libremovefile.dylib
0x000000000b3c4000 	/usr/lib/system/libsystem_asl.dylib
0x000000000b3c4000 	/usr/lib/system/libsystem_blocks.dylib
0x000000000b3c4000 	/usr/lib/system/libsystem_c.dylib
0x000000000b3c4000 	/usr/lib/system/libsystem_configuration.dylib
0x000000000b3c4000 	/usr/lib/system/libsystem_coreservices.dylib
0x000000000b3c4000 	/usr/lib/system/libsystem_coretls.dylib
0x000000000b3c4000 	/usr/lib/system/libsystem_dnssd.dylib
0x000000000b3c4000 	/usr/lib/system/libsystem_info.dylib
0x000000000b3c4000 	/usr/lib/system/libsystem_kernel.dylib
0x000000000b3c4000 	/usr/lib/system/libsystem_m.dylib
0x000000000b3c4000 	/usr/lib/system/libsystem_malloc.dylib
0x000000000b3c4000 	/usr/lib/system/libsystem_network.dylib
0x000000000b3c4000 	/usr/lib/system/libsystem_networkextension.dylib
0x000000000b3c4000 	/usr/lib/system/libsystem_notify.dylib
0x000000000b3c4000 	/usr/lib/system/libsystem_platform.dylib
0x000000000b3c4000 	/usr/lib/system/libsystem_pthread.dylib
0x000000000b3c4000 	/usr/lib/system/libsystem_sandbox.dylib
0x000000000b3c4000 	/usr/lib/system/libsystem_secinit.dylib
0x000000000b3c4000 	/usr/lib/system/libsystem_stats.dylib
0x000000000b3c4000 	/usr/lib/system/libsystem_trace.dylib
0x000000000b3c4000 	/usr/lib/system/libunc.dylib
0x000000000b3c4000 	/usr/lib/system/libunwind.dylib
0x000000000b3c4000 	/usr/lib/system/libxpc.dylib
0x000000000b3c4000 	/usr/lib/libbz2.1.0.dylib
0x000000000b3c4000 	/usr/lib/liblzma.5.dylib
0x000000000b3c4000 	/usr/lib/libbsm.0.dylib
0x000000000b3c4000 	/usr/lib/libsqlite3.dylib
0x000000000b3c4000 	/usr/lib/system/libkxld.dylib
0x000000000b3c4000 	/usr/lib/libxar.1.dylib
0x000000000b3c4000 	/usr/lib/libpam.2.dylib
0x000000000b3c4000 	/usr/lib/libOpenScriptingUtil.dylib
0x000000000b3c4000 	/System/Library/Frameworks/CoreServices.framework/Versions/A/Frameworks/FSEvents.framework/Versions/A/FSEvents
0x000000000b3c4000 	/System/Library/Frameworks/CoreServices.framework/Versions/A/Frameworks/CarbonCore.framework/Versions/A/CarbonCore
0x000000000b3c4000 	/System/Library/Frameworks/CoreServices.framework/Versions/A/Frameworks/Metadata.framework/Versions/A/Metadata
0x000000000b3c4000 	/System/Library/Frameworks/CoreServices.framework/Versions/A/Frameworks/OSServices.framework/Versions/A/OSServices
0x000000000b3c4000 	/System/Library/Frameworks/CoreServices.framework/Versions/A/Frameworks/SearchKit.framework/Versions/A/SearchKit
0x000000000b3c4000 	/System/Library/Frameworks/CoreServices.framework/Versions/A/Frameworks/AE.framework/Versions/A/AE
0x000000000b3c4000 	/System/Library/Frameworks/CoreServices.framework/Versions/A/Frameworks/LaunchServices.framework/Versions/A/LaunchServices
0x000000000b3c4000 	/System/Library/Frameworks/CoreServices.framework/Versions/A/Frameworks/DictionaryServices.framework/Versions/A/DictionaryServices
0x000000000b3c4000 	/System/Library/Frameworks/NetFS.framework/Versions/A/NetFS
0x000000000b3c4000 	/System/Library/PrivateFrameworks/NetAuth.framework/Versions/A/NetAuth
0x000000000b3c4000 	/System/Library/PrivateFrameworks/login.framework/Versions/A/Frameworks/loginsupport.framework/Versions/A/loginsupport
0x000000000b3c4000 	/System/Library/PrivateFrameworks/TCC.framework/Versions/A/TCC
0x000000000b3c4000 	/usr/lib/libmecabra.dylib
0x000000000b3c4000 	/System/Library/Frameworks/ApplicationServices.framework/Versions/A/Frameworks/ATS.framework/Versions/A/ATS
0x000000000b3c4000 	/System/Library/Frameworks/ApplicationServices.framework/Versions/A/Frameworks/ColorSync.framework/Versions/A/ColorSync
0x000000000b3c4000 	/System/Library/Frameworks/ApplicationServices.framework/Versions/A/Frameworks/HIServices.framework/Versions/A/HIServices
0x000000000b3c4000 	/System/Library/Frameworks/ApplicationServices.framework/Versions/A/Frameworks/LangAnalysis.framework/Versions/A/LangAnalysis
0x000000000b3c4000 	/System/Library/Frameworks/ApplicationServices.framework/Versions/A/Frameworks/PrintCore.framework/Versions/A/PrintCore
0x000000000b3c4000 	/System/Library/Frameworks/ApplicationServices.framework/Versions/A/Frameworks/QD.framework/Versions/A/QD
0x000000000b3c4000 	/System/Library/Frameworks/ApplicationServices.framework/Versions/A/Frameworks/SpeechSynthesis.framework/Versions/A/SpeechSynthesis
0x000000000b3c4000 	/System/Library/Frameworks/Accelerate.framework/Versions/A/Accelerate
0x000000000b3c4000 	/System/Library/Frameworks/Accelerate.framework/Versions/A/Frameworks/vImage.framework/Versions/A/vImage
0x000000000b3c4000 	/System/Library/Frameworks/Accelerate.framework/Versions/A/Frameworks/vecLib.framework/Versions/A/vecLib
0x000000000b3c4000 	/System/Library/Frameworks/Accelerate.framework/Versions/A/Frameworks/vecLib.framework/Versions/A/libvDSP.dylib
0x000000000b3c4000 	/System/Library/Frameworks/Accelerate.framework/Versions/A/Frameworks/vecLib.framework/Versions/A/libvMisc.dylib
0x000000000b3c4000 	/System/Library/Frameworks/Accelerate.framework/Versions/A/Frameworks/vecLib.framework/Versions/A/libLAPACK.dylib
0x000000000b3c4000 	/System/Library/Frameworks/Accelerate.framework/Versions/A/Frameworks/vecLib.framework/Versions/A/libBLAS.dylib
0x000000000b3c4000 	/System/Library/Frameworks/Accelerate.framework/Versions/A/Frameworks/vecLib.framework/Versions/A/libLinearAlgebra.dylib
0x000000000b3c4000 	/System/Library/Frameworks/ApplicationServices.framework/Versions/A/Frameworks/ATS.framework/Versions/A/Resources/libFontParser.dylib
0x000000000b3c4000 	/System/Library/Frameworks/ApplicationServices.framework/Versions/A/Frameworks/ATS.framework/Versions/A/Resources/libFontRegistry.dylib
0x000000000b3c4000 	/System/Library/PrivateFrameworks/AppleVPA.framework/Versions/A/AppleVPA
0x000000000b3c4000 	/System/Library/PrivateFrameworks/AppleJPEG.framework/Versions/A/AppleJPEG
0x000000000b3c4000 	/System/Library/Frameworks/ImageIO.framework/Versions/A/Resources/libJPEG.dylib
0x000000000b3c4000 	/System/Library/Frameworks/ImageIO.framework/Versions/A/Resources/libTIFF.dylib
0x000000000b3c4000 	/System/Library/Frameworks/ImageIO.framework/Versions/A/Resources/libPng.dylib
0x000000000b3c4000 	/System/Library/Frameworks/ImageIO.framework/Versions/A/Resources/libGIF.dylib
0x000000000b3c4000 	/System/Library/Frameworks/ImageIO.framework/Versions/A/Resources/libJP2.dylib
0x000000000b3c4000 	/System/Library/Frameworks/ImageIO.framework/Versions/A/Resources/libRadiance.dylib
0x000000000b3c4000 	/System/Library/Frameworks/CoreVideo.framework/Versions/A/CoreVideo
0x000000000b3c4000 	/System/Library/Frameworks/OpenGL.framework/Versions/A/Libraries/libGLU.dylib
0x000000000b3c4000 	/System/Library/Frameworks/OpenGL.framework/Versions/A/Libraries/libGFXShared.dylib
0x000000000b3c4000 	/System/Library/Frameworks/OpenGL.framework/Versions/A/Libraries/libGL.dylib
0x000000000b3c4000 	/System/Library/Frameworks/OpenGL.framework/Versions/A/Libraries/libGLImage.dylib
0x000000000b3c4000 	/System/Library/Frameworks/OpenGL.framework/Versions/A/Libraries/libCVMSPluginSupport.dylib
0x000000000b3c4000 	/System/Library/Frameworks/OpenGL.framework/Versions/A/Libraries/libCoreVMClient.dylib
0x000000000b3c4000 	/usr/lib/libcups.2.dylib
0x000000000b3c4000 	/System/Library/Frameworks/Kerberos.framework/Versions/A/Kerberos
0x000000000b3c4000 	/System/Library/Frameworks/GSS.framework/Versions/A/GSS
0x000000000b3c4000 	/usr/lib/libresolv.9.dylib
0x000000000b3c4000 	/usr/lib/libiconv.2.dylib
0x000000000b3c4000 	/System/Library/PrivateFrameworks/Heimdal.framework/Versions/A/Heimdal
0x000000000b3c4000 	/usr/lib/libheimdal-asn1.dylib
0x000000000b3c4000 	/System/Library/Frameworks/OpenDirectory.framework/Versions/A/OpenDirectory
0x000000000b3c4000 	/System/Library/PrivateFrameworks/CommonAuth.framework/Versions/A/CommonAuth
0x000000000b3c4000 	/System/Library/Frameworks/OpenDirectory.framework/Versions/A/Frameworks/CFOpenDirectory.framework/Versions/A/CFOpenDirectory
0x000000000b3c4000 	/System/Library/Frameworks/SecurityFoundation.framework/Versions/A/SecurityFoundation
0x000000000b3c4000 	/System/Library/PrivateFrameworks/LanguageModeling.framework/Versions/A/LanguageModeling
0x000000000b3c4000 	/usr/lib/libcmph.dylib
0x000000000b3c4000 	/System/Library/Frameworks/ServiceManagement.framework/Versions/A/ServiceManagement
0x000000000b3c4000 	/usr/lib/libxslt.1.dylib
0x000000000b3c4000 	/System/Library/Frameworks/Carbon.framework/Versions/A/Frameworks/Ink.framework/Versions/A/Ink
0x000000000b3c4000 	/System/Library/Frameworks/QuartzCore.framework/Versions/A/Frameworks/CoreImage.framework/Versions/A/CoreImage
0x000000000b3c4000 	/System/Library/PrivateFrameworks/CrashReporterSupport.framework/Versions/A/CrashReporterSupport
0x000000000b3c4000 	/System/Library/Frameworks/OpenCL.framework/Versions/A/OpenCL
0x000000000b3c4000 	/System/Library/PrivateFrameworks/FaceCore.framework/Versions/A/FaceCore
0x000000000b3c4000 	/System/Library/PrivateFrameworks/Ubiquity.framework/Versions/A/Ubiquity
0x000000000b3c4000 	/System/Library/PrivateFrameworks/IconServices.framework/Versions/A/IconServices
0x000000000b3c4000 	/System/Library/PrivateFrameworks/ChunkingLibrary.framework/Versions/A/ChunkingLibrary
0x000000000b3c4000 	/System/Library/PrivateFrameworks/Apple80211.framework/Versions/A/Apple80211
0x000000000b3c4000 	/System/Library/Frameworks/CoreWLAN.framework/Versions/A/CoreWLAN
0x000000000b3c4000 	/System/Library/Frameworks/IOBluetooth.framework/Versions/A/IOBluetooth
0x000000000b3c4000 	/System/Library/PrivateFrameworks/CoreWiFi.framework/Versions/A/CoreWiFi
0x000000000b3c4000 	/System/Library/Frameworks/CoreBluetooth.framework/Versions/A/CoreBluetooth
0x000000000b3c4000 	/System/Library/PrivateFrameworks/DebugSymbols.framework/Versions/A/DebugSymbols
0x000000000b3c4000 	/System/Library/PrivateFrameworks/CoreSymbolication.framework/Versions/A/CoreSymbolication
0x000000000b3c4000 	/System/Library/PrivateFrameworks/Symbolication.framework/Versions/A/Symbolication
0x000000000b3c4000 	/System/Library/PrivateFrameworks/SpeechRecognitionCore.framework/Versions/A/SpeechRecognitionCore
0x0000000110200000 	/Library/Java/JavaVirtualMachines/jdk1.8.0_73.jdk/Contents/Home/jre/lib/server/libjvm.dylib
0x000000000b3c4000 	/usr/lib/libstdc++.6.dylib
0x0000000111290000 	/Library/Java/JavaVirtualMachines/jdk1.8.0_73.jdk/Contents/Home/jre/lib/libverify.dylib
0x000000011129e000 	/Library/Java/JavaVirtualMachines/jdk1.8.0_73.jdk/Contents/Home/jre/lib/libjava.dylib
0x00000001112db000 	/Library/Java/JavaVirtualMachines/jdk1.8.0_73.jdk/Contents/Home/jre/lib/libzip.dylib
0x000000012ceba000 	/System/Library/Frameworks/JavaVM.framework/Frameworks/JavaRuntimeSupport.framework/JavaRuntimeSupport
0x000000012ced0000 	/System/Library/Frameworks/JavaVM.framework/Versions/A/Frameworks/JavaNativeFoundation.framework/Versions/A/JavaNativeFoundation
0x000000012cee4000 	/System/Library/Frameworks/JavaVM.framework/Versions/A/JavaVM
0x000000000b3c4000 	/System/Library/Frameworks/Carbon.framework/Versions/A/Carbon
0x000000012cef0000 	/System/Library/PrivateFrameworks/JavaLaunching.framework/Versions/A/JavaLaunching
0x000000000b3c4000 	/System/Library/Frameworks/Carbon.framework/Versions/A/Frameworks/CommonPanels.framework/Versions/A/CommonPanels
0x000000000b3c4000 	/System/Library/Frameworks/Carbon.framework/Versions/A/Frameworks/Help.framework/Versions/A/Help
0x000000000b3c4000 	/System/Library/Frameworks/Carbon.framework/Versions/A/Frameworks/ImageCapture.framework/Versions/A/ImageCapture
0x000000000b3c4000 	/System/Library/Frameworks/Carbon.framework/Versions/A/Frameworks/OpenScripting.framework/Versions/A/OpenScripting
0x000000000b3c4000 	/System/Library/Frameworks/Carbon.framework/Versions/A/Frameworks/Print.framework/Versions/A/Print
0x000000000b3c4000 	/System/Library/Frameworks/Carbon.framework/Versions/A/Frameworks/SecurityHI.framework/Versions/A/SecurityHI
0x000000012ef6f000 	/Library/Java/JavaVirtualMachines/jdk1.8.0_73.jdk/Contents/Home/jre/lib/libawt.dylib
0x000000012f017000 	/Library/Java/JavaVirtualMachines/jdk1.8.0_73.jdk/Contents/Home/jre/lib/./libmlib_image.dylib
0x000000012f0e3000 	/Library/Java/JavaVirtualMachines/jdk1.8.0_73.jdk/Contents/Home/jre/lib/libawt_lwawt.dylib
0x000000012f198000 	/Library/Java/JavaVirtualMachines/jdk1.8.0_73.jdk/Contents/Home/jre/lib/./libosxapp.dylib
0x000000000b3c4000 	/System/Library/Frameworks/ExceptionHandling.framework/Versions/A/ExceptionHandling
0x000000000b3c4000 	/System/Library/PrivateFrameworks/CoreServicesInternal.framework/Versions/A/CoreServicesInternal
0x000000000b3c4000 	/System/Library/PrivateFrameworks/CloudDocs.framework/Versions/A/CloudDocs
0x000000000b3c4000 	/System/Library/PrivateFrameworks/CoreDuet.framework/Versions/A/CoreDuet
0x000000000b3c4000 	/System/Library/Frameworks/CloudKit.framework/Versions/A/CloudKit
0x000000000b3c4000 	/System/Library/PrivateFrameworks/ProtocolBuffer.framework/Versions/A/ProtocolBuffer
0x000000000b3c4000 	/System/Library/PrivateFrameworks/CoreDuetDaemonProtocol.framework/Versions/A/CoreDuetDaemonProtocol
0x000000000b3c4000 	/System/Library/PrivateFrameworks/CoreDuetDebugLogging.framework/Versions/A/CoreDuetDebugLogging
0x000000000b3c4000 	/System/Library/PrivateFrameworks/MMCS.framework/Versions/A/MMCS
0x000000000b3c4000 	/System/Library/Frameworks/CoreLocation.framework/Versions/A/CoreLocation
0x000000000b3c4000 	/System/Library/PrivateFrameworks/ProtectedCloudStorage.framework/Versions/A/ProtectedCloudStorage
0x000000000b3c4000 	/System/Library/PrivateFrameworks/GeoServices.framework/Versions/A/GeoServices
0x000000000b3c4000 	/System/Library/Frameworks/CoreGraphics.framework/Versions/A/Resources/libCGCMS.A.dylib
0x000000000b3c4000 	/System/Library/Frameworks/CoreGraphics.framework/Versions/A/Resources/libRIP.A.dylib
0x000000000b3c4000 	/System/Library/Frameworks/CoreGraphics.framework/Versions/A/Resources/libCGXType.A.dylib
0x000000000b3c4000 	/System/Library/Frameworks/OpenCL.framework/Versions/A/Libraries/libcldcpuengine.dylib
0x000000000b3c4000 	/System/Library/PrivateFrameworks/DiskImages.framework/Versions/A/DiskImages
0x000000000b3c4000 	/System/Library/Frameworks/DiscRecording.framework/Versions/A/DiscRecording
0x000000000b3c4000 	/usr/lib/libcsfde.dylib
0x000000000b3c4000 	/usr/lib/libcurl.4.dylib
0x000000000b3c4000 	/System/Library/PrivateFrameworks/MediaKit.framework/Versions/A/MediaKit
0x000000000b3c4000 	/usr/lib/libCoreStorage.dylib
0x000000000b3c4000 	/System/Library/PrivateFrameworks/EFILogin.framework/Versions/A/EFILogin
0x000000000b3c4000 	/usr/lib/libutil.dylib
0x000000000b3c4000 	/System/Library/PrivateFrameworks/FindMyDevice.framework/Versions/A/FindMyDevice
0x000000000b3c4000 	/System/Library/Frameworks/LDAP.framework/Versions/A/LDAP
0x000000000b3c4000 	/usr/lib/libsasl2.2.dylib
0x000000000b3c4000 	/System/Library/PrivateFrameworks/CoreDaemon.framework/Versions/B/CoreDaemon
0x000000000b3c4000 	/usr/lib/libcrypto.0.9.8.dylib
0x000000000b3c4000 	/System/Library/PrivateFrameworks/AppleSRP.framework/Versions/A/AppleSRP
0x000000000b3c4000 	/System/Library/PrivateFrameworks/TrustEvaluationAgent.framework/Versions/A/TrustEvaluationAgent
0x000000013226e000 	cl_kernels
0x0000000132270000 	/System/Library/Frameworks/OpenCL.framework/Versions/A/Libraries/ImageFormats/unorm8_bgra.dylib
0x0000000132260000 	cl_kernels
0x000000000b3c4000 	/System/Library/PrivateFrameworks/FamilyControls.framework/Versions/A/FamilyControls
0x000000000b3c4000 	/System/Library/PrivateFrameworks/CommerceKit.framework/Versions/A/Frameworks/CommerceCore.framework/Versions/A/CommerceCore
0x000000000b3c4000 	/System/Library/PrivateFrameworks/SystemAdministration.framework/Versions/A/SystemAdministration
0x000000000b3c4000 	/System/Library/PrivateFrameworks/AppContainer.framework/Versions/A/AppContainer
0x000000000b3c4000 	/System/Library/PrivateFrameworks/SecCodeWrapper.framework/Versions/A/SecCodeWrapper
0x000000000b3c4000 	/System/Library/Frameworks/DirectoryService.framework/Versions/A/DirectoryService
0x000000000b3c4000 	/System/Library/PrivateFrameworks/LoginUIKit.framework/Versions/A/Frameworks/LoginUICore.framework/Versions/A/LoginUICore
0x000000000b3c4000 	/usr/lib/libodfde.dylib
0x000000000b3c4000 	/System/Library/Frameworks/OpenGL.framework/Versions/A/Resources/GLEngine.bundle/GLEngine
0x000000000b3c4000 	/System/Library/Frameworks/OpenGL.framework/Versions/A/Libraries/libGLProgrammability.dylib
0x00000001337be000 	/System/Library/Extensions/AppleIntelHD5000GraphicsGLDriver.bundle/Contents/MacOS/AppleIntelHD5000GraphicsGLDriver
0x000000000b3c4000 	/System/Library/PrivateFrameworks/IOAccelerator.framework/Versions/A/IOAccelerator
0x000000000b3c4000 	/System/Library/PrivateFrameworks/GPUSupport.framework/Versions/A/Libraries/libGPUSupportMercury.dylib
0x000000000b3c4000 	/System/Library/Frameworks/OpenGL.framework/Versions/A/Resources/GLRendererFloat.bundle/GLRendererFloat
0x00000001347f4000 	/Library/Java/JavaVirtualMachines/jdk1.8.0_73.jdk/Contents/Home/jre/lib/libfontmanager.dylib
0x0000000135b7f000 	/Library/Java/JavaVirtualMachines/jdk1.8.0_73.jdk/Contents/Home/jre/lib/libosxui.dylib
0x0000000135e13000 	/Library/Java/JavaVirtualMachines/jdk1.8.0_73.jdk/Contents/Home/jre/lib/libnet.dylib
0x0000000135bbf000 	/Library/Java/JavaVirtualMachines/jdk1.8.0_73.jdk/Contents/Home/jre/lib/libnio.dylib
0x000000000b3c4000 	/System/Library/Frameworks/ApplicationServices.framework/Versions/A/Frameworks/ATS.framework/Versions/A/Resources/libTrueTypeScaler.dylib
0x0000000135b78000 	/private/var/folders/88/rn0nzmd518s0659qz29bsj6m0000gn/T/jogamp_0000/file_cache/jln150692817808857214/jln2313525952410695575/libgluegen-rt.jnilib
0x0000000135b7c000 	/private/var/folders/88/rn0nzmd518s0659qz29bsj6m0000gn/T/jogamp_0000/file_cache/jln150692817808857214/jln2313525952410695575/libnativewindow_awt.jnilib
0x000000018140a000 	/Library/Java/JavaVirtualMachines/jdk1.8.0_73.jdk/Contents/Home/jre/lib/libjawt.dylib
0x000000018140d000 	/private/var/folders/88/rn0nzmd518s0659qz29bsj6m0000gn/T/jogamp_0000/file_cache/jln150692817808857214/jln2313525952410695575/libnativewindow_macosx.jnilib
0x0000000181ca5000 	/private/var/folders/88/rn0nzmd518s0659qz29bsj6m0000gn/T/jogamp_0000/file_cache/jln150692817808857214/jln2313525952410695575/libjogl_desktop.jnilib
0x000000018175b000 	/Library/Java/JavaVirtualMachines/jdk1.8.0_73.jdk/Contents/Home/jre/lib/libt2k.dylib

VM Arguments:
jvm_args: -Djava.security.policy=java.policy.applet -Dfile.encoding=UTF-8 
java_command: sun.applet.AppletViewer module4.EarthquakeCityMap1458562994720.html
java_class_path (initial): /Users/jb/Documents/GitHub/Java_Programming/UCSDUnfoldingMaps/build:/Users/jb/Documents/GitHub/Java_Programming/UCSDUnfoldingMaps/lib/core.jar:/Users/jb/Documents/GitHub/Java_Programming/UCSDUnfoldingMaps/lib/gluegen-rt.jar:/Users/jb/Documents/GitHub/Java_Programming/UCSDUnfoldingMaps/lib/jogl-all.jar:/Users/jb/Documents/GitHub/Java_Programming/UCSDUnfoldingMaps/lib/log4j-1.2.15.jar:/Users/jb/Documents/GitHub/Java_Programming/UCSDUnfoldingMaps/lib/sqlite-jdbc-3.7.2.jar:/Users/jb/Documents/GitHub/Java_Programming/UCSDUnfoldingMaps/lib/json4processing.jar:/Users/jb/Documents/GitHub/Java_Programming/UCSDUnfoldingMaps/lib/libTUIO.jar:/Users/jb/Documents/GitHub/Java_Programming/UCSDUnfoldingMaps/lib/unfolding.0.9.7-uscd.jar
Launcher Type: SUN_STANDARD

Environment Variables:
PATH=/usr/bin:/bin:/usr/sbin:/sbin
SHELL=/bin/bash

Signal Handlers:
SIGSEGV: [libjvm.dylib+0x5a71a5], sa_mask[0]=11111111011111110111111111111111, sa_flags=SA_ONSTACK|SA_RESTART|SA_SIGINFO
SIGBUS: [libjvm.dylib+0x5a71a5], sa_mask[0]=11111111011111110111111111111111, sa_flags=SA_RESTART|SA_SIGINFO
SIGFPE: [libjvm.dylib+0x480eb4], sa_mask[0]=11111111011111110111111111111111, sa_flags=SA_RESTART|SA_SIGINFO
SIGPIPE: [libjvm.dylib+0x480eb4], sa_mask[0]=11111111011111110111111111111111, sa_flags=SA_RESTART|SA_SIGINFO
SIGXFSZ: [libjvm.dylib+0x480eb4], sa_mask[0]=11111111011111110111111111111111, sa_flags=SA_RESTART|SA_SIGINFO
SIGILL: [libjvm.dylib+0x480eb4], sa_mask[0]=11111111011111110111111111111111, sa_flags=SA_RESTART|SA_SIGINFO
SIGUSR1: SIG_DFL, sa_mask[0]=00000000000000000000000000000000, sa_flags=none
SIGUSR2: [libjvm.dylib+0x4809d2], sa_mask[0]=00100000000000000000000000000000, sa_flags=SA_RESTART|SA_SIGINFO
SIGHUP: [libjvm.dylib+0x47efa9], sa_mask[0]=11111111011111110111111111111111, sa_flags=SA_RESTART|SA_SIGINFO
SIGINT: [libjvm.dylib+0x47efa9], sa_mask[0]=11111111011111110111111111111111, sa_flags=SA_RESTART|SA_SIGINFO
SIGTERM: [libjvm.dylib+0x47efa9], sa_mask[0]=11111111011111110111111111111111, sa_flags=SA_RESTART|SA_SIGINFO
SIGQUIT: [libjvm.dylib+0x47efa9], sa_mask[0]=11111111011111110111111111111111, sa_flags=SA_RESTART|SA_SIGINFO


---------------  S Y S T E M  ---------------

OS:Bsduname:Darwin 14.5.0 Darwin Kernel Version 14.5.0: Wed Jul 29 02:26:53 PDT 2015; root:xnu-2782.40.9~1/RELEASE_X86_64 x86_64
rlimit: STACK 8192k, CORE 0k, NPROC 709, NOFILE 10240, AS infinity
load average:1.38 1.51 1.44

CPU:total 8 (4 cores per cpu, 2 threads per core) family 6 model 70 stepping 1, cmov, cx8, fxsr, mmx, sse, sse2, sse3, ssse3, sse4.1, sse4.2, popcnt, avx, avx2, aes, clmul, erms, lzcnt, ht, tsc, tscinvbit, bmi1, bmi2

Memory: 4k page, physical 16777216k(1266088k free)

/proc/meminfo:


vm_info: Java HotSpot(TM) 64-Bit Server VM (25.73-b02) for bsd-amd64 JRE (1.8.0_73-b02), built on Jan 29 2016 15:02:00 by "java_re" with gcc 4.2.1 (Based on Apple Inc. build 5658) (LLVM build 2336.11.00)

time: Mon Mar 21 08:24:41 2016
elapsed time: 87 seconds (0d 0h 1m 27s)

