#
# A fatal error has been detected by the Java Runtime Environment:
#
#  SIGSEGV (0xb) at pc=0x00007fff963a50dd, pid=4261, tid=1811
#
# JRE version: Java(TM) SE Runtime Environment (8.0_73-b02) (build 1.8.0_73-b02)
# Java VM: Java HotSpot(TM) 64-Bit Server VM (25.73-b02 mixed mode bsd-amd64 compressed oops)
# Problematic frame:
# C  [libobjc.A.dylib+0x10dd]  objc_msgSend+0x1d
#
# Failed to write core dump. Core dumps have been disabled. To enable core dumping, try "ulimit -c unlimited" before starting Java again
#
# If you would like to submit a bug report, please visit:
#   http://bugreport.java.com/bugreport/crash.jsp
# The crash happened outside the Java Virtual Machine in native code.
# See problematic frame for where to report the bug.
#

---------------  T H R E A D  ---------------

Current thread (0x00007fc52b05f000):  JavaThread "AWT-AppKit" daemon [_thread_in_native, id=1811, stack(0x00007fff5dcc3000,0x00007fff5e4c3000)]

siginfo: si_signo: 11 (SIGSEGV), si_code: 1 (SEGV_MAPERR), si_addr: 0x0000000000000018

Registers:
RAX=0x00007fc52eec60d0, RBX=0x0000000173a1f450, RCX=0x000000012821fb60, RDX=0x0000000126fc0420
RSP=0x00007fff5e4be498, RBP=0x00007fff5e4be550, RSI=0x00007fff915aa40f, RDI=0x00007fc52e988680
R8 =0x0000000000000000, R9 =0x0000000000000f50, R10=0x00007fff915aa40f, R11=0x0000000000000000
R12=0x0000000000000000, R13=0x00000001782bd6f0, R14=0x0000000173a1f440, R15=0x00007fc52b05f000
RIP=0x00007fff963a50dd, EFLAGS=0x0000000000010246, ERR=0x0000000000000004
  TRAPNO=0x000000000000000e

Top of Stack: (sp=0x00007fff5e4be498)
0x00007fff5e4be498:   0000000173a1d157 00007fff5e4be4f0
0x00007fff5e4be4a8:   0000000000000003 00007fff5e4be4d0
0x00007fff5e4be4b8:   0000000102bf1646 00000001782bd6f0
0x00007fff5e4be4c8:   00000001782bd6f0 00007fc52eec60d0
0x00007fff5e4be4d8:   0000000173a1f6a0 0000000173a1f710
0x00007fff5e4be4e8:   00007fff7d026550 00007fff7c012c80
0x00007fff5e4be4f8:   0000000173a1f450 0000000173a1f690
0x00007fff5e4be508:   00007fc52eec60d0 00007fc52e988680
0x00007fff5e4be518:   00007fc52a137920 00007fc52eec60d0
0x00007fff5e4be528:   00007fc52e988680 00007fff5e4be5d8
0x00007fff5e4be538:   00007fc52b05f1f8 00000001782bd6f0
0x00007fff5e4be548:   00007fff5e4be600 00007fff5e4be5c8
0x00007fff5e4be558:   00000001039a2954 00000001782bd6f0
0x00007fff5e4be568:   00007fff5e4be600 00007fff5e4be5c8
0x00007fff5e4be578:   00000001039a26e7 00000001039a26a2
0x00007fff5e4be588:   00007fff5e4be588 00000001782bd6f0
0x00007fff5e4be598:   00007fff5e4be600 00000001782c0328
0x00007fff5e4be5a8:   0000000000000000 00000001782bd6f0
0x00007fff5e4be5b8:   0000000000000000 00007fff5e4be5e8
0x00007fff5e4be5c8:   00007fff5e4be648 0000000103994c4d
0x00007fff5e4be5d8:   00000006c02b0498 000000010399c578
0x00007fff5e4be5e8:   00007fc52eec60d0 00007fff5e4be648
0x00007fff5e4be5f8:   00007fc52e988680 000000010399dd82
0x00007fff5e4be608:   00007fff5e4be608 00000001782bd8ba
0x00007fff5e4be618:   00007fff5e4be670 00000001782c0328
0x00007fff5e4be628:   0000000000000000 00000001782bd8c8
0x00007fff5e4be638:   00007fff5e4be5e8 00007fff5e4be658
0x00007fff5e4be648:   00007fff5e4be6b8 0000000103994c4d
0x00007fff5e4be658:   00007fc52eec60d0 00000006c039a4b0
0x00007fff5e4be668:   00007fc52e988680 00000006c039a4b0
0x00007fff5e4be678:   00007fff5e4be678 000000017c3ffab6
0x00007fff5e4be688:   00007fff5e4be6c8 000000017c3ffb70 

Instructions: (pc=0x00007fff963a50dd)
0x00007fff963a50bd:   00 00 00 48 85 ff 2e 74 7a 40 f6 c7 01 2e 75 7e
0x00007fff963a50cd:   49 bb f8 ff ff ff ff 7f 00 00 4c 23 1f 49 89 f2
0x00007fff963a50dd:   45 23 53 18 49 c1 e2 04 4d 03 53 10 49 3b 32 75
0x00007fff963a50ed:   04 41 ff 62 08 49 83 3a 00 74 6a 4d 3b 53 10 74 

Register to memory mapping:

RAX=0x00007fc52eec60d0 is an unknown value
RBX=0x0000000173a1f450: Java_jogamp_nativewindow_macosx_OSXUtil_GetScreenRefreshRate0+0x1cf0 in /private/var/folders/88/rn0nzmd518s0659qz29bsj6m0000gn/T/jogamp_0000/file_cache/jln2155271528640955630/jln4237769779066326598/libnativewindow_macosx.jnilib at 0x0000000173a18000
RCX=0x000000012821fb60 is an unknown value
RDX=0x0000000126fc0420 is an unknown value
RSP=0x00007fff5e4be498 is pointing into the stack for thread: 0x00007fc52b05f000
RBP=0x00007fff5e4be550 is pointing into the stack for thread: 0x00007fc52b05f000
RSI=0x00007fff915aa40f is an unknown value
RDI=0x00007fc52e988680 is an unknown value
R8 =0x0000000000000000 is an unknown value
R9 =0x0000000000000f50 is an unknown value
R10=0x00007fff915aa40f is an unknown value
R11=0x0000000000000000 is an unknown value
R12=0x0000000000000000 is an unknown value
R13={method} {0x00000001782bd6f0} 'UnsetJAWTRootSurfaceLayer0' '(JJ)V' in 'jogamp/nativewindow/jawt/macosx/MacOSXJAWTWindow'
R14=0x0000000173a1f440: Java_jogamp_nativewindow_macosx_OSXUtil_GetScreenRefreshRate0+0x1ce0 in /private/var/folders/88/rn0nzmd518s0659qz29bsj6m0000gn/T/jogamp_0000/file_cache/jln2155271528640955630/jln4237769779066326598/libnativewindow_macosx.jnilib at 0x0000000173a18000
R15=0x00007fc52b05f000 is a thread


Stack: [0x00007fff5dcc3000,0x00007fff5e4c3000],  sp=0x00007fff5e4be498,  free space=8173k
Native frames: (J=compiled Java code, j=interpreted, Vv=VM code, C=native code)
C  [libobjc.A.dylib+0x10dd]  objc_msgSend+0x1d
j  jogamp.nativewindow.jawt.macosx.MacOSXJAWTWindow.UnsetJAWTRootSurfaceLayer0(JJ)V+0
j  jogamp.nativewindow.jawt.macosx.MacOSXJAWTWindow.access$200(JJ)V+2
j  jogamp.nativewindow.jawt.macosx.MacOSXJAWTWindow$1.run()V+38
J 2616 C1 com.jogamp.common.util.RunnableTask.run()V (345 bytes) @ 0x0000000103b81294 [0x0000000103b81100+0x194]
v  ~StubRoutines::call_stub
V  [libjvm.dylib+0x2eae7a]
V  [libjvm.dylib+0x321f83]
V  [libjvm.dylib+0x314757]
C  [libnativewindow_macosx.jnilib+0x5326]  Java_jogamp_nativewindow_jawt_macosx_MacOSXJAWTWindow_UnsetJAWTRootSurfaceLayer0+0x2b6
C  [Foundation+0x92dd0]  __NSThreadPerformPerform+0x125
C  [CoreFoundation+0x80a01]  __CFRUNLOOP_IS_CALLING_OUT_TO_A_SOURCE0_PERFORM_FUNCTION__+0x11
C  [CoreFoundation+0x72c5c]  __CFRunLoopDoSources0+0x1dc
C  [CoreFoundation+0x721bf]  __CFRunLoopRun+0x39f
C  [CoreFoundation+0x71bd8]  CFRunLoopRunSpecific+0x128
C  [HIToolbox+0x3256f]  RunCurrentEventLoopInMode+0xeb
C  [HIToolbox+0x321ee]  ReceiveNextEventCommon+0xb3
C  [HIToolbox+0x3212b]  _BlockUntilNextEventMatchingListInModeWithFilter+0x47
C  [AppKit+0x918ab]  _DPSNextEvent+0x3d2
C  [AppKit+0x90e58]  -[NSApplication nextEventMatchingMask:untilDate:inMode:dequeue:]+0x15a
C  [libosxapp.dylib+0x23aa]  -[NSApplicationAWT nextEventMatchingMask:untilDate:inMode:dequeue:]+0x7c
C  [AppKit+0x86af3]  -[NSApplication run]+0x252
C  [libosxapp.dylib+0x214d]  +[NSApplicationAWT runAWTLoopWithApp:]+0x9c
C  [libawt_lwawt.dylib+0x4455b]  -[AWTStarter starter:]+0x389
C  [Foundation+0x92dd0]  __NSThreadPerformPerform+0x125
C  [CoreFoundation+0x80a01]  __CFRUNLOOP_IS_CALLING_OUT_TO_A_SOURCE0_PERFORM_FUNCTION__+0x11
C  [CoreFoundation+0x72b8d]  __CFRunLoopDoSources0+0x10d
C  [CoreFoundation+0x721bf]  __CFRunLoopRun+0x39f
C  [CoreFoundation+0x71bd8]  CFRunLoopRunSpecific+0x128
C  [java+0x6463]  CreateExecutionEnvironment+0x367
C  [java+0x21ac]  JLI_Launch+0x7a0
C  [java+0x84c0]  main+0x65
C  [java+0x1a04]  start+0x34
C  0x0000000000000007

Java frames: (J=compiled Java code, j=interpreted, Vv=VM code)
j  jogamp.nativewindow.jawt.macosx.MacOSXJAWTWindow.UnsetJAWTRootSurfaceLayer0(JJ)V+0
j  jogamp.nativewindow.jawt.macosx.MacOSXJAWTWindow.access$200(JJ)V+2
j  jogamp.nativewindow.jawt.macosx.MacOSXJAWTWindow$1.run()V+38
J 2616 C1 com.jogamp.common.util.RunnableTask.run()V (345 bytes) @ 0x0000000103b81294 [0x0000000103b81100+0x194]
v  ~StubRoutines::call_stub

---------------  P R O C E S S  ---------------

Java Threads: ( => current thread )
  0x00007fc5310ce800 JavaThread "Thread-35" [_thread_blocked, id=37211, stack(0x000000012187f000,0x000000012197f000)]
  0x00007fc528b61000 JavaThread "Keep-Alive-Timer" daemon [_thread_blocked, id=63527, stack(0x000000017a634000,0x000000017a734000)]
  0x00007fc528a5f800 JavaThread "AWT-EventQueue-1" [_thread_in_native, id=60455, stack(0x0000000174427000,0x0000000174527000)]
  0x00007fc529a36800 JavaThread "DestroyJavaVM" [_thread_blocked, id=4867, stack(0x0000000101854000,0x0000000101954000)]
  0x00007fc529248800 JavaThread "AWT-EventQueue-0" [_thread_blocked, id=58115, stack(0x000000012807c000,0x000000012817c000)]
  0x00007fc52b089000 JavaThread "Java2D Disposer" daemon [_thread_blocked, id=55063, stack(0x0000000126d51000,0x0000000126e51000)]
  0x00007fc528944800 JavaThread "Java2D Queue Flusher" daemon [_thread_blocked, id=53511, stack(0x0000000125cff000,0x0000000125dff000)]
  0x00007fc5288e7000 JavaThread "AWT-Shutdown" [_thread_blocked, id=31251, stack(0x0000000122d78000,0x0000000122e78000)]
=>0x00007fc52b05f000 JavaThread "AWT-AppKit" daemon [_thread_in_native, id=1811, stack(0x00007fff5dcc3000,0x00007fff5e4c3000)]
  0x00007fc52901d800 JavaThread "Service Thread" daemon [_thread_blocked, id=20739, stack(0x000000012133e000,0x000000012143e000)]
  0x00007fc528815000 JavaThread "C1 CompilerThread3" daemon [_thread_blocked, id=20227, stack(0x000000012123b000,0x000000012133b000)]
  0x00007fc528807000 JavaThread "C2 CompilerThread2" daemon [_thread_blocked, id=19715, stack(0x0000000121138000,0x0000000121238000)]
  0x00007fc52b010000 JavaThread "C2 CompilerThread1" daemon [_thread_blocked, id=19203, stack(0x0000000121035000,0x0000000121135000)]
  0x00007fc529012000 JavaThread "C2 CompilerThread0" daemon [_thread_blocked, id=18691, stack(0x0000000120f32000,0x0000000121032000)]
  0x00007fc52900b800 JavaThread "Signal Dispatcher" daemon [_thread_blocked, id=15383, stack(0x0000000120e2f000,0x0000000120f2f000)]
  0x00007fc528811800 JavaThread "Finalizer" daemon [_thread_blocked, id=13571, stack(0x000000011f411000,0x000000011f511000)]
  0x00007fc52a802000 JavaThread "Reference Handler" daemon [_thread_blocked, id=13059, stack(0x000000011f30e000,0x000000011f40e000)]

Other Threads:
  0x00007fc529856000 VMThread [stack: 0x000000011f20b000,0x000000011f30b000] [id=12547]
  0x00007fc52900f800 WatcherThread [stack: 0x0000000121441000,0x0000000121541000] [id=21251]

VM state:not at safepoint (normal execution)

VM Mutex/Monitor currently owned by a thread: None

Heap:
 PSYoungGen      total 544256K, used 533658K [0x000000076ab00000, 0x0000000795600000, 0x00000007c0000000)
  eden space 525824K, 99% used [0x000000076ab00000,0x000000078aa21e40,0x000000078ac80000)
  from space 18432K, 55% used [0x000000078ac80000,0x000000078b684cc0,0x000000078be80000)
  to   space 17920K, 0% used [0x0000000794480000,0x0000000794480000,0x0000000795600000)
 ParOldGen       total 134656K, used 28298K [0x00000006c0000000, 0x00000006c8380000, 0x000000076ab00000)
  object space 134656K, 21% used [0x00000006c0000000,0x00000006c1ba2970,0x00000006c8380000)
 Metaspace       used 23900K, capacity 24161K, committed 24320K, reserved 1071104K
  class space    used 2342K, capacity 2449K, committed 2560K, reserved 1048576K

Card table byte_map: [0x0000000112d4d000,0x000000011354e000] byte_map_base: 0x000000010f74d000

Marking Bits: (ParMarkBitMap*) 0x00000001032e3ea0
 Begin Bits: [0x00000001142bc000, 0x00000001182bc000)
 End Bits:   [0x00000001182bc000, 0x000000011c2bc000)

Polling page: 0x0000000101999000

CodeCache: size=245760Kb used=9330Kb max_used=9339Kb free=236429Kb
 bounds [0x000000010398d000, 0x00000001042bd000, 0x000000011298d000]
 total_blobs=3724 nmethods=2805 adapters=832
 compilation: enabled

Compilation events (10 events):
Event: 11.185 Thread 0x00007fc528815000 3163       1       java.awt.Component::getTreeLock (4 bytes)
Event: 11.186 Thread 0x00007fc528815000 nmethod 3163 0x00000001042848d0 code [0x0000000104284a20, 0x0000000104284b30]
Event: 11.191 Thread 0x00007fc528807000 3164  s    4       sun.font.FontManagerFactory::getInstance (25 bytes)
Event: 11.191 Thread 0x00007fc52b010000 3165       4       java.lang.ref.SoftReference::get (29 bytes)
Event: 11.192 Thread 0x00007fc52b010000 nmethod 3165 0x0000000103fd8f10 code [0x0000000103fd9060, 0x0000000103fd90f8]
Event: 11.193 Thread 0x00007fc528807000 nmethod 3164 0x00000001042b64d0 code [0x00000001042b6620, 0x00000001042b6878]
Event: 11.231 Thread 0x00007fc528815000 3166       3       sun.java2d.pipe.RenderBuffer::putFloat (26 bytes)
Event: 11.231 Thread 0x00007fc528815000 nmethod 3166 0x00000001042b8a90 code [0x00000001042b8c00, 0x00000001042b8d90]
Event: 11.231 Thread 0x00007fc528815000 3168       3       java.awt.Component::isEnabled (5 bytes)
Event: 11.231 Thread 0x00007fc528815000 nmethod 3168 0x00000001042b86d0 code [0x00000001042b8840, 0x00000001042b8a30]

GC Heap History (10 events):
Event: 6.439 GC heap before
{Heap before GC invocations=11 (full 2):
 PSYoungGen      total 324608K, used 321085K [0x000000076ab00000, 0x0000000780c00000, 0x00000007c0000000)
  eden space 305664K, 99% used [0x000000076ab00000,0x000000077d419580,0x000000077d580000)
  from space 18944K, 88% used [0x000000077e900000,0x000000077f9760f0,0x000000077fb80000)
  to   space 19968K, 0% used [0x000000077d580000,0x000000077d580000,0x000000077e900000)
 ParOldGen       total 134656K, used 21453K [0x00000006c0000000, 0x00000006c8380000, 0x000000076ab00000)
  object space 134656K, 15% used [0x00000006c0000000,0x00000006c14f3540,0x00000006c8380000)
 Metaspace       used 23595K, capacity 23841K, committed 24064K, reserved 1071104K
  class space    used 2334K, capacity 2449K, committed 2560K, reserved 1048576K
Event: 6.446 GC heap after
Heap after GC invocations=11 (full 2):
 PSYoungGen      total 325632K, used 12083K [0x000000076ab00000, 0x0000000786500000, 0x00000007c0000000)
  eden space 305664K, 0% used [0x000000076ab00000,0x000000076ab00000,0x000000077d580000)
  from space 19968K, 60% used [0x000000077d580000,0x000000077e14cd30,0x000000077e900000)
  to   space 19456K, 0% used [0x0000000785200000,0x0000000785200000,0x0000000786500000)
 ParOldGen       total 134656K, used 26306K [0x00000006c0000000, 0x00000006c8380000, 0x000000076ab00000)
  object space 134656K, 19% used [0x00000006c0000000,0x00000006c19b0900,0x00000006c8380000)
 Metaspace       used 23595K, capacity 23841K, committed 24064K, reserved 1071104K
  class space    used 2334K, capacity 2449K, committed 2560K, reserved 1048576K
}
Event: 7.121 GC heap before
{Heap before GC invocations=12 (full 2):
 PSYoungGen      total 325632K, used 316313K [0x000000076ab00000, 0x0000000786500000, 0x00000007c0000000)
  eden space 305664K, 99% used [0x000000076ab00000,0x000000077d419970,0x000000077d580000)
  from space 19968K, 60% used [0x000000077d580000,0x000000077e14cd30,0x000000077e900000)
  to   space 19456K, 0% used [0x0000000785200000,0x0000000785200000,0x0000000786500000)
 ParOldGen       total 134656K, used 26306K [0x00000006c0000000, 0x00000006c8380000, 0x000000076ab00000)
  object space 134656K, 19% used [0x00000006c0000000,0x00000006c19b0900,0x00000006c8380000)
 Metaspace       used 23631K, capacity 23905K, committed 24064K, reserved 1071104K
  class space    used 2334K, capacity 2449K, committed 2560K, reserved 1048576K
Event: 7.127 GC heap after
Heap after GC invocations=12 (full 2):
 PSYoungGen      total 420864K, used 10227K [0x000000076ab00000, 0x0000000785e80000, 0x00000007c0000000)
  eden space 408064K, 0% used [0x000000076ab00000,0x000000076ab00000,0x0000000783980000)
  from space 12800K, 79% used [0x0000000785200000,0x0000000785bfccc0,0x0000000785e80000)
  to   space 18944K, 0% used [0x0000000783980000,0x0000000783980000,0x0000000784c00000)
 ParOldGen       total 134656K, used 28154K [0x00000006c0000000, 0x00000006c8380000, 0x000000076ab00000)
  object space 134656K, 20% used [0x00000006c0000000,0x00000006c1b7e970,0x00000006c8380000)
 Metaspace       used 23631K, capacity 23905K, committed 24064K, reserved 1071104K
  class space    used 2334K, capacity 2449K, committed 2560K, reserved 1048576K
}
Event: 8.036 GC heap before
{Heap before GC invocations=13 (full 2):
 PSYoungGen      total 420864K, used 418084K [0x000000076ab00000, 0x0000000785e80000, 0x00000007c0000000)
  eden space 408064K, 99% used [0x000000076ab00000,0x000000078394c688,0x0000000783980000)
  from space 12800K, 79% used [0x0000000785200000,0x0000000785bfccc0,0x0000000785e80000)
  to   space 18944K, 0% used [0x0000000783980000,0x0000000783980000,0x0000000784c00000)
 ParOldGen       total 134656K, used 28154K [0x00000006c0000000, 0x00000006c8380000, 0x000000076ab00000)
  object space 134656K, 20% used [0x00000006c0000000,0x00000006c1b7e970,0x00000006c8380000)
 Metaspace       used 23691K, capacity 23969K, committed 24320K, reserved 1071104K
  class space    used 2334K, capacity 2449K, committed 2560K, reserved 1048576K
Event: 8.041 GC heap after
Heap after GC invocations=13 (full 2):
 PSYoungGen      total 427008K, used 10291K [0x000000076ab00000, 0x000000078d900000, 0x00000007c0000000)
  eden space 408064K, 0% used [0x000000076ab00000,0x000000076ab00000,0x0000000783980000)
  from space 18944K, 54% used [0x0000000783980000,0x000000078438ccc0,0x0000000784c00000)
  to   space 18944K, 0% used [0x000000078c680000,0x000000078c680000,0x000000078d900000)
 ParOldGen       total 134656K, used 28218K [0x00000006c0000000, 0x00000006c8380000, 0x000000076ab00000)
  object space 134656K, 20% used [0x00000006c0000000,0x00000006c1b8e970,0x00000006c8380000)
 Metaspace       used 23691K, capacity 23969K, committed 24320K, reserved 1071104K
  class space    used 2334K, capacity 2449K, committed 2560K, reserved 1048576K
}
Event: 8.922 GC heap before
{Heap before GC invocations=14 (full 2):
 PSYoungGen      total 427008K, used 416017K [0x000000076ab00000, 0x000000078d900000, 0x00000007c0000000)
  eden space 408064K, 99% used [0x000000076ab00000,0x00000007837377f0,0x0000000783980000)
  from space 18944K, 54% used [0x0000000783980000,0x000000078438ccc0,0x0000000784c00000)
  to   space 18944K, 0% used [0x000000078c680000,0x000000078c680000,0x000000078d900000)
 ParOldGen       total 134656K, used 28218K [0x00000006c0000000, 0x00000006c8380000, 0x000000076ab00000)
  object space 134656K, 20% used [0x00000006c0000000,0x00000006c1b8e970,0x00000006c8380000)
 Metaspace       used 23789K, capacity 24097K, committed 24320K, reserved 1071104K
  class space    used 2334K, capacity 2449K, committed 2560K, reserved 1048576K
Event: 8.928 GC heap after
Heap after GC invocations=14 (full 2):
 PSYoungGen      total 536064K, used 10227K [0x000000076ab00000, 0x000000078d080000, 0x00000007c0000000)
  eden space 525824K, 0% used [0x000000076ab00000,0x000000076ab00000,0x000000078ac80000)
  from space 10240K, 99% used [0x000000078c680000,0x000000078d07ccc0,0x000000078d080000)
  to   space 18432K, 0% used [0x000000078ac80000,0x000000078ac80000,0x000000078be80000)
 ParOldGen       total 134656K, used 28258K [0x00000006c0000000, 0x00000006c8380000, 0x000000076ab00000)
  object space 134656K, 20% used [0x00000006c0000000,0x00000006c1b98970,0x00000006c8380000)
 Metaspace       used 23789K, capacity 24097K, committed 24320K, reserved 1071104K
  class space    used 2334K, capacity 2449K, committed 2560K, reserved 1048576K
}
Event: 10.087 GC heap before
{Heap before GC invocations=15 (full 2):
 PSYoungGen      total 536064K, used 535648K [0x000000076ab00000, 0x000000078d080000, 0x00000007c0000000)
  eden space 525824K, 99% used [0x000000076ab00000,0x000000078ac1b650,0x000000078ac80000)
  from space 10240K, 99% used [0x000000078c680000,0x000000078d07ccc0,0x000000078d080000)
  to   space 18432K, 0% used [0x000000078ac80000,0x000000078ac80000,0x000000078be80000)
 ParOldGen       total 134656K, used 28258K [0x00000006c0000000, 0x00000006c8380000, 0x000000076ab00000)
  object space 134656K, 20% used [0x00000006c0000000,0x00000006c1b98970,0x00000006c8380000)
 Metaspace       used 23791K, capacity 24097K, committed 24320K, reserved 1071104K
  class space    used 2334K, capacity 2449K, committed 2560K, reserved 1048576K
Event: 10.092 GC heap after
Heap after GC invocations=15 (full 2):
 PSYoungGen      total 544256K, used 10259K [0x000000076ab00000, 0x0000000795600000, 0x00000007c0000000)
  eden space 525824K, 0% used [0x000000076ab00000,0x000000076ab00000,0x000000078ac80000)
  from space 18432K, 55% used [0x000000078ac80000,0x000000078b684cc0,0x000000078be80000)
  to   space 17920K, 0% used [0x0000000794480000,0x0000000794480000,0x0000000795600000)
 ParOldGen       total 134656K, used 28298K [0x00000006c0000000, 0x00000006c8380000, 0x000000076ab00000)
  object space 134656K, 21% used [0x00000006c0000000,0x00000006c1ba2970,0x00000006c8380000)
 Metaspace       used 23791K, capacity 24097K, committed 24320K, reserved 1071104K
  class space    used 2334K, capacity 2449K, committed 2560K, reserved 1048576K
}

Deoptimization events (10 events):
Event: 4.020 Thread 0x00007fc529b64800 Uncommon trap: reason=class_check action=maybe_recompile pc=0x0000000103ffc8fc method=processing.core.PImage.<init>(Ljava/awt/Image;)V @ 15
Event: 4.029 Thread 0x00007fc529b63000 Uncommon trap: reason=class_check action=maybe_recompile pc=0x0000000103ffc8fc method=processing.core.PImage.<init>(Ljava/awt/Image;)V @ 15
Event: 4.044 Thread 0x00007fc529b63800 Uncommon trap: reason=class_check action=maybe_recompile pc=0x0000000103ffc8fc method=processing.core.PImage.<init>(Ljava/awt/Image;)V @ 15
Event: 4.075 Thread 0x00007fc529b62000 Uncommon trap: reason=class_check action=maybe_recompile pc=0x0000000103ffc8fc method=processing.core.PImage.<init>(Ljava/awt/Image;)V @ 15
Event: 11.189 Thread 0x00007fc529248800 Uncommon trap: reason=unstable_if action=reinterpret pc=0x0000000103b799b0 method=java.awt.font.FontRenderContext.equals(Ljava/awt/font/FontRenderContext;)Z @ 2
Event: 11.216 Thread 0x00007fc5298eb000 Uncommon trap: reason=class_check action=maybe_recompile pc=0x0000000103de36e8 method=java.util.HashMap.putVal(ILjava/lang/Object;Ljava/lang/Object;ZZ)Ljava/lang/Object; @ 91
Event: 11.216 Thread 0x00007fc5298eb000 Uncommon trap: reason=class_check action=maybe_recompile pc=0x0000000103de36e8 method=java.util.HashMap.putVal(ILjava/lang/Object;Ljava/lang/Object;ZZ)Ljava/lang/Object; @ 91
Event: 11.216 Thread 0x00007fc5298eb000 Uncommon trap: reason=class_check action=maybe_recompile pc=0x0000000103de36e8 method=java.util.HashMap.putVal(ILjava/lang/Object;Ljava/lang/Object;ZZ)Ljava/lang/Object; @ 91
Event: 11.217 Thread 0x00007fc5298eb000 Uncommon trap: reason=class_check action=maybe_recompile pc=0x0000000103de36e8 method=java.util.HashMap.putVal(ILjava/lang/Object;Ljava/lang/Object;ZZ)Ljava/lang/Object; @ 91
Event: 11.217 Thread 0x00007fc5298eb000 Uncommon trap: reason=class_check action=maybe_recompile pc=0x0000000103da5c84 method=java.util.HashMap.putVal(ILjava/lang/Object;Ljava/lang/Object;ZZ)Ljava/lang/Object; @ 91

Internal exceptions (10 events):
Event: 0.113 Thread 0x00007fc528808000 Exception <a 'java/lang/NoSuchFieldError': method resolution failed> (0x000000076aeeee48) thrown at [/HUDSON3/workspace/8-2-build-macosx-x86_64/jdk8u73/6086/hotspot/src/share/vm/prims/methodHandles.cpp, line 1146]
Event: 0.114 Thread 0x00007fc528808000 Exception <a 'java/lang/NoSuchFieldError': method resolution failed> (0x000000076aefc618) thrown at [/HUDSON3/workspace/8-2-build-macosx-x86_64/jdk8u73/6086/hotspot/src/share/vm/prims/methodHandles.cpp, line 1146]
Event: 0.233 Thread 0x00007fc528808000 Exception <a 'java/io/FileNotFoundException'> (0x000000076af78308) thrown at [/HUDSON3/workspace/8-2-build-macosx-x86_64/jdk8u73/6086/hotspot/src/share/vm/prims/jni.cpp, line 709]
Event: 0.233 Thread 0x00007fc528808000 Exception <a 'java/io/FileNotFoundException'> (0x000000076af78e30) thrown at [/HUDSON3/workspace/8-2-build-macosx-x86_64/jdk8u73/6086/hotspot/src/share/vm/prims/jni.cpp, line 709]
Event: 0.324 Thread 0x00007fc528808000 Exception <a 'java/io/FileNotFoundException'> (0x000000076b00e860) thrown at [/HUDSON3/workspace/8-2-build-macosx-x86_64/jdk8u73/6086/hotspot/src/share/vm/prims/jni.cpp, line 709]
Event: 1.336 Thread 0x00007fc5292d2800 Exception <a 'java/lang/UnsatisfiedLinkError': com.jogamp.common.util.JarUtil.fixNativeLibAttribs(Ljava/lang/String;)Z> (0x000000076c771970) thrown at [/HUDSON3/workspace/8-2-build-macosx-x86_64/jdk8u73/6086/hotspot/src/share/vm/prims/nativeLookup.cpp, li
Event: 3.162 Thread 0x00007fc528811800 Exception <a 'java/lang/NullPointerException'> (0x000000076b0439f0) thrown at [/HUDSON3/workspace/8-2-build-macosx-x86_64/jdk8u73/6086/hotspot/src/share/vm/interpreter/linkResolver.cpp, line 1178]
Event: 3.194 Thread 0x00007fc528a5f800 Exception <a 'java/io/FileNotFoundException'> (0x000000076b0f4b30) thrown at [/HUDSON3/workspace/8-2-build-macosx-x86_64/jdk8u73/6086/hotspot/src/share/vm/prims/jni.cpp, line 709]
Event: 3.194 Thread 0x00007fc528a5f800 Exception <a 'java/io/FileNotFoundException'> (0x000000076b0fb1f8) thrown at [/HUDSON3/workspace/8-2-build-macosx-x86_64/jdk8u73/6086/hotspot/src/share/vm/prims/jni.cpp, line 709]
Event: 3.194 Thread 0x00007fc528a5f800 Implicit null exception at 0x0000000103b33035 to 0x0000000103b33399

Events (10 events):
Event: 11.229 loading class jogamp/nativewindow/jawt/macosx/MacOSXJAWTWindow$1 done
Event: 11.230 loading class java/awt/LightweightDispatcher$2
Event: 11.230 loading class java/awt/LightweightDispatcher$2 done
Event: 11.230 loading class java/awt/event/AWTEventListenerProxy
Event: 11.230 loading class java/awt/event/AWTEventListenerProxy done
Event: 11.230 loading class java/awt/Toolkit$ToolkitEventMulticaster
Event: 11.231 loading class java/awt/Toolkit$ToolkitEventMulticaster done
Event: 11.231 Thread 0x00007fc5298eb000 Thread exited: 0x00007fc5298eb000
Event: 11.231 loading class java/awt/Window$1DisposeAction
Event: 11.231 loading class java/awt/Window$1DisposeAction done


Dynamic libraries:
0x000000000b3c4000 	/System/Library/Frameworks/Cocoa.framework/Versions/A/Cocoa
0x000000000b3c4000 	/System/Library/Frameworks/Security.framework/Versions/A/Security
0x000000000b3c4000 	/System/Library/Frameworks/ApplicationServices.framework/Versions/A/ApplicationServices
0x000000000b3c4000 	/usr/lib/libz.1.dylib
0x000000000b3c4000 	/usr/lib/libSystem.B.dylib
0x000000000b3c4000 	/usr/lib/libobjc.A.dylib
0x000000000b3c4000 	/System/Library/Frameworks/CoreFoundation.framework/Versions/A/CoreFoundation
0x000000000b3c4000 	/System/Library/Frameworks/Foundation.framework/Versions/C/Foundation
0x000000000b3c4000 	/System/Library/Frameworks/AppKit.framework/Versions/C/AppKit
0x000000000b3c4000 	/System/Library/Frameworks/CoreData.framework/Versions/A/CoreData
0x000000000b3c4000 	/System/Library/PrivateFrameworks/RemoteViewServices.framework/Versions/A/RemoteViewServices
0x000000000b3c4000 	/System/Library/PrivateFrameworks/UIFoundation.framework/Versions/A/UIFoundation
0x000000000b3c4000 	/System/Library/Frameworks/IOSurface.framework/Versions/A/IOSurface
0x000000000b3c4000 	/System/Library/Frameworks/AudioToolbox.framework/Versions/A/AudioToolbox
0x000000000b3c4000 	/System/Library/Frameworks/AudioUnit.framework/Versions/A/AudioUnit
0x000000000b3c4000 	/System/Library/PrivateFrameworks/DataDetectorsCore.framework/Versions/A/DataDetectorsCore
0x000000000b3c4000 	/System/Library/PrivateFrameworks/DesktopServicesPriv.framework/Versions/A/DesktopServicesPriv
0x000000000b3c4000 	/System/Library/Frameworks/Carbon.framework/Versions/A/Frameworks/HIToolbox.framework/Versions/A/HIToolbox
0x000000000b3c4000 	/System/Library/Frameworks/QuartzCore.framework/Versions/A/QuartzCore
0x000000000b3c4000 	/System/Library/Frameworks/Carbon.framework/Versions/A/Frameworks/SpeechRecognition.framework/Versions/A/SpeechRecognition
0x000000000b3c4000 	/usr/lib/libauto.dylib
0x000000000b3c4000 	/usr/lib/libicucore.A.dylib
0x000000000b3c4000 	/usr/lib/libxml2.2.dylib
0x000000000b3c4000 	/System/Library/PrivateFrameworks/CoreUI.framework/Versions/A/CoreUI
0x000000000b3c4000 	/System/Library/Frameworks/CoreAudio.framework/Versions/A/CoreAudio
0x000000000b3c4000 	/System/Library/Frameworks/DiskArbitration.framework/Versions/A/DiskArbitration
0x000000000b3c4000 	/usr/lib/liblangid.dylib
0x000000000b3c4000 	/System/Library/PrivateFrameworks/MultitouchSupport.framework/Versions/A/MultitouchSupport
0x000000000b3c4000 	/System/Library/Frameworks/IOKit.framework/Versions/A/IOKit
0x000000000b3c4000 	/usr/lib/libDiagnosticMessagesClient.dylib
0x000000000b3c4000 	/System/Library/Frameworks/CoreServices.framework/Versions/A/CoreServices
0x000000000b3c4000 	/System/Library/PrivateFrameworks/PerformanceAnalysis.framework/Versions/A/PerformanceAnalysis
0x000000000b3c4000 	/System/Library/PrivateFrameworks/GenerationalStorage.framework/Versions/A/GenerationalStorage
0x000000000b3c4000 	/System/Library/Frameworks/OpenGL.framework/Versions/A/OpenGL
0x000000000b3c4000 	/System/Library/PrivateFrameworks/Sharing.framework/Versions/A/Sharing
0x000000000b3c4000 	/System/Library/Frameworks/CoreGraphics.framework/Versions/A/CoreGraphics
0x000000000b3c4000 	/System/Library/Frameworks/CoreText.framework/Versions/A/CoreText
0x000000000b3c4000 	/System/Library/Frameworks/ImageIO.framework/Versions/A/ImageIO
0x000000000b3c4000 	/usr/lib/libextension.dylib
0x000000000b3c4000 	/System/Library/PrivateFrameworks/Backup.framework/Versions/A/Backup
0x000000000b3c4000 	/usr/lib/libarchive.2.dylib
0x000000000b3c4000 	/System/Library/Frameworks/CFNetwork.framework/Versions/A/CFNetwork
0x000000000b3c4000 	/System/Library/Frameworks/SystemConfiguration.framework/Versions/A/SystemConfiguration
0x000000000b3c4000 	/usr/lib/libCRFSuite.dylib
0x000000000b3c4000 	/usr/lib/libc++.1.dylib
0x000000000b3c4000 	/usr/lib/libc++abi.dylib
0x000000000b3c4000 	/usr/lib/system/libcache.dylib
0x000000000b3c4000 	/usr/lib/system/libcommonCrypto.dylib
0x000000000b3c4000 	/usr/lib/system/libcompiler_rt.dylib
0x000000000b3c4000 	/usr/lib/system/libcopyfile.dylib
0x000000000b3c4000 	/usr/lib/system/libcorecrypto.dylib
0x000000000b3c4000 	/usr/lib/system/libdispatch.dylib
0x000000000b3c4000 	/usr/lib/system/libdyld.dylib
0x000000000b3c4000 	/usr/lib/system/libkeymgr.dylib
0x000000000b3c4000 	/usr/lib/system/liblaunch.dylib
0x000000000b3c4000 	/usr/lib/system/libmacho.dylib
0x000000000b3c4000 	/usr/lib/system/libquarantine.dylib
0x000000000b3c4000 	/usr/lib/system/libremovefile.dylib
0x000000000b3c4000 	/usr/lib/system/libsystem_asl.dylib
0x000000000b3c4000 	/usr/lib/system/libsystem_blocks.dylib
0x000000000b3c4000 	/usr/lib/system/libsystem_c.dylib
0x000000000b3c4000 	/usr/lib/system/libsystem_configuration.dylib
0x000000000b3c4000 	/usr/lib/system/libsystem_coreservices.dylib
0x000000000b3c4000 	/usr/lib/system/libsystem_coretls.dylib
0x000000000b3c4000 	/usr/lib/system/libsystem_dnssd.dylib
0x000000000b3c4000 	/usr/lib/system/libsystem_info.dylib
0x000000000b3c4000 	/usr/lib/system/libsystem_kernel.dylib
0x000000000b3c4000 	/usr/lib/system/libsystem_m.dylib
0x000000000b3c4000 	/usr/lib/system/libsystem_malloc.dylib
0x000000000b3c4000 	/usr/lib/system/libsystem_network.dylib
0x000000000b3c4000 	/usr/lib/system/libsystem_networkextension.dylib
0x000000000b3c4000 	/usr/lib/system/libsystem_notify.dylib
0x000000000b3c4000 	/usr/lib/system/libsystem_platform.dylib
0x000000000b3c4000 	/usr/lib/system/libsystem_pthread.dylib
0x000000000b3c4000 	/usr/lib/system/libsystem_sandbox.dylib
0x000000000b3c4000 	/usr/lib/system/libsystem_secinit.dylib
0x000000000b3c4000 	/usr/lib/system/libsystem_stats.dylib
0x000000000b3c4000 	/usr/lib/system/libsystem_trace.dylib
0x000000000b3c4000 	/usr/lib/system/libunc.dylib
0x000000000b3c4000 	/usr/lib/system/libunwind.dylib
0x000000000b3c4000 	/usr/lib/system/libxpc.dylib
0x000000000b3c4000 	/usr/lib/libbz2.1.0.dylib
0x000000000b3c4000 	/usr/lib/liblzma.5.dylib
0x000000000b3c4000 	/usr/lib/libbsm.0.dylib
0x000000000b3c4000 	/usr/lib/libsqlite3.dylib
0x000000000b3c4000 	/usr/lib/system/libkxld.dylib
0x000000000b3c4000 	/usr/lib/libxar.1.dylib
0x000000000b3c4000 	/usr/lib/libpam.2.dylib
0x000000000b3c4000 	/usr/lib/libOpenScriptingUtil.dylib
0x000000000b3c4000 	/System/Library/Frameworks/CoreServices.framework/Versions/A/Frameworks/FSEvents.framework/Versions/A/FSEvents
0x000000000b3c4000 	/System/Library/Frameworks/CoreServices.framework/Versions/A/Frameworks/CarbonCore.framework/Versions/A/CarbonCore
0x000000000b3c4000 	/System/Library/Frameworks/CoreServices.framework/Versions/A/Frameworks/Metadata.framework/Versions/A/Metadata
0x000000000b3c4000 	/System/Library/Frameworks/CoreServices.framework/Versions/A/Frameworks/OSServices.framework/Versions/A/OSServices
0x000000000b3c4000 	/System/Library/Frameworks/CoreServices.framework/Versions/A/Frameworks/SearchKit.framework/Versions/A/SearchKit
0x000000000b3c4000 	/System/Library/Frameworks/CoreServices.framework/Versions/A/Frameworks/AE.framework/Versions/A/AE
0x000000000b3c4000 	/System/Library/Frameworks/CoreServices.framework/Versions/A/Frameworks/LaunchServices.framework/Versions/A/LaunchServices
0x000000000b3c4000 	/System/Library/Frameworks/CoreServices.framework/Versions/A/Frameworks/DictionaryServices.framework/Versions/A/DictionaryServices
0x000000000b3c4000 	/System/Library/Frameworks/NetFS.framework/Versions/A/NetFS
0x000000000b3c4000 	/System/Library/PrivateFrameworks/NetAuth.framework/Versions/A/NetAuth
0x000000000b3c4000 	/System/Library/PrivateFrameworks/login.framework/Versions/A/Frameworks/loginsupport.framework/Versions/A/loginsupport
0x000000000b3c4000 	/System/Library/PrivateFrameworks/TCC.framework/Versions/A/TCC
0x000000000b3c4000 	/usr/lib/libmecabra.dylib
0x000000000b3c4000 	/System/Library/Frameworks/ApplicationServices.framework/Versions/A/Frameworks/ATS.framework/Versions/A/ATS
0x000000000b3c4000 	/System/Library/Frameworks/ApplicationServices.framework/Versions/A/Frameworks/ColorSync.framework/Versions/A/ColorSync
0x000000000b3c4000 	/System/Library/Frameworks/ApplicationServices.framework/Versions/A/Frameworks/HIServices.framework/Versions/A/HIServices
0x000000000b3c4000 	/System/Library/Frameworks/ApplicationServices.framework/Versions/A/Frameworks/LangAnalysis.framework/Versions/A/LangAnalysis
0x000000000b3c4000 	/System/Library/Frameworks/ApplicationServices.framework/Versions/A/Frameworks/PrintCore.framework/Versions/A/PrintCore
0x000000000b3c4000 	/System/Library/Frameworks/ApplicationServices.framework/Versions/A/Frameworks/QD.framework/Versions/A/QD
0x000000000b3c4000 	/System/Library/Frameworks/ApplicationServices.framework/Versions/A/Frameworks/SpeechSynthesis.framework/Versions/A/SpeechSynthesis
0x000000000b3c4000 	/System/Library/Frameworks/Accelerate.framework/Versions/A/Accelerate
0x000000000b3c4000 	/System/Library/Frameworks/Accelerate.framework/Versions/A/Frameworks/vImage.framework/Versions/A/vImage
0x000000000b3c4000 	/System/Library/Frameworks/Accelerate.framework/Versions/A/Frameworks/vecLib.framework/Versions/A/vecLib
0x000000000b3c4000 	/System/Library/Frameworks/Accelerate.framework/Versions/A/Frameworks/vecLib.framework/Versions/A/libvDSP.dylib
0x000000000b3c4000 	/System/Library/Frameworks/Accelerate.framework/Versions/A/Frameworks/vecLib.framework/Versions/A/libvMisc.dylib
0x000000000b3c4000 	/System/Library/Frameworks/Accelerate.framework/Versions/A/Frameworks/vecLib.framework/Versions/A/libLAPACK.dylib
0x000000000b3c4000 	/System/Library/Frameworks/Accelerate.framework/Versions/A/Frameworks/vecLib.framework/Versions/A/libBLAS.dylib
0x000000000b3c4000 	/System/Library/Frameworks/Accelerate.framework/Versions/A/Frameworks/vecLib.framework/Versions/A/libLinearAlgebra.dylib
0x000000000b3c4000 	/System/Library/Frameworks/ApplicationServices.framework/Versions/A/Frameworks/ATS.framework/Versions/A/Resources/libFontParser.dylib
0x000000000b3c4000 	/System/Library/Frameworks/ApplicationServices.framework/Versions/A/Frameworks/ATS.framework/Versions/A/Resources/libFontRegistry.dylib
0x000000000b3c4000 	/System/Library/PrivateFrameworks/AppleVPA.framework/Versions/A/AppleVPA
0x000000000b3c4000 	/System/Library/PrivateFrameworks/AppleJPEG.framework/Versions/A/AppleJPEG
0x000000000b3c4000 	/System/Library/Frameworks/ImageIO.framework/Versions/A/Resources/libJPEG.dylib
0x000000000b3c4000 	/System/Library/Frameworks/ImageIO.framework/Versions/A/Resources/libTIFF.dylib
0x000000000b3c4000 	/System/Library/Frameworks/ImageIO.framework/Versions/A/Resources/libPng.dylib
0x000000000b3c4000 	/System/Library/Frameworks/ImageIO.framework/Versions/A/Resources/libGIF.dylib
0x000000000b3c4000 	/System/Library/Frameworks/ImageIO.framework/Versions/A/Resources/libJP2.dylib
0x000000000b3c4000 	/System/Library/Frameworks/ImageIO.framework/Versions/A/Resources/libRadiance.dylib
0x000000000b3c4000 	/System/Library/Frameworks/CoreVideo.framework/Versions/A/CoreVideo
0x000000000b3c4000 	/System/Library/Frameworks/OpenGL.framework/Versions/A/Libraries/libGLU.dylib
0x000000000b3c4000 	/System/Library/Frameworks/OpenGL.framework/Versions/A/Libraries/libGFXShared.dylib
0x000000000b3c4000 	/System/Library/Frameworks/OpenGL.framework/Versions/A/Libraries/libGL.dylib
0x000000000b3c4000 	/System/Library/Frameworks/OpenGL.framework/Versions/A/Libraries/libGLImage.dylib
0x000000000b3c4000 	/System/Library/Frameworks/OpenGL.framework/Versions/A/Libraries/libCVMSPluginSupport.dylib
0x000000000b3c4000 	/System/Library/Frameworks/OpenGL.framework/Versions/A/Libraries/libCoreVMClient.dylib
0x000000000b3c4000 	/usr/lib/libcups.2.dylib
0x000000000b3c4000 	/System/Library/Frameworks/Kerberos.framework/Versions/A/Kerberos
0x000000000b3c4000 	/System/Library/Frameworks/GSS.framework/Versions/A/GSS
0x000000000b3c4000 	/usr/lib/libresolv.9.dylib
0x000000000b3c4000 	/usr/lib/libiconv.2.dylib
0x000000000b3c4000 	/System/Library/PrivateFrameworks/Heimdal.framework/Versions/A/Heimdal
0x000000000b3c4000 	/usr/lib/libheimdal-asn1.dylib
0x000000000b3c4000 	/System/Library/Frameworks/OpenDirectory.framework/Versions/A/OpenDirectory
0x000000000b3c4000 	/System/Library/PrivateFrameworks/CommonAuth.framework/Versions/A/CommonAuth
0x000000000b3c4000 	/System/Library/Frameworks/OpenDirectory.framework/Versions/A/Frameworks/CFOpenDirectory.framework/Versions/A/CFOpenDirectory
0x000000000b3c4000 	/System/Library/Frameworks/SecurityFoundation.framework/Versions/A/SecurityFoundation
0x000000000b3c4000 	/System/Library/PrivateFrameworks/LanguageModeling.framework/Versions/A/LanguageModeling
0x000000000b3c4000 	/usr/lib/libcmph.dylib
0x000000000b3c4000 	/System/Library/Frameworks/ServiceManagement.framework/Versions/A/ServiceManagement
0x000000000b3c4000 	/usr/lib/libxslt.1.dylib
0x000000000b3c4000 	/System/Library/Frameworks/Carbon.framework/Versions/A/Frameworks/Ink.framework/Versions/A/Ink
0x000000000b3c4000 	/System/Library/Frameworks/QuartzCore.framework/Versions/A/Frameworks/CoreImage.framework/Versions/A/CoreImage
0x000000000b3c4000 	/System/Library/PrivateFrameworks/CrashReporterSupport.framework/Versions/A/CrashReporterSupport
0x000000000b3c4000 	/System/Library/Frameworks/OpenCL.framework/Versions/A/OpenCL
0x000000000b3c4000 	/System/Library/PrivateFrameworks/FaceCore.framework/Versions/A/FaceCore
0x000000000b3c4000 	/System/Library/PrivateFrameworks/Ubiquity.framework/Versions/A/Ubiquity
0x000000000b3c4000 	/System/Library/PrivateFrameworks/IconServices.framework/Versions/A/IconServices
0x000000000b3c4000 	/System/Library/PrivateFrameworks/ChunkingLibrary.framework/Versions/A/ChunkingLibrary
0x000000000b3c4000 	/System/Library/PrivateFrameworks/Apple80211.framework/Versions/A/Apple80211
0x000000000b3c4000 	/System/Library/Frameworks/CoreWLAN.framework/Versions/A/CoreWLAN
0x000000000b3c4000 	/System/Library/Frameworks/IOBluetooth.framework/Versions/A/IOBluetooth
0x000000000b3c4000 	/System/Library/PrivateFrameworks/CoreWiFi.framework/Versions/A/CoreWiFi
0x000000000b3c4000 	/System/Library/Frameworks/CoreBluetooth.framework/Versions/A/CoreBluetooth
0x000000000b3c4000 	/System/Library/PrivateFrameworks/DebugSymbols.framework/Versions/A/DebugSymbols
0x000000000b3c4000 	/System/Library/PrivateFrameworks/CoreSymbolication.framework/Versions/A/CoreSymbolication
0x000000000b3c4000 	/System/Library/PrivateFrameworks/Symbolication.framework/Versions/A/Symbolication
0x000000000b3c4000 	/System/Library/PrivateFrameworks/SpeechRecognitionCore.framework/Versions/A/SpeechRecognitionCore
0x0000000102a00000 	/Library/Java/JavaVirtualMachines/jdk1.8.0_73.jdk/Contents/Home/jre/lib/server/libjvm.dylib
0x000000000b3c4000 	/usr/lib/libstdc++.6.dylib
0x0000000101956000 	/Library/Java/JavaVirtualMachines/jdk1.8.0_73.jdk/Contents/Home/jre/lib/libverify.dylib
0x0000000101964000 	/Library/Java/JavaVirtualMachines/jdk1.8.0_73.jdk/Contents/Home/jre/lib/libjava.dylib
0x00000001019a3000 	/Library/Java/JavaVirtualMachines/jdk1.8.0_73.jdk/Contents/Home/jre/lib/libzip.dylib
0x000000011f513000 	/System/Library/Frameworks/JavaVM.framework/Frameworks/JavaRuntimeSupport.framework/JavaRuntimeSupport
0x000000011f529000 	/System/Library/Frameworks/JavaVM.framework/Versions/A/Frameworks/JavaNativeFoundation.framework/Versions/A/JavaNativeFoundation
0x000000011f53d000 	/System/Library/Frameworks/JavaVM.framework/Versions/A/JavaVM
0x000000000b3c4000 	/System/Library/Frameworks/Carbon.framework/Versions/A/Carbon
0x000000011f549000 	/System/Library/PrivateFrameworks/JavaLaunching.framework/Versions/A/JavaLaunching
0x000000000b3c4000 	/System/Library/Frameworks/Carbon.framework/Versions/A/Frameworks/CommonPanels.framework/Versions/A/CommonPanels
0x000000000b3c4000 	/System/Library/Frameworks/Carbon.framework/Versions/A/Frameworks/Help.framework/Versions/A/Help
0x000000000b3c4000 	/System/Library/Frameworks/Carbon.framework/Versions/A/Frameworks/ImageCapture.framework/Versions/A/ImageCapture
0x000000000b3c4000 	/System/Library/Frameworks/Carbon.framework/Versions/A/Frameworks/OpenScripting.framework/Versions/A/OpenScripting
0x000000000b3c4000 	/System/Library/Frameworks/Carbon.framework/Versions/A/Frameworks/Print.framework/Versions/A/Print
0x000000000b3c4000 	/System/Library/Frameworks/Carbon.framework/Versions/A/Frameworks/SecurityHI.framework/Versions/A/SecurityHI
0x0000000121545000 	/Library/Java/JavaVirtualMachines/jdk1.8.0_73.jdk/Contents/Home/jre/lib/libawt.dylib
0x00000001215ed000 	/Library/Java/JavaVirtualMachines/jdk1.8.0_73.jdk/Contents/Home/jre/lib/./libmlib_image.dylib
0x00000001216b9000 	/Library/Java/JavaVirtualMachines/jdk1.8.0_73.jdk/Contents/Home/jre/lib/libawt_lwawt.dylib
0x000000012176e000 	/Library/Java/JavaVirtualMachines/jdk1.8.0_73.jdk/Contents/Home/jre/lib/./libosxapp.dylib
0x000000000b3c4000 	/System/Library/Frameworks/ExceptionHandling.framework/Versions/A/ExceptionHandling
0x000000000b3c4000 	/System/Library/PrivateFrameworks/CoreServicesInternal.framework/Versions/A/CoreServicesInternal
0x000000000b3c4000 	/System/Library/PrivateFrameworks/CloudDocs.framework/Versions/A/CloudDocs
0x000000000b3c4000 	/System/Library/PrivateFrameworks/CoreDuet.framework/Versions/A/CoreDuet
0x000000000b3c4000 	/System/Library/Frameworks/CloudKit.framework/Versions/A/CloudKit
0x000000000b3c4000 	/System/Library/PrivateFrameworks/ProtocolBuffer.framework/Versions/A/ProtocolBuffer
0x000000000b3c4000 	/System/Library/PrivateFrameworks/CoreDuetDaemonProtocol.framework/Versions/A/CoreDuetDaemonProtocol
0x000000000b3c4000 	/System/Library/PrivateFrameworks/CoreDuetDebugLogging.framework/Versions/A/CoreDuetDebugLogging
0x000000000b3c4000 	/System/Library/PrivateFrameworks/MMCS.framework/Versions/A/MMCS
0x000000000b3c4000 	/System/Library/Frameworks/CoreLocation.framework/Versions/A/CoreLocation
0x000000000b3c4000 	/System/Library/PrivateFrameworks/ProtectedCloudStorage.framework/Versions/A/ProtectedCloudStorage
0x000000000b3c4000 	/System/Library/PrivateFrameworks/GeoServices.framework/Versions/A/GeoServices
0x000000000b3c4000 	/System/Library/Frameworks/CoreGraphics.framework/Versions/A/Resources/libCGCMS.A.dylib
0x000000000b3c4000 	/System/Library/Frameworks/CoreGraphics.framework/Versions/A/Resources/libRIP.A.dylib
0x000000000b3c4000 	/System/Library/Frameworks/CoreGraphics.framework/Versions/A/Resources/libCGXType.A.dylib
0x000000000b3c4000 	/System/Library/Frameworks/OpenCL.framework/Versions/A/Libraries/libcldcpuengine.dylib
0x000000000b3c4000 	/System/Library/PrivateFrameworks/DiskImages.framework/Versions/A/DiskImages
0x000000000b3c4000 	/System/Library/Frameworks/DiscRecording.framework/Versions/A/DiscRecording
0x000000000b3c4000 	/usr/lib/libcsfde.dylib
0x000000000b3c4000 	/usr/lib/libcurl.4.dylib
0x000000000b3c4000 	/System/Library/PrivateFrameworks/MediaKit.framework/Versions/A/MediaKit
0x000000000b3c4000 	/usr/lib/libCoreStorage.dylib
0x000000000b3c4000 	/System/Library/PrivateFrameworks/EFILogin.framework/Versions/A/EFILogin
0x000000000b3c4000 	/usr/lib/libutil.dylib
0x000000000b3c4000 	/System/Library/PrivateFrameworks/FindMyDevice.framework/Versions/A/FindMyDevice
0x000000000b3c4000 	/System/Library/Frameworks/LDAP.framework/Versions/A/LDAP
0x000000000b3c4000 	/usr/lib/libsasl2.2.dylib
0x000000000b3c4000 	/System/Library/PrivateFrameworks/CoreDaemon.framework/Versions/B/CoreDaemon
0x000000000b3c4000 	/usr/lib/libcrypto.0.9.8.dylib
0x000000000b3c4000 	/System/Library/PrivateFrameworks/AppleSRP.framework/Versions/A/AppleSRP
0x000000000b3c4000 	/System/Library/PrivateFrameworks/TrustEvaluationAgent.framework/Versions/A/TrustEvaluationAgent
0x00000001248c7000 	cl_kernels
0x00000001248c9000 	/System/Library/Frameworks/OpenCL.framework/Versions/A/Libraries/ImageFormats/unorm8_bgra.dylib
0x00000001248b9000 	cl_kernels
0x000000000b3c4000 	/System/Library/PrivateFrameworks/FamilyControls.framework/Versions/A/FamilyControls
0x000000000b3c4000 	/System/Library/PrivateFrameworks/CommerceKit.framework/Versions/A/Frameworks/CommerceCore.framework/Versions/A/CommerceCore
0x000000000b3c4000 	/System/Library/PrivateFrameworks/SystemAdministration.framework/Versions/A/SystemAdministration
0x000000000b3c4000 	/System/Library/PrivateFrameworks/AppContainer.framework/Versions/A/AppContainer
0x000000000b3c4000 	/System/Library/PrivateFrameworks/SecCodeWrapper.framework/Versions/A/SecCodeWrapper
0x000000000b3c4000 	/System/Library/Frameworks/DirectoryService.framework/Versions/A/DirectoryService
0x000000000b3c4000 	/System/Library/PrivateFrameworks/LoginUIKit.framework/Versions/A/Frameworks/LoginUICore.framework/Versions/A/LoginUICore
0x000000000b3c4000 	/usr/lib/libodfde.dylib
0x000000000b3c4000 	/System/Library/Frameworks/OpenGL.framework/Versions/A/Resources/GLEngine.bundle/GLEngine
0x000000000b3c4000 	/System/Library/Frameworks/OpenGL.framework/Versions/A/Libraries/libGLProgrammability.dylib
0x0000000125e01000 	/System/Library/Extensions/AppleIntelHD5000GraphicsGLDriver.bundle/Contents/MacOS/AppleIntelHD5000GraphicsGLDriver
0x000000000b3c4000 	/System/Library/PrivateFrameworks/IOAccelerator.framework/Versions/A/IOAccelerator
0x000000000b3c4000 	/System/Library/PrivateFrameworks/GPUSupport.framework/Versions/A/Libraries/libGPUSupportMercury.dylib
0x000000000b3c4000 	/System/Library/Frameworks/OpenGL.framework/Versions/A/Resources/GLRendererFloat.bundle/GLRendererFloat
0x0000000126e53000 	/Library/Java/JavaVirtualMachines/jdk1.8.0_73.jdk/Contents/Home/jre/lib/libfontmanager.dylib
0x00000001281ce000 	/Library/Java/JavaVirtualMachines/jdk1.8.0_73.jdk/Contents/Home/jre/lib/libosxui.dylib
0x0000000128462000 	/Library/Java/JavaVirtualMachines/jdk1.8.0_73.jdk/Contents/Home/jre/lib/libnet.dylib
0x000000012820e000 	/Library/Java/JavaVirtualMachines/jdk1.8.0_73.jdk/Contents/Home/jre/lib/libnio.dylib
0x000000000b3c4000 	/System/Library/Frameworks/ApplicationServices.framework/Versions/A/Frameworks/ATS.framework/Versions/A/Resources/libTrueTypeScaler.dylib
0x0000000173a0d000 	/private/var/folders/88/rn0nzmd518s0659qz29bsj6m0000gn/T/jogamp_0000/file_cache/jln2155271528640955630/jln4237769779066326598/libgluegen-rt.jnilib
0x0000000173a12000 	/private/var/folders/88/rn0nzmd518s0659qz29bsj6m0000gn/T/jogamp_0000/file_cache/jln2155271528640955630/jln4237769779066326598/libnativewindow_awt.jnilib
0x0000000173a15000 	/Library/Java/JavaVirtualMachines/jdk1.8.0_73.jdk/Contents/Home/jre/lib/libjawt.dylib
0x0000000173a18000 	/private/var/folders/88/rn0nzmd518s0659qz29bsj6m0000gn/T/jogamp_0000/file_cache/jln2155271528640955630/jln4237769779066326598/libnativewindow_macosx.jnilib
0x0000000173b12000 	/private/var/folders/88/rn0nzmd518s0659qz29bsj6m0000gn/T/jogamp_0000/file_cache/jln2155271528640955630/jln4237769779066326598/libjogl_desktop.jnilib
0x0000000173c1f000 	/Library/Java/JavaVirtualMachines/jdk1.8.0_73.jdk/Contents/Home/jre/lib/libsunec.dylib
0x0000000173c5f000 	/Library/Java/JavaVirtualMachines/jdk1.8.0_73.jdk/Contents/Home/jre/lib/libjpeg.dylib
0x000000017d975000 	/Library/Java/JavaVirtualMachines/jdk1.8.0_73.jdk/Contents/Home/jre/lib/libt2k.dylib

VM Arguments:
jvm_args: -Djava.security.policy=java.policy.applet -Dfile.encoding=UTF-8 
java_command: sun.applet.AppletViewer module3.EarthquakeCityMap1457960937560.html
java_class_path (initial): /Users/jb/Documents/GitHub/Java_Programming/UCSDUnfoldingMaps/build:/Users/jb/Documents/GitHub/Java_Programming/UCSDUnfoldingMaps/lib/core.jar:/Users/jb/Documents/GitHub/Java_Programming/UCSDUnfoldingMaps/lib/gluegen-rt.jar:/Users/jb/Documents/GitHub/Java_Programming/UCSDUnfoldingMaps/lib/jogl-all.jar:/Users/jb/Documents/GitHub/Java_Programming/UCSDUnfoldingMaps/lib/log4j-1.2.15.jar:/Users/jb/Documents/GitHub/Java_Programming/UCSDUnfoldingMaps/lib/sqlite-jdbc-3.7.2.jar:/Users/jb/Documents/GitHub/Java_Programming/UCSDUnfoldingMaps/lib/json4processing.jar:/Users/jb/Documents/GitHub/Java_Programming/UCSDUnfoldingMaps/lib/libTUIO.jar:/Users/jb/Documents/GitHub/Java_Programming/UCSDUnfoldingMaps/lib/unfolding.0.9.7-uscd.jar
Launcher Type: SUN_STANDARD

Environment Variables:
PATH=/usr/bin:/bin:/usr/sbin:/sbin
SHELL=/bin/bash

Signal Handlers:
SIGSEGV: [libjvm.dylib+0x5a71a5], sa_mask[0]=11111111011111110111111111111111, sa_flags=SA_ONSTACK|SA_RESTART|SA_SIGINFO
SIGBUS: [libjvm.dylib+0x5a71a5], sa_mask[0]=11111111011111110111111111111111, sa_flags=SA_RESTART|SA_SIGINFO
SIGFPE: [libjvm.dylib+0x480eb4], sa_mask[0]=11111111011111110111111111111111, sa_flags=SA_RESTART|SA_SIGINFO
SIGPIPE: [libjvm.dylib+0x480eb4], sa_mask[0]=11111111011111110111111111111111, sa_flags=SA_RESTART|SA_SIGINFO
SIGXFSZ: [libjvm.dylib+0x480eb4], sa_mask[0]=11111111011111110111111111111111, sa_flags=SA_RESTART|SA_SIGINFO
SIGILL: [libjvm.dylib+0x480eb4], sa_mask[0]=11111111011111110111111111111111, sa_flags=SA_RESTART|SA_SIGINFO
SIGUSR1: SIG_DFL, sa_mask[0]=00000000000000000000000000000000, sa_flags=none
SIGUSR2: [libjvm.dylib+0x4809d2], sa_mask[0]=00100000000000000000000000000000, sa_flags=SA_RESTART|SA_SIGINFO
SIGHUP: [libjvm.dylib+0x47efa9], sa_mask[0]=11111111011111110111111111111111, sa_flags=SA_RESTART|SA_SIGINFO
SIGINT: [libjvm.dylib+0x47efa9], sa_mask[0]=11111111011111110111111111111111, sa_flags=SA_RESTART|SA_SIGINFO
SIGTERM: [libjvm.dylib+0x47efa9], sa_mask[0]=11111111011111110111111111111111, sa_flags=SA_RESTART|SA_SIGINFO
SIGQUIT: [libjvm.dylib+0x47efa9], sa_mask[0]=11111111011111110111111111111111, sa_flags=SA_RESTART|SA_SIGINFO


---------------  S Y S T E M  ---------------

OS:Bsduname:Darwin 14.5.0 Darwin Kernel Version 14.5.0: Wed Jul 29 02:26:53 PDT 2015; root:xnu-2782.40.9~1/RELEASE_X86_64 x86_64
rlimit: STACK 8192k, CORE 0k, NPROC 709, NOFILE 10240, AS infinity
load average:1.45 1.31 1.28

CPU:total 8 (4 cores per cpu, 2 threads per core) family 6 model 70 stepping 1, cmov, cx8, fxsr, mmx, sse, sse2, sse3, ssse3, sse4.1, sse4.2, popcnt, avx, avx2, aes, clmul, erms, lzcnt, ht, tsc, tscinvbit, bmi1, bmi2

Memory: 4k page, physical 16777216k(4172728k free)

/proc/meminfo:


vm_info: Java HotSpot(TM) 64-Bit Server VM (25.73-b02) for bsd-amd64 JRE (1.8.0_73-b02), built on Jan 29 2016 15:02:00 by "java_re" with gcc 4.2.1 (Based on Apple Inc. build 5658) (LLVM build 2336.11.00)

time: Mon Mar 14 09:09:08 2016
elapsed time: 11 seconds (0d 0h 0m 11s)

